3.0 3.0
12.0 3.0
19.5 3.0
27.0 3.0
36.0 3.0
43.5 3.0
51.0 3.0
60.0 3.0
67.5 3.0
75.0 3.0
84.0 3.0
91.5 3.0
99.0 3.0
108.0 3.0
115.5 3.0
123.0 3.0
132.0 3.0
139.5 3.0
147.0 3.0
156.0 3.0
163.5 3.0
171.0 3.0
180.0 3.0
187.5 3.0
195.0 3.0
204.0 3.0
211.5 3.0
219.0 3.0
228.0 3.0
235.5 3.0
243.0 3.0
252.0 3.0
259.5 3.0
267.0 3.0
276.0 3.0
283.5 3.0
291.0 3.0
300.0 3.0
307.5 3.0
315.0 3.0
324.0 3.0
331.5 3.0
339.0 3.0
348.0 3.0
355.5 3.0
363.0 3.0
372.0 3.0
379.5 3.0
387.0 3.0
396.0 3.0
403.5 3.0
411.0 3.0
420.0 3.0
427.5 3.0
435.0 3.0
444.0 3.0
451.5 3.0
459.0 3.0
468.0 3.0
475.5 3.0
483.0 3.0
492.0 3.0
499.5 3.0
507.0 3.0
516.0 3.0
523.5 3.0
531.0 3.0
540.0 3.0
547.5 3.0
555.0 3.0
564.0 3.0
571.5 3.0
579.0 3.0
588.0 3.0
595.5 3.0
603.0 3.0
612.0 3.0
619.5 3.0
627.0 3.0
636.0 3.0
643.5 3.0
651.0 3.0
660.0 3.0
667.5 3.0
675.0 3.0
684.0 3.0
691.5 3.0
699.0 3.0
708.0 3.0
715.5 3.0
723.0 3.0
732.0 3.0
739.5 3.0
747.0 3.0
756.0 3.0
763.5 3.0
771.0 3.0
780.0 3.0
787.5 3.0
795.0 3.0
804.0 3.0
811.5 3.0
819.0 3.0
828.0 3.0
835.5 3.0
843.0 3.0
852.0 3.0
859.5 3.0
867.0 3.0
876.0 3.0
883.5 3.0
891.0 3.0
900.0 3.0
907.5 3.0
915.0 3.0
924.0 3.0
931.5 3.0
939.0 3.0
948.0 3.0
955.5 3.0
963.0 3.0
972.0 3.0
979.5 3.0
987.0 3.0
996.0 3.0
1003.5 3.0
1011.0 3.0
1020.0 3.0
1027.5 3.0
1035.0 3.0
1044.0 3.0
1051.5 3.0
1059.0 3.0
1068.0 3.0
1075.5 3.0
1083.0 3.0
1092.0 3.0
1099.5 3.0
1107.0 3.0
1116.0 3.0
1123.5 3.0
1131.0 3.0
1140.0 3.0
1147.5 3.0
1155.0 3.0
1164.0 3.0
1171.5 3.0
1179.0 3.0
1188.0 3.0
1195.5 3.0
1203.0 3.0
1212.0 3.0
1219.5 3.0
1227.0 3.0
1236.0 3.0
1243.5 3.0
1251.0 3.0
1260.0 3.0
1267.5 3.0
1275.0 3.0
1284.0 3.0
1291.5 3.0
1299.0 3.0
1308.0 3.0
1315.5 3.0
1323.0 3.0
1332.0 3.0
1339.5 3.0
1347.0 3.0
1356.0 3.0
1363.5 3.0
1371.0 3.0
1380.0 3.0
1387.5 3.0
1395.0 3.0
1404.0 3.0
1411.5 3.0
1419.0 3.0
1428.0 3.0
1435.5 3.0
1443.0 3.0
1452.0 3.0
1459.5 3.0
1467.0 3.0
1476.0 3.0
1483.5 3.0
1491.0 3.0
1500.0 3.0
1507.5 3.0
1515.0 3.0
1524.0 3.0
1531.5 3.0
1539.0 3.0
1548.0 3.0
1555.5 3.0
1563.0 3.0
1572.0 3.0
1579.5 3.0
1587.0 3.0
1596.0 3.0
1603.5 3.0
1611.0 3.0
1620.0 3.0
1627.5 3.0
1635.0 3.0
1644.0 3.0
1651.5 3.0
1659.0 3.0
1668.0 3.0
1675.5 3.0
1683.0 3.0
1692.0 3.0
1699.5 3.0
1707.0 3.0
1716.0 3.0
1723.5 3.0
1731.0 3.0
1740.0 3.0
1747.5 3.0
1755.0 3.0
1764.0 3.0
1771.5 3.0
1779.0 3.0
1788.0 3.0
1795.5 3.0
1803.0 3.0
1812.0 3.0
1819.5 3.0
1827.0 3.0
1836.0 3.0
1843.5 3.0
1851.0 3.0
1860.0 3.0
1867.5 3.0
1875.0 3.0
1884.0 3.0
1891.5 3.0
1899.0 3.0
1908.0 3.0
1915.5 3.0
1923.0 3.0
1932.0 3.0
1939.5 3.0
1947.0 3.0
1956.0 3.0
1963.5 3.0
1971.0 3.0
1980.0 3.0
1987.5 3.0
1995.0 3.0
2004.0 3.0
2011.5 3.0
2019.0 3.0
2028.0 3.0
2035.5 3.0
2043.0 3.0
2052.0 3.0
2059.5 3.0
2067.0 3.0
2076.0 3.0
2083.5 3.0
2091.0 3.0
2100.0 3.0
2107.5 3.0
2115.0 3.0
2124.0 3.0
2131.5 3.0
2139.0 3.0
2148.0 3.0
2155.5 3.0
2163.0 3.0
2172.0 3.0
2179.5 3.0
2187.0 3.0
2196.0 3.0
2203.5 3.0
2211.0 3.0
2220.0 3.0
2227.5 3.0
2235.0 3.0
2244.0 3.0
2251.5 3.0
2259.0 3.0
2268.0 3.0
2275.5 3.0
2283.0 3.0
2292.0 3.0
2299.5 3.0
2307.0 3.0
2316.0 3.0
2323.5 3.0
2331.0 3.0
2340.0 3.0
2347.5 3.0
2355.0 3.0
2364.0 3.0
2371.5 3.0
2379.0 3.0
2388.0 3.0
2395.5 3.0
2403.0 3.0
2412.0 3.0
2419.5 3.0
2427.0 3.0
2436.0 3.0
2443.5 3.0
2451.0 3.0
2460.0 3.0
2467.5 3.0
2475.0 3.0
2484.0 3.0
2491.5 3.0
2499.0 3.0
2508.0 3.0
2515.5 3.0
2523.0 3.0
2532.0 3.0
2539.5 3.0
2547.0 3.0
2556.0 3.0
2563.5 3.0
2571.0 3.0
2580.0 3.0
2587.5 3.0
2595.0 3.0
2604.0 3.0
2611.5 3.0
2619.0 3.0
2628.0 3.0
2635.5 3.0
2643.0 3.0
2652.0 3.0
2659.5 3.0
2667.0 3.0
2676.0 3.0
2683.5 3.0
2691.0 3.0
2700.0 3.0
2707.5 3.0
2715.0 3.0
2724.0 3.0
2731.5 3.0
2739.0 3.0
2748.0 3.0
2755.5 3.0
2763.0 3.0
2772.0 3.0
2779.5 3.0
2787.0 3.0
2796.0 3.0
2803.5 3.0
2811.0 3.0
2820.0 3.0
2827.5 3.0
2835.0 3.0
2844.0 3.0
2851.5 3.0
2859.0 3.0
2868.0 3.0
2875.5 3.0
2883.0 3.0
2892.0 3.0
2899.5 3.0
2907.0 3.0
2916.0 3.0
2923.5 3.0
2931.0 3.0
2940.0 3.0
2947.5 3.0
2955.0 3.0
2964.0 3.0
2971.5 3.0
2979.0 3.0
2988.0 3.0
2995.5 3.0
3003.0 3.0
3012.0 3.0
3019.5 3.0
3027.0 3.0
3036.0 3.0
3043.5 3.0
3051.0 3.0
3060.0 3.0
3067.5 3.0
3075.0 3.0
3084.0 3.0
3091.5 3.0
3099.0 3.0
3108.0 3.0
3115.5 3.0
3123.0 3.0
3132.0 3.0
3139.5 3.0
3147.0 3.0
3156.0 3.0
3163.5 3.0
3171.0 3.0
3180.0 3.0
3187.5 3.0
3195.0 3.0
3204.0 3.0
3211.5 3.0
3219.0 3.0
3228.0 3.0
3235.5 3.0
3243.0 3.0
3252.0 3.0
3259.5 3.0
3267.0 3.0
3276.0 3.0
3283.5 3.0
3291.0 3.0
3300.0 3.0
3307.5 3.0
3315.0 3.0
3324.0 3.0
3331.5 3.0
3339.0 3.0
3348.0 3.0
3355.5 3.0
3363.0 3.0
3372.0 3.0
3379.5 3.0
3387.0 3.0
3396.0 3.0
3403.5 3.0
3411.0 3.0
3420.0 3.0
3427.5 3.0
3435.0 3.0
3444.0 3.0
3451.5 3.0
3459.0 3.0
3468.0 3.0
3475.5 3.0
3483.0 3.0
3492.0 3.0
3499.5 3.0
3507.0 3.0
3516.0 3.0
3523.5 3.0
3531.0 3.0
3540.0 3.0
3547.5 3.0
3555.0 3.0
3564.0 3.0
3571.5 3.0
3579.0 3.0
3588.0 3.0
3595.5 3.0
3603.0 3.0
3612.0 3.0
3619.5 3.0
3627.0 3.0
3636.0 3.0
3643.5 3.0
3651.0 3.0
3660.0 3.0
3667.5 3.0
3675.0 3.0
3684.0 3.0
3691.5 3.0
3699.0 3.0
3708.0 3.0
3715.5 3.0
3723.0 3.0
3732.0 3.0
3739.5 3.0
3747.0 3.0
3756.0 3.0
3763.5 3.0
3771.0 3.0
3780.0 3.0
3787.5 3.0
3795.0 3.0
3804.0 3.0
3811.5 3.0
3819.0 3.0
3828.0 3.0
3835.5 3.0
3843.0 3.0
3852.0 3.0
3859.5 3.0
3867.0 3.0
3876.0 3.0
3883.5 3.0
3891.0 3.0
3900.0 3.0
3907.5 3.0
3915.0 3.0
3924.0 3.0
3931.5 3.0
3939.0 3.0
3948.0 3.0
3955.5 3.0
3963.0 3.0
3972.0 3.0
3979.5 3.0
3987.0 3.0
3996.0 3.0
4003.5 3.0
4011.0 3.0
4020.0 3.0
4027.5 3.0
4035.0 3.0
4044.0 3.0
4051.5 3.0
4059.0 3.0
4068.0 3.0
4075.5 3.0
4083.0 3.0
4092.0 3.0
4099.5 3.0
4107.0 3.0
4116.0 3.0
4123.5 3.0
4131.0 3.0
4140.0 3.0
4147.5 3.0
4155.0 3.0
4164.0 3.0
4171.5 3.0
4179.0 3.0
4188.0 3.0
4195.5 3.0
4203.0 3.0
4212.0 3.0
4219.5 3.0
4227.0 3.0
4236.0 3.0
4243.5 3.0
4251.0 3.0
4260.0 3.0
4267.5 3.0
4275.0 3.0
4284.0 3.0
4291.5 3.0
4299.0 3.0
4308.0 3.0
4315.5 3.0
4323.0 3.0
4332.0 3.0
4339.5 3.0
4347.0 3.0
4356.0 3.0
4363.5 3.0
4371.0 3.0
4380.0 3.0
4387.5 3.0
4395.0 3.0
4404.0 3.0
4411.5 3.0
4419.0 3.0
4428.0 3.0
4435.5 3.0
4443.0 3.0
4452.0 3.0
4459.5 3.0
4467.0 3.0
4476.0 3.0
4483.5 3.0
4491.0 3.0
4500.0 3.0
4507.5 3.0
4515.0 3.0
4524.0 3.0
4531.5 3.0
4539.0 3.0
4548.0 3.0
4555.5 3.0
4563.0 3.0
4572.0 3.0
4579.5 3.0
4587.0 3.0
4596.0 3.0
4603.5 3.0
4611.0 3.0
4620.0 3.0
4627.5 3.0
4635.0 3.0
4644.0 3.0
4651.5 3.0
4659.0 3.0
4668.0 3.0
4675.5 3.0
4683.0 3.0
4692.0 3.0
4699.5 3.0
4707.0 3.0
4716.0 3.0
4723.5 3.0
4731.0 3.0
4740.0 3.0
4747.5 3.0
4755.0 3.0
4764.0 3.0
4771.5 3.0
4779.0 3.0
4788.0 3.0
4795.5 3.0
4803.0 3.0
4812.0 3.0
4819.5 3.0
4827.0 3.0
4836.0 3.0
4843.5 3.0
4851.0 3.0
4860.0 3.0
4867.5 3.0
4875.0 3.0
4884.0 3.0
4891.5 3.0
4899.0 3.0
4908.0 3.0
4915.5 3.0
4923.0 3.0
4932.0 3.0
4939.5 3.0
4947.0 3.0
4956.0 3.0
4963.5 3.0
4971.0 3.0
4980.0 3.0
4987.5 3.0
4995.0 3.0
5004.0 3.0
5011.5 3.0
5019.0 3.0
5028.0 3.0
5035.5 3.0
5043.0 3.0
5052.0 3.0
5059.5 3.0
5067.0 3.0
5076.0 3.0
5083.5 3.0
5091.0 3.0
5100.0 3.0
5107.5 3.0
5115.0 3.0
5124.0 3.0
5131.5 3.0
5139.0 3.0
5148.0 3.0
5155.5 3.0
5163.0 3.0
5172.0 3.0
5179.5 3.0
5187.0 3.0
5196.0 3.0
5203.5 3.0
5211.0 3.0
5220.0 3.0
5227.5 3.0
5235.0 3.0
5244.0 3.0
5251.5 3.0
5259.0 3.0
5268.0 3.0
5275.5 3.0
5283.0 3.0
5292.0 3.0
5299.5 3.0
5307.0 3.0
5316.0 3.0
5323.5 3.0
5331.0 3.0
5340.0 3.0
5347.5 3.0
5355.0 3.0
5364.0 3.0
5371.5 3.0
5379.0 3.0
5388.0 3.0
5395.5 3.0
5403.0 3.0
5412.0 3.0
5419.5 3.0
5427.0 3.0
5436.0 3.0
5443.5 3.0
5451.0 3.0
5460.0 3.0
5467.5 3.0
5475.0 3.0
5484.0 3.0
5491.5 3.0
5499.0 3.0
5508.0 3.0
5515.5 3.0
5523.0 3.0
5532.0 3.0
5539.5 3.0
5547.0 3.0
5556.0 3.0
5563.5 3.0
5571.0 3.0
5580.0 3.0
5587.5 3.0
5595.0 3.0
5604.0 3.0
5611.5 3.0
5619.0 3.0
5628.0 3.0
5635.5 3.0
5643.0 3.0
5652.0 3.0
5659.5 3.0
5667.0 3.0
5676.0 3.0
5683.5 3.0
5691.0 3.0
5700.0 3.0
5707.5 3.0
5715.0 3.0
5724.0 3.0
5731.5 3.0
5739.0 3.0
5748.0 3.0
5755.5 3.0
5763.0 3.0
5772.0 3.0
5779.5 3.0
5787.0 3.0
5796.0 3.0
5803.5 3.0
5811.0 3.0
5820.0 3.0
5827.5 3.0
5835.0 3.0
5844.0 3.0
5851.5 3.0
5859.0 3.0
5868.0 3.0
5875.5 3.0
5883.0 3.0
5892.0 3.0
5899.5 3.0
5907.0 3.0
5916.0 3.0
5923.5 3.0
5931.0 3.0
5940.0 3.0
5947.5 3.0
5955.0 3.0
5964.0 3.0
5971.5 3.0
5979.0 3.0
5988.0 3.0
5995.5 3.0
6003.0 3.0
6012.0 3.0
6019.5 3.0
6027.0 3.0
6036.0 3.0
6043.5 3.0
6051.0 3.0
6060.0 3.0
6067.5 3.0
6075.0 3.0
6084.0 3.0
6091.5 3.0
6099.0 3.0
6108.0 3.0
6115.5 3.0
6123.0 3.0
6132.0 3.0
6139.5 3.0
6147.0 3.0
6156.0 3.0
6163.5 3.0
6171.0 3.0
6180.0 3.0
6187.5 3.0
6195.0 3.0
6204.0 3.0
6211.5 3.0
6219.0 3.0
6228.0 3.0
6235.5 3.0
6243.0 3.0
6252.0 3.0
6259.5 3.0
6267.0 3.0
6276.0 3.0
6283.5 3.0
6291.0 3.0
6300.0 3.0
6307.5 3.0
6315.0 3.0
6324.0 3.0
6331.5 3.0
6339.0 3.0
6348.0 3.0
6355.5 3.0
6363.0 3.0
6372.0 3.0
6379.5 3.0
6387.0 3.0
6396.0 3.0
6403.5 3.0
6411.0 3.0
6420.0 3.0
6427.5 3.0
6435.0 3.0
6444.0 3.0
6451.5 3.0
6459.0 3.0
6468.0 3.0
6475.5 3.0
6483.0 3.0
6492.0 3.0
6499.5 3.0
6507.0 3.0
6516.0 3.0
6523.5 3.0
6531.0 3.0
6540.0 3.0
6547.5 3.0
6555.0 3.0
6564.0 3.0
6571.5 3.0
6579.0 3.0
6588.0 3.0
6595.5 3.0
6603.0 3.0
6612.0 3.0
6619.5 3.0
6627.0 3.0
6636.0 3.0
6643.5 3.0
6651.0 3.0
6660.0 3.0
6667.5 3.0
6675.0 3.0
6684.0 3.0
6691.5 3.0
6699.0 3.0
6708.0 3.0
6715.5 3.0
6723.0 3.0
6732.0 3.0
6739.5 3.0
6747.0 3.0
6756.0 3.0
6763.5 3.0
6771.0 3.0
6780.0 3.0
6787.5 3.0
6795.0 3.0
6804.0 3.0
6811.5 3.0
6819.0 3.0
6828.0 3.0
6835.5 3.0
6843.0 3.0
6852.0 3.0
6859.5 3.0
6867.0 3.0
6876.0 3.0
6883.5 3.0
6891.0 3.0
6900.0 3.0
6907.5 3.0
6915.0 3.0
6924.0 3.0
6931.5 3.0
6939.0 3.0
6948.0 3.0
6955.5 3.0
6963.0 3.0
6972.0 3.0
6979.5 3.0
6987.0 3.0
6996.0 3.0
7003.5 3.0
7011.0 3.0
7020.0 3.0
7027.5 3.0
7035.0 3.0
7044.0 3.0
7051.5 3.0
7059.0 3.0
7068.0 3.0
7075.5 3.0
7083.0 3.0
7092.0 3.0
7099.5 3.0
7107.0 3.0
7116.0 3.0
7123.5 3.0
7131.0 3.0
7140.0 3.0
7147.5 3.0
7155.0 3.0
7164.0 3.0
7171.5 3.0
7179.0 3.0
7188.0 3.0
7195.5 3.0
7203.0 3.0
7212.0 3.0
7219.5 3.0
7227.0 3.0
7236.0 3.0
7243.5 3.0
7251.0 3.0
7260.0 3.0
7267.5 3.0
7275.0 3.0
7284.0 3.0
7291.5 3.0
7299.0 3.0
7308.0 3.0
7315.5 3.0
7323.0 3.0
7332.0 3.0
7339.5 3.0
7347.0 3.0
7356.0 3.0
7363.5 3.0
7371.0 3.0
7380.0 3.0
7387.5 3.0
7395.0 3.0
7404.0 3.0
7411.5 3.0
7419.0 3.0
7428.0 3.0
7435.5 3.0
7443.0 3.0
7452.0 3.0
7459.5 3.0
7467.0 3.0
7476.0 3.0
7483.5 3.0
7491.0 3.0
7500.0 3.0
7507.5 3.0
7515.0 3.0
7524.0 3.0
7531.5 3.0
7539.0 3.0
7548.0 3.0
7555.5 3.0
7563.0 3.0
7572.0 3.0
7579.5 3.0
7587.0 3.0
7596.0 3.0
7603.5 3.0
7611.0 3.0
7620.0 3.0
7627.5 3.0
7635.0 3.0
7644.0 3.0
7651.5 3.0
7659.0 3.0
7668.0 3.0
7675.5 3.0
7683.0 3.0
7692.0 3.0
7699.5 3.0
7707.0 3.0
7716.0 3.0
7723.5 3.0
7731.0 3.0
7740.0 3.0
7747.5 3.0
7755.0 3.0
7764.0 3.0
7771.5 3.0
7779.0 3.0
7788.0 3.0
7795.5 3.0
7803.0 3.0
7812.0 3.0
7819.5 3.0
7827.0 3.0
7836.0 3.0
7843.5 3.0
7851.0 3.0
7860.0 3.0
7867.5 3.0
7875.0 3.0
7884.0 3.0
7891.5 3.0
7899.0 3.0
7908.0 3.0
7915.5 3.0
7923.0 3.0
7932.0 3.0
7939.5 3.0
7947.0 3.0
7956.0 3.0
7963.5 3.0
7971.0 3.0
7980.0 3.0
7987.5 3.0
7995.0 3.0
8004.0 3.0
8011.5 3.0
8019.0 3.0
8028.0 3.0
8035.5 3.0
8043.0 3.0
8052.0 3.0
8059.5 3.0
8067.0 3.0
8076.0 3.0
8083.5 3.0
8091.0 3.0
8100.0 3.0
8107.5 3.0
8115.0 3.0
8124.0 3.0
8131.5 3.0
8139.0 3.0
8148.0 3.0
8155.5 3.0
8163.0 3.0
8172.0 3.0
8179.5 3.0
8187.0 3.0
8196.0 3.0
8203.5 3.0
8211.0 3.0
8220.0 3.0
8227.5 3.0
8235.0 3.0
8244.0 3.0
8251.5 3.0
8259.0 3.0
8268.0 3.0
8275.5 3.0
8283.0 3.0
8292.0 3.0
8299.5 3.0
8307.0 3.0
8316.0 3.0
8323.5 3.0
8331.0 3.0
8340.0 3.0
8347.5 3.0
8355.0 3.0
8364.0 3.0
8371.5 3.0
8379.0 3.0
8388.0 3.0
8395.5 3.0
8403.0 3.0
8412.0 3.0
8419.5 3.0
8427.0 3.0
8436.0 3.0
8443.5 3.0
8451.0 3.0
8460.0 3.0
8467.5 3.0
8475.0 3.0
8484.0 3.0
8491.5 3.0
8499.0 3.0
8508.0 3.0
8515.5 3.0
8523.0 3.0
8532.0 3.0
8539.5 3.0
8547.0 3.0
8556.0 3.0
8563.5 3.0
8571.0 3.0
8580.0 3.0
8587.5 3.0
8595.0 3.0
8604.0 3.0
8611.5 3.0
8619.0 3.0
8628.0 3.0
8635.5 3.0
8643.0 3.0
8652.0 3.0
8659.5 3.0
8667.0 3.0
8676.0 3.0
8683.5 3.0
8691.0 3.0
8700.0 3.0
8707.5 3.0
8715.0 3.0
8724.0 3.0
8731.5 3.0
8739.0 3.0
8748.0 3.0
8755.5 3.0
8763.0 3.0
8772.0 3.0
8779.5 3.0
8787.0 3.0
8796.0 3.0
8803.5 3.0
8811.0 3.0
8820.0 3.0
8827.5 3.0
8835.0 3.0
8844.0 3.0
8851.5 3.0
8859.0 3.0
8868.0 3.0
8875.5 3.0
8883.0 3.0
8892.0 3.0
8899.5 3.0
8907.0 3.0
8916.0 3.0
8923.5 3.0
8931.0 3.0
8940.0 3.0
8947.5 3.0
8955.0 3.0
8964.0 3.0
8971.5 3.0
8979.0 3.0
8988.0 3.0
8995.5 3.0
9003.0 3.0
9012.0 3.0
9019.5 3.0
9027.0 3.0
9036.0 3.0
9043.5 3.0
9051.0 3.0
9060.0 3.0
9067.5 3.0
9075.0 3.0
9084.0 3.0
9091.5 3.0
9099.0 3.0
9108.0 3.0
9115.5 3.0
9123.0 3.0
9132.0 3.0
9139.5 3.0
9147.0 3.0
9156.0 3.0
9163.5 3.0
9171.0 3.0
9180.0 3.0
9187.5 3.0
9195.0 3.0
9204.0 3.0
9211.5 3.0
9219.0 3.0
9228.0 3.0
9235.5 3.0
9243.0 3.0
9252.0 3.0
9259.5 3.0
9267.0 3.0
9276.0 3.0
9283.5 3.0
9291.0 3.0
9300.0 3.0
9307.5 3.0
9315.0 3.0
9324.0 3.0
9331.5 3.0
9339.0 3.0
9348.0 3.0
9355.5 3.0
9363.0 3.0
9372.0 3.0
9379.5 3.0
9387.0 3.0
9396.0 3.0
9403.5 3.0
9411.0 3.0
9420.0 3.0
9427.5 3.0
9435.0 3.0
9444.0 3.0
9451.5 3.0
9459.0 3.0
9468.0 3.0
9475.5 3.0
9483.0 3.0
9492.0 3.0
9499.5 3.0
9507.0 3.0
9516.0 3.0
9523.5 3.0
9531.0 3.0
9540.0 3.0
9547.5 3.0
9555.0 3.0
9564.0 3.0
9571.5 3.0
9579.0 3.0
9588.0 3.0
9595.5 3.0
9603.0 3.0
9612.0 3.0
9619.5 3.0
9627.0 3.0
9636.0 3.0
9643.5 3.0
9651.0 3.0
9660.0 3.0
9667.5 3.0
9675.0 3.0
9684.0 3.0
9691.5 3.0
9699.0 3.0
9708.0 3.0
9715.5 3.0
9723.0 3.0
9732.0 3.0
9739.5 3.0
9747.0 3.0
9756.0 3.0
9763.5 3.0
9771.0 3.0
9780.0 3.0
9787.5 3.0
9795.0 3.0
9804.0 3.0
9811.5 3.0
9819.0 3.0
9828.0 3.0
9835.5 3.0
9843.0 3.0
9852.0 3.0
9859.5 3.0
9867.0 3.0
9876.0 3.0
9883.5 3.0
9891.0 3.0
9900.0 3.0
9907.5 3.0
9915.0 3.0
9924.0 3.0
9931.5 3.0
9939.0 3.0
9948.0 3.0
9955.5 3.0
9963.0 3.0
9972.0 3.0
9979.5 3.0
9987.0 3.0
9996.0 3.0
10003.5 3.0
10011.0 3.0
10020.0 3.0
10027.5 3.0
10035.0 3.0
10044.0 3.0
10051.5 3.0
10059.0 3.0
10068.0 3.0
10075.5 3.0
10083.0 3.0
10092.0 3.0
10099.5 3.0
10107.0 3.0
10116.0 3.0
10123.5 3.0
10131.0 3.0
10140.0 3.0
10147.5 3.0
10155.0 3.0
10164.0 3.0
10171.5 3.0
10179.0 3.0
10188.0 3.0
10195.5 3.0
10203.0 3.0
10212.0 3.0
10219.5 3.0
10227.0 3.0
10236.0 3.0
10243.5 3.0
10251.0 3.0
10260.0 3.0
10267.5 3.0
10275.0 3.0
10284.0 3.0
10291.5 3.0
10299.0 3.0
10308.0 3.0
10315.5 3.0
10323.0 3.0
10332.0 3.0
10339.5 3.0
10347.0 3.0
10356.0 3.0
10363.5 3.0
10371.0 3.0
10380.0 3.0
10387.5 3.0
10395.0 3.0
10404.0 3.0
10411.5 3.0
10419.0 3.0
10428.0 3.0
10435.5 3.0
10443.0 3.0
10452.0 3.0
10459.5 3.0
10467.0 3.0
10476.0 3.0
10483.5 3.0
10491.0 3.0
10500.0 3.0
10507.5 3.0
10515.0 3.0
10524.0 3.0
10531.5 3.0
10539.0 3.0
10548.0 3.0
10555.5 3.0
10563.0 3.0
10572.0 3.0
10579.5 3.0
10587.0 3.0
10596.0 3.0
10603.5 3.0
10611.0 3.0
10620.0 3.0
10627.5 3.0
10635.0 3.0
10644.0 3.0
10651.5 3.0
10659.0 3.0
10668.0 3.0
10675.5 3.0
10683.0 3.0
10692.0 3.0
10699.5 3.0
10707.0 3.0
10716.0 3.0
10723.5 3.0
10731.0 3.0
10740.0 3.0
10747.5 3.0
10755.0 3.0
10764.0 3.0
10771.5 3.0
10779.0 3.0
10788.0 3.0
10795.5 3.0
10803.0 3.0
10812.0 3.0
10819.5 3.0
10827.0 3.0
10836.0 3.0
10843.5 3.0
10851.0 3.0
10860.0 3.0
10867.5 3.0
10875.0 3.0
10884.0 3.0
10891.5 3.0
10899.0 3.0
10908.0 3.0
10915.5 3.0
10923.0 3.0
10932.0 3.0
10939.5 3.0
10947.0 3.0
10956.0 3.0
10963.5 3.0
10971.0 3.0
10980.0 3.0
10987.5 3.0
10995.0 3.0
11004.0 3.0
11011.5 3.0
11019.0 3.0
11028.0 3.0
11035.5 3.0
11043.0 3.0
11052.0 3.0
11059.5 3.0
11067.0 3.0
11076.0 3.0
11083.5 3.0
11091.0 3.0
11100.0 3.0
11107.5 3.0
11115.0 3.0
11124.0 3.0
11131.5 3.0
11139.0 3.0
11148.0 3.0
11155.5 3.0
11163.0 3.0
11172.0 3.0
11179.5 3.0
11187.0 3.0
11196.0 3.0
11203.5 3.0
11211.0 3.0
11220.0 3.0
11227.5 3.0
11235.0 3.0
11244.0 3.0
11251.5 3.0
11259.0 3.0
11268.0 3.0
11275.5 3.0
11283.0 3.0
11292.0 3.0
11299.5 3.0
11307.0 3.0
11316.0 3.0
11323.5 3.0
11331.0 3.0
11340.0 3.0
11347.5 3.0
11355.0 3.0
11364.0 3.0
11371.5 3.0
11379.0 3.0
11388.0 3.0
11395.5 3.0
11403.0 3.0
11412.0 3.0
11419.5 3.0
11427.0 3.0
11436.0 3.0
11443.5 3.0
11451.0 3.0
11460.0 3.0
11467.5 3.0
11475.0 3.0
11484.0 3.0
11491.5 3.0
11499.0 3.0
11508.0 3.0
11515.5 3.0
11523.0 3.0
11532.0 3.0
11539.5 3.0
11547.0 3.0
11556.0 3.0
11563.5 3.0
11571.0 3.0
11580.0 3.0
11587.5 3.0
11595.0 3.0
11604.0 3.0
11611.5 3.0
11619.0 3.0
11628.0 3.0
11635.5 3.0
11643.0 3.0
11652.0 3.0
11659.5 3.0
11667.0 3.0
11676.0 3.0
11683.5 3.0
11691.0 3.0
11700.0 3.0
11707.5 3.0
11715.0 3.0
11724.0 3.0
11731.5 3.0
11739.0 3.0
11748.0 3.0
11755.5 3.0
11763.0 3.0
11772.0 3.0
11779.5 3.0
11787.0 3.0
11796.0 3.0
11803.5 3.0
11811.0 3.0
11820.0 3.0
11827.5 3.0
11835.0 3.0
11844.0 3.0
11851.5 3.0
11859.0 3.0
11868.0 3.0
11875.5 3.0
11883.0 3.0
11892.0 3.0
11899.5 3.0
11907.0 3.0
11916.0 3.0
11923.5 3.0
11931.0 3.0
11940.0 3.0
11947.5 3.0
11955.0 3.0
11964.0 3.0
11971.5 3.0
11979.0 3.0
11988.0 3.0
11995.5 3.0
12003.0 3.0
12012.0 3.0
12019.5 3.0
12027.0 3.0
12036.0 3.0
12043.5 3.0
12051.0 3.0
12060.0 3.0
12067.5 3.0
12075.0 3.0
12084.0 3.0
12091.5 3.0
12099.0 3.0
12108.0 3.0
12115.5 3.0
12123.0 3.0
12132.0 3.0
12139.5 3.0
12147.0 3.0
12156.0 3.0
12163.5 3.0
12171.0 3.0
12180.0 3.0
12187.5 3.0
12195.0 3.0
12204.0 3.0
12211.5 3.0
12219.0 3.0
12228.0 3.0
12235.5 3.0
12243.0 3.0
12252.0 3.0
12259.5 3.0
12267.0 3.0
12276.0 3.0
12283.5 3.0
12291.0 3.0
12300.0 3.0
12307.5 3.0
12315.0 3.0
12324.0 3.0
12331.5 3.0
12339.0 3.0
12348.0 3.0
12355.5 3.0
12363.0 3.0
12372.0 3.0
12379.5 3.0
12387.0 3.0
12396.0 3.0
12403.5 3.0
12411.0 3.0
12420.0 3.0
12427.5 3.0
12435.0 3.0
12444.0 3.0
12451.5 3.0
12459.0 3.0
12468.0 3.0
12475.5 3.0
12483.0 3.0
12492.0 3.0
12499.5 3.0
12507.0 3.0
12516.0 3.0
12523.5 3.0
12531.0 3.0
12540.0 3.0
12547.5 3.0
12555.0 3.0
12564.0 3.0
12571.5 3.0
12579.0 3.0
12588.0 3.0
12595.5 3.0
12603.0 3.0
12612.0 3.0
12619.5 3.0
12627.0 3.0
12636.0 3.0
12643.5 3.0
12651.0 3.0
12660.0 3.0
12667.5 3.0
12675.0 3.0
12684.0 3.0
12691.5 3.0
12699.0 3.0
12708.0 3.0
12715.5 3.0
12723.0 3.0
12732.0 3.0
12739.5 3.0
12747.0 3.0
12756.0 3.0
12763.5 3.0
12771.0 3.0
12780.0 3.0
12787.5 3.0
12795.0 3.0
12804.0 3.0
12811.5 3.0
12819.0 3.0
12828.0 3.0
12835.5 3.0
12843.0 3.0
12852.0 3.0
12859.5 3.0
12867.0 3.0
12876.0 3.0
12883.5 3.0
12891.0 3.0
12900.0 3.0
12907.5 3.0
12915.0 3.0
12924.0 3.0
12931.5 3.0
12939.0 3.0
12948.0 3.0
12955.5 3.0
12963.0 3.0
12972.0 3.0
12979.5 3.0
12987.0 3.0
12996.0 3.0
13003.5 3.0
13011.0 3.0
13020.0 3.0
13027.5 3.0
13035.0 3.0
13044.0 3.0
13051.5 3.0
13059.0 3.0
13068.0 3.0
13075.5 3.0
13083.0 3.0
13092.0 3.0
13099.5 3.0
13107.0 3.0
13116.0 3.0
13123.5 3.0
13131.0 3.0
13140.0 3.0
13147.5 3.0
13155.0 3.0
13164.0 3.0
13171.5 3.0
13179.0 3.0
13188.0 3.0
13195.5 3.0
13203.0 3.0
13212.0 3.0
13219.5 3.0
13227.0 3.0
13236.0 3.0
13243.5 3.0
13251.0 3.0
13260.0 3.0
13267.5 3.0
13275.0 3.0
13284.0 3.0
13291.5 3.0
13299.0 3.0
13308.0 3.0
13315.5 3.0
13323.0 3.0
13332.0 3.0
13339.5 3.0
13347.0 3.0
13356.0 3.0
13363.5 3.0
13371.0 3.0
13380.0 3.0
13387.5 3.0
13395.0 3.0
13404.0 3.0
13411.5 3.0
13419.0 3.0
13428.0 3.0
13435.5 3.0
13443.0 3.0
13452.0 3.0
13459.5 3.0
13467.0 3.0
13476.0 3.0
13483.5 3.0
13491.0 3.0
13500.0 3.0
13507.5 3.0
13515.0 3.0
13524.0 3.0
13531.5 3.0
13539.0 3.0
13548.0 3.0
13555.5 3.0
13563.0 3.0
13572.0 3.0
13579.5 3.0
13587.0 3.0
13596.0 3.0
13603.5 3.0
13611.0 3.0
13620.0 3.0
13627.5 3.0
13635.0 3.0
13644.0 3.0
13651.5 3.0
13659.0 3.0
13668.0 3.0
13675.5 3.0
13683.0 3.0
13692.0 3.0
13699.5 3.0
13707.0 3.0
13716.0 3.0
13723.5 3.0
13731.0 3.0
13740.0 3.0
13747.5 3.0
13755.0 3.0
13764.0 3.0
13771.5 3.0
13779.0 3.0
13788.0 3.0
13795.5 3.0
13803.0 3.0
13812.0 3.0
13819.5 3.0
13827.0 3.0
13836.0 3.0
13843.5 3.0
13851.0 3.0
13860.0 3.0
13867.5 3.0
13875.0 3.0
13884.0 3.0
13891.5 3.0
13899.0 3.0
13908.0 3.0
13915.5 3.0
13923.0 3.0
13932.0 3.0
13939.5 3.0
13947.0 3.0
13956.0 3.0
13963.5 3.0
13971.0 3.0
13980.0 3.0
13987.5 3.0
13995.0 3.0
14004.0 3.0
14011.5 3.0
14019.0 3.0
14028.0 3.0
14035.5 3.0
14043.0 3.0
14052.0 3.0
14059.5 3.0
14067.0 3.0
14076.0 3.0
14083.5 3.0
14091.0 3.0
14100.0 3.0
14107.5 3.0
14115.0 3.0
14124.0 3.0
14131.5 3.0
14139.0 3.0
14148.0 3.0
14155.5 3.0
14163.0 3.0
14172.0 3.0
14179.5 3.0
14187.0 3.0
14196.0 3.0
14203.5 3.0
14211.0 3.0
14220.0 3.0
14227.5 3.0
14235.0 3.0
14244.0 3.0
14251.5 3.0
14259.0 3.0
14268.0 3.0
14275.5 3.0
14283.0 3.0
14292.0 3.0
14299.5 3.0
14307.0 3.0
14316.0 3.0
14323.5 3.0
14331.0 3.0
14340.0 3.0
14347.5 3.0
14355.0 3.0
14364.0 3.0
14371.5 3.0
14379.0 3.0
14388.0 3.0
14395.5 3.0
14403.0 3.0
14412.0 3.0
14419.5 3.0
14427.0 3.0
14436.0 3.0
14443.5 3.0
14451.0 3.0
14460.0 3.0
14467.5 3.0
14475.0 3.0
14484.0 3.0
14491.5 3.0
14499.0 3.0
14508.0 3.0
14515.5 3.0
14523.0 3.0
14532.0 3.0
14539.5 3.0
14547.0 3.0
14556.0 3.0
14563.5 3.0
14571.0 3.0
14580.0 3.0
14587.5 3.0
14595.0 3.0
14604.0 3.0
14611.5 3.0
14619.0 3.0
14628.0 3.0
14635.5 3.0
14643.0 3.0
14652.0 3.0
14659.5 3.0
14667.0 3.0
14676.0 3.0
14683.5 3.0
14691.0 3.0
14700.0 3.0
14707.5 3.0
14715.0 3.0
14724.0 3.0
14731.5 3.0
14739.0 3.0
14748.0 3.0
14755.5 3.0
14763.0 3.0
14772.0 3.0
14779.5 3.0
14787.0 3.0
14796.0 3.0
14803.5 3.0
14811.0 3.0
14820.0 3.0
14827.5 3.0
14835.0 3.0
14844.0 3.0
14851.5 3.0
14859.0 3.0
14868.0 3.0
14875.5 3.0
14883.0 3.0
14892.0 3.0
14899.5 3.0
14907.0 3.0
14916.0 3.0
14923.5 3.0
14931.0 3.0
14940.0 3.0
14947.5 3.0
14955.0 3.0
14964.0 3.0
14971.5 3.0
14979.0 3.0
14988.0 3.0
14995.5 3.0
15003.0 3.0
15012.0 3.0
15019.5 3.0
15027.0 3.0
15036.0 3.0
15043.5 3.0
15051.0 3.0
15060.0 3.0
15067.5 3.0
15075.0 3.0
15084.0 3.0
15091.5 3.0
15099.0 3.0
15108.0 3.0
15115.5 3.0
15123.0 3.0
15132.0 3.0
15139.5 3.0
15147.0 3.0
15156.0 3.0
15163.5 3.0
15171.0 3.0
15180.0 3.0
15187.5 3.0
15195.0 3.0
15204.0 3.0
15211.5 3.0
15219.0 3.0
15228.0 3.0
15235.5 3.0
15243.0 3.0
15252.0 3.0
15259.5 3.0
15267.0 3.0
15276.0 3.0
15283.5 3.0
15291.0 3.0
15300.0 3.0
15307.5 3.0
15315.0 3.0
15324.0 3.0
15331.5 3.0
15339.0 3.0
15348.0 3.0
15355.5 3.0
15363.0 3.0
15372.0 3.0
15379.5 3.0
15387.0 3.0
15396.0 3.0
15403.5 3.0
15411.0 3.0
15420.0 3.0
15427.5 3.0
15435.0 3.0
15444.0 3.0
15451.5 3.0
15459.0 3.0
15468.0 3.0
15475.5 3.0
15483.0 3.0
15492.0 3.0
15499.5 3.0
15507.0 3.0
15516.0 3.0
15523.5 3.0
15531.0 3.0
15540.0 3.0
15547.5 3.0
15555.0 3.0
15564.0 3.0
15571.5 3.0
15579.0 3.0
15588.0 3.0
15595.5 3.0
15603.0 3.0
15612.0 3.0
15619.5 3.0
15627.0 3.0
15636.0 3.0
15643.5 3.0
15651.0 3.0
15660.0 3.0
15667.5 3.0
15675.0 3.0
15684.0 3.0
15691.5 3.0
15699.0 3.0
15708.0 3.0
15715.5 3.0
15723.0 3.0
15732.0 3.0
15739.5 3.0
15747.0 3.0
15756.0 3.0
15763.5 3.0
15771.0 3.0
15780.0 3.0
15787.5 3.0
15795.0 3.0
15804.0 3.0
15811.5 3.0
15819.0 3.0
15828.0 3.0
15835.5 3.0
15843.0 3.0
15852.0 3.0
15859.5 3.0
15867.0 3.0
15876.0 3.0
15883.5 3.0
15891.0 3.0
15900.0 3.0
15907.5 3.0
15915.0 3.0
15924.0 3.0
15931.5 3.0
15939.0 3.0
15948.0 3.0
15955.5 3.0
15963.0 3.0
15972.0 3.0
15979.5 3.0
15987.0 3.0
15996.0 3.0
16003.5 3.0
16011.0 3.0
16020.0 3.0
16027.5 3.0
16035.0 3.0
16044.0 3.0
16051.5 3.0
16059.0 3.0
16068.0 3.0
16075.5 3.0
16083.0 3.0
16092.0 3.0
16099.5 3.0
16107.0 3.0
16116.0 3.0
16123.5 3.0
16131.0 3.0
16140.0 3.0
16147.5 3.0
16155.0 3.0
16164.0 3.0
16171.5 3.0
16179.0 3.0
16188.0 3.0
16195.5 3.0
16203.0 3.0
16212.0 3.0
16219.5 3.0
16227.0 3.0
16236.0 3.0
16243.5 3.0
16251.0 3.0
16260.0 3.0
16267.5 3.0
16275.0 3.0
16284.0 3.0
16291.5 3.0
16299.0 3.0
16308.0 3.0
16315.5 3.0
16323.0 3.0
16332.0 3.0
16339.5 3.0
16347.0 3.0
16356.0 3.0
16363.5 3.0
16371.0 3.0
16380.0 3.0
16387.5 3.0
16395.0 3.0
16404.0 3.0
16411.5 3.0
16419.0 3.0
16428.0 3.0
16435.5 3.0
16443.0 3.0
16452.0 3.0
16459.5 3.0
16467.0 3.0
16476.0 3.0
16483.5 3.0
16491.0 3.0
16500.0 3.0
16507.5 3.0
16515.0 3.0
16524.0 3.0
16531.5 3.0
16539.0 3.0
16548.0 3.0
16555.5 3.0
16563.0 3.0
16572.0 3.0
16579.5 3.0
16587.0 3.0
16596.0 3.0
16603.5 3.0
16611.0 3.0
16620.0 3.0
16627.5 3.0
16635.0 3.0
16644.0 3.0
16651.5 3.0
16659.0 3.0
16668.0 3.0
16675.5 3.0
16683.0 3.0
16692.0 3.0
16699.5 3.0
16707.0 3.0
16716.0 3.0
16723.5 3.0
16731.0 3.0
16740.0 3.0
16747.5 3.0
16755.0 3.0
16764.0 3.0
16771.5 3.0
16779.0 3.0
16788.0 3.0
16795.5 3.0
16803.0 3.0
16812.0 3.0
16819.5 3.0
16827.0 3.0
16836.0 3.0
16843.5 3.0
16851.0 3.0
16860.0 3.0
16867.5 3.0
16875.0 3.0
16884.0 3.0
16891.5 3.0
16899.0 3.0
16908.0 3.0
16915.5 3.0
16923.0 3.0
16932.0 3.0
16939.5 3.0
16947.0 3.0
16956.0 3.0
16963.5 3.0
16971.0 3.0
16980.0 3.0
16987.5 3.0
16995.0 3.0
17004.0 3.0
17011.5 3.0
17019.0 3.0
17028.0 3.0
17035.5 3.0
17043.0 3.0
17052.0 3.0
17059.5 3.0
17067.0 3.0
17076.0 3.0
17083.5 3.0
17091.0 3.0
17100.0 3.0
17107.5 3.0
17115.0 3.0
17124.0 3.0
17131.5 3.0
17139.0 3.0
17148.0 3.0
17155.5 3.0
17163.0 3.0
17172.0 3.0
17179.5 3.0
17187.0 3.0
17196.0 3.0
17203.5 3.0
17211.0 3.0
17220.0 3.0
17227.5 3.0
17235.0 3.0
17244.0 3.0
17251.5 3.0
17259.0 3.0
17268.0 3.0
17275.5 3.0
17283.0 3.0
17292.0 3.0
17299.5 3.0
17307.0 3.0
17316.0 3.0
17323.5 3.0
17331.0 3.0
17340.0 3.0
17347.5 3.0
17355.0 3.0
17364.0 3.0
17371.5 3.0
17379.0 3.0
17388.0 3.0
17395.5 3.0
17403.0 3.0
17412.0 3.0
17419.5 3.0
17427.0 3.0
17436.0 3.0
17443.5 3.0
17451.0 3.0
17460.0 3.0
17467.5 3.0
17475.0 3.0
17484.0 3.0
17491.5 3.0
17499.0 3.0
17508.0 3.0
17515.5 3.0
17523.0 3.0
17532.0 3.0
17539.5 3.0
17547.0 3.0
17556.0 3.0
17563.5 3.0
17571.0 3.0
17580.0 3.0
17587.5 3.0
17595.0 3.0
17604.0 3.0
17611.5 3.0
17619.0 3.0
17628.0 3.0
17635.5 3.0
17643.0 3.0
17652.0 3.0
17659.5 3.0
17667.0 3.0
17676.0 3.0
17683.5 3.0
17691.0 3.0
17700.0 3.0
17707.5 3.0
17715.0 3.0
17724.0 3.0
17731.5 3.0
17739.0 3.0
17748.0 3.0
17755.5 3.0
17763.0 3.0
17772.0 3.0
17779.5 3.0
17787.0 3.0
17796.0 3.0
17803.5 3.0
17811.0 3.0
17820.0 3.0
17827.5 3.0
17835.0 3.0
17844.0 3.0
17851.5 3.0
17859.0 3.0
17868.0 3.0
17875.5 3.0
17883.0 3.0
17892.0 3.0
17899.5 3.0
17907.0 3.0
17916.0 3.0
17923.5 3.0
17931.0 3.0
17940.0 3.0
17947.5 3.0
17955.0 3.0
17964.0 3.0
17971.5 3.0
17979.0 3.0
17988.0 3.0
17995.5 3.0
18003.0 3.0
18012.0 3.0
18019.5 3.0
18027.0 3.0
18036.0 3.0
18043.5 3.0
18051.0 3.0
18060.0 3.0
18067.5 3.0
18075.0 3.0
18084.0 3.0
18091.5 3.0
18099.0 3.0
18108.0 3.0
18115.5 3.0
18123.0 3.0
18132.0 3.0
18139.5 3.0
18147.0 3.0
18156.0 3.0
18163.5 3.0
18171.0 3.0
18180.0 3.0
18187.5 3.0
18195.0 3.0
18204.0 3.0
18211.5 3.0
18219.0 3.0
18228.0 3.0
18235.5 3.0
18243.0 3.0
18252.0 3.0
18259.5 3.0
18267.0 3.0
18276.0 3.0
18283.5 3.0
18291.0 3.0
18300.0 3.0
18307.5 3.0
18315.0 3.0
18324.0 3.0
18331.5 3.0
18339.0 3.0
18348.0 3.0
18355.5 3.0
18363.0 3.0
18372.0 3.0
18379.5 3.0
18387.0 3.0
18396.0 3.0
18403.5 3.0
18411.0 3.0
18420.0 3.0
18427.5 3.0
18435.0 3.0
18444.0 3.0
18451.5 3.0
18459.0 3.0
18468.0 3.0
18475.5 3.0
18483.0 3.0
18492.0 3.0
18499.5 3.0
18507.0 3.0
18516.0 3.0
18523.5 3.0
18531.0 3.0
18540.0 3.0
18547.5 3.0
18555.0 3.0
18564.0 3.0
18571.5 3.0
18579.0 3.0
18588.0 3.0
18595.5 3.0
18603.0 3.0
18612.0 3.0
18619.5 3.0
18627.0 3.0
18636.0 3.0
18643.5 3.0
18651.0 3.0
18660.0 3.0
18667.5 3.0
18675.0 3.0
18684.0 3.0
18691.5 3.0
18699.0 3.0
18708.0 3.0
18715.5 3.0
18723.0 3.0
18732.0 3.0
18739.5 3.0
18747.0 3.0
18756.0 3.0
18763.5 3.0
18771.0 3.0
18780.0 3.0
18787.5 3.0
18795.0 3.0
18804.0 3.0
18811.5 3.0
18819.0 3.0
18828.0 3.0
18835.5 3.0
18843.0 3.0
18852.0 3.0
18859.5 3.0
18867.0 3.0
18876.0 3.0
18883.5 3.0
18891.0 3.0
18900.0 3.0
18907.5 3.0
18915.0 3.0
18924.0 3.0
18931.5 3.0
18939.0 3.0
18948.0 3.0
18955.5 3.0
18963.0 3.0
18972.0 3.0
18979.5 3.0
18987.0 3.0
18996.0 3.0
19003.5 3.0
19011.0 3.0
19020.0 3.0
19027.5 3.0
19035.0 3.0
19044.0 3.0
19051.5 3.0
19059.0 3.0
19068.0 3.0
19075.5 3.0
19083.0 3.0
19092.0 3.0
19099.5 3.0
19107.0 3.0
19116.0 3.0
19123.5 3.0
19131.0 3.0
19140.0 3.0
19147.5 3.0
19155.0 3.0
19164.0 3.0
19171.5 3.0
19179.0 3.0
19188.0 3.0
19195.5 3.0
19203.0 3.0
19212.0 3.0
19219.5 3.0
19227.0 3.0
19236.0 3.0
19243.5 3.0
19251.0 3.0
19260.0 3.0
19267.5 3.0
19275.0 3.0
19284.0 3.0
19291.5 3.0
19299.0 3.0
19308.0 3.0
19315.5 3.0
19323.0 3.0
19332.0 3.0
19339.5 3.0
19347.0 3.0
19356.0 3.0
19363.5 3.0
19371.0 3.0
19380.0 3.0
19387.5 3.0
19395.0 3.0
19404.0 3.0
19411.5 3.0
19419.0 3.0
19428.0 3.0
19435.5 3.0
19443.0 3.0
19452.0 3.0
19459.5 3.0
19467.0 3.0
19476.0 3.0
19483.5 3.0
19491.0 3.0
19500.0 3.0
19507.5 3.0
19515.0 3.0
19524.0 3.0
19531.5 3.0
19539.0 3.0
19548.0 3.0
19555.5 3.0
19563.0 3.0
19572.0 3.0
19579.5 3.0
19587.0 3.0
19596.0 3.0
19603.5 3.0
19611.0 3.0
19620.0 3.0
19627.5 3.0
19635.0 3.0
19644.0 3.0
19651.5 3.0
19659.0 3.0
19668.0 3.0
19675.5 3.0
19683.0 3.0
19692.0 3.0
19699.5 3.0
19707.0 3.0
19716.0 3.0
19723.5 3.0
19731.0 3.0
19740.0 3.0
19747.5 3.0
19755.0 3.0
19764.0 3.0
19771.5 3.0
19779.0 3.0
19788.0 3.0
19795.5 3.0
19803.0 3.0
19812.0 3.0
19819.5 3.0
19827.0 3.0
19836.0 3.0
19843.5 3.0
19851.0 3.0
19860.0 3.0
19867.5 3.0
19875.0 3.0
19884.0 3.0
19891.5 3.0
19899.0 3.0
19908.0 3.0
19915.5 3.0
19923.0 3.0
19932.0 3.0
19939.5 3.0
19947.0 3.0
19956.0 3.0
19963.5 3.0
19971.0 3.0
19980.0 3.0
19987.5 3.0
19995.0 3.0
20004.0 3.0
20011.5 3.0
20019.0 3.0
20028.0 3.0
20035.5 3.0
20043.0 3.0
20052.0 3.0
20059.5 3.0
20067.0 3.0
20076.0 3.0
20083.5 3.0
20091.0 3.0
20100.0 3.0
20107.5 3.0
20115.0 3.0
20124.0 3.0
20131.5 3.0
20139.0 3.0
20148.0 3.0
20155.5 3.0
20163.0 3.0
20172.0 3.0
20179.5 3.0
20187.0 3.0
20196.0 3.0
20203.5 3.0
20211.0 3.0
20220.0 3.0
20227.5 3.0
20235.0 3.0
20244.0 3.0
20251.5 3.0
20259.0 3.0
20268.0 3.0
20275.5 3.0
20283.0 3.0
20292.0 3.0
20299.5 3.0
20307.0 3.0
20316.0 3.0
20323.5 3.0
20331.0 3.0
20340.0 3.0
20347.5 3.0
20355.0 3.0
20364.0 3.0
20371.5 3.0
20379.0 3.0
20388.0 3.0
20395.5 3.0
20403.0 3.0
20412.0 3.0
20419.5 3.0
20427.0 3.0
20436.0 3.0
20443.5 3.0
20451.0 3.0
20460.0 3.0
20467.5 3.0
20475.0 3.0
20484.0 3.0
20491.5 3.0
20499.0 3.0
20508.0 3.0
20515.5 3.0
20523.0 3.0
20532.0 3.0
20539.5 3.0
20547.0 3.0
20556.0 3.0
20563.5 3.0
20571.0 3.0
20580.0 3.0
20587.5 3.0
20595.0 3.0
20604.0 3.0
20611.5 3.0
20619.0 3.0
20628.0 3.0
20635.5 3.0
20643.0 3.0
20652.0 3.0
20659.5 3.0
20667.0 3.0
20676.0 3.0
20683.5 3.0
20691.0 3.0
20700.0 3.0
20707.5 3.0
20715.0 3.0
20724.0 3.0
20731.5 3.0
20739.0 3.0
20748.0 3.0
20755.5 3.0
20763.0 3.0
20772.0 3.0
20779.5 3.0
20787.0 3.0
20796.0 3.0
20803.5 3.0
20811.0 3.0
20820.0 3.0
20827.5 3.0
20835.0 3.0
20844.0 3.0
20851.5 3.0
20859.0 3.0
20868.0 3.0
20875.5 3.0
20883.0 3.0
20892.0 3.0
20899.5 3.0
20907.0 3.0
20916.0 3.0
20923.5 3.0
20931.0 3.0
20940.0 3.0
20947.5 3.0
20955.0 3.0
20964.0 3.0
20971.5 3.0
20979.0 3.0
20988.0 3.0
20995.5 3.0
21003.0 3.0
21012.0 3.0
21019.5 3.0
21027.0 3.0
21036.0 3.0
21043.5 3.0
21051.0 3.0
21060.0 3.0
21067.5 3.0
21075.0 3.0
21084.0 3.0
21091.5 3.0
21099.0 3.0
21108.0 3.0
21115.5 3.0
21123.0 3.0
21132.0 3.0
21139.5 3.0
21147.0 3.0
21156.0 3.0
21163.5 3.0
21171.0 3.0
21180.0 3.0
21187.5 3.0
21195.0 3.0
21204.0 3.0
21211.5 3.0
21219.0 3.0
21228.0 3.0
21235.5 3.0
21243.0 3.0
21252.0 3.0
21259.5 3.0
21267.0 3.0
21276.0 3.0
21283.5 3.0
21291.0 3.0
21300.0 3.0
21307.5 3.0
21315.0 3.0
21324.0 3.0
21331.5 3.0
21339.0 3.0
21348.0 3.0
21355.5 3.0
21363.0 3.0
21372.0 3.0
21379.5 3.0
21387.0 3.0
21396.0 3.0
21403.5 3.0
21411.0 3.0
21420.0 3.0
21427.5 3.0
21435.0 3.0
21444.0 3.0
21451.5 3.0
21459.0 3.0
21468.0 3.0
21475.5 3.0
21483.0 3.0
21492.0 3.0
21499.5 3.0
21507.0 3.0
21516.0 3.0
21523.5 3.0
21531.0 3.0
21540.0 3.0
21547.5 3.0
21555.0 3.0
21564.0 3.0
21571.5 3.0
21579.0 3.0
21588.0 3.0
21595.5 3.0
21603.0 3.0
21612.0 3.0
21619.5 3.0
21627.0 3.0
21636.0 3.0
21643.5 3.0
21651.0 3.0
21660.0 3.0
21667.5 3.0
21675.0 3.0
21684.0 3.0
21691.5 3.0
21699.0 3.0
21708.0 3.0
21715.5 3.0
21723.0 3.0
21732.0 3.0
21739.5 3.0
21747.0 3.0
21756.0 3.0
21763.5 3.0
21771.0 3.0
21780.0 3.0
21787.5 3.0
21795.0 3.0
21804.0 3.0
21811.5 3.0
21819.0 3.0
21828.0 3.0
21835.5 3.0
21843.0 3.0
21852.0 3.0
21859.5 3.0
21867.0 3.0
21876.0 3.0
21883.5 3.0
21891.0 3.0
21900.0 3.0
21907.5 3.0
21915.0 3.0
21924.0 3.0
21931.5 3.0
21939.0 3.0
21948.0 3.0
21955.5 3.0
21963.0 3.0
21972.0 3.0
21979.5 3.0
21987.0 3.0
21996.0 3.0
22003.5 3.0
22011.0 3.0
22020.0 3.0
22027.5 3.0
22035.0 3.0
22044.0 3.0
22051.5 3.0
22059.0 3.0
22068.0 3.0
22075.5 3.0
22083.0 3.0
22092.0 3.0
22099.5 3.0
22107.0 3.0
22116.0 3.0
22123.5 3.0
22131.0 3.0
22140.0 3.0
22147.5 3.0
22155.0 3.0
22164.0 3.0
22171.5 3.0
22179.0 3.0
22188.0 3.0
22195.5 3.0
22203.0 3.0
22212.0 3.0
22219.5 3.0
22227.0 3.0
22236.0 3.0
22243.5 3.0
22251.0 3.0
22260.0 3.0
22267.5 3.0
22275.0 3.0
22284.0 3.0
22291.5 3.0
22299.0 3.0
22308.0 3.0
22315.5 3.0
22323.0 3.0
22332.0 3.0
22339.5 3.0
22347.0 3.0
22356.0 3.0
22363.5 3.0
22371.0 3.0
22380.0 3.0
22387.5 3.0
22395.0 3.0
22404.0 3.0
22411.5 3.0
22419.0 3.0
22428.0 3.0
22435.5 3.0
22443.0 3.0
22452.0 3.0
22459.5 3.0
22467.0 3.0
22476.0 3.0
22483.5 3.0
22491.0 3.0
22500.0 3.0
22507.5 3.0
22515.0 3.0
22524.0 3.0
22531.5 3.0
22539.0 3.0
22548.0 3.0
22555.5 3.0
22563.0 3.0
22572.0 3.0
22579.5 3.0
22587.0 3.0
22596.0 3.0
22603.5 3.0
22611.0 3.0
22620.0 3.0
22627.5 3.0
22635.0 3.0
22644.0 3.0
22651.5 3.0
22659.0 3.0
22668.0 3.0
22675.5 3.0
22683.0 3.0
22692.0 3.0
22699.5 3.0
22707.0 3.0
22716.0 3.0
22723.5 3.0
22731.0 3.0
22740.0 3.0
22747.5 3.0
22755.0 3.0
22764.0 3.0
22771.5 3.0
22779.0 3.0
22788.0 3.0
22795.5 3.0
22803.0 3.0
22812.0 3.0
22819.5 3.0
22827.0 3.0
22836.0 3.0
22843.5 3.0
22851.0 3.0
22860.0 3.0
22867.5 3.0
22875.0 3.0
22884.0 3.0
22891.5 3.0
22899.0 3.0
22908.0 3.0
22915.5 3.0
22923.0 3.0
22932.0 3.0
22939.5 3.0
22947.0 3.0
22956.0 3.0
22963.5 3.0
22971.0 3.0
22980.0 3.0
22987.5 3.0
22995.0 3.0
23004.0 3.0
23011.5 3.0
23019.0 3.0
23028.0 3.0
23035.5 3.0
23043.0 3.0
23052.0 3.0
23059.5 3.0
23067.0 3.0
23076.0 3.0
23083.5 3.0
23091.0 3.0
23100.0 3.0
23107.5 3.0
23115.0 3.0
23124.0 3.0
23131.5 3.0
23139.0 3.0
23148.0 3.0
23155.5 3.0
23163.0 3.0
23172.0 3.0
23179.5 3.0
23187.0 3.0
23196.0 3.0
23203.5 3.0
23211.0 3.0
23220.0 3.0
23227.5 3.0
23235.0 3.0
23244.0 3.0
23251.5 3.0
23259.0 3.0
23268.0 3.0
23275.5 3.0
23283.0 3.0
23292.0 3.0
23299.5 3.0
23307.0 3.0
23316.0 3.0
23323.5 3.0
23331.0 3.0
23340.0 3.0
23347.5 3.0
23355.0 3.0
23364.0 3.0
23371.5 3.0
23379.0 3.0
23388.0 3.0
23395.5 3.0
23403.0 3.0
23412.0 3.0
23419.5 3.0
23427.0 3.0
23436.0 3.0
23443.5 3.0
23451.0 3.0
23460.0 3.0
23467.5 3.0
23475.0 3.0
23484.0 3.0
23491.5 3.0
23499.0 3.0
23508.0 3.0
23515.5 3.0
23523.0 3.0
23532.0 3.0
23539.5 3.0
23547.0 3.0
23556.0 3.0
23563.5 3.0
23571.0 3.0
23580.0 3.0
23587.5 3.0
23595.0 3.0
23604.0 3.0
23611.5 3.0
23619.0 3.0
23628.0 3.0
23635.5 3.0
23643.0 3.0
23652.0 3.0
23659.5 3.0
23667.0 3.0
23676.0 3.0
23683.5 3.0
23691.0 3.0
23700.0 3.0
23707.5 3.0
23715.0 3.0
23724.0 3.0
23731.5 3.0
23739.0 3.0
23748.0 3.0
23755.5 3.0
23763.0 3.0
23772.0 3.0
23779.5 3.0
23787.0 3.0
23796.0 3.0
23803.5 3.0
23811.0 3.0
23820.0 3.0
23827.5 3.0
23835.0 3.0
23844.0 3.0
23851.5 3.0
23859.0 3.0
23868.0 3.0
23875.5 3.0
23883.0 3.0
23892.0 3.0
23899.5 3.0
23907.0 3.0
23916.0 3.0
23923.5 3.0
23931.0 3.0
23940.0 3.0
23947.5 3.0
23955.0 3.0
23964.0 3.0
23971.5 3.0
23979.0 3.0
23988.0 3.0
23995.5 3.0
24003.0 3.0
24012.0 3.0
24019.5 3.0
24027.0 3.0
24036.0 3.0
24043.5 3.0
24051.0 3.0
24060.0 3.0
24067.5 3.0
24075.0 3.0
24084.0 3.0
24091.5 3.0
24099.0 3.0
24108.0 3.0
24115.5 3.0
24123.0 3.0
24132.0 3.0
24139.5 3.0
24147.0 3.0
24156.0 3.0
24163.5 3.0
24171.0 3.0
24180.0 3.0
24187.5 3.0
24195.0 3.0
24204.0 3.0
24211.5 3.0
24219.0 3.0
24228.0 3.0
24235.5 3.0
24243.0 3.0
24252.0 3.0
24259.5 3.0
24267.0 3.0
24276.0 3.0
24283.5 3.0
24291.0 3.0
24300.0 3.0
24307.5 3.0
24315.0 3.0
24324.0 3.0
24331.5 3.0
24339.0 3.0
24348.0 3.0
24355.5 3.0
24363.0 3.0
24372.0 3.0
24379.5 3.0
24387.0 3.0
24396.0 3.0
24403.5 3.0
24411.0 3.0
24420.0 3.0
24427.5 3.0
24435.0 3.0
24444.0 3.0
24451.5 3.0
24459.0 3.0
24468.0 3.0
24475.5 3.0
24483.0 3.0
24492.0 3.0
24499.5 3.0
24507.0 3.0
24516.0 3.0
24523.5 3.0
24531.0 3.0
24540.0 3.0
24547.5 3.0
24555.0 3.0
24564.0 3.0
24571.5 3.0
24579.0 3.0
24588.0 3.0
24595.5 3.0
24603.0 3.0
24612.0 3.0
24619.5 3.0
24627.0 3.0
24636.0 3.0
24643.5 3.0
24651.0 3.0
24660.0 3.0
24667.5 3.0
24675.0 3.0
24684.0 3.0
24691.5 3.0
24699.0 3.0
24708.0 3.0
24715.5 3.0
24723.0 3.0
24732.0 3.0
24739.5 3.0
24747.0 3.0
24756.0 3.0
24763.5 3.0
24771.0 3.0
24780.0 3.0
24787.5 3.0
24795.0 3.0
24804.0 3.0
24811.5 3.0
24819.0 3.0
24828.0 3.0
24835.5 3.0
24843.0 3.0
24852.0 3.0
24859.5 3.0
24867.0 3.0
24876.0 3.0
24883.5 3.0
24891.0 3.0
24900.0 3.0
24907.5 3.0
24915.0 3.0
24924.0 3.0
24931.5 3.0
24939.0 3.0
24948.0 3.0
24955.5 3.0
24963.0 3.0
24972.0 3.0
24979.5 3.0
24987.0 3.0
24996.0 3.0
25003.5 3.0
25011.0 3.0
25020.0 3.0
25027.5 3.0
25035.0 3.0
25044.0 3.0
25051.5 3.0
25059.0 3.0
25068.0 3.0
25075.5 3.0
25083.0 3.0
25092.0 3.0
25099.5 3.0
25107.0 3.0
25116.0 3.0
25123.5 3.0
25131.0 3.0
25140.0 3.0
25147.5 3.0
25155.0 3.0
25164.0 3.0
25171.5 3.0
25179.0 3.0
25188.0 3.0
25195.5 3.0
25203.0 3.0
25212.0 3.0
25219.5 3.0
25227.0 3.0
25236.0 3.0
25243.5 3.0
25251.0 3.0
25260.0 3.0
25267.5 3.0
25275.0 3.0
25284.0 3.0
25291.5 3.0
25299.0 3.0
25308.0 3.0
25315.5 3.0
25323.0 3.0
25332.0 3.0
25339.5 3.0
25347.0 3.0
25356.0 3.0
25363.5 3.0
25371.0 3.0
25380.0 3.0
25387.5 3.0
25395.0 3.0
25404.0 3.0
25411.5 3.0
25419.0 3.0
25428.0 3.0
25435.5 3.0
25443.0 3.0
25452.0 3.0
25459.5 3.0
25467.0 3.0
25476.0 3.0
25483.5 3.0
25491.0 3.0
25500.0 3.0
25507.5 3.0
25515.0 3.0
25524.0 3.0
25531.5 3.0
25539.0 3.0
25548.0 3.0
25555.5 3.0
25563.0 3.0
25572.0 3.0
25579.5 3.0
25587.0 3.0
25596.0 3.0
25603.5 3.0
25611.0 3.0
25620.0 3.0
25627.5 3.0
25635.0 3.0
25644.0 3.0
25651.5 3.0
25659.0 3.0
25668.0 3.0
25675.5 3.0
25683.0 3.0
25692.0 3.0
25699.5 3.0
25707.0 3.0
25716.0 3.0
25723.5 3.0
25731.0 3.0
25740.0 3.0
25747.5 3.0
25755.0 3.0
25764.0 3.0
25771.5 3.0
25779.0 3.0
25788.0 3.0
25795.5 3.0
25803.0 3.0
25812.0 3.0
25819.5 3.0
25827.0 3.0
25836.0 3.0
25843.5 3.0
25851.0 3.0
25860.0 3.0
25867.5 3.0
25875.0 3.0
25884.0 3.0
25891.5 3.0
25899.0 3.0
25908.0 3.0
25915.5 3.0
25923.0 3.0
25932.0 3.0
25939.5 3.0
25947.0 3.0
25956.0 3.0
25963.5 3.0
25971.0 3.0
25980.0 3.0
25987.5 3.0
25995.0 3.0
26004.0 3.0
26011.5 3.0
26019.0 3.0
26028.0 3.0
26035.5 3.0
26043.0 3.0
26052.0 3.0
26059.5 3.0
26067.0 3.0
26076.0 3.0
26083.5 3.0
26091.0 3.0
26100.0 3.0
26107.5 3.0
26115.0 3.0
26124.0 3.0
26131.5 3.0
26139.0 3.0
26148.0 3.0
26155.5 3.0
26163.0 3.0
26172.0 3.0
26179.5 3.0
26187.0 3.0
26196.0 3.0
26203.5 3.0
26211.0 3.0
26220.0 3.0
26227.5 3.0
26235.0 3.0
26244.0 3.0
26251.5 3.0
26259.0 3.0
26268.0 3.0
26275.5 3.0
26283.0 3.0
26292.0 3.0
26299.5 3.0
26307.0 3.0
26316.0 3.0
26323.5 3.0
26331.0 3.0
26340.0 3.0
26347.5 3.0
26355.0 3.0
26364.0 3.0
26371.5 3.0
26379.0 3.0
26388.0 3.0
26395.5 3.0
26403.0 3.0
26412.0 3.0
26419.5 3.0
26427.0 3.0
26436.0 3.0
26443.5 3.0
26451.0 3.0
26460.0 3.0
26467.5 3.0
26475.0 3.0
26484.0 3.0
26491.5 3.0
26499.0 3.0
26508.0 3.0
26515.5 3.0
26523.0 3.0
26532.0 3.0
26539.5 3.0
26547.0 3.0
26556.0 3.0
26563.5 3.0
26571.0 3.0
26580.0 3.0
26587.5 3.0
26595.0 3.0
26604.0 3.0
26611.5 3.0
26619.0 3.0
26628.0 3.0
26635.5 3.0
26643.0 3.0
26652.0 3.0
26659.5 3.0
26667.0 3.0
26676.0 3.0
26683.5 3.0
26691.0 3.0
26700.0 3.0
26707.5 3.0
26715.0 3.0
26724.0 3.0
26731.5 3.0
26739.0 3.0
26748.0 3.0
26755.5 3.0
26763.0 3.0
26772.0 3.0
26779.5 3.0
26787.0 3.0
26796.0 3.0
26803.5 3.0
26811.0 3.0
26820.0 3.0
26827.5 3.0
26835.0 3.0
26844.0 3.0
26851.5 3.0
26859.0 3.0
26868.0 3.0
26875.5 3.0
26883.0 3.0
26892.0 3.0
26899.5 3.0
26907.0 3.0
26916.0 3.0
26923.5 3.0
26931.0 3.0
26940.0 3.0
26947.5 3.0
26955.0 3.0
26964.0 3.0
26971.5 3.0
26979.0 3.0
26988.0 3.0
26995.5 3.0
27003.0 3.0
27012.0 3.0
27019.5 3.0
27027.0 3.0
27036.0 3.0
27043.5 3.0
27051.0 3.0
27060.0 3.0
27067.5 3.0
27075.0 3.0
27084.0 3.0
27091.5 3.0
27099.0 3.0
27108.0 3.0
27115.5 3.0
27123.0 3.0
27132.0 3.0
27139.5 3.0
27147.0 3.0
27156.0 3.0
27163.5 3.0
27171.0 3.0
27180.0 3.0
27187.5 3.0
27195.0 3.0
27204.0 3.0
27211.5 3.0
27219.0 3.0
27228.0 3.0
27235.5 3.0
27243.0 3.0
27252.0 3.0
27259.5 3.0
27267.0 3.0
27276.0 3.0
27283.5 3.0
27291.0 3.0
27300.0 3.0
27307.5 3.0
27315.0 3.0
27324.0 3.0
27331.5 3.0
27339.0 3.0
27348.0 3.0
27355.5 3.0
27363.0 3.0
27372.0 3.0
27379.5 3.0
27387.0 3.0
27396.0 3.0
27403.5 3.0
27411.0 3.0
27420.0 3.0
27427.5 3.0
27435.0 3.0
27444.0 3.0
27451.5 3.0
27459.0 3.0
27468.0 3.0
27475.5 3.0
27483.0 3.0
27492.0 3.0
27499.5 3.0
27507.0 3.0
27516.0 3.0
27523.5 3.0
27531.0 3.0
27540.0 3.0
27547.5 3.0
27555.0 3.0
27564.0 3.0
27571.5 3.0
27579.0 3.0
27588.0 3.0
27595.5 3.0
27603.0 3.0
27612.0 3.0
27619.5 3.0
27627.0 3.0
27636.0 3.0
27643.5 3.0
27651.0 3.0
27660.0 3.0
27667.5 3.0
27675.0 3.0
27684.0 3.0
27691.5 3.0
27699.0 3.0
27708.0 3.0
27715.5 3.0
27723.0 3.0
27732.0 3.0
27739.5 3.0
27747.0 3.0
27756.0 3.0
27763.5 3.0
27771.0 3.0
27780.0 3.0
27787.5 3.0
27795.0 3.0
27804.0 3.0
27811.5 3.0
27819.0 3.0
27828.0 3.0
27835.5 3.0
27843.0 3.0
27852.0 3.0
27859.5 3.0
27867.0 3.0
27876.0 3.0
27883.5 3.0
27891.0 3.0
27900.0 3.0
27907.5 3.0
27915.0 3.0
27924.0 3.0
27931.5 3.0
27939.0 3.0
27948.0 3.0
27955.5 3.0
27963.0 3.0
27972.0 3.0
27979.5 3.0
27987.0 3.0
27996.0 3.0
28003.5 3.0
28011.0 3.0
28020.0 3.0
28027.5 3.0
28035.0 3.0
28044.0 3.0
28051.5 3.0
28059.0 3.0
28068.0 3.0
28075.5 3.0
28083.0 3.0
28092.0 3.0
28099.5 3.0
28107.0 3.0
28116.0 3.0
28123.5 3.0
28131.0 3.0
28140.0 3.0
28147.5 3.0
28155.0 3.0
28164.0 3.0
28171.5 3.0
28179.0 3.0
28188.0 3.0
28195.5 3.0
28203.0 3.0
28212.0 3.0
28219.5 3.0
28227.0 3.0
28236.0 3.0
28243.5 3.0
28251.0 3.0
28260.0 3.0
28267.5 3.0
28275.0 3.0
28284.0 3.0
28291.5 3.0
28299.0 3.0
28308.0 3.0
28315.5 3.0
28323.0 3.0
28332.0 3.0
28339.5 3.0
28347.0 3.0
28356.0 3.0
28363.5 3.0
28371.0 3.0
28380.0 3.0
28387.5 3.0
28395.0 3.0
28404.0 3.0
28411.5 3.0
28419.0 3.0
28428.0 3.0
28435.5 3.0
28443.0 3.0
28452.0 3.0
28459.5 3.0
28467.0 3.0
28476.0 3.0
28483.5 3.0
28491.0 3.0
28500.0 3.0
28507.5 3.0
28515.0 3.0
28524.0 3.0
28531.5 3.0
28539.0 3.0
28548.0 3.0
28555.5 3.0
28563.0 3.0
28572.0 3.0
28579.5 3.0
28587.0 3.0
28596.0 3.0
28603.5 3.0
28611.0 3.0
28620.0 3.0
28627.5 3.0
28635.0 3.0
28644.0 3.0
28651.5 3.0
28659.0 3.0
28668.0 3.0
28675.5 3.0
28683.0 3.0
28692.0 3.0
28699.5 3.0
28707.0 3.0
28716.0 3.0
28723.5 3.0
28731.0 3.0
28740.0 3.0
28747.5 3.0
28755.0 3.0
28764.0 3.0
28771.5 3.0
28779.0 3.0
28788.0 3.0
28795.5 3.0
28803.0 3.0
28812.0 3.0
28819.5 3.0
28827.0 3.0
28836.0 3.0
28843.5 3.0
28851.0 3.0
28860.0 3.0
28867.5 3.0
28875.0 3.0
28884.0 3.0
28891.5 3.0
28899.0 3.0
28908.0 3.0
28915.5 3.0
28923.0 3.0
28932.0 3.0
28939.5 3.0
28947.0 3.0
28956.0 3.0
28963.5 3.0
28971.0 3.0
28980.0 3.0
28987.5 3.0
28995.0 3.0
29004.0 3.0
29011.5 3.0
29019.0 3.0
29028.0 3.0
29035.5 3.0
29043.0 3.0
29052.0 3.0
29059.5 3.0
29067.0 3.0
29076.0 3.0
29083.5 3.0
29091.0 3.0
29100.0 3.0
29107.5 3.0
29115.0 3.0
29124.0 3.0
29131.5 3.0
29139.0 3.0
29148.0 3.0
29155.5 3.0
29163.0 3.0
29172.0 3.0
29179.5 3.0
29187.0 3.0
29196.0 3.0
29203.5 3.0
29211.0 3.0
29220.0 3.0
29227.5 3.0
29235.0 3.0
29244.0 3.0
29251.5 3.0
29259.0 3.0
29268.0 3.0
29275.5 3.0
29283.0 3.0
29292.0 3.0
29299.5 3.0
29307.0 3.0
29316.0 3.0
29323.5 3.0
29331.0 3.0
29340.0 3.0
29347.5 3.0
29355.0 3.0
29364.0 3.0
29371.5 3.0
29379.0 3.0
29388.0 3.0
29395.5 3.0
29403.0 3.0
29412.0 3.0
29419.5 3.0
29427.0 3.0
29436.0 3.0
29443.5 3.0
29451.0 3.0
29460.0 3.0
29467.5 3.0
29475.0 3.0
29484.0 3.0
29491.5 3.0
29499.0 3.0
29508.0 3.0
29515.5 3.0
29523.0 3.0
29532.0 3.0
29539.5 3.0
29547.0 3.0
29556.0 3.0
29563.5 3.0
29571.0 3.0
29580.0 3.0
29587.5 3.0
29595.0 3.0
29604.0 3.0
29611.5 3.0
29619.0 3.0
29628.0 3.0
29635.5 3.0
29643.0 3.0
29652.0 3.0
29659.5 3.0
29667.0 3.0
29676.0 3.0
29683.5 3.0
29691.0 3.0
29700.0 3.0
29707.5 3.0
29715.0 3.0
29724.0 3.0
29731.5 3.0
29739.0 3.0
29748.0 3.0
29755.5 3.0
29763.0 3.0
29772.0 3.0
29779.5 3.0
29787.0 3.0
29796.0 3.0
29803.5 3.0
29811.0 3.0
29820.0 3.0
29827.5 3.0
29835.0 3.0
29844.0 3.0
29851.5 3.0
29859.0 3.0
29868.0 3.0
29875.5 3.0
29883.0 3.0
29892.0 3.0
29899.5 3.0
29907.0 3.0
29916.0 3.0
29923.5 3.0
29931.0 3.0
29940.0 3.0
29947.5 3.0
29955.0 3.0
29964.0 3.0
29971.5 3.0
29979.0 3.0
29988.0 3.0
29995.5 3.0
30003.0 3.0
30012.0 3.0
30019.5 3.0
30027.0 3.0
30036.0 3.0
30043.5 3.0
30051.0 3.0
30060.0 3.0
30067.5 3.0
30075.0 3.0
30084.0 3.0
30091.5 3.0
30099.0 3.0
30108.0 3.0
30115.5 3.0
30123.0 3.0
30132.0 3.0
30139.5 3.0
30147.0 3.0
30156.0 3.0
30163.5 3.0
30171.0 3.0
30180.0 3.0
30187.5 3.0
30195.0 3.0
30204.0 3.0
30211.5 3.0
30219.0 3.0
30228.0 3.0
30235.5 3.0
30243.0 3.0
30252.0 3.0
30259.5 3.0
30267.0 3.0
30276.0 3.0
30283.5 3.0
30291.0 3.0
30300.0 3.0
30307.5 3.0
30315.0 3.0
30324.0 3.0
30331.5 3.0
30339.0 3.0
30348.0 3.0
30355.5 3.0
30363.0 3.0
30372.0 3.0
30379.5 3.0
30387.0 3.0
30396.0 3.0
30403.5 3.0
30411.0 3.0
30420.0 3.0
30427.5 3.0
30435.0 3.0
30444.0 3.0
30451.5 3.0
30459.0 3.0
30468.0 3.0
30475.5 3.0
30483.0 3.0
30492.0 3.0
30499.5 3.0
30507.0 3.0
30516.0 3.0
30523.5 3.0
30531.0 3.0
30540.0 3.0
30547.5 3.0
30555.0 3.0
30564.0 3.0
30571.5 3.0
30579.0 3.0
30588.0 3.0
30595.5 3.0
30603.0 3.0
30612.0 3.0
30619.5 3.0
30627.0 3.0
30636.0 3.0
30643.5 3.0
30651.0 3.0
30660.0 3.0
30667.5 3.0
30675.0 3.0
30684.0 3.0
30691.5 3.0
30699.0 3.0
30708.0 3.0
30715.5 3.0
30723.0 3.0
30732.0 3.0
30739.5 3.0
30747.0 3.0
30756.0 3.0
30763.5 3.0
30771.0 3.0
30780.0 3.0
30787.5 3.0
30795.0 3.0
30804.0 3.0
30811.5 3.0
30819.0 3.0
30828.0 3.0
30835.5 3.0
30843.0 3.0
30852.0 3.0
30859.5 3.0
30867.0 3.0
30876.0 3.0
30883.5 3.0
30891.0 3.0
30900.0 3.0
30907.5 3.0
30915.0 3.0
30924.0 3.0
30931.5 3.0
30939.0 3.0
30948.0 3.0
30955.5 3.0
30963.0 3.0
30972.0 3.0
30979.5 3.0
30987.0 3.0
30996.0 3.0
31003.5 3.0
31011.0 3.0
31020.0 3.0
31027.5 3.0
31035.0 3.0
31044.0 3.0
31051.5 3.0
31059.0 3.0
31068.0 3.0
31075.5 3.0
31083.0 3.0
31092.0 3.0
31099.5 3.0
31107.0 3.0
31116.0 3.0
31123.5 3.0
31131.0 3.0
31140.0 3.0
31147.5 3.0
31155.0 3.0
31164.0 3.0
31171.5 3.0
31179.0 3.0
31188.0 3.0
31195.5 3.0
31203.0 3.0
31212.0 3.0
31219.5 3.0
31227.0 3.0
31236.0 3.0
31243.5 3.0
31251.0 3.0
31260.0 3.0
31267.5 3.0
31275.0 3.0
31284.0 3.0
31291.5 3.0
31299.0 3.0
31308.0 3.0
31315.5 3.0
31323.0 3.0
31332.0 3.0
31339.5 3.0
31347.0 3.0
31356.0 3.0
31363.5 3.0
31371.0 3.0
31380.0 3.0
31387.5 3.0
31395.0 3.0
31404.0 3.0
31411.5 3.0
31419.0 3.0
31428.0 3.0
31435.5 3.0
31443.0 3.0
31452.0 3.0
31459.5 3.0
31467.0 3.0
31476.0 3.0
31483.5 3.0
31491.0 3.0
31500.0 3.0
31507.5 3.0
31515.0 3.0
31524.0 3.0
31531.5 3.0
31539.0 3.0
31548.0 3.0
31555.5 3.0
31563.0 3.0
31572.0 3.0
31579.5 3.0
31587.0 3.0
31596.0 3.0
31603.5 3.0
31611.0 3.0
31620.0 3.0
31627.5 3.0
31635.0 3.0
31644.0 3.0
31651.5 3.0
31659.0 3.0
31668.0 3.0
31675.5 3.0
31683.0 3.0
31692.0 3.0
31699.5 3.0
31707.0 3.0
31716.0 3.0
31723.5 3.0
31731.0 3.0
31740.0 3.0
31747.5 3.0
31755.0 3.0
31764.0 3.0
31771.5 3.0
31779.0 3.0
31788.0 3.0
31795.5 3.0
31803.0 3.0
31812.0 3.0
31819.5 3.0
31827.0 3.0
31836.0 3.0
31843.5 3.0
31851.0 3.0
31860.0 3.0
31867.5 3.0
31875.0 3.0
31884.0 3.0
31891.5 3.0
31899.0 3.0
31908.0 3.0
31915.5 3.0
31923.0 3.0
31932.0 3.0
31939.5 3.0
31947.0 3.0
31956.0 3.0
31963.5 3.0
31971.0 3.0
31980.0 3.0
31987.5 3.0
31995.0 3.0
32004.0 3.0
32011.5 3.0
32019.0 3.0
32028.0 3.0
32035.5 3.0
32043.0 3.0
32052.0 3.0
32059.5 3.0
32067.0 3.0
32076.0 3.0
32083.5 3.0
32091.0 3.0
32100.0 3.0
32107.5 3.0
32115.0 3.0
32124.0 3.0
32131.5 3.0
32139.0 3.0
32148.0 3.0
32155.5 3.0
32163.0 3.0
32172.0 3.0
32179.5 3.0
32187.0 3.0
32196.0 3.0
32203.5 3.0
32211.0 3.0
32220.0 3.0
32227.5 3.0
32235.0 3.0
32244.0 3.0
32251.5 3.0
32259.0 3.0
32268.0 3.0
32275.5 3.0
32283.0 3.0
32292.0 3.0
32299.5 3.0
32307.0 3.0
32316.0 3.0
32323.5 3.0
32331.0 3.0
32340.0 3.0
32347.5 3.0
32355.0 3.0
32364.0 3.0
32371.5 3.0
32379.0 3.0
32388.0 3.0
32395.5 3.0
32403.0 3.0
32412.0 3.0
32419.5 3.0
32427.0 3.0
32436.0 3.0
32443.5 3.0
32451.0 3.0
32460.0 3.0
32467.5 3.0
32475.0 3.0
32484.0 3.0
32491.5 3.0
32499.0 3.0
32508.0 3.0
32515.5 3.0
32523.0 3.0
32532.0 3.0
32539.5 3.0
32547.0 3.0
32556.0 3.0
32563.5 3.0
32571.0 3.0
32580.0 3.0
32587.5 3.0
32595.0 3.0
32604.0 3.0
32611.5 3.0
32619.0 3.0
32628.0 3.0
32635.5 3.0
32643.0 3.0
32652.0 3.0
32659.5 3.0
32667.0 3.0
32676.0 3.0
32683.5 3.0
32691.0 3.0
32700.0 3.0
32707.5 3.0
32715.0 3.0
32724.0 3.0
32731.5 3.0
32739.0 3.0
32748.0 3.0
32755.5 3.0
32763.0 3.0
32772.0 3.0
32779.5 3.0
32787.0 3.0
32796.0 3.0
32803.5 3.0
32811.0 3.0
32820.0 3.0
32827.5 3.0
32835.0 3.0
32844.0 3.0
32851.5 3.0
32859.0 3.0
32868.0 3.0
32875.5 3.0
32883.0 3.0
32892.0 3.0
32899.5 3.0
32907.0 3.0
32916.0 3.0
32923.5 3.0
32931.0 3.0
32940.0 3.0
32947.5 3.0
32955.0 3.0
32964.0 3.0
32971.5 3.0
32979.0 3.0
32988.0 3.0
32995.5 3.0
33003.0 3.0
33012.0 3.0
33019.5 3.0
33027.0 3.0
33036.0 3.0
33043.5 3.0
33051.0 3.0
33060.0 3.0
33067.5 3.0
33075.0 3.0
33084.0 3.0
33091.5 3.0
33099.0 3.0
33108.0 3.0
33115.5 3.0
33123.0 3.0
33132.0 3.0
33139.5 3.0
33147.0 3.0
33156.0 3.0
33163.5 3.0
33171.0 3.0
33180.0 3.0
33187.5 3.0
33195.0 3.0
33204.0 3.0
33211.5 3.0
33219.0 3.0
33228.0 3.0
33235.5 3.0
33243.0 3.0
33252.0 3.0
33259.5 3.0
33267.0 3.0
33276.0 3.0
33283.5 3.0
33291.0 3.0
33300.0 3.0
33307.5 3.0
33315.0 3.0
33324.0 3.0
33331.5 3.0
33339.0 3.0
33348.0 3.0
33355.5 3.0
33363.0 3.0
33372.0 3.0
33379.5 3.0
33387.0 3.0
33396.0 3.0
33403.5 3.0
33411.0 3.0
33420.0 3.0
33427.5 3.0
33435.0 3.0
33444.0 3.0
33451.5 3.0
33459.0 3.0
33468.0 3.0
33475.5 3.0
33483.0 3.0
33492.0 3.0
33499.5 3.0
33507.0 3.0
33516.0 3.0
33523.5 3.0
33531.0 3.0
33540.0 3.0
33547.5 3.0
33555.0 3.0
33564.0 3.0
33571.5 3.0
33579.0 3.0
33588.0 3.0
33595.5 3.0
33603.0 3.0
33612.0 3.0
33619.5 3.0
33627.0 3.0
33636.0 3.0
33643.5 3.0
33651.0 3.0
33660.0 3.0
33667.5 3.0
33675.0 3.0
33684.0 3.0
33691.5 3.0
33699.0 3.0
33708.0 3.0
33715.5 3.0
33723.0 3.0
33732.0 3.0
33739.5 3.0
33747.0 3.0
33756.0 3.0
33763.5 3.0
33771.0 3.0
33780.0 3.0
33787.5 3.0
33795.0 3.0
33804.0 3.0
33811.5 3.0
33819.0 3.0
33828.0 3.0
33835.5 3.0
33843.0 3.0
33852.0 3.0
33859.5 3.0
33867.0 3.0
33876.0 3.0
33883.5 3.0
33891.0 3.0
33900.0 3.0
33907.5 3.0
33915.0 3.0
33924.0 3.0
33931.5 3.0
33939.0 3.0
33948.0 3.0
33955.5 3.0
33963.0 3.0
33972.0 3.0
33979.5 3.0
33987.0 3.0
33996.0 3.0
34003.5 3.0
34011.0 3.0
34020.0 3.0
34027.5 3.0
34035.0 3.0
34044.0 3.0
34051.5 3.0
34059.0 3.0
34068.0 3.0
34075.5 3.0
34083.0 3.0
34092.0 3.0
34099.5 3.0
34107.0 3.0
34116.0 3.0
34123.5 3.0
34131.0 3.0
34140.0 3.0
34147.5 3.0
34155.0 3.0
34164.0 3.0
34171.5 3.0
34179.0 3.0
34188.0 3.0
34195.5 3.0
34203.0 3.0
34212.0 3.0
34219.5 3.0
34227.0 3.0
34236.0 3.0
34243.5 3.0
34251.0 3.0
34260.0 3.0
34267.5 3.0
34275.0 3.0
34284.0 3.0
34291.5 3.0
34299.0 3.0
34308.0 3.0
34315.5 3.0
34323.0 3.0
34332.0 3.0
34339.5 3.0
34347.0 3.0
34356.0 3.0
34363.5 3.0
34371.0 3.0
34380.0 3.0
34387.5 3.0
34395.0 3.0
34404.0 3.0
34411.5 3.0
34419.0 3.0
34428.0 3.0
34435.5 3.0
34443.0 3.0
34452.0 3.0
34459.5 3.0
34467.0 3.0
34476.0 3.0
34483.5 3.0
34491.0 3.0
34500.0 3.0
34507.5 3.0
34515.0 3.0
34524.0 3.0
34531.5 3.0
34539.0 3.0
34548.0 3.0
34555.5 3.0
34563.0 3.0
34572.0 3.0
34579.5 3.0
34587.0 3.0
34596.0 3.0
34603.5 3.0
34611.0 3.0
34620.0 3.0
34627.5 3.0
34635.0 3.0
34644.0 3.0
34651.5 3.0
34659.0 3.0
34668.0 3.0
34675.5 3.0
34683.0 3.0
34692.0 3.0
34699.5 3.0
34707.0 3.0
34716.0 3.0
34723.5 3.0
34731.0 3.0
34740.0 3.0
34747.5 3.0
34755.0 3.0
34764.0 3.0
34771.5 3.0
34779.0 3.0
34788.0 3.0
34795.5 3.0
34803.0 3.0
34812.0 3.0
34819.5 3.0
34827.0 3.0
34836.0 3.0
34843.5 3.0
34851.0 3.0
34860.0 3.0
34867.5 3.0
34875.0 3.0
34884.0 3.0
34891.5 3.0
34899.0 3.0
34908.0 3.0
34915.5 3.0
34923.0 3.0
34932.0 3.0
34939.5 3.0
34947.0 3.0
34956.0 3.0
34963.5 3.0
34971.0 3.0
34980.0 3.0
34987.5 3.0
34995.0 3.0
35004.0 3.0
35011.5 3.0
35019.0 3.0
35028.0 3.0
35035.5 3.0
35043.0 3.0
35052.0 3.0
35059.5 3.0
35067.0 3.0
35076.0 3.0
35083.5 3.0
35091.0 3.0
35100.0 3.0
35107.5 3.0
35115.0 3.0
35124.0 3.0
35131.5 3.0
35139.0 3.0
35148.0 3.0
35155.5 3.0
35163.0 3.0
35172.0 3.0
35179.5 3.0
35187.0 3.0
35196.0 3.0
35203.5 3.0
35211.0 3.0
35220.0 3.0
35227.5 3.0
35235.0 3.0
35244.0 3.0
35251.5 3.0
35259.0 3.0
35268.0 3.0
35275.5 3.0
35283.0 3.0
35292.0 3.0
35299.5 3.0
35307.0 3.0
35316.0 3.0
35323.5 3.0
35331.0 3.0
35340.0 3.0
35347.5 3.0
35355.0 3.0
35364.0 3.0
35371.5 3.0
35379.0 3.0
35388.0 3.0
35395.5 3.0
35403.0 3.0
35412.0 3.0
35419.5 3.0
35427.0 3.0
35436.0 3.0
35443.5 3.0
35451.0 3.0
35460.0 3.0
35467.5 3.0
35475.0 3.0
35484.0 3.0
35491.5 3.0
35499.0 3.0
35508.0 3.0
35515.5 3.0
35523.0 3.0
35532.0 3.0
35539.5 3.0
35547.0 3.0
35556.0 3.0
35563.5 3.0
35571.0 3.0
35580.0 3.0
35587.5 3.0
35595.0 3.0
35604.0 3.0
35611.5 3.0
35619.0 3.0
35628.0 3.0
35635.5 3.0
35643.0 3.0
35652.0 3.0
35659.5 3.0
35667.0 3.0
35676.0 3.0
35683.5 3.0
35691.0 3.0
35700.0 3.0
35707.5 3.0
35715.0 3.0
35724.0 3.0
35731.5 3.0
35739.0 3.0
35748.0 3.0
35755.5 3.0
35763.0 3.0
35772.0 3.0
35779.5 3.0
35787.0 3.0
35796.0 3.0
35803.5 3.0
35811.0 3.0
35820.0 3.0
35827.5 3.0
35835.0 3.0
35844.0 3.0
35851.5 3.0
35859.0 3.0
35868.0 3.0
35875.5 3.0
35883.0 3.0
35892.0 3.0
35899.5 3.0
35907.0 3.0
35916.0 3.0
35923.5 3.0
35931.0 3.0
35940.0 3.0
35947.5 3.0
35955.0 3.0
35964.0 3.0
35971.5 3.0
35979.0 3.0
35988.0 3.0
35995.5 3.0
36003.0 3.0
36012.0 3.0
36019.5 3.0
36027.0 3.0
36036.0 3.0
36043.5 3.0
36051.0 3.0
36060.0 3.0
36067.5 3.0
36075.0 3.0
36084.0 3.0
36091.5 3.0
36099.0 3.0
36108.0 3.0
36115.5 3.0
36123.0 3.0
36132.0 3.0
36139.5 3.0
36147.0 3.0
36156.0 3.0
36163.5 3.0
36171.0 3.0
36180.0 3.0
36187.5 3.0
36195.0 3.0
36204.0 3.0
36211.5 3.0
36219.0 3.0
36228.0 3.0
36235.5 3.0
36243.0 3.0
36252.0 3.0
36259.5 3.0
36267.0 3.0
36276.0 3.0
36283.5 3.0
36291.0 3.0
36300.0 3.0
36307.5 3.0
36315.0 3.0
36324.0 3.0
36331.5 3.0
36339.0 3.0
36348.0 3.0
36355.5 3.0
36363.0 3.0
36372.0 3.0
36379.5 3.0
36387.0 3.0
36396.0 3.0
36403.5 3.0
36411.0 3.0
36420.0 3.0
36427.5 3.0
36435.0 3.0
36444.0 3.0
36451.5 3.0
36459.0 3.0
36468.0 3.0
36475.5 3.0
36483.0 3.0
36492.0 3.0
36499.5 3.0
36507.0 3.0
36516.0 3.0
36523.5 3.0
36531.0 3.0
36540.0 3.0
36547.5 3.0
36555.0 3.0
36564.0 3.0
36571.5 3.0
36579.0 3.0
36588.0 3.0
36595.5 3.0
36603.0 3.0
36612.0 3.0
36619.5 3.0
36627.0 3.0
36636.0 3.0
36643.5 3.0
36651.0 3.0
36660.0 3.0
36667.5 3.0
36675.0 3.0
36684.0 3.0
36691.5 3.0
36699.0 3.0
36708.0 3.0
36715.5 3.0
36723.0 3.0
36732.0 3.0
36739.5 3.0
36747.0 3.0
36756.0 3.0
36763.5 3.0
36771.0 3.0
36780.0 3.0
36787.5 3.0
36795.0 3.0
36804.0 3.0
36811.5 3.0
36819.0 3.0
36828.0 3.0
36835.5 3.0
36843.0 3.0
36852.0 3.0
36859.5 3.0
36867.0 3.0
36876.0 3.0
36883.5 3.0
36891.0 3.0
36900.0 3.0
36907.5 3.0
36915.0 3.0
36924.0 3.0
36931.5 3.0
36939.0 3.0
36948.0 3.0
36955.5 3.0
36963.0 3.0
36972.0 3.0
36979.5 3.0
36987.0 3.0
36996.0 3.0
37003.5 3.0
37011.0 3.0
37020.0 3.0
37027.5 3.0
37035.0 3.0
37044.0 3.0
37051.5 3.0
37059.0 3.0
37068.0 3.0
37075.5 3.0
37083.0 3.0
37092.0 3.0
37099.5 3.0
37107.0 3.0
37116.0 3.0
37123.5 3.0
37131.0 3.0
37140.0 3.0
37147.5 3.0
37155.0 3.0
37164.0 3.0
37171.5 3.0
37179.0 3.0
37188.0 3.0
37195.5 3.0
37203.0 3.0
37212.0 3.0
37219.5 3.0
37227.0 3.0
37236.0 3.0
37243.5 3.0
37251.0 3.0
37260.0 3.0
37267.5 3.0
37275.0 3.0
37284.0 3.0
37291.5 3.0
37299.0 3.0
37308.0 3.0
37315.5 3.0
37323.0 3.0
37332.0 3.0
37339.5 3.0
37347.0 3.0
37356.0 3.0
37363.5 3.0
37371.0 3.0
37380.0 3.0
37387.5 3.0
37395.0 3.0
37404.0 3.0
37411.5 3.0
37419.0 3.0
37428.0 3.0
37435.5 3.0
37443.0 3.0
37452.0 3.0
37459.5 3.0
37467.0 3.0
37476.0 3.0
37483.5 3.0
37491.0 3.0
37500.0 3.0
37507.5 3.0
37515.0 3.0
37524.0 3.0
37531.5 3.0
37539.0 3.0
37548.0 3.0
37555.5 3.0
37563.0 3.0
37572.0 3.0
37579.5 3.0
37587.0 3.0
37596.0 3.0
37603.5 3.0
37611.0 3.0
37620.0 3.0
37627.5 3.0
37635.0 3.0
37644.0 3.0
37651.5 3.0
37659.0 3.0
37668.0 3.0
37675.5 3.0
37683.0 3.0
37692.0 3.0
37699.5 3.0
37707.0 3.0
37716.0 3.0
37723.5 3.0
37731.0 3.0
37740.0 3.0
37747.5 3.0
37755.0 3.0
37764.0 3.0
37771.5 3.0
37779.0 3.0
37788.0 3.0
37795.5 3.0
37803.0 3.0
37812.0 3.0
37819.5 3.0
37827.0 3.0
37836.0 3.0
37843.5 3.0
37851.0 3.0
37860.0 3.0
37867.5 3.0
37875.0 3.0
37884.0 3.0
37891.5 3.0
37899.0 3.0
37908.0 3.0
37915.5 3.0
37923.0 3.0
37932.0 3.0
37939.5 3.0
37947.0 3.0
37956.0 3.0
37963.5 3.0
37971.0 3.0
37980.0 3.0
37987.5 3.0
37995.0 3.0
38004.0 3.0
38011.5 3.0
38019.0 3.0
38028.0 3.0
38035.5 3.0
38043.0 3.0
38052.0 3.0
38059.5 3.0
38067.0 3.0
38076.0 3.0
38083.5 3.0
38091.0 3.0
38100.0 3.0
38107.5 3.0
38115.0 3.0
38124.0 3.0
38131.5 3.0
38139.0 3.0
38148.0 3.0
38155.5 3.0
38163.0 3.0
38172.0 3.0
38179.5 3.0
38187.0 3.0
38196.0 3.0
38203.5 3.0
38211.0 3.0
38220.0 3.0
38227.5 3.0
38235.0 3.0
38244.0 3.0
38251.5 3.0
38259.0 3.0
38268.0 3.0
38275.5 3.0
38283.0 3.0
38292.0 3.0
38299.5 3.0
38307.0 3.0
38316.0 3.0
38323.5 3.0
38331.0 3.0
38340.0 3.0
38347.5 3.0
38355.0 3.0
38364.0 3.0
38371.5 3.0
38379.0 3.0
38388.0 3.0
38395.5 3.0
38403.0 3.0
38412.0 3.0
38419.5 3.0
38427.0 3.0
38436.0 3.0
38443.5 3.0
38451.0 3.0
38460.0 3.0
38467.5 3.0
38475.0 3.0
38484.0 3.0
38491.5 3.0
38499.0 3.0
38508.0 3.0
38515.5 3.0
38523.0 3.0
38532.0 3.0
38539.5 3.0
38547.0 3.0
38556.0 3.0
38563.5 3.0
38571.0 3.0
38580.0 3.0
38587.5 3.0
38595.0 3.0
38604.0 3.0
38611.5 3.0
38619.0 3.0
38628.0 3.0
38635.5 3.0
38643.0 3.0
38652.0 3.0
38659.5 3.0
38667.0 3.0
38676.0 3.0
38683.5 3.0
38691.0 3.0
38700.0 3.0
38707.5 3.0
38715.0 3.0
38724.0 3.0
38731.5 3.0
38739.0 3.0
38748.0 3.0
38755.5 3.0
38763.0 3.0
38772.0 3.0
38779.5 3.0
38787.0 3.0
38796.0 3.0
38803.5 3.0
38811.0 3.0
38820.0 3.0
38827.5 3.0
38835.0 3.0
38844.0 3.0
38851.5 3.0
38859.0 3.0
38868.0 3.0
38875.5 3.0
38883.0 3.0
38892.0 3.0
38899.5 3.0
38907.0 3.0
38916.0 3.0
38923.5 3.0
38931.0 3.0
38940.0 3.0
38947.5 3.0
38955.0 3.0
38964.0 3.0
38971.5 3.0
38979.0 3.0
38988.0 3.0
38995.5 3.0
39003.0 3.0
39012.0 3.0
39019.5 3.0
39027.0 3.0
39036.0 3.0
39043.5 3.0
39051.0 3.0
39060.0 3.0
39067.5 3.0
39075.0 3.0
39084.0 3.0
39091.5 3.0
39099.0 3.0
39108.0 3.0
39115.5 3.0
39123.0 3.0
39132.0 3.0
39139.5 3.0
39147.0 3.0
39156.0 3.0
39163.5 3.0
39171.0 3.0
39180.0 3.0
39187.5 3.0
39195.0 3.0
39204.0 3.0
39211.5 3.0
39219.0 3.0
39228.0 3.0
39235.5 3.0
39243.0 3.0
39252.0 3.0
39259.5 3.0
39267.0 3.0
39276.0 3.0
39283.5 3.0
39291.0 3.0
39300.0 3.0
39307.5 3.0
39315.0 3.0
39324.0 3.0
39331.5 3.0
39339.0 3.0
39348.0 3.0
39355.5 3.0
39363.0 3.0
39372.0 3.0
39379.5 3.0
39387.0 3.0
39396.0 3.0
39403.5 3.0
39411.0 3.0
39420.0 3.0
39427.5 3.0
39435.0 3.0
39444.0 3.0
39451.5 3.0
39459.0 3.0
39468.0 3.0
39475.5 3.0
39483.0 3.0
39492.0 3.0
39499.5 3.0
39507.0 3.0
39516.0 3.0
39523.5 3.0
39531.0 3.0
39540.0 3.0
39547.5 3.0
39555.0 3.0
39564.0 3.0
39571.5 3.0
39579.0 3.0
39588.0 3.0
39595.5 3.0
39603.0 3.0
39612.0 3.0
39619.5 3.0
39627.0 3.0
39636.0 3.0
39643.5 3.0
39651.0 3.0
39660.0 3.0
39667.5 3.0
39675.0 3.0
39684.0 3.0
39691.5 3.0
39699.0 3.0
39708.0 3.0
39715.5 3.0
39723.0 3.0
39732.0 3.0
39739.5 3.0
39747.0 3.0
39756.0 3.0
39763.5 3.0
39771.0 3.0
39780.0 3.0
39787.5 3.0
39795.0 3.0
39804.0 3.0
39811.5 3.0
39819.0 3.0
39828.0 3.0
39835.5 3.0
39843.0 3.0
39852.0 3.0
39859.5 3.0
39867.0 3.0
39876.0 3.0
39883.5 3.0
39891.0 3.0
39900.0 3.0
39907.5 3.0
39915.0 3.0
39924.0 3.0
39931.5 3.0
39939.0 3.0
39948.0 3.0
39955.5 3.0
39963.0 3.0
39972.0 3.0
39979.5 3.0
39987.0 3.0
