0.0 inject 8.0
0.0 schedule ALG 8.0
0.0 schedule ADV 8.0
6.92666877360455 inject 8.0
7.99999 error
7.99999 schedule ALG 8.0
7.99999 schedule ADV 8.0
10.300012413849577 inject 8.0
11.915374915124586 inject 6.0
12.29730255351864 inject 8.0
13.596378288506564 inject 8.0
15.99998 error
15.99998 schedule ALG 6.0
15.99998 schedule ADV 8.0
18.48273368448914 inject 8.0
19.20093706573784 inject 8.0
19.369236112273175 inject 8.0
21.866490625685202 inject 8.0
21.99998 sent ALG
21.99998 schedule ALG 8.0
23.99998 sent ADV
23.99998 error
23.99998 schedule ALG 8.0
23.99998 schedule ADV 6.0
25.754434041118976 inject 8.0
29.99998 sent ADV
29.99998 schedule ADV 8.0
31.99997 error
31.99997 schedule ALG 8.0
31.99997 schedule ADV 8.0
33.29456471161518 inject 8.0
39.99996 error
39.99996 schedule ALG 8.0
39.99996 schedule ADV 8.0
41.23617482757248 inject 8.0
45.30419610844668 inject 8.0
47.99995 error
47.99995 schedule ALG 8.0
47.99995 schedule ADV 8.0
51.80179848730084 inject 8.0
53.439493012942975 inject 8.0
55.95125196082373 inject 8.0
55.999939999999995 error
55.999939999999995 schedule ALG 8.0
55.999939999999995 schedule ADV 8.0
60.67169774116913 inject 8.0
62.56458802258716 inject 8.0
63.99992999999999 error
63.99992999999999 schedule ALG 8.0
63.99992999999999 schedule ADV 8.0
65.44050407420477 inject 8.0
66.06260428549949 inject 8.0
68.50284101401861 inject 8.0
69.7688047790068 inject 8.0
71.99991999999999 error
71.99991999999999 schedule ALG 8.0
71.99991999999999 schedule ADV 8.0
75.7170334714934 inject 8.0
79.99990999999999 error
79.99990999999999 schedule ALG 8.0
79.99990999999999 schedule ADV 8.0
82.26707020154659 inject 8.0
82.77438936824991 inject 8.0
84.83659052311201 inject 8.0
87.70147265404341 inject 8.0
87.99989999999998 error
87.99989999999998 schedule ALG 8.0
87.99989999999998 schedule ADV 8.0
89.57876733172539 inject 6.0
90.6680509045928 inject 8.0
92.28061874055118 inject 8.0
95.99988999999998 error
95.99988999999998 schedule ALG 6.0
95.99988999999998 schedule ADV 8.0
98.37458917609383 inject 8.0
98.74090240264026 inject 8.0
99.67364057933098 inject 8.0
99.78158465204771 inject 8.0
101.49228450050573 inject 8.0
101.99988999999998 sent ALG
101.99988999999998 schedule ALG 8.0
102.90417443124292 inject 8.0
103.99988999999998 sent ADV
103.99988999999998 error
103.99988999999998 schedule ALG 8.0
103.99988999999998 schedule ADV 6.0
106.05141728333956 inject 8.0
108.9732336124091 inject 8.0
109.99988999999998 sent ADV
109.99988999999998 schedule ADV 8.0
111.99987999999998 error
111.99987999999998 schedule ALG 8.0
111.99987999999998 schedule ADV 8.0
113.01807475412342 inject 8.0
113.45008423789794 inject 8.0
119.62958818821245 inject 8.0
119.99986999999997 error
119.99986999999997 schedule ALG 8.0
119.99986999999997 schedule ADV 8.0
124.22169454850331 inject 8.0
127.99985999999997 error
127.99985999999997 schedule ALG 8.0
127.99985999999997 schedule ADV 8.0
133.2769310054516 inject 8.0
134.1748877327646 inject 8.0
135.08972392532812 inject 8.0
135.74044397485278 inject 8.0
135.99984999999998 error
135.99984999999998 schedule ALG 8.0
135.99984999999998 schedule ADV 8.0
142.11595964965107 inject 8.0
143.9712026586971 inject 8.0
143.99983999999998 error
143.99983999999998 schedule ALG 8.0
143.99983999999998 schedule ADV 8.0
145.96934514633338 inject 8.0
147.61611474516005 inject 8.0
148.6496970616325 inject 8.0
151.99982999999997 error
151.99982999999997 schedule ALG 8.0
151.99982999999997 schedule ADV 8.0
156.0341532366565 inject 8.0
157.16817561535217 inject 8.0
159.99981999999997 error
159.99981999999997 schedule ALG 8.0
159.99981999999997 schedule ADV 8.0
163.99981218977643 inject 8.0
165.25513115274518 inject 8.0
166.38810990490396 inject 8.0
167.99980999999997 error
167.99980999999997 schedule ALG 8.0
167.99980999999997 schedule ADV 8.0
168.77819873578983 inject 8.0
171.06960623780634 inject 8.0
172.29546109295768 inject 8.0
172.4315648027616 inject 8.0
172.76315825718703 inject 8.0
175.99979999999996 error
175.99979999999996 schedule ALG 8.0
175.99979999999996 schedule ADV 8.0
179.57801313884906 inject 8.0
180.1596426677929 inject 8.0
181.45139828024733 inject 8.0
183.99978999999996 error
183.99978999999996 schedule ALG 8.0
183.99978999999996 schedule ADV 8.0
186.18059762170915 inject 8.0
186.48078654974444 inject 8.0
191.99977999999996 error
191.99977999999996 schedule ALG 8.0
191.99977999999996 schedule ADV 8.0
192.01432885170314 inject 8.0
194.78731960007698 inject 8.0
199.4763832920545 inject 8.0
199.99976999999996 error
199.99976999999996 schedule ALG 8.0
199.99976999999996 schedule ADV 8.0
201.10271017985457 inject 8.0
202.2071762274712 inject 8.0
205.15555923474912 inject 8.0
205.96674063619096 inject 6.0
207.34831561088734 inject 8.0
207.99975999999995 error
207.99975999999995 schedule ALG 6.0
207.99975999999995 schedule ADV 8.0
209.18413723943306 inject 8.0
213.99975999999995 sent ALG
213.99975999999995 schedule ALG 8.0
215.99975999999995 sent ADV
215.99975999999995 error
215.99975999999995 schedule ALG 8.0
215.99975999999995 schedule ADV 6.0
217.0616136277169 inject 8.0
221.99975999999995 sent ADV
221.99975999999995 schedule ADV 8.0
223.99974999999995 error
223.99974999999995 schedule ALG 8.0
223.99974999999995 schedule ADV 8.0
225.9288432933781 inject 8.0
226.50258952559028 inject 8.0
228.282574167916 inject 8.0
229.20912620939703 inject 8.0
231.99973999999995 error
231.99973999999995 schedule ALG 8.0
231.99973999999995 schedule ADV 8.0
232.78105465070155 inject 6.0
239.99972999999994 error
239.99972999999994 schedule ALG 6.0
239.99972999999994 schedule ADV 8.0
245.8902441101634 inject 8.0
245.99972999999994 sent ALG
245.99972999999994 schedule ALG 8.0
247.99972999999994 sent ADV
247.99972999999994 error
247.99972999999994 schedule ALG 8.0
247.99972999999994 schedule ADV 6.0
251.77332308175997 inject 8.0
252.27900203391772 inject 8.0
253.99972999999994 sent ADV
253.99972999999994 schedule ADV 8.0
253.99994710873347 inject 8.0
255.99971999999994 error
255.99971999999994 schedule ALG 8.0
255.99971999999994 schedule ADV 8.0
258.98800258493293 inject 8.0
259.69086416720063 inject 8.0
263.99970999999994 error
263.99970999999994 schedule ALG 8.0
263.99970999999994 schedule ADV 8.0
264.99874938392753 inject 8.0
266.9233754244919 inject 8.0
269.9050050665609 inject 8.0
271.99969999999996 error
271.99969999999996 schedule ALG 8.0
271.99969999999996 schedule ADV 8.0
276.3389639881683 inject 8.0
279.14475359579257 inject 8.0
279.99969 error
279.99969 schedule ALG 8.0
279.99969 schedule ADV 8.0
286.9264527874548 inject 8.0
287.99968 error
287.99968 schedule ALG 8.0
287.99968 schedule ADV 8.0
291.97428135232724 inject 8.0
293.6045534134642 inject 8.0
295.99967000000004 error
295.99967000000004 schedule ALG 8.0
295.99967000000004 schedule ADV 8.0
296.7805691496806 inject 8.0
299.31760450303295 inject 8.0
299.8612637824205 inject 8.0
301.2778029456746 inject 8.0
301.72617043928415 inject 8.0
303.31892364858345 inject 8.0
303.99966000000006 error
303.99966000000006 schedule ALG 8.0
303.99966000000006 schedule ADV 8.0
311.5971791280436 inject 8.0
311.9996500000001 error
311.9996500000001 schedule ALG 8.0
311.9996500000001 schedule ADV 8.0
317.5686624963705 inject 8.0
318.452136953645 inject 8.0
319.9996400000001 error
319.9996400000001 schedule ALG 8.0
319.9996400000001 schedule ADV 8.0
321.6505536423084 inject 8.0
323.5770535875792 inject 8.0
326.29759252017374 inject 8.0
326.365034472398 inject 8.0
327.9701380602281 inject 8.0
327.99963000000014 error
327.99963000000014 schedule ALG 8.0
327.99963000000014 schedule ADV 8.0
335.5392328824582 inject 8.0
335.99962000000016 error
335.99962000000016 schedule ALG 8.0
335.99962000000016 schedule ADV 8.0
336.11295866519157 inject 8.0
341.62612508897894 inject 8.0
343.9996100000002 error
343.9996100000002 schedule ALG 8.0
343.9996100000002 schedule ADV 8.0
345.92192260003657 inject 8.0
346.5772049987726 inject 8.0
347.9901338074932 inject 8.0
348.7590646214464 inject 8.0
351.9996000000002 error
351.9996000000002 schedule ALG 8.0
351.9996000000002 schedule ADV 8.0
355.3823408079856 inject 8.0
358.39261891980726 inject 8.0
359.99959000000024 error
359.99959000000024 schedule ALG 8.0
359.99959000000024 schedule ADV 8.0
361.40687244437856 inject 8.0
362.1943492062664 inject 6.0
364.9285025110206 inject 8.0
366.63355034482714 inject 8.0
366.9183731923836 inject 6.0
367.99958000000026 error
367.99958000000026 schedule ALG 6.0
367.99958000000026 schedule ADV 8.0
373.99958000000026 sent ALG
373.99958000000026 schedule ALG 6.0
375.99958000000026 sent ADV
375.99958000000026 error
375.99958000000026 schedule ALG 6.0
375.99958000000026 schedule ADV 8.0
379.5343518318711 inject 8.0
379.7314961573475 inject 8.0
381.99958000000026 sent ALG
381.99958000000026 schedule ALG 8.0
383.97383910012894 inject 8.0
383.99958000000026 sent ADV
383.99958000000026 error
383.99958000000026 schedule ALG 8.0
383.99958000000026 schedule ADV 6.0
384.20204614656984 inject 8.0
386.17573741509796 inject 8.0
389.99958000000026 sent ADV
389.99958000000026 schedule ADV 6.0
391.9995700000003 error
391.9995700000003 schedule ALG 8.0
391.9995700000003 schedule ADV 6.0
394.9067796796507 inject 8.0
397.9995700000003 sent ADV
397.9995700000003 schedule ADV 8.0
398.2240644002992 inject 8.0
399.9995600000003 error
399.9995600000003 schedule ALG 8.0
399.9995600000003 schedule ADV 8.0
403.81977802070037 inject 8.0
407.99955000000034 error
407.99955000000034 schedule ALG 8.0
407.99955000000034 schedule ADV 8.0
409.35080012044676 inject 8.0
409.9522894004288 inject 8.0
415.99954000000037 error
415.99954000000037 schedule ALG 8.0
415.99954000000037 schedule ADV 8.0
423.9995300000004 error
423.9995300000004 schedule ALG 8.0
423.9995300000004 schedule ADV 8.0
425.6323625068544 inject 8.0
428.7867631624149 inject 8.0
430.5122204206236 inject 8.0
431.9995200000004 error
431.9995200000004 schedule ALG 8.0
431.9995200000004 schedule ADV 8.0
439.99951000000044 error
439.99951000000044 schedule ALG 8.0
439.99951000000044 schedule ADV 8.0
440.982735921209 inject 6.0
442.69380658596924 inject 8.0
447.99950000000047 error
447.99950000000047 schedule ALG 6.0
447.99950000000047 schedule ADV 8.0
451.1739274218155 inject 8.0
451.8993013029226 inject 8.0
452.3524913557541 inject 8.0
453.99950000000047 sent ALG
453.99950000000047 schedule ALG 8.0
454.8005613999039 inject 8.0
455.70453252041995 inject 8.0
455.99950000000047 sent ADV
455.99950000000047 error
455.99950000000047 schedule ALG 8.0
455.99950000000047 schedule ADV 6.0
456.7861477982393 inject 8.0
458.02514927534247 inject 8.0
461.99950000000047 sent ADV
461.99950000000047 schedule ADV 8.0
463.9994900000005 error
463.9994900000005 schedule ALG 8.0
463.9994900000005 schedule ADV 8.0
465.8067155163427 inject 8.0
466.07292737089716 inject 8.0
466.2122131207109 inject 8.0
467.9043535972499 inject 8.0
468.9641111476594 inject 8.0
471.9994800000005 error
471.9994800000005 schedule ALG 8.0
471.9994800000005 schedule ADV 8.0
472.8395136656265 inject 8.0
479.99947000000054 error
479.99947000000054 schedule ALG 8.0
479.99947000000054 schedule ADV 8.0
483.37700724256894 inject 8.0
487.99946000000057 error
487.99946000000057 schedule ALG 8.0
487.99946000000057 schedule ADV 8.0
488.47541947391926 inject 8.0
491.85540073526033 inject 8.0
495.9994500000006 error
495.9994500000006 schedule ALG 8.0
495.9994500000006 schedule ADV 8.0
502.109972570074 inject 8.0
503.9994400000006 error
503.9994400000006 schedule ALG 8.0
503.9994400000006 schedule ADV 8.0
505.4045049418548 inject 8.0
509.5000190621426 inject 8.0
511.99943000000064 error
511.99943000000064 schedule ALG 8.0
511.99943000000064 schedule ADV 8.0
516.0084941006766 inject 8.0
516.1248813185244 inject 6.0
518.8005527129147 inject 8.0
519.9994200000007 error
519.9994200000007 schedule ALG 6.0
519.9994200000007 schedule ADV 8.0
525.9994200000007 sent ALG
525.9994200000007 schedule ALG 8.0
527.7313650746561 inject 8.0
527.9994200000007 sent ADV
527.9994200000007 error
527.9994200000007 schedule ALG 8.0
527.9994200000007 schedule ADV 6.0
530.1529103303502 inject 8.0
533.9994200000007 sent ADV
533.9994200000007 schedule ADV 8.0
535.5830516267608 inject 8.0
535.9994100000007 error
535.9994100000007 schedule ALG 8.0
535.9994100000007 schedule ADV 8.0
537.7509603752251 inject 8.0
543.9994000000007 error
543.9994000000007 schedule ALG 8.0
543.9994000000007 schedule ADV 8.0
551.9993900000007 error
551.9993900000007 schedule ALG 8.0
551.9993900000007 schedule ADV 8.0
559.2777262556975 inject 8.0
559.9993800000008 error
559.9993800000008 schedule ALG 8.0
559.9993800000008 schedule ADV 8.0
561.3419632284225 inject 8.0
562.430611119486 inject 8.0
566.2809023874955 inject 8.0
567.9993700000008 error
567.9993700000008 schedule ALG 8.0
567.9993700000008 schedule ADV 8.0
571.9012197956324 inject 8.0
572.7483133398943 inject 8.0
575.9993600000008 error
575.9993600000008 schedule ALG 8.0
575.9993600000008 schedule ADV 8.0
579.9215882144537 inject 8.0
580.7345659480114 inject 8.0
582.9672958624257 inject 8.0
583.1432165075904 inject 8.0
583.9936240614048 inject 8.0
583.9993500000008 error
583.9993500000008 schedule ALG 8.0
583.9993500000008 schedule ADV 8.0
586.7759379150441 inject 8.0
589.5373081743053 inject 8.0
591.9993400000009 error
591.9993400000009 schedule ALG 8.0
591.9993400000009 schedule ADV 8.0
594.201192252446 inject 8.0
598.2920407666874 inject 8.0
599.6611471666869 inject 8.0
599.958334707611 inject 8.0
599.9993300000009 error
599.9993300000009 schedule ALG 8.0
599.9993300000009 schedule ADV 8.0
604.2818849876426 inject 8.0
607.9993200000009 error
607.9993200000009 schedule ALG 8.0
607.9993200000009 schedule ADV 8.0
609.0836712865903 inject 8.0
610.5918198412083 inject 8.0
611.0654262344264 inject 8.0
612.1054921902767 inject 8.0
615.999310000001 error
615.999310000001 schedule ALG 8.0
615.999310000001 schedule ADV 8.0
619.3830108279432 inject 8.0
619.6968247736096 inject 8.0
623.999300000001 error
623.999300000001 schedule ALG 8.0
623.999300000001 schedule ADV 8.0
631.999290000001 error
631.999290000001 schedule ALG 8.0
631.999290000001 schedule ADV 8.0
633.662988529226 inject 6.0
634.4146615330129 inject 6.0
639.5560210298636 inject 8.0
639.999280000001 error
639.999280000001 schedule ALG 6.0
639.999280000001 schedule ADV 8.0
641.4935563943254 inject 8.0
645.999280000001 sent ALG
645.999280000001 schedule ALG 6.0
647.999280000001 sent ADV
647.999280000001 error
647.999280000001 schedule ALG 6.0
647.999280000001 schedule ADV 8.0
652.1863071144546 inject 8.0
653.3784004563682 inject 8.0
653.999280000001 sent ALG
653.999280000001 schedule ALG 8.0
654.9832483972601 inject 6.0
655.999280000001 sent ADV
655.999280000001 error
655.999280000001 schedule ALG 6.0
655.999280000001 schedule ADV 8.0
656.0367720761865 inject 8.0
657.5450670666263 inject 8.0
658.8577739906497 inject 8.0
659.0823684102252 inject 8.0
661.999280000001 sent ALG
661.999280000001 schedule ALG 8.0
663.999280000001 sent ADV
663.999280000001 error
663.999280000001 schedule ALG 8.0
663.999280000001 schedule ADV 6.0
665.8624865803644 inject 8.0
667.4462089239146 inject 8.0
668.4386825263613 inject 8.0
668.5132414154823 inject 8.0
669.999280000001 sent ADV
669.999280000001 schedule ADV 6.0
671.999270000001 error
671.999270000001 schedule ALG 8.0
671.999270000001 schedule ADV 6.0
672.5987417234329 inject 8.0
673.5390233575673 inject 8.0
677.999270000001 sent ADV
677.999270000001 schedule ADV 6.0
678.9900591871078 inject 8.0
679.9992600000011 error
679.9992600000011 schedule ALG 8.0
679.9992600000011 schedule ADV 6.0
680.2846427666367 inject 8.0
684.2514242130983 inject 8.0
685.4661036121386 inject 8.0
685.9992600000011 sent ADV
685.9992600000011 schedule ADV 8.0
686.2333227621465 inject 8.0
686.6791119769897 inject 8.0
687.9992500000011 error
687.9992500000011 schedule ALG 8.0
687.9992500000011 schedule ADV 8.0
688.1943650971871 inject 8.0
691.0344462306455 inject 8.0
691.5600997989708 inject 8.0
695.9992400000011 error
695.9992400000011 schedule ALG 8.0
695.9992400000011 schedule ADV 8.0
696.0558225909392 inject 8.0
700.4752691646986 inject 8.0
703.2212742506296 inject 8.0
703.9992300000011 error
703.9992300000011 schedule ALG 8.0
703.9992300000011 schedule ADV 8.0
709.6032495005678 inject 8.0
709.8992193630654 inject 8.0
710.1630736605098 inject 8.0
710.3766220840312 inject 8.0
711.0083951242294 inject 8.0
711.9992200000012 error
711.9992200000012 schedule ALG 8.0
711.9992200000012 schedule ADV 8.0
713.8625192041598 inject 8.0
717.8333095665298 inject 8.0
719.0557644929684 inject 8.0
719.9992100000012 error
719.9992100000012 schedule ALG 8.0
719.9992100000012 schedule ADV 8.0
720.166703912871 inject 8.0
725.5611902319479 inject 8.0
727.9992000000012 error
727.9992000000012 schedule ALG 8.0
727.9992000000012 schedule ADV 8.0
729.000524456064 inject 8.0
731.6125541258521 inject 8.0
733.3786662188667 inject 8.0
734.4248370319912 inject 6.0
735.9725101914195 inject 8.0
735.9991900000012 error
735.9991900000012 schedule ALG 6.0
735.9991900000012 schedule ADV 8.0
737.7376170088419 inject 8.0
741.1770726026764 inject 8.0
741.9991900000012 sent ALG
741.9991900000012 schedule ALG 8.0
743.5996548587339 inject 8.0
743.9991900000012 sent ADV
743.9991900000012 error
743.9991900000012 schedule ALG 8.0
743.9991900000012 schedule ADV 6.0
744.4887420939474 inject 8.0
746.2992346170718 inject 8.0
747.1372017868495 inject 8.0
748.5339950519827 inject 8.0
749.9991900000012 sent ADV
749.9991900000012 schedule ADV 8.0
751.9991800000013 error
751.9991800000013 schedule ALG 8.0
751.9991800000013 schedule ADV 8.0
756.6749963640294 inject 8.0
759.9991700000013 error
759.9991700000013 schedule ALG 8.0
759.9991700000013 schedule ADV 8.0
760.6450770746727 inject 8.0
762.8152227125145 inject 8.0
763.9512062812157 inject 8.0
767.9991600000013 error
767.9991600000013 schedule ALG 8.0
767.9991600000013 schedule ADV 8.0
768.1700353004848 inject 8.0
769.9321788944563 inject 8.0
774.813322229746 inject 8.0
775.9991500000014 error
775.9991500000014 schedule ALG 8.0
775.9991500000014 schedule ADV 8.0
779.0772451962087 inject 8.0
779.8183373051548 inject 8.0
779.9726821697604 inject 8.0
783.1226136821377 inject 8.0
783.9991400000014 error
783.9991400000014 schedule ALG 8.0
783.9991400000014 schedule ADV 8.0
787.7069099444147 inject 8.0
787.9765371197386 inject 8.0
791.9991300000014 error
791.9991300000014 schedule ALG 8.0
791.9991300000014 schedule ADV 8.0
797.26581320714 inject 8.0
797.2903350733892 inject 8.0
799.9991200000014 error
799.9991200000014 schedule ALG 8.0
799.9991200000014 schedule ADV 8.0
800.0169777264896 inject 8.0
803.138367556962 inject 8.0
803.782198608826 inject 6.0
804.7513568328167 inject 8.0
807.4477034822509 inject 8.0
807.9991100000015 error
807.9991100000015 schedule ALG 6.0
807.9991100000015 schedule ADV 8.0
813.9991100000015 sent ALG
813.9991100000015 schedule ALG 8.0
814.3697917970842 inject 8.0
815.9991100000015 sent ADV
815.9991100000015 error
815.9991100000015 schedule ALG 8.0
815.9991100000015 schedule ADV 6.0
816.4015238165654 inject 8.0
817.9326123377631 inject 8.0
821.9991100000015 sent ADV
821.9991100000015 schedule ADV 8.0
822.9799536154924 inject 8.0
823.9991000000015 error
823.9991000000015 schedule ALG 8.0
823.9991000000015 schedule ADV 8.0
824.2920191389314 inject 8.0
831.9990900000015 error
831.9990900000015 schedule ALG 8.0
831.9990900000015 schedule ADV 8.0
838.5994435977599 inject 8.0
838.6367244313639 inject 8.0
839.9990800000015 error
839.9990800000015 schedule ALG 8.0
839.9990800000015 schedule ADV 8.0
840.0060623233177 inject 8.0
840.4102118271118 inject 8.0
843.5800718011066 inject 8.0
847.9990700000016 error
847.9990700000016 schedule ALG 8.0
847.9990700000016 schedule ADV 8.0
853.2478349583193 inject 8.0
855.2302811432965 inject 8.0
855.9990600000016 error
855.9990600000016 schedule ALG 8.0
855.9990600000016 schedule ADV 8.0
863.4212039363972 inject 8.0
863.9990500000016 error
863.9990500000016 schedule ALG 8.0
863.9990500000016 schedule ADV 8.0
864.5298135616353 inject 8.0
864.9706229005551 inject 8.0
866.1468813867469 inject 8.0
867.0827814972889 inject 8.0
868.9880412540303 inject 8.0
871.4232140759713 inject 8.0
871.9990400000016 error
871.9990400000016 schedule ALG 8.0
871.9990400000016 schedule ADV 8.0
873.2335009270877 inject 8.0
875.331345041835 inject 8.0
876.1246092558322 inject 8.0
878.0899021220597 inject 8.0
879.9990300000017 error
879.9990300000017 schedule ALG 8.0
879.9990300000017 schedule ADV 8.0
880.6172393480128 inject 8.0
882.5608583159609 inject 8.0
887.9990200000017 error
887.9990200000017 schedule ALG 8.0
887.9990200000017 schedule ADV 8.0
891.9367381710501 inject 8.0
895.9990100000017 error
895.9990100000017 schedule ALG 8.0
895.9990100000017 schedule ADV 8.0
896.1709774037042 inject 8.0
896.1952091378457 inject 8.0
901.9433418506428 inject 8.0
903.9990000000017 error
903.9990000000017 schedule ALG 8.0
903.9990000000017 schedule ADV 8.0
904.7623912396293 inject 8.0
905.5427453765454 inject 8.0
906.194804807128 inject 8.0
907.4639658232576 inject 8.0
911.6989323109404 inject 8.0
911.8304679567449 inject 8.0
911.9989900000018 error
911.9989900000018 schedule ALG 8.0
911.9989900000018 schedule ADV 8.0
913.9413454739761 inject 8.0
918.3954268611964 inject 8.0
919.9989800000018 error
919.9989800000018 schedule ALG 8.0
919.9989800000018 schedule ADV 8.0
922.0178054866723 inject 8.0
925.1847756283843 inject 8.0
927.9989700000018 error
927.9989700000018 schedule ALG 8.0
927.9989700000018 schedule ADV 8.0
930.6398248844199 inject 8.0
935.9989600000018 error
935.9989600000018 schedule ALG 8.0
935.9989600000018 schedule ADV 8.0
943.9989500000019 error
943.9989500000019 schedule ALG 8.0
943.9989500000019 schedule ADV 8.0
945.6577154556896 inject 8.0
951.9989400000019 error
951.9989400000019 schedule ALG 8.0
951.9989400000019 schedule ADV 8.0
956.1311292699768 inject 8.0
957.830245322996 inject 8.0
959.9989300000019 error
959.9989300000019 schedule ALG 8.0
959.9989300000019 schedule ADV 8.0
961.3167035338687 inject 8.0
963.4911473639406 inject 8.0
964.3244646569722 inject 8.0
967.6962136903891 inject 8.0
967.9989200000019 error
967.9989200000019 schedule ALG 8.0
967.9989200000019 schedule ADV 8.0
970.5837966954515 inject 8.0
975.998910000002 error
975.998910000002 schedule ALG 8.0
975.998910000002 schedule ADV 8.0
979.0238740167343 inject 8.0
982.447494628888 inject 8.0
983.998900000002 error
983.998900000002 schedule ALG 8.0
983.998900000002 schedule ADV 8.0
990.3819721420281 inject 8.0
991.998890000002 error
991.998890000002 schedule ALG 8.0
991.998890000002 schedule ADV 8.0
994.5789780188796 inject 8.0
995.6643704063688 inject 6.0
996.047069542166 inject 8.0
997.8640339312395 inject 8.0
999.5714291854777 inject 8.0
999.998880000002 error
999.998880000002 schedule ALG 6.0
999.998880000002 schedule ADV 8.0
1002.7148643299589 inject 8.0
1004.7145782540662 inject 8.0
1005.998880000002 sent ALG
1005.998880000002 schedule ALG 8.0
1007.998880000002 sent ADV
1007.998880000002 error
1007.998880000002 schedule ALG 8.0
1007.998880000002 schedule ADV 6.0
1013.6800695464456 inject 8.0
1013.7916048305059 inject 8.0
1013.998880000002 sent ADV
1013.998880000002 schedule ADV 8.0
1015.9988700000021 error
1015.9988700000021 schedule ALG 8.0
1015.9988700000021 schedule ADV 8.0
1016.2783203288458 inject 8.0
1023.9988600000021 error
1023.9988600000021 schedule ALG 8.0
1023.9988600000021 schedule ADV 8.0
1031.998850000002 error
1031.998850000002 schedule ALG 8.0
1031.998850000002 schedule ADV 8.0
1038.3119748153654 inject 8.0
1039.998840000002 error
1039.998840000002 schedule ALG 8.0
1039.998840000002 schedule ADV 8.0
1041.3456911525936 inject 8.0
1044.1598199053024 inject 8.0
1046.0816701245865 inject 6.0
1047.998830000002 error
1047.998830000002 schedule ALG 6.0
1047.998830000002 schedule ADV 8.0
1053.0903465184265 inject 8.0
1053.998830000002 sent ALG
1053.998830000002 schedule ALG 8.0
1054.7369674265528 inject 8.0
1055.998830000002 sent ADV
1055.998830000002 error
1055.998830000002 schedule ALG 8.0
1055.998830000002 schedule ADV 6.0
1061.998830000002 sent ADV
1061.998830000002 schedule ADV 8.0
1063.998820000002 error
1063.998820000002 schedule ALG 8.0
1063.998820000002 schedule ADV 8.0
1067.508171199407 inject 8.0
1068.4746385859103 inject 8.0
1071.2063148002826 inject 8.0
1071.998810000002 error
1071.998810000002 schedule ALG 8.0
1071.998810000002 schedule ADV 8.0
1072.615020237007 inject 8.0
1073.0483540135474 inject 8.0
1079.9988000000021 error
1079.9988000000021 schedule ALG 8.0
1079.9988000000021 schedule ADV 8.0
1082.4931155792365 inject 8.0
1087.9987900000021 error
1087.9987900000021 schedule ALG 8.0
1087.9987900000021 schedule ADV 8.0
1095.9987800000022 error
1095.9987800000022 schedule ALG 8.0
1095.9987800000022 schedule ADV 8.0
1097.2379484219473 inject 8.0
1103.9987700000022 error
1103.9987700000022 schedule ALG 8.0
1103.9987700000022 schedule ADV 8.0
1104.33581394366 inject 8.0
1107.4140257522313 inject 8.0
1111.5482057557222 inject 6.0
1111.9987600000022 error
1111.9987600000022 schedule ALG 6.0
1111.9987600000022 schedule ADV 8.0
1115.970094558244 inject 8.0
1116.6789619318567 inject 8.0
1117.9987600000022 sent ALG
1117.9987600000022 schedule ALG 8.0
1119.9987600000022 sent ADV
1119.9987600000022 error
1119.9987600000022 schedule ALG 8.0
1119.9987600000022 schedule ADV 6.0
1120.1918659998623 inject 8.0
1123.8816832262635 inject 8.0
1124.4275975135447 inject 8.0
1125.9987600000022 sent ADV
1125.9987600000022 schedule ADV 8.0
1127.9987500000022 error
1127.9987500000022 schedule ALG 8.0
1127.9987500000022 schedule ADV 8.0
1128.348223163094 inject 8.0
1129.0998383315223 inject 8.0
1131.0702043533868 inject 8.0
1132.9529425045691 inject 8.0
1135.9987400000023 error
1135.9987400000023 schedule ALG 8.0
1135.9987400000023 schedule ADV 8.0
1137.6842581147123 inject 8.0
1141.1476198200376 inject 8.0
1143.9987300000023 error
1143.9987300000023 schedule ALG 8.0
1143.9987300000023 schedule ADV 8.0
1144.5966115764857 inject 8.0
1146.252403214214 inject 8.0
1147.5443815405729 inject 8.0
1151.9281557689408 inject 8.0
1151.9987200000023 error
1151.9987200000023 schedule ALG 8.0
1151.9987200000023 schedule ADV 8.0
1152.2440368010136 inject 8.0
1155.3527981088025 inject 8.0
1157.364152935268 inject 8.0
1159.9987100000023 error
1159.9987100000023 schedule ALG 8.0
1159.9987100000023 schedule ADV 8.0
1164.042552749023 inject 8.0
1164.6804629864155 inject 8.0
1165.846667956657 inject 8.0
1167.9260775118967 inject 8.0
1167.9987000000024 error
1167.9987000000024 schedule ALG 8.0
1167.9987000000024 schedule ADV 8.0
1169.7160502325282 inject 8.0
1169.9256777276244 inject 6.0
1171.0545866966988 inject 8.0
1172.4048801595702 inject 8.0
1175.9986900000024 error
1175.9986900000024 schedule ALG 6.0
1175.9986900000024 schedule ADV 8.0
1176.793154929272 inject 8.0
1177.749570654317 inject 8.0
1179.450961163137 inject 8.0
1181.9986900000024 sent ALG
1181.9986900000024 schedule ALG 8.0
1183.5324534962956 inject 8.0
1183.9986900000024 sent ADV
1183.9986900000024 error
1183.9986900000024 schedule ALG 8.0
1183.9986900000024 schedule ADV 6.0
1189.9986900000024 sent ADV
1189.9986900000024 schedule ADV 8.0
1191.9986800000024 error
1191.9986800000024 schedule ALG 8.0
1191.9986800000024 schedule ADV 8.0
1192.4938585019638 inject 8.0
1198.4592882430247 inject 8.0
1199.9986700000024 error
1199.9986700000024 schedule ALG 8.0
1199.9986700000024 schedule ADV 8.0
1200.0481986522282 inject 8.0
1203.6748017691998 inject 8.0
1204.5457571742872 inject 8.0
1207.9986600000025 error
1207.9986600000025 schedule ALG 8.0
1207.9986600000025 schedule ADV 8.0
1215.9986500000025 error
1215.9986500000025 schedule ALG 8.0
1215.9986500000025 schedule ADV 8.0
1216.052712421695 inject 8.0
1216.3690713228514 inject 8.0
1221.8157245744223 inject 8.0
1222.8213696153914 inject 8.0
1223.9986400000025 error
1223.9986400000025 schedule ALG 8.0
1223.9986400000025 schedule ADV 8.0
1224.4471935173365 inject 8.0
1229.4371053387774 inject 8.0
1230.1988179020254 inject 8.0
1231.9986300000025 error
1231.9986300000025 schedule ALG 8.0
1231.9986300000025 schedule ADV 8.0
1233.5388228214185 inject 8.0
1233.7126082456095 inject 8.0
1236.1416662541199 inject 8.0
1236.9496542688216 inject 8.0
1237.576968231925 inject 8.0
1239.9986200000026 error
1239.9986200000026 schedule ALG 8.0
1239.9986200000026 schedule ADV 8.0
1247.3022955642168 inject 8.0
1247.9986100000026 error
1247.9986100000026 schedule ALG 8.0
1247.9986100000026 schedule ADV 8.0
1249.8705665669265 inject 8.0
1250.1044004192843 inject 8.0
1250.4642567670078 inject 8.0
1252.9352104953582 inject 8.0
1255.9986000000026 error
1255.9986000000026 schedule ALG 8.0
1255.9986000000026 schedule ADV 8.0
1258.1897632358287 inject 8.0
1263.9985900000027 error
1263.9985900000027 schedule ALG 8.0
1263.9985900000027 schedule ADV 8.0
1264.0689550901113 inject 8.0
1265.8547316572676 inject 6.0
1266.8756261199892 inject 8.0
1271.9985800000027 error
1271.9985800000027 schedule ALG 6.0
1271.9985800000027 schedule ADV 8.0
1273.8375422109632 inject 8.0
1277.9985800000027 sent ALG
1277.9985800000027 schedule ALG 8.0
1279.9985800000027 sent ADV
1279.9985800000027 error
1279.9985800000027 schedule ALG 8.0
1279.9985800000027 schedule ADV 6.0
1283.457398811709 inject 8.0
1285.9985800000027 sent ADV
1285.9985800000027 schedule ADV 8.0
1287.675893215074 inject 8.0
1287.9985700000027 error
1287.9985700000027 schedule ALG 8.0
1287.9985700000027 schedule ADV 8.0
1293.0145996630379 inject 8.0
1295.9985600000027 error
1295.9985600000027 schedule ALG 8.0
1295.9985600000027 schedule ADV 8.0
1298.5464660556938 inject 8.0
1303.9985500000028 error
1303.9985500000028 schedule ALG 8.0
1303.9985500000028 schedule ADV 8.0
1304.1333611048829 inject 8.0
1307.4738439549415 inject 8.0
1311.9985400000028 error
1311.9985400000028 schedule ALG 8.0
1311.9985400000028 schedule ADV 8.0
1314.0331762684064 inject 8.0
1314.0440645476112 inject 8.0
1314.3767265609797 inject 8.0
1316.0131801317696 inject 8.0
1318.611986179859 inject 8.0
1319.9985300000028 error
1319.9985300000028 schedule ALG 8.0
1319.9985300000028 schedule ADV 8.0
1327.9985200000028 error
1327.9985200000028 schedule ALG 8.0
1327.9985200000028 schedule ADV 8.0
1332.7811332605763 inject 8.0
1335.9985100000029 error
1335.9985100000029 schedule ALG 8.0
1335.9985100000029 schedule ADV 8.0
1338.796051140475 inject 8.0
1343.9985000000029 error
1343.9985000000029 schedule ALG 8.0
1343.9985000000029 schedule ADV 8.0
1347.786385783996 inject 8.0
1348.2747690255571 inject 8.0
1350.4159788577824 inject 8.0
1351.998490000003 error
1351.998490000003 schedule ALG 8.0
1351.998490000003 schedule ADV 8.0
1353.5536064799662 inject 8.0
1359.998480000003 error
1359.998480000003 schedule ALG 8.0
1359.998480000003 schedule ADV 8.0
1361.3930890187726 inject 8.0
1365.1290626735479 inject 8.0
1366.2177454939556 inject 8.0
1367.998470000003 error
1367.998470000003 schedule ALG 8.0
1367.998470000003 schedule ADV 8.0
1375.998460000003 error
1375.998460000003 schedule ALG 8.0
1375.998460000003 schedule ADV 8.0
1376.4103379886903 inject 8.0
1377.1177744099962 inject 8.0
1378.8573876187506 inject 8.0
1381.552737161927 inject 8.0
1382.6697194726928 inject 8.0
1383.998450000003 error
1383.998450000003 schedule ALG 8.0
1383.998450000003 schedule ADV 8.0
1386.0531142993589 inject 8.0
1390.4494297207746 inject 8.0
1391.998440000003 error
1391.998440000003 schedule ALG 8.0
1391.998440000003 schedule ADV 8.0
1394.517915610288 inject 8.0
1395.0019263670274 inject 6.0
1398.8117535940878 inject 8.0
1399.7587406758878 inject 8.0
1399.998430000003 error
1399.998430000003 schedule ALG 6.0
1399.998430000003 schedule ADV 8.0
1402.1194343543998 inject 8.0
1405.86309299677 inject 8.0
1405.998430000003 sent ALG
1405.998430000003 schedule ALG 8.0
1407.998430000003 sent ADV
1407.998430000003 error
1407.998430000003 schedule ALG 8.0
1407.998430000003 schedule ADV 6.0
1410.3970713094086 inject 8.0
1410.896794460507 inject 8.0
1413.998430000003 sent ADV
1413.998430000003 schedule ADV 8.0
1415.9843680184606 inject 8.0
1415.998420000003 error
1415.998420000003 schedule ALG 8.0
1415.998420000003 schedule ADV 8.0
1423.998410000003 error
1423.998410000003 schedule ALG 8.0
1423.998410000003 schedule ADV 8.0
1425.7770463736517 inject 8.0
1428.9269403410774 inject 8.0
1431.9984000000031 error
1431.9984000000031 schedule ALG 8.0
1431.9984000000031 schedule ADV 8.0
1435.3824969481086 inject 8.0
1436.8814258818097 inject 8.0
1439.9983900000032 error
1439.9983900000032 schedule ALG 8.0
1439.9983900000032 schedule ADV 8.0
1440.1575078435174 inject 8.0
1443.4666054518095 inject 8.0
1445.2525071733485 inject 8.0
1447.9983800000032 error
1447.9983800000032 schedule ALG 8.0
1447.9983800000032 schedule ADV 8.0
1450.3928677936942 inject 8.0
1453.1725865713006 inject 8.0
1454.6624853988253 inject 8.0
1455.9983700000032 error
1455.9983700000032 schedule ALG 8.0
1455.9983700000032 schedule ADV 8.0
1456.8287980442708 inject 8.0
1457.0149139718133 inject 8.0
1457.6943130194884 inject 8.0
1457.7182777031576 inject 8.0
1459.2458507141653 inject 6.0
1463.9983600000032 error
1463.9983600000032 schedule ALG 6.0
1463.9983600000032 schedule ADV 8.0
1464.2761800895632 inject 8.0
1467.708254345544 inject 8.0
1468.9759965724725 inject 8.0
1469.9983600000032 sent ALG
1469.9983600000032 schedule ALG 8.0
1470.6210216577936 inject 8.0
1471.9983600000032 sent ADV
1471.9983600000032 error
1471.9983600000032 schedule ALG 8.0
1471.9983600000032 schedule ADV 6.0
1472.2487384958758 inject 8.0
1477.9837376661487 inject 8.0
1477.9983600000032 sent ADV
1477.9983600000032 schedule ADV 8.0
1479.9983500000033 error
1479.9983500000033 schedule ALG 8.0
1479.9983500000033 schedule ADV 8.0
1481.640182403098 inject 8.0
1484.0307188456768 inject 8.0
1487.9983400000033 error
1487.9983400000033 schedule ALG 8.0
1487.9983400000033 schedule ADV 8.0
1488.5521729580541 inject 8.0
1492.2289219814277 inject 8.0
1495.282017661441 inject 8.0
1495.9983300000033 error
1495.9983300000033 schedule ALG 8.0
1495.9983300000033 schedule ADV 8.0
1500.795429197516 inject 6.0
1503.028236509235 inject 8.0
1503.9983200000033 error
1503.9983200000033 schedule ALG 6.0
1503.9983200000033 schedule ADV 8.0
1506.632997404509 inject 8.0
1509.7359488148065 inject 8.0
1509.9983200000033 sent ALG
1509.9983200000033 schedule ALG 8.0
1511.9983200000033 sent ADV
1511.9983200000033 error
1511.9983200000033 schedule ALG 8.0
1511.9983200000033 schedule ADV 6.0
1512.762354101156 inject 8.0
1517.9983200000033 sent ADV
1517.9983200000033 schedule ADV 8.0
1519.9983100000034 error
1519.9983100000034 schedule ALG 8.0
1519.9983100000034 schedule ADV 8.0
1522.6026185385713 inject 8.0
1525.3723950738088 inject 8.0
1525.7670222003003 inject 6.0
1527.9983000000034 error
1527.9983000000034 schedule ALG 6.0
1527.9983000000034 schedule ADV 8.0
1530.0657530798878 inject 8.0
1531.4388012317165 inject 8.0
1533.9983000000034 sent ALG
1533.9983000000034 schedule ALG 8.0
1535.9983000000034 sent ADV
1535.9983000000034 error
1535.9983000000034 schedule ALG 8.0
1535.9983000000034 schedule ADV 6.0
1541.9983000000034 sent ADV
1541.9983000000034 schedule ADV 8.0
1543.9982900000034 error
1543.9982900000034 schedule ALG 8.0
1543.9982900000034 schedule ADV 8.0
1544.1170660850375 inject 8.0
1544.7730308251982 inject 8.0
1547.6321739382922 inject 8.0
1551.9982800000034 error
1551.9982800000034 schedule ALG 8.0
1551.9982800000034 schedule ADV 8.0
1553.2446478501115 inject 6.0
1559.9982700000035 error
1559.9982700000035 schedule ALG 6.0
1559.9982700000035 schedule ADV 8.0
1565.0762597140638 inject 8.0
1565.9982700000035 sent ALG
1565.9982700000035 schedule ALG 8.0
1567.9982700000035 sent ADV
1567.9982700000035 error
1567.9982700000035 schedule ALG 8.0
1567.9982700000035 schedule ADV 6.0
1568.1947120048048 inject 8.0
1571.786525118291 inject 8.0
1572.495361944197 inject 8.0
1573.9982700000035 sent ADV
1573.9982700000035 schedule ADV 8.0
1574.3892364771639 inject 8.0
1575.9982600000035 error
1575.9982600000035 schedule ALG 8.0
1575.9982600000035 schedule ADV 8.0
1576.1006157668614 inject 8.0
1577.7797457130832 inject 8.0
1579.148418008341 inject 8.0
1579.5391421527138 inject 8.0
1583.5518510393347 inject 8.0
1583.9982500000035 error
1583.9982500000035 schedule ALG 8.0
1583.9982500000035 schedule ADV 8.0
1585.336240008236 inject 8.0
1587.4175894347322 inject 8.0
1591.8437454795042 inject 8.0
1591.9982400000035 error
1591.9982400000035 schedule ALG 8.0
1591.9982400000035 schedule ADV 8.0
1599.9745159324368 inject 8.0
1599.9982300000036 error
1599.9982300000036 schedule ALG 8.0
1599.9982300000036 schedule ADV 8.0
1600.77005902887 inject 8.0
1602.7055387137036 inject 8.0
1604.2734501233965 inject 8.0
1607.2642194808827 inject 8.0
1607.9982200000036 error
1607.9982200000036 schedule ALG 8.0
1607.9982200000036 schedule ADV 8.0
1608.0650656750063 inject 8.0
1608.612081009835 inject 8.0
1610.23577318205 inject 8.0
1611.7213369965527 inject 8.0
1614.618764813882 inject 8.0
1615.2034788327696 inject 8.0
1615.9982100000036 error
1615.9982100000036 schedule ALG 8.0
1615.9982100000036 schedule ADV 8.0
1619.55933360168 inject 6.0
1623.9982000000036 error
1623.9982000000036 schedule ALG 6.0
1623.9982000000036 schedule ADV 8.0
1627.1407855929149 inject 8.0
1629.9982000000036 sent ALG
1629.9982000000036 schedule ALG 8.0
1631.3109925598874 inject 8.0
1631.9982000000036 sent ADV
1631.9982000000036 error
1631.9982000000036 schedule ALG 8.0
1631.9982000000036 schedule ADV 6.0
1637.5033049909357 inject 8.0
1637.9982000000036 sent ADV
1637.9982000000036 schedule ADV 8.0
1639.9981900000037 error
1639.9981900000037 schedule ALG 8.0
1639.9981900000037 schedule ADV 8.0
1645.1761431018513 inject 8.0
1647.9981800000037 error
1647.9981800000037 schedule ALG 8.0
1647.9981800000037 schedule ADV 8.0
1651.9259816453011 inject 8.0
