0.0 inject 3.0
0.0 inject 5.0
0.0 schedule ALG 5.0
0.0 schedule ADV 3.0
3.0 sent ADV
3.0 error
3.0 schedule ALG 5.0
4.5 error
4.5 schedule ALG 5.0
6.0 error
6.0 schedule ALG 5.0
7.5 error
7.5 schedule ALG 5.0
8.0 inject 3.0
8.0 inject 5.0
8.0 schedule ADV 3.0
9.0 error
9.0 schedule ALG 5.0
9.0 schedule ADV 3.0
12.0 sent ADV
12.0 error
12.0 schedule ALG 5.0
13.5 error
13.5 schedule ALG 5.0
15.0 error
15.0 schedule ALG 5.0
16.0 inject 3.0
16.0 inject 5.0
16.0 schedule ADV 3.0
16.5 error
16.5 schedule ALG 5.0
16.5 schedule ADV 3.0
19.5 sent ADV
19.5 error
19.5 schedule ALG 5.0
21.0 error
21.0 schedule ALG 5.0
22.5 error
22.5 schedule ALG 5.0
24.0 inject 3.0
24.0 inject 5.0
24.0 error
24.0 schedule ALG 5.0
24.0 schedule ADV 3.0
27.0 sent ADV
27.0 error
27.0 schedule ALG 5.0
28.5 error
28.5 schedule ALG 5.0
30.0 error
30.0 schedule ALG 5.0
31.5 error
31.5 schedule ALG 5.0
32.0 inject 3.0
32.0 inject 5.0
32.0 schedule ADV 3.0
33.0 error
33.0 schedule ALG 5.0
33.0 schedule ADV 3.0
36.0 sent ADV
36.0 error
36.0 schedule ALG 5.0
37.5 error
37.5 schedule ALG 5.0
39.0 error
39.0 schedule ALG 5.0
40.0 inject 3.0
40.0 inject 5.0
40.0 schedule ADV 3.0
40.5 error
40.5 schedule ALG 5.0
40.5 schedule ADV 3.0
43.5 sent ADV
43.5 error
43.5 schedule ALG 5.0
45.0 error
45.0 schedule ALG 5.0
46.5 error
46.5 schedule ALG 5.0
48.0 inject 3.0
48.0 inject 5.0
48.0 error
48.0 schedule ALG 5.0
48.0 schedule ADV 3.0
51.0 sent ADV
51.0 error
51.0 schedule ALG 5.0
52.5 error
52.5 schedule ALG 5.0
54.0 error
54.0 schedule ALG 5.0
55.5 error
55.5 schedule ALG 5.0
56.0 inject 3.0
56.0 inject 5.0
56.0 schedule ADV 3.0
57.0 error
57.0 schedule ALG 5.0
57.0 schedule ADV 3.0
60.0 sent ADV
60.0 error
60.0 schedule ALG 5.0
61.5 error
61.5 schedule ALG 5.0
63.0 error
63.0 schedule ALG 5.0
64.0 inject 3.0
64.0 inject 5.0
64.0 schedule ADV 3.0
64.5 error
64.5 schedule ALG 5.0
64.5 schedule ADV 3.0
67.5 sent ADV
67.5 error
67.5 schedule ALG 5.0
69.0 error
69.0 schedule ALG 5.0
70.5 error
70.5 schedule ALG 5.0
72.0 inject 3.0
72.0 inject 5.0
72.0 error
72.0 schedule ALG 5.0
72.0 schedule ADV 3.0
75.0 sent ADV
75.0 error
75.0 schedule ALG 5.0
76.5 error
76.5 schedule ALG 5.0
78.0 error
78.0 schedule ALG 5.0
79.5 error
79.5 schedule ALG 5.0
80.0 inject 3.0
80.0 inject 5.0
80.0 schedule ADV 3.0
81.0 error
81.0 schedule ALG 5.0
81.0 schedule ADV 3.0
84.0 sent ADV
84.0 error
84.0 schedule ALG 5.0
85.5 error
85.5 schedule ALG 5.0
87.0 error
87.0 schedule ALG 5.0
88.0 inject 3.0
88.0 inject 5.0
88.0 schedule ADV 3.0
88.5 error
88.5 schedule ALG 5.0
88.5 schedule ADV 3.0
91.5 sent ADV
91.5 error
91.5 schedule ALG 5.0
93.0 error
93.0 schedule ALG 5.0
94.5 error
94.5 schedule ALG 5.0
96.0 inject 3.0
96.0 inject 5.0
96.0 error
96.0 schedule ALG 5.0
96.0 schedule ADV 3.0
99.0 sent ADV
99.0 error
99.0 schedule ALG 5.0
100.5 error
100.5 schedule ALG 5.0
102.0 error
102.0 schedule ALG 5.0
103.5 error
103.5 schedule ALG 5.0
104.0 inject 3.0
104.0 inject 5.0
104.0 schedule ADV 3.0
105.0 error
105.0 schedule ALG 5.0
105.0 schedule ADV 3.0
108.0 sent ADV
108.0 error
108.0 schedule ALG 5.0
109.5 error
109.5 schedule ALG 5.0
111.0 error
111.0 schedule ALG 5.0
112.0 inject 3.0
112.0 inject 5.0
112.0 schedule ADV 3.0
112.5 error
112.5 schedule ALG 5.0
112.5 schedule ADV 3.0
115.5 sent ADV
115.5 error
115.5 schedule ALG 5.0
117.0 error
117.0 schedule ALG 5.0
118.5 error
118.5 schedule ALG 5.0
120.0 inject 3.0
120.0 inject 5.0
120.0 error
120.0 schedule ALG 5.0
120.0 schedule ADV 3.0
123.0 sent ADV
123.0 error
123.0 schedule ALG 5.0
124.5 error
124.5 schedule ALG 5.0
126.0 error
126.0 schedule ALG 5.0
127.5 error
127.5 schedule ALG 5.0
128.0 inject 3.0
128.0 inject 5.0
128.0 schedule ADV 3.0
129.0 error
129.0 schedule ALG 5.0
129.0 schedule ADV 3.0
132.0 sent ADV
132.0 error
132.0 schedule ALG 5.0
133.5 error
133.5 schedule ALG 5.0
135.0 error
135.0 schedule ALG 5.0
136.0 inject 3.0
136.0 inject 5.0
136.0 schedule ADV 3.0
136.5 error
136.5 schedule ALG 5.0
136.5 schedule ADV 3.0
139.5 sent ADV
139.5 error
139.5 schedule ALG 5.0
141.0 error
141.0 schedule ALG 5.0
142.5 error
142.5 schedule ALG 5.0
144.0 inject 3.0
144.0 inject 5.0
144.0 error
144.0 schedule ALG 5.0
144.0 schedule ADV 3.0
147.0 sent ADV
147.0 error
147.0 schedule ALG 5.0
148.5 error
148.5 schedule ALG 5.0
150.0 error
150.0 schedule ALG 5.0
151.5 error
151.5 schedule ALG 5.0
152.0 inject 3.0
152.0 inject 5.0
152.0 schedule ADV 3.0
153.0 error
153.0 schedule ALG 5.0
153.0 schedule ADV 3.0
156.0 sent ADV
156.0 error
156.0 schedule ALG 5.0
157.5 error
157.5 schedule ALG 5.0
159.0 error
159.0 schedule ALG 5.0
160.0 inject 3.0
160.0 inject 5.0
160.0 schedule ADV 3.0
160.5 error
160.5 schedule ALG 5.0
160.5 schedule ADV 3.0
163.5 sent ADV
163.5 error
163.5 schedule ALG 5.0
165.0 error
165.0 schedule ALG 5.0
166.5 error
166.5 schedule ALG 5.0
168.0 inject 3.0
168.0 inject 5.0
168.0 error
168.0 schedule ALG 5.0
168.0 schedule ADV 3.0
171.0 sent ADV
171.0 error
171.0 schedule ALG 5.0
172.5 error
172.5 schedule ALG 5.0
174.0 error
174.0 schedule ALG 5.0
175.5 error
175.5 schedule ALG 5.0
176.0 inject 3.0
176.0 inject 5.0
176.0 schedule ADV 3.0
177.0 error
177.0 schedule ALG 5.0
177.0 schedule ADV 3.0
180.0 sent ADV
180.0 error
180.0 schedule ALG 5.0
181.5 error
181.5 schedule ALG 5.0
183.0 error
183.0 schedule ALG 5.0
184.0 inject 3.0
184.0 inject 5.0
184.0 schedule ADV 3.0
184.5 error
184.5 schedule ALG 5.0
184.5 schedule ADV 3.0
187.5 sent ADV
187.5 error
187.5 schedule ALG 5.0
189.0 error
189.0 schedule ALG 5.0
190.5 error
190.5 schedule ALG 5.0
192.0 inject 3.0
192.0 inject 5.0
192.0 error
192.0 schedule ALG 5.0
192.0 schedule ADV 3.0
195.0 sent ADV
195.0 error
195.0 schedule ALG 5.0
196.5 error
196.5 schedule ALG 5.0
198.0 error
198.0 schedule ALG 5.0
199.5 error
199.5 schedule ALG 5.0
200.0 inject 3.0
200.0 inject 5.0
200.0 schedule ADV 3.0
201.0 error
201.0 schedule ALG 5.0
201.0 schedule ADV 3.0
204.0 sent ADV
204.0 error
204.0 schedule ALG 5.0
205.5 error
205.5 schedule ALG 5.0
207.0 error
207.0 schedule ALG 5.0
208.0 inject 3.0
208.0 inject 5.0
208.0 schedule ADV 3.0
208.5 error
208.5 schedule ALG 5.0
208.5 schedule ADV 3.0
211.5 sent ADV
211.5 error
211.5 schedule ALG 5.0
213.0 error
213.0 schedule ALG 5.0
214.5 error
214.5 schedule ALG 5.0
216.0 inject 3.0
216.0 inject 5.0
216.0 error
216.0 schedule ALG 5.0
216.0 schedule ADV 3.0
219.0 sent ADV
219.0 error
219.0 schedule ALG 5.0
220.5 error
220.5 schedule ALG 5.0
222.0 error
222.0 schedule ALG 5.0
223.5 error
223.5 schedule ALG 5.0
224.0 inject 3.0
224.0 inject 5.0
224.0 schedule ADV 3.0
225.0 error
225.0 schedule ALG 5.0
225.0 schedule ADV 3.0
228.0 sent ADV
228.0 error
228.0 schedule ALG 5.0
229.5 error
229.5 schedule ALG 5.0
231.0 error
231.0 schedule ALG 5.0
232.0 inject 3.0
232.0 inject 5.0
232.0 schedule ADV 3.0
232.5 error
232.5 schedule ALG 5.0
232.5 schedule ADV 3.0
235.5 sent ADV
235.5 error
235.5 schedule ALG 5.0
237.0 error
237.0 schedule ALG 5.0
238.5 error
238.5 schedule ALG 5.0
240.0 inject 3.0
240.0 inject 5.0
240.0 error
240.0 schedule ALG 5.0
240.0 schedule ADV 3.0
243.0 sent ADV
243.0 error
243.0 schedule ALG 5.0
244.5 error
244.5 schedule ALG 5.0
246.0 error
246.0 schedule ALG 5.0
247.5 error
247.5 schedule ALG 5.0
248.0 inject 3.0
248.0 inject 5.0
248.0 schedule ADV 3.0
249.0 error
249.0 schedule ALG 5.0
249.0 schedule ADV 3.0
252.0 sent ADV
252.0 error
252.0 schedule ALG 5.0
253.5 error
253.5 schedule ALG 5.0
255.0 error
255.0 schedule ALG 5.0
256.0 inject 3.0
256.0 inject 5.0
256.0 schedule ADV 3.0
256.5 error
256.5 schedule ALG 5.0
256.5 schedule ADV 3.0
259.5 sent ADV
259.5 error
259.5 schedule ALG 5.0
261.0 error
261.0 schedule ALG 5.0
262.5 error
262.5 schedule ALG 5.0
264.0 inject 3.0
264.0 inject 5.0
264.0 error
264.0 schedule ALG 5.0
264.0 schedule ADV 3.0
267.0 sent ADV
267.0 error
267.0 schedule ALG 5.0
268.5 error
268.5 schedule ALG 5.0
270.0 error
270.0 schedule ALG 5.0
271.5 error
271.5 schedule ALG 5.0
272.0 inject 3.0
272.0 inject 5.0
272.0 schedule ADV 3.0
273.0 error
273.0 schedule ALG 5.0
273.0 schedule ADV 3.0
276.0 sent ADV
276.0 error
276.0 schedule ALG 5.0
277.5 error
277.5 schedule ALG 5.0
279.0 error
279.0 schedule ALG 5.0
280.0 inject 3.0
280.0 inject 5.0
280.0 schedule ADV 3.0
280.5 error
280.5 schedule ALG 5.0
280.5 schedule ADV 3.0
283.5 sent ADV
283.5 error
283.5 schedule ALG 5.0
285.0 error
285.0 schedule ALG 5.0
286.5 error
286.5 schedule ALG 5.0
288.0 inject 3.0
288.0 inject 5.0
288.0 error
288.0 schedule ALG 5.0
288.0 schedule ADV 3.0
291.0 sent ADV
291.0 error
291.0 schedule ALG 5.0
292.5 error
292.5 schedule ALG 5.0
294.0 error
294.0 schedule ALG 5.0
295.5 error
295.5 schedule ALG 5.0
296.0 inject 3.0
296.0 inject 5.0
296.0 schedule ADV 3.0
297.0 error
297.0 schedule ALG 5.0
297.0 schedule ADV 3.0
300.0 sent ADV
300.0 error
300.0 schedule ALG 5.0
301.5 error
301.5 schedule ALG 5.0
303.0 error
303.0 schedule ALG 5.0
304.0 inject 3.0
304.0 inject 5.0
304.0 schedule ADV 3.0
304.5 error
304.5 schedule ALG 5.0
304.5 schedule ADV 3.0
307.5 sent ADV
307.5 error
307.5 schedule ALG 5.0
309.0 error
309.0 schedule ALG 5.0
310.5 error
310.5 schedule ALG 5.0
312.0 inject 3.0
312.0 inject 5.0
312.0 error
312.0 schedule ALG 5.0
312.0 schedule ADV 3.0
315.0 sent ADV
315.0 error
315.0 schedule ALG 5.0
316.5 error
316.5 schedule ALG 5.0
318.0 error
318.0 schedule ALG 5.0
319.5 error
319.5 schedule ALG 5.0
320.0 inject 3.0
320.0 inject 5.0
320.0 schedule ADV 3.0
321.0 error
321.0 schedule ALG 5.0
321.0 schedule ADV 3.0
324.0 sent ADV
324.0 error
324.0 schedule ALG 5.0
325.5 error
325.5 schedule ALG 5.0
327.0 error
327.0 schedule ALG 5.0
328.0 inject 3.0
328.0 inject 5.0
328.0 schedule ADV 3.0
328.5 error
328.5 schedule ALG 5.0
328.5 schedule ADV 3.0
331.5 sent ADV
331.5 error
331.5 schedule ALG 5.0
333.0 error
333.0 schedule ALG 5.0
334.5 error
334.5 schedule ALG 5.0
336.0 inject 3.0
336.0 inject 5.0
336.0 error
336.0 schedule ALG 5.0
336.0 schedule ADV 3.0
339.0 sent ADV
339.0 error
339.0 schedule ALG 5.0
340.5 error
340.5 schedule ALG 5.0
342.0 error
342.0 schedule ALG 5.0
343.5 error
343.5 schedule ALG 5.0
344.0 inject 3.0
344.0 inject 5.0
344.0 schedule ADV 3.0
345.0 error
345.0 schedule ALG 5.0
345.0 schedule ADV 3.0
348.0 sent ADV
348.0 error
348.0 schedule ALG 5.0
349.5 error
349.5 schedule ALG 5.0
351.0 error
351.0 schedule ALG 5.0
352.0 inject 3.0
352.0 inject 5.0
352.0 schedule ADV 3.0
352.5 error
352.5 schedule ALG 5.0
352.5 schedule ADV 3.0
355.5 sent ADV
355.5 error
355.5 schedule ALG 5.0
357.0 error
357.0 schedule ALG 5.0
358.5 error
358.5 schedule ALG 5.0
360.0 inject 3.0
360.0 inject 5.0
360.0 error
360.0 schedule ALG 5.0
360.0 schedule ADV 3.0
363.0 sent ADV
363.0 error
363.0 schedule ALG 5.0
364.5 error
364.5 schedule ALG 5.0
366.0 error
366.0 schedule ALG 5.0
367.5 error
367.5 schedule ALG 5.0
368.0 inject 3.0
368.0 inject 5.0
368.0 schedule ADV 3.0
369.0 error
369.0 schedule ALG 5.0
369.0 schedule ADV 3.0
372.0 sent ADV
372.0 error
372.0 schedule ALG 5.0
373.5 error
373.5 schedule ALG 5.0
375.0 error
375.0 schedule ALG 5.0
376.0 inject 3.0
376.0 inject 5.0
376.0 schedule ADV 3.0
376.5 error
376.5 schedule ALG 5.0
376.5 schedule ADV 3.0
379.5 sent ADV
379.5 error
379.5 schedule ALG 5.0
381.0 error
381.0 schedule ALG 5.0
382.5 error
382.5 schedule ALG 5.0
384.0 inject 3.0
384.0 inject 5.0
384.0 error
384.0 schedule ALG 5.0
384.0 schedule ADV 3.0
387.0 sent ADV
387.0 error
387.0 schedule ALG 5.0
388.5 error
388.5 schedule ALG 5.0
390.0 error
390.0 schedule ALG 5.0
391.5 error
391.5 schedule ALG 5.0
392.0 inject 3.0
392.0 inject 5.0
392.0 schedule ADV 3.0
