5.0 5.0
8.0 3.0
13.0 5.0
16.0 3.0
21.0 5.0
24.0 3.0
29.0 5.0
32.0 3.0
37.0 5.0
40.0 3.0
45.0 5.0
48.0 3.0
53.0 5.0
56.0 3.0
61.0 5.0
64.0 3.0
69.0 5.0
72.0 3.0
77.0 5.0
80.0 3.0
85.0 5.0
88.0 3.0
93.0 5.0
96.0 3.0
101.0 5.0
104.0 3.0
109.0 5.0
112.0 3.0
117.0 5.0
120.0 3.0
125.0 5.0
128.0 3.0
133.0 5.0
136.0 3.0
141.0 5.0
144.0 3.0
149.0 5.0
152.0 3.0
157.0 5.0
160.0 3.0
165.0 5.0
168.0 3.0
173.0 5.0
176.0 3.0
181.0 5.0
184.0 3.0
189.0 5.0
192.0 3.0
197.0 5.0
200.0 3.0
205.0 5.0
208.0 3.0
213.0 5.0
216.0 3.0
221.0 5.0
224.0 3.0
229.0 5.0
232.0 3.0
237.0 5.0
240.0 3.0
245.0 5.0
248.0 3.0
253.0 5.0
256.0 3.0
261.0 5.0
264.0 3.0
269.0 5.0
272.0 3.0
277.0 5.0
280.0 3.0
285.0 5.0
288.0 3.0
293.0 5.0
296.0 3.0
301.0 5.0
304.0 3.0
309.0 5.0
312.0 3.0
317.0 5.0
320.0 3.0
325.0 5.0
328.0 3.0
333.0 5.0
336.0 3.0
341.0 5.0
344.0 3.0
349.0 5.0
352.0 3.0
357.0 5.0
360.0 3.0
365.0 5.0
368.0 3.0
373.0 5.0
376.0 3.0
381.0 5.0
384.0 3.0
389.0 5.0
392.0 3.0
