28.0 28.0
43.0 15.0
71.0 28.0
86.0 15.0
114.0 28.0
129.0 15.0
157.0 28.0
172.0 15.0
200.0 28.0
215.0 15.0
243.0 28.0
258.0 15.0
286.0 28.0
301.0 15.0
329.0 28.0
344.0 15.0
372.0 28.0
387.0 15.0
415.0 28.0
430.0 15.0
458.0 28.0
473.0 15.0
501.0 28.0
516.0 15.0
544.0 28.0
559.0 15.0
587.0 28.0
602.0 15.0
630.0 28.0
645.0 15.0
673.0 28.0
688.0 15.0
716.0 28.0
731.0 15.0
759.0 28.0
774.0 15.0
802.0 28.0
817.0 15.0
845.0 28.0
860.0 15.0
888.0 28.0
903.0 15.0
931.0 28.0
946.0 15.0
974.0 28.0
989.0 15.0
1017.0 28.0
1032.0 15.0
1060.0 28.0
1075.0 15.0
1103.0 28.0
1118.0 15.0
1146.0 28.0
1161.0 15.0
1189.0 28.0
1204.0 15.0
1232.0 28.0
1247.0 15.0
1275.0 28.0
1290.0 15.0
1318.0 28.0
1333.0 15.0
1361.0 28.0
1376.0 15.0
1404.0 28.0
1419.0 15.0
1447.0 28.0
1462.0 15.0
1490.0 28.0
1505.0 15.0
1533.0 28.0
1548.0 15.0
1576.0 28.0
1591.0 15.0
1619.0 28.0
1634.0 15.0
1662.0 28.0
1677.0 15.0
1705.0 28.0
1720.0 15.0
1748.0 28.0
1763.0 15.0
1791.0 28.0
1806.0 15.0
1834.0 28.0
1849.0 15.0
1877.0 28.0
1892.0 15.0
1920.0 28.0
1935.0 15.0
1963.0 28.0
1978.0 15.0
2006.0 28.0
2021.0 15.0
2049.0 28.0
2064.0 15.0
2092.0 28.0
2107.0 15.0
2135.0 28.0
2150.0 15.0
2178.0 28.0
2193.0 15.0
2221.0 28.0
2236.0 15.0
2264.0 28.0
2279.0 15.0
2307.0 28.0
2322.0 15.0
2350.0 28.0
2365.0 15.0
2393.0 28.0
2408.0 15.0
2436.0 28.0
2451.0 15.0
2479.0 28.0
2494.0 15.0
2522.0 28.0
2537.0 15.0
2565.0 28.0
2580.0 15.0
2608.0 28.0
2623.0 15.0
2651.0 28.0
2666.0 15.0
2694.0 28.0
2709.0 15.0
2737.0 28.0
2752.0 15.0
2780.0 28.0
2795.0 15.0
2823.0 28.0
2838.0 15.0
2866.0 28.0
2881.0 15.0
2909.0 28.0
2924.0 15.0
2952.0 28.0
2967.0 15.0
2995.0 28.0
3010.0 15.0
3038.0 28.0
3053.0 15.0
3081.0 28.0
3096.0 15.0
3124.0 28.0
3139.0 15.0
3167.0 28.0
3182.0 15.0
3210.0 28.0
3225.0 15.0
3253.0 28.0
3268.0 15.0
3296.0 28.0
3311.0 15.0
3339.0 28.0
3354.0 15.0
3382.0 28.0
3397.0 15.0
3425.0 28.0
3440.0 15.0
3468.0 28.0
3483.0 15.0
3511.0 28.0
3526.0 15.0
3554.0 28.0
3569.0 15.0
3597.0 28.0
3612.0 15.0
3640.0 28.0
3655.0 15.0
3683.0 28.0
3698.0 15.0
3726.0 28.0
3741.0 15.0
3769.0 28.0
3784.0 15.0
3812.0 28.0
3827.0 15.0
3855.0 28.0
3870.0 15.0
3898.0 28.0
3913.0 15.0
3941.0 28.0
3956.0 15.0
3984.0 28.0
3999.0 15.0
4027.0 28.0
4042.0 15.0
4070.0 28.0
4085.0 15.0
4113.0 28.0
4128.0 15.0
4156.0 28.0
4171.0 15.0
4199.0 28.0
4214.0 15.0
4242.0 28.0
4257.0 15.0
4285.0 28.0
4300.0 15.0
4328.0 28.0
4343.0 15.0
4371.0 28.0
4386.0 15.0
4414.0 28.0
4429.0 15.0
4457.0 28.0
4472.0 15.0
4500.0 28.0
4515.0 15.0
4543.0 28.0
4558.0 15.0
4586.0 28.0
4601.0 15.0
4629.0 28.0
4644.0 15.0
4672.0 28.0
4687.0 15.0
4715.0 28.0
4730.0 15.0
4758.0 28.0
4773.0 15.0
4801.0 28.0
4816.0 15.0
4844.0 28.0
4859.0 15.0
4887.0 28.0
4902.0 15.0
4930.0 28.0
4945.0 15.0
4973.0 28.0
4988.0 15.0
5016.0 28.0
5031.0 15.0
5059.0 28.0
5074.0 15.0
5102.0 28.0
5117.0 15.0
5145.0 28.0
5160.0 15.0
5188.0 28.0
5203.0 15.0
5231.0 28.0
5246.0 15.0
5274.0 28.0
5289.0 15.0
5317.0 28.0
5332.0 15.0
5360.0 28.0
5375.0 15.0
5403.0 28.0
5418.0 15.0
5446.0 28.0
5461.0 15.0
5489.0 28.0
5504.0 15.0
5532.0 28.0
5547.0 15.0
5575.0 28.0
5590.0 15.0
5618.0 28.0
5633.0 15.0
5661.0 28.0
5676.0 15.0
5704.0 28.0
5719.0 15.0
5747.0 28.0
5762.0 15.0
5790.0 28.0
5805.0 15.0
5833.0 28.0
5848.0 15.0
5876.0 28.0
5891.0 15.0
5919.0 28.0
5934.0 15.0
5962.0 28.0
5977.0 15.0
6005.0 28.0
6020.0 15.0
6048.0 28.0
6063.0 15.0
6091.0 28.0
6106.0 15.0
6134.0 28.0
6149.0 15.0
6177.0 28.0
6192.0 15.0
6220.0 28.0
6235.0 15.0
6263.0 28.0
6278.0 15.0
6306.0 28.0
6321.0 15.0
6349.0 28.0
6364.0 15.0
6392.0 28.0
6407.0 15.0
6435.0 28.0
6450.0 15.0
6478.0 28.0
6493.0 15.0
6521.0 28.0
6536.0 15.0
6564.0 28.0
6579.0 15.0
6607.0 28.0
6622.0 15.0
6650.0 28.0
6665.0 15.0
6693.0 28.0
6708.0 15.0
6736.0 28.0
6751.0 15.0
6779.0 28.0
6794.0 15.0
6822.0 28.0
6837.0 15.0
6865.0 28.0
6880.0 15.0
6908.0 28.0
6923.0 15.0
6951.0 28.0
6966.0 15.0
6994.0 28.0
7009.0 15.0
7037.0 28.0
7052.0 15.0
7080.0 28.0
7095.0 15.0
7123.0 28.0
7138.0 15.0
7166.0 28.0
7181.0 15.0
7209.0 28.0
7224.0 15.0
7252.0 28.0
7267.0 15.0
7295.0 28.0
7310.0 15.0
7338.0 28.0
7353.0 15.0
7381.0 28.0
7396.0 15.0
7424.0 28.0
7439.0 15.0
7467.0 28.0
7482.0 15.0
7510.0 28.0
7525.0 15.0
7553.0 28.0
7568.0 15.0
7596.0 28.0
7611.0 15.0
7639.0 28.0
7654.0 15.0
7682.0 28.0
7697.0 15.0
7725.0 28.0
7740.0 15.0
7768.0 28.0
7783.0 15.0
7811.0 28.0
7826.0 15.0
7854.0 28.0
7869.0 15.0
7897.0 28.0
7912.0 15.0
7940.0 28.0
7955.0 15.0
7983.0 28.0
7998.0 15.0
8026.0 28.0
8041.0 15.0
8069.0 28.0
8084.0 15.0
8112.0 28.0
8127.0 15.0
8155.0 28.0
8170.0 15.0
8198.0 28.0
8213.0 15.0
8241.0 28.0
8256.0 15.0
8284.0 28.0
8299.0 15.0
8327.0 28.0
8342.0 15.0
8370.0 28.0
8385.0 15.0
8413.0 28.0
8428.0 15.0
8456.0 28.0
8471.0 15.0
8499.0 28.0
8514.0 15.0
8542.0 28.0
8557.0 15.0
8585.0 28.0
8600.0 15.0
8628.0 28.0
8643.0 15.0
8671.0 28.0
8686.0 15.0
8714.0 28.0
8729.0 15.0
8757.0 28.0
8772.0 15.0
8800.0 28.0
8815.0 15.0
8843.0 28.0
8858.0 15.0
8886.0 28.0
8901.0 15.0
8929.0 28.0
8944.0 15.0
8972.0 28.0
8987.0 15.0
9015.0 28.0
9030.0 15.0
9058.0 28.0
9073.0 15.0
9101.0 28.0
9116.0 15.0
9144.0 28.0
9159.0 15.0
9187.0 28.0
9202.0 15.0
9230.0 28.0
9245.0 15.0
9273.0 28.0
9288.0 15.0
9316.0 28.0
9331.0 15.0
9359.0 28.0
9374.0 15.0
9402.0 28.0
9417.0 15.0
9445.0 28.0
9460.0 15.0
9488.0 28.0
9503.0 15.0
9531.0 28.0
9546.0 15.0
9574.0 28.0
9589.0 15.0
9617.0 28.0
9632.0 15.0
9660.0 28.0
9675.0 15.0
9703.0 28.0
9718.0 15.0
9746.0 28.0
9761.0 15.0
9789.0 28.0
9804.0 15.0
9832.0 28.0
9847.0 15.0
9875.0 28.0
9890.0 15.0
9918.0 28.0
9933.0 15.0
9961.0 28.0
9976.0 15.0
10004.0 28.0
10019.0 15.0
10047.0 28.0
10062.0 15.0
10090.0 28.0
10105.0 15.0
10133.0 28.0
10148.0 15.0
10176.0 28.0
10191.0 15.0
10219.0 28.0
10234.0 15.0
10262.0 28.0
10277.0 15.0
10305.0 28.0
10320.0 15.0
10348.0 28.0
10363.0 15.0
10391.0 28.0
10406.0 15.0
10434.0 28.0
10449.0 15.0
10477.0 28.0
10492.0 15.0
10520.0 28.0
10535.0 15.0
10563.0 28.0
10578.0 15.0
10606.0 28.0
10621.0 15.0
10649.0 28.0
10664.0 15.0
10692.0 28.0
10707.0 15.0
10735.0 28.0
10750.0 15.0
10778.0 28.0
10793.0 15.0
10821.0 28.0
10836.0 15.0
10864.0 28.0
10879.0 15.0
10907.0 28.0
10922.0 15.0
10950.0 28.0
10965.0 15.0
10993.0 28.0
11008.0 15.0
11036.0 28.0
11051.0 15.0
11079.0 28.0
11094.0 15.0
11122.0 28.0
11137.0 15.0
11165.0 28.0
11180.0 15.0
11208.0 28.0
11223.0 15.0
11251.0 28.0
11266.0 15.0
11294.0 28.0
11309.0 15.0
11337.0 28.0
11352.0 15.0
11380.0 28.0
11395.0 15.0
11423.0 28.0
11438.0 15.0
11466.0 28.0
11481.0 15.0
11509.0 28.0
11524.0 15.0
11552.0 28.0
11567.0 15.0
11595.0 28.0
11610.0 15.0
11638.0 28.0
11653.0 15.0
11681.0 28.0
11696.0 15.0
11724.0 28.0
11739.0 15.0
11767.0 28.0
11782.0 15.0
11810.0 28.0
11825.0 15.0
11853.0 28.0
11868.0 15.0
11896.0 28.0
11911.0 15.0
11939.0 28.0
11954.0 15.0
11982.0 28.0
11997.0 15.0
12025.0 28.0
12040.0 15.0
12068.0 28.0
12083.0 15.0
12111.0 28.0
12126.0 15.0
12154.0 28.0
12169.0 15.0
12197.0 28.0
12212.0 15.0
12240.0 28.0
12255.0 15.0
12283.0 28.0
12298.0 15.0
12326.0 28.0
12341.0 15.0
12369.0 28.0
12384.0 15.0
12412.0 28.0
12427.0 15.0
12455.0 28.0
12470.0 15.0
12498.0 28.0
12513.0 15.0
12541.0 28.0
12556.0 15.0
12584.0 28.0
12599.0 15.0
12627.0 28.0
12642.0 15.0
12670.0 28.0
12685.0 15.0
12713.0 28.0
12728.0 15.0
12756.0 28.0
12771.0 15.0
12799.0 28.0
12814.0 15.0
12842.0 28.0
12857.0 15.0
12885.0 28.0
12900.0 15.0
12928.0 28.0
12943.0 15.0
12971.0 28.0
12986.0 15.0
13014.0 28.0
13029.0 15.0
13057.0 28.0
13072.0 15.0
13100.0 28.0
13115.0 15.0
13143.0 28.0
13158.0 15.0
13186.0 28.0
13201.0 15.0
13229.0 28.0
13244.0 15.0
13272.0 28.0
13287.0 15.0
13315.0 28.0
13330.0 15.0
13358.0 28.0
13373.0 15.0
13401.0 28.0
13416.0 15.0
13444.0 28.0
13459.0 15.0
13487.0 28.0
13502.0 15.0
13530.0 28.0
13545.0 15.0
13573.0 28.0
13588.0 15.0
13616.0 28.0
13631.0 15.0
13659.0 28.0
13674.0 15.0
13702.0 28.0
13717.0 15.0
13745.0 28.0
13760.0 15.0
13788.0 28.0
13803.0 15.0
13831.0 28.0
13846.0 15.0
13874.0 28.0
13889.0 15.0
13917.0 28.0
13932.0 15.0
13960.0 28.0
13975.0 15.0
14003.0 28.0
14018.0 15.0
14046.0 28.0
14061.0 15.0
14089.0 28.0
14104.0 15.0
14132.0 28.0
14147.0 15.0
14175.0 28.0
14190.0 15.0
14218.0 28.0
14233.0 15.0
14261.0 28.0
14276.0 15.0
14304.0 28.0
14319.0 15.0
14347.0 28.0
14362.0 15.0
14390.0 28.0
14405.0 15.0
14433.0 28.0
14448.0 15.0
14476.0 28.0
14491.0 15.0
14519.0 28.0
14534.0 15.0
14562.0 28.0
14577.0 15.0
14605.0 28.0
14620.0 15.0
14648.0 28.0
14663.0 15.0
14691.0 28.0
14706.0 15.0
14734.0 28.0
14749.0 15.0
14777.0 28.0
14792.0 15.0
14820.0 28.0
14835.0 15.0
14863.0 28.0
14878.0 15.0
14906.0 28.0
14921.0 15.0
14949.0 28.0
14964.0 15.0
14992.0 28.0
15007.0 15.0
15035.0 28.0
15050.0 15.0
15078.0 28.0
15093.0 15.0
15121.0 28.0
15136.0 15.0
15164.0 28.0
15179.0 15.0
15207.0 28.0
15222.0 15.0
15250.0 28.0
15265.0 15.0
15293.0 28.0
15308.0 15.0
15336.0 28.0
15351.0 15.0
15379.0 28.0
15394.0 15.0
15422.0 28.0
15437.0 15.0
15465.0 28.0
15480.0 15.0
15508.0 28.0
15523.0 15.0
15551.0 28.0
15566.0 15.0
15594.0 28.0
15609.0 15.0
15637.0 28.0
15652.0 15.0
15680.0 28.0
15695.0 15.0
15723.0 28.0
15738.0 15.0
15766.0 28.0
15781.0 15.0
15809.0 28.0
15824.0 15.0
15852.0 28.0
15867.0 15.0
15895.0 28.0
15910.0 15.0
15938.0 28.0
15953.0 15.0
15981.0 28.0
15996.0 15.0
16024.0 28.0
16039.0 15.0
16067.0 28.0
16082.0 15.0
16110.0 28.0
16125.0 15.0
16153.0 28.0
16168.0 15.0
16196.0 28.0
16211.0 15.0
16239.0 28.0
16254.0 15.0
16282.0 28.0
16297.0 15.0
16325.0 28.0
16340.0 15.0
16368.0 28.0
16383.0 15.0
16411.0 28.0
16426.0 15.0
16454.0 28.0
16469.0 15.0
16497.0 28.0
16512.0 15.0
16540.0 28.0
16555.0 15.0
16583.0 28.0
16598.0 15.0
16626.0 28.0
16641.0 15.0
16669.0 28.0
16684.0 15.0
16712.0 28.0
16727.0 15.0
16755.0 28.0
16770.0 15.0
16798.0 28.0
16813.0 15.0
16841.0 28.0
16856.0 15.0
16884.0 28.0
16899.0 15.0
16927.0 28.0
16942.0 15.0
16970.0 28.0
16985.0 15.0
17013.0 28.0
17028.0 15.0
17056.0 28.0
17071.0 15.0
17099.0 28.0
17114.0 15.0
17142.0 28.0
17157.0 15.0
17185.0 28.0
17200.0 15.0
17228.0 28.0
17243.0 15.0
17271.0 28.0
17286.0 15.0
17314.0 28.0
17329.0 15.0
17357.0 28.0
17372.0 15.0
17400.0 28.0
17415.0 15.0
17443.0 28.0
17458.0 15.0
17486.0 28.0
17501.0 15.0
17529.0 28.0
17544.0 15.0
17572.0 28.0
17587.0 15.0
17615.0 28.0
17630.0 15.0
17658.0 28.0
17673.0 15.0
17701.0 28.0
17716.0 15.0
17744.0 28.0
17759.0 15.0
17787.0 28.0
17802.0 15.0
17830.0 28.0
17845.0 15.0
17873.0 28.0
17888.0 15.0
17916.0 28.0
17931.0 15.0
17959.0 28.0
17974.0 15.0
18002.0 28.0
18017.0 15.0
18045.0 28.0
18060.0 15.0
18088.0 28.0
18103.0 15.0
18131.0 28.0
18146.0 15.0
18174.0 28.0
18189.0 15.0
18217.0 28.0
18232.0 15.0
18260.0 28.0
18275.0 15.0
18303.0 28.0
18318.0 15.0
18346.0 28.0
18361.0 15.0
18389.0 28.0
18404.0 15.0
18432.0 28.0
18447.0 15.0
18475.0 28.0
18490.0 15.0
18518.0 28.0
18533.0 15.0
18561.0 28.0
18576.0 15.0
18604.0 28.0
18619.0 15.0
18647.0 28.0
18662.0 15.0
18690.0 28.0
18705.0 15.0
18733.0 28.0
18748.0 15.0
18776.0 28.0
18791.0 15.0
18819.0 28.0
18834.0 15.0
18862.0 28.0
18877.0 15.0
18905.0 28.0
18920.0 15.0
18948.0 28.0
18963.0 15.0
18991.0 28.0
19006.0 15.0
19034.0 28.0
19049.0 15.0
19077.0 28.0
19092.0 15.0
19120.0 28.0
19135.0 15.0
19163.0 28.0
19178.0 15.0
19206.0 28.0
19221.0 15.0
19249.0 28.0
19264.0 15.0
19292.0 28.0
19307.0 15.0
19335.0 28.0
19350.0 15.0
19378.0 28.0
19393.0 15.0
19421.0 28.0
19436.0 15.0
19464.0 28.0
19479.0 15.0
19507.0 28.0
19522.0 15.0
19550.0 28.0
19565.0 15.0
19593.0 28.0
19608.0 15.0
19636.0 28.0
19651.0 15.0
19679.0 28.0
19694.0 15.0
19722.0 28.0
19737.0 15.0
19765.0 28.0
19780.0 15.0
19808.0 28.0
19823.0 15.0
19851.0 28.0
19866.0 15.0
19894.0 28.0
19909.0 15.0
19937.0 28.0
19952.0 15.0
19980.0 28.0
19995.0 15.0
20023.0 28.0
20038.0 15.0
20066.0 28.0
20081.0 15.0
20109.0 28.0
20124.0 15.0
20152.0 28.0
20167.0 15.0
20195.0 28.0
20210.0 15.0
20238.0 28.0
20253.0 15.0
20281.0 28.0
20296.0 15.0
20324.0 28.0
20339.0 15.0
20367.0 28.0
20382.0 15.0
20410.0 28.0
20425.0 15.0
20453.0 28.0
20468.0 15.0
20496.0 28.0
20511.0 15.0
20539.0 28.0
20554.0 15.0
20582.0 28.0
20597.0 15.0
20625.0 28.0
20640.0 15.0
20668.0 28.0
20683.0 15.0
20711.0 28.0
20726.0 15.0
20754.0 28.0
20769.0 15.0
20797.0 28.0
20812.0 15.0
20840.0 28.0
20855.0 15.0
20883.0 28.0
20898.0 15.0
20926.0 28.0
20941.0 15.0
20969.0 28.0
20984.0 15.0
21012.0 28.0
21027.0 15.0
21055.0 28.0
21070.0 15.0
21098.0 28.0
21113.0 15.0
21141.0 28.0
21156.0 15.0
21184.0 28.0
21199.0 15.0
21227.0 28.0
21242.0 15.0
21270.0 28.0
21285.0 15.0
21313.0 28.0
21328.0 15.0
21356.0 28.0
21371.0 15.0
21399.0 28.0
21414.0 15.0
21442.0 28.0
21457.0 15.0
