3.0 3.0
11.0 3.0
19.0 3.0
27.0 3.0
35.0 3.0
43.0 3.0
51.0 3.0
59.0 3.0
67.0 3.0
75.0 3.0
83.0 3.0
91.0 3.0
99.0 3.0
107.0 3.0
115.0 3.0
123.0 3.0
131.0 3.0
139.0 3.0
147.0 3.0
155.0 3.0
163.0 3.0
171.0 3.0
179.0 3.0
187.0 3.0
195.0 3.0
203.0 3.0
211.0 3.0
219.0 3.0
227.0 3.0
235.0 3.0
243.0 3.0
251.0 3.0
259.0 3.0
267.0 3.0
275.0 3.0
283.0 3.0
291.0 3.0
299.0 3.0
307.0 3.0
315.0 3.0
323.0 3.0
331.0 3.0
339.0 3.0
347.0 3.0
355.0 3.0
363.0 3.0
371.0 3.0
379.0 3.0
387.0 3.0
395.0 3.0
403.0 3.0
411.0 3.0
419.0 3.0
427.0 3.0
435.0 3.0
443.0 3.0
451.0 3.0
459.0 3.0
467.0 3.0
475.0 3.0
483.0 3.0
491.0 3.0
499.0 3.0
507.0 3.0
515.0 3.0
523.0 3.0
531.0 3.0
539.0 3.0
547.0 3.0
555.0 3.0
563.0 3.0
571.0 3.0
579.0 3.0
587.0 3.0
595.0 3.0
603.0 3.0
611.0 3.0
619.0 3.0
627.0 3.0
635.0 3.0
643.0 3.0
651.0 3.0
659.0 3.0
667.0 3.0
675.0 3.0
683.0 3.0
691.0 3.0
699.0 3.0
707.0 3.0
715.0 3.0
723.0 3.0
731.0 3.0
739.0 3.0
747.0 3.0
755.0 3.0
763.0 3.0
771.0 3.0
779.0 3.0
787.0 3.0
795.0 3.0
803.0 3.0
811.0 3.0
819.0 3.0
827.0 3.0
835.0 3.0
843.0 3.0
851.0 3.0
859.0 3.0
867.0 3.0
875.0 3.0
883.0 3.0
891.0 3.0
899.0 3.0
907.0 3.0
915.0 3.0
923.0 3.0
931.0 3.0
939.0 3.0
947.0 3.0
955.0 3.0
963.0 3.0
971.0 3.0
979.0 3.0
987.0 3.0
995.0 3.0
1003.0 3.0
1011.0 3.0
1019.0 3.0
1027.0 3.0
1035.0 3.0
1043.0 3.0
1051.0 3.0
1059.0 3.0
1067.0 3.0
1075.0 3.0
1083.0 3.0
1091.0 3.0
1099.0 3.0
1107.0 3.0
1115.0 3.0
1123.0 3.0
1131.0 3.0
1139.0 3.0
1147.0 3.0
1155.0 3.0
1163.0 3.0
1171.0 3.0
1179.0 3.0
1187.0 3.0
1195.0 3.0
1203.0 3.0
1211.0 3.0
1219.0 3.0
1227.0 3.0
1235.0 3.0
1243.0 3.0
1251.0 3.0
1259.0 3.0
1267.0 3.0
1275.0 3.0
1283.0 3.0
1291.0 3.0
1299.0 3.0
1307.0 3.0
1315.0 3.0
1323.0 3.0
1331.0 3.0
1339.0 3.0
1347.0 3.0
1355.0 3.0
1363.0 3.0
1371.0 3.0
1379.0 3.0
1387.0 3.0
1395.0 3.0
1403.0 3.0
1411.0 3.0
1419.0 3.0
1427.0 3.0
1435.0 3.0
1443.0 3.0
1451.0 3.0
1459.0 3.0
1467.0 3.0
1475.0 3.0
1483.0 3.0
1491.0 3.0
1499.0 3.0
1507.0 3.0
1515.0 3.0
1523.0 3.0
1531.0 3.0
1539.0 3.0
1547.0 3.0
1555.0 3.0
1563.0 3.0
1571.0 3.0
1579.0 3.0
1587.0 3.0
1595.0 3.0
1603.0 3.0
1611.0 3.0
1619.0 3.0
1627.0 3.0
1635.0 3.0
1643.0 3.0
1651.0 3.0
1659.0 3.0
1667.0 3.0
1675.0 3.0
1683.0 3.0
1691.0 3.0
1699.0 3.0
1707.0 3.0
1715.0 3.0
1723.0 3.0
1731.0 3.0
1739.0 3.0
1747.0 3.0
1755.0 3.0
1763.0 3.0
1771.0 3.0
1779.0 3.0
1787.0 3.0
1795.0 3.0
1803.0 3.0
1811.0 3.0
1819.0 3.0
1827.0 3.0
1835.0 3.0
1843.0 3.0
1851.0 3.0
1859.0 3.0
1867.0 3.0
1875.0 3.0
1883.0 3.0
1891.0 3.0
1899.0 3.0
1907.0 3.0
1915.0 3.0
1923.0 3.0
1931.0 3.0
1939.0 3.0
1947.0 3.0
1955.0 3.0
1963.0 3.0
1971.0 3.0
1979.0 3.0
1987.0 3.0
1995.0 3.0
2003.0 3.0
2011.0 3.0
2019.0 3.0
2027.0 3.0
2035.0 3.0
2043.0 3.0
2051.0 3.0
2059.0 3.0
2067.0 3.0
2075.0 3.0
2083.0 3.0
2091.0 3.0
2099.0 3.0
2107.0 3.0
2115.0 3.0
2123.0 3.0
2131.0 3.0
2139.0 3.0
2147.0 3.0
2155.0 3.0
2163.0 3.0
2171.0 3.0
2179.0 3.0
2187.0 3.0
2195.0 3.0
2203.0 3.0
2211.0 3.0
2219.0 3.0
2227.0 3.0
2235.0 3.0
2243.0 3.0
2251.0 3.0
2259.0 3.0
2267.0 3.0
2275.0 3.0
2283.0 3.0
2291.0 3.0
2299.0 3.0
2307.0 3.0
2315.0 3.0
2323.0 3.0
2331.0 3.0
2339.0 3.0
2347.0 3.0
2355.0 3.0
2363.0 3.0
2371.0 3.0
2379.0 3.0
2387.0 3.0
2395.0 3.0
2403.0 3.0
2411.0 3.0
2419.0 3.0
2427.0 3.0
2435.0 3.0
2443.0 3.0
2451.0 3.0
2459.0 3.0
2467.0 3.0
2475.0 3.0
2483.0 3.0
2491.0 3.0
2499.0 3.0
2507.0 3.0
2515.0 3.0
2523.0 3.0
2531.0 3.0
2539.0 3.0
2547.0 3.0
2555.0 3.0
2563.0 3.0
2571.0 3.0
2579.0 3.0
2587.0 3.0
2595.0 3.0
2603.0 3.0
2611.0 3.0
2619.0 3.0
2627.0 3.0
2635.0 3.0
2643.0 3.0
2651.0 3.0
2659.0 3.0
2667.0 3.0
2675.0 3.0
2683.0 3.0
2691.0 3.0
2699.0 3.0
2707.0 3.0
2715.0 3.0
2723.0 3.0
2731.0 3.0
2739.0 3.0
2747.0 3.0
2755.0 3.0
2763.0 3.0
2771.0 3.0
2779.0 3.0
2787.0 3.0
2795.0 3.0
2803.0 3.0
2811.0 3.0
2819.0 3.0
2827.0 3.0
2835.0 3.0
2843.0 3.0
2851.0 3.0
2859.0 3.0
2867.0 3.0
2875.0 3.0
2883.0 3.0
2891.0 3.0
2899.0 3.0
2907.0 3.0
2915.0 3.0
2923.0 3.0
2931.0 3.0
2939.0 3.0
2947.0 3.0
2955.0 3.0
2963.0 3.0
2971.0 3.0
2979.0 3.0
2987.0 3.0
2995.0 3.0
3003.0 3.0
3011.0 3.0
3019.0 3.0
3027.0 3.0
3035.0 3.0
3043.0 3.0
3051.0 3.0
3059.0 3.0
3067.0 3.0
3075.0 3.0
3083.0 3.0
3091.0 3.0
3099.0 3.0
3107.0 3.0
3115.0 3.0
3123.0 3.0
3131.0 3.0
3139.0 3.0
3147.0 3.0
3155.0 3.0
3163.0 3.0
3171.0 3.0
3179.0 3.0
3187.0 3.0
3195.0 3.0
3203.0 3.0
3211.0 3.0
3219.0 3.0
3227.0 3.0
3235.0 3.0
3243.0 3.0
3251.0 3.0
3259.0 3.0
3267.0 3.0
3275.0 3.0
3283.0 3.0
3291.0 3.0
3299.0 3.0
3307.0 3.0
3315.0 3.0
3323.0 3.0
3331.0 3.0
3339.0 3.0
3347.0 3.0
3355.0 3.0
3363.0 3.0
3371.0 3.0
3379.0 3.0
3387.0 3.0
3395.0 3.0
3403.0 3.0
3411.0 3.0
3419.0 3.0
3427.0 3.0
3435.0 3.0
3443.0 3.0
3451.0 3.0
3459.0 3.0
3467.0 3.0
3475.0 3.0
3483.0 3.0
3491.0 3.0
3499.0 3.0
3507.0 3.0
3515.0 3.0
3523.0 3.0
3531.0 3.0
3539.0 3.0
3547.0 3.0
3555.0 3.0
3563.0 3.0
3571.0 3.0
3579.0 3.0
3587.0 3.0
3595.0 3.0
3603.0 3.0
3611.0 3.0
3619.0 3.0
3627.0 3.0
3635.0 3.0
3643.0 3.0
3651.0 3.0
3659.0 3.0
3667.0 3.0
3675.0 3.0
3683.0 3.0
3691.0 3.0
3699.0 3.0
3707.0 3.0
3715.0 3.0
3723.0 3.0
3731.0 3.0
3739.0 3.0
3747.0 3.0
3755.0 3.0
3763.0 3.0
3771.0 3.0
3779.0 3.0
3787.0 3.0
3795.0 3.0
3803.0 3.0
3811.0 3.0
3819.0 3.0
3827.0 3.0
3835.0 3.0
3843.0 3.0
3851.0 3.0
3859.0 3.0
3867.0 3.0
3875.0 3.0
3883.0 3.0
3891.0 3.0
3899.0 3.0
3907.0 3.0
3915.0 3.0
3923.0 3.0
3931.0 3.0
3939.0 3.0
3947.0 3.0
3955.0 3.0
3963.0 3.0
3971.0 3.0
3979.0 3.0
3987.0 3.0
3995.0 3.0
4003.0 3.0
4011.0 3.0
4019.0 3.0
4027.0 3.0
4035.0 3.0
4043.0 3.0
4051.0 3.0
4059.0 3.0
4067.0 3.0
4075.0 3.0
4083.0 3.0
4091.0 3.0
4099.0 3.0
4107.0 3.0
4115.0 3.0
4123.0 3.0
4131.0 3.0
4139.0 3.0
4147.0 3.0
4155.0 3.0
4163.0 3.0
4171.0 3.0
4179.0 3.0
4187.0 3.0
4195.0 3.0
4203.0 3.0
4211.0 3.0
4219.0 3.0
4227.0 3.0
4235.0 3.0
4243.0 3.0
4251.0 3.0
4259.0 3.0
4267.0 3.0
4275.0 3.0
4283.0 3.0
4291.0 3.0
4299.0 3.0
4307.0 3.0
4315.0 3.0
4323.0 3.0
4331.0 3.0
4339.0 3.0
4347.0 3.0
4355.0 3.0
4363.0 3.0
4371.0 3.0
4379.0 3.0
4387.0 3.0
4395.0 3.0
4403.0 3.0
4411.0 3.0
4419.0 3.0
4427.0 3.0
4435.0 3.0
4443.0 3.0
4451.0 3.0
4459.0 3.0
4467.0 3.0
4475.0 3.0
4483.0 3.0
4491.0 3.0
4499.0 3.0
4507.0 3.0
4515.0 3.0
4523.0 3.0
4531.0 3.0
4539.0 3.0
4547.0 3.0
4555.0 3.0
4563.0 3.0
4571.0 3.0
4579.0 3.0
4587.0 3.0
4595.0 3.0
4603.0 3.0
4611.0 3.0
4619.0 3.0
4627.0 3.0
4635.0 3.0
4643.0 3.0
4651.0 3.0
4659.0 3.0
4667.0 3.0
4675.0 3.0
4683.0 3.0
4691.0 3.0
4699.0 3.0
4707.0 3.0
4715.0 3.0
4723.0 3.0
4731.0 3.0
4739.0 3.0
4747.0 3.0
4755.0 3.0
4763.0 3.0
4771.0 3.0
4779.0 3.0
4787.0 3.0
4795.0 3.0
4803.0 3.0
4811.0 3.0
4819.0 3.0
4827.0 3.0
4835.0 3.0
4843.0 3.0
4851.0 3.0
4859.0 3.0
4867.0 3.0
4875.0 3.0
4883.0 3.0
4891.0 3.0
4899.0 3.0
4907.0 3.0
4915.0 3.0
4923.0 3.0
4931.0 3.0
4939.0 3.0
4947.0 3.0
4955.0 3.0
4963.0 3.0
4971.0 3.0
4979.0 3.0
4987.0 3.0
4995.0 3.0
5003.0 3.0
5011.0 3.0
5019.0 3.0
5027.0 3.0
5035.0 3.0
5043.0 3.0
5051.0 3.0
5059.0 3.0
5067.0 3.0
5075.0 3.0
5083.0 3.0
5091.0 3.0
5099.0 3.0
5107.0 3.0
5115.0 3.0
5123.0 3.0
5131.0 3.0
5139.0 3.0
5147.0 3.0
5155.0 3.0
5163.0 3.0
5171.0 3.0
5179.0 3.0
5187.0 3.0
5195.0 3.0
5203.0 3.0
5211.0 3.0
5219.0 3.0
5227.0 3.0
5235.0 3.0
5243.0 3.0
5251.0 3.0
5259.0 3.0
5267.0 3.0
5275.0 3.0
5283.0 3.0
5291.0 3.0
5299.0 3.0
5307.0 3.0
5315.0 3.0
5323.0 3.0
5331.0 3.0
5339.0 3.0
5347.0 3.0
5355.0 3.0
5363.0 3.0
5371.0 3.0
5379.0 3.0
5387.0 3.0
5395.0 3.0
5403.0 3.0
5411.0 3.0
5419.0 3.0
5427.0 3.0
5435.0 3.0
5443.0 3.0
5451.0 3.0
5459.0 3.0
5467.0 3.0
5475.0 3.0
5483.0 3.0
5491.0 3.0
5499.0 3.0
5507.0 3.0
5515.0 3.0
5523.0 3.0
5531.0 3.0
5539.0 3.0
5547.0 3.0
5555.0 3.0
5563.0 3.0
5571.0 3.0
5579.0 3.0
5587.0 3.0
5595.0 3.0
5603.0 3.0
5611.0 3.0
5619.0 3.0
5627.0 3.0
5635.0 3.0
5643.0 3.0
5651.0 3.0
5659.0 3.0
5667.0 3.0
5675.0 3.0
5683.0 3.0
5691.0 3.0
5699.0 3.0
5707.0 3.0
5715.0 3.0
5723.0 3.0
5731.0 3.0
5739.0 3.0
5747.0 3.0
5755.0 3.0
5763.0 3.0
5771.0 3.0
5779.0 3.0
5787.0 3.0
5795.0 3.0
5803.0 3.0
5811.0 3.0
5819.0 3.0
5827.0 3.0
5835.0 3.0
5843.0 3.0
5851.0 3.0
5859.0 3.0
5867.0 3.0
5875.0 3.0
5883.0 3.0
5891.0 3.0
5899.0 3.0
5907.0 3.0
5915.0 3.0
5923.0 3.0
5931.0 3.0
5939.0 3.0
5947.0 3.0
5955.0 3.0
5963.0 3.0
5971.0 3.0
5979.0 3.0
5987.0 3.0
5995.0 3.0
6003.0 3.0
6011.0 3.0
6019.0 3.0
6027.0 3.0
6035.0 3.0
6043.0 3.0
6051.0 3.0
6059.0 3.0
6067.0 3.0
6075.0 3.0
6083.0 3.0
6091.0 3.0
6099.0 3.0
6107.0 3.0
6115.0 3.0
6123.0 3.0
6131.0 3.0
6139.0 3.0
6147.0 3.0
6155.0 3.0
6163.0 3.0
6171.0 3.0
6179.0 3.0
6187.0 3.0
6195.0 3.0
6203.0 3.0
6211.0 3.0
6219.0 3.0
6227.0 3.0
6235.0 3.0
6243.0 3.0
6251.0 3.0
6259.0 3.0
6267.0 3.0
6275.0 3.0
6283.0 3.0
6291.0 3.0
6299.0 3.0
6307.0 3.0
6315.0 3.0
6323.0 3.0
6331.0 3.0
6339.0 3.0
6347.0 3.0
6355.0 3.0
6363.0 3.0
6371.0 3.0
6379.0 3.0
6387.0 3.0
6395.0 3.0
6403.0 3.0
6411.0 3.0
6419.0 3.0
6427.0 3.0
6435.0 3.0
6443.0 3.0
6451.0 3.0
6459.0 3.0
6467.0 3.0
6475.0 3.0
6483.0 3.0
6491.0 3.0
6499.0 3.0
6507.0 3.0
6515.0 3.0
6523.0 3.0
6531.0 3.0
6539.0 3.0
6547.0 3.0
6555.0 3.0
6563.0 3.0
6571.0 3.0
6579.0 3.0
6587.0 3.0
6595.0 3.0
6603.0 3.0
6611.0 3.0
6619.0 3.0
6627.0 3.0
6635.0 3.0
6643.0 3.0
6651.0 3.0
6659.0 3.0
6667.0 3.0
6675.0 3.0
6683.0 3.0
6691.0 3.0
6699.0 3.0
6707.0 3.0
6715.0 3.0
6723.0 3.0
6731.0 3.0
6739.0 3.0
6747.0 3.0
6755.0 3.0
6763.0 3.0
6771.0 3.0
6779.0 3.0
6787.0 3.0
6795.0 3.0
6803.0 3.0
6811.0 3.0
6819.0 3.0
6827.0 3.0
6835.0 3.0
6843.0 3.0
6851.0 3.0
6859.0 3.0
6867.0 3.0
6875.0 3.0
6883.0 3.0
6891.0 3.0
6899.0 3.0
6907.0 3.0
6915.0 3.0
6923.0 3.0
6931.0 3.0
6939.0 3.0
6947.0 3.0
6955.0 3.0
6963.0 3.0
6971.0 3.0
6979.0 3.0
6987.0 3.0
6995.0 3.0
7003.0 3.0
7011.0 3.0
7019.0 3.0
7027.0 3.0
7035.0 3.0
7043.0 3.0
7051.0 3.0
7059.0 3.0
7067.0 3.0
7075.0 3.0
7083.0 3.0
7091.0 3.0
7099.0 3.0
7107.0 3.0
7115.0 3.0
7123.0 3.0
7131.0 3.0
7139.0 3.0
7147.0 3.0
7155.0 3.0
7163.0 3.0
7171.0 3.0
7179.0 3.0
7187.0 3.0
7195.0 3.0
7203.0 3.0
7211.0 3.0
7219.0 3.0
7227.0 3.0
7235.0 3.0
7243.0 3.0
7251.0 3.0
7259.0 3.0
7267.0 3.0
7275.0 3.0
7283.0 3.0
7291.0 3.0
7299.0 3.0
7307.0 3.0
7315.0 3.0
7323.0 3.0
7331.0 3.0
7339.0 3.0
7347.0 3.0
7355.0 3.0
7363.0 3.0
7371.0 3.0
7379.0 3.0
7387.0 3.0
7395.0 3.0
7403.0 3.0
7411.0 3.0
7419.0 3.0
7427.0 3.0
7435.0 3.0
7443.0 3.0
7451.0 3.0
7459.0 3.0
7467.0 3.0
7475.0 3.0
7483.0 3.0
7491.0 3.0
7499.0 3.0
7507.0 3.0
7515.0 3.0
7523.0 3.0
7531.0 3.0
7539.0 3.0
7547.0 3.0
7555.0 3.0
7563.0 3.0
7571.0 3.0
7579.0 3.0
7587.0 3.0
7595.0 3.0
7603.0 3.0
7611.0 3.0
7619.0 3.0
7627.0 3.0
7635.0 3.0
7643.0 3.0
7651.0 3.0
7659.0 3.0
7667.0 3.0
7675.0 3.0
7683.0 3.0
7691.0 3.0
7699.0 3.0
7707.0 3.0
7715.0 3.0
7723.0 3.0
7731.0 3.0
7739.0 3.0
7747.0 3.0
7755.0 3.0
7763.0 3.0
7771.0 3.0
7779.0 3.0
7787.0 3.0
7795.0 3.0
7803.0 3.0
7811.0 3.0
7819.0 3.0
7827.0 3.0
7835.0 3.0
7843.0 3.0
7851.0 3.0
7859.0 3.0
7867.0 3.0
7875.0 3.0
7883.0 3.0
7891.0 3.0
7899.0 3.0
7907.0 3.0
7915.0 3.0
7923.0 3.0
7931.0 3.0
7939.0 3.0
7947.0 3.0
7955.0 3.0
7963.0 3.0
7971.0 3.0
7979.0 3.0
7987.0 3.0
7995.0 3.0
8003.0 3.0
8011.0 3.0
8019.0 3.0
8027.0 3.0
8035.0 3.0
8043.0 3.0
8051.0 3.0
8059.0 3.0
8067.0 3.0
8075.0 3.0
8083.0 3.0
8091.0 3.0
8099.0 3.0
8107.0 3.0
8115.0 3.0
8123.0 3.0
8131.0 3.0
8139.0 3.0
8147.0 3.0
8155.0 3.0
8163.0 3.0
8171.0 3.0
8179.0 3.0
8187.0 3.0
8195.0 3.0
8203.0 3.0
8211.0 3.0
8219.0 3.0
8227.0 3.0
8235.0 3.0
8243.0 3.0
8251.0 3.0
8259.0 3.0
8267.0 3.0
8275.0 3.0
8283.0 3.0
8291.0 3.0
8299.0 3.0
8307.0 3.0
8315.0 3.0
8323.0 3.0
8331.0 3.0
8339.0 3.0
8347.0 3.0
8355.0 3.0
8363.0 3.0
8371.0 3.0
8379.0 3.0
8387.0 3.0
8395.0 3.0
8403.0 3.0
8411.0 3.0
8419.0 3.0
8427.0 3.0
8435.0 3.0
8443.0 3.0
8451.0 3.0
8459.0 3.0
8467.0 3.0
8475.0 3.0
8483.0 3.0
8491.0 3.0
8499.0 3.0
8507.0 3.0
8515.0 3.0
8523.0 3.0
8531.0 3.0
8539.0 3.0
8547.0 3.0
8555.0 3.0
8563.0 3.0
8571.0 3.0
8579.0 3.0
8587.0 3.0
8595.0 3.0
8603.0 3.0
8611.0 3.0
8619.0 3.0
8627.0 3.0
8635.0 3.0
8643.0 3.0
8651.0 3.0
8659.0 3.0
8667.0 3.0
8675.0 3.0
8683.0 3.0
8691.0 3.0
8699.0 3.0
8707.0 3.0
8715.0 3.0
8723.0 3.0
8731.0 3.0
8739.0 3.0
8747.0 3.0
8755.0 3.0
8763.0 3.0
8771.0 3.0
8779.0 3.0
8787.0 3.0
8795.0 3.0
8803.0 3.0
8811.0 3.0
8819.0 3.0
8827.0 3.0
8835.0 3.0
8843.0 3.0
8851.0 3.0
8859.0 3.0
8867.0 3.0
8875.0 3.0
8883.0 3.0
8891.0 3.0
8899.0 3.0
8907.0 3.0
8915.0 3.0
8923.0 3.0
8931.0 3.0
8939.0 3.0
8947.0 3.0
8955.0 3.0
8963.0 3.0
8971.0 3.0
8979.0 3.0
8987.0 3.0
8995.0 3.0
9003.0 3.0
9011.0 3.0
9019.0 3.0
9027.0 3.0
9035.0 3.0
9043.0 3.0
9051.0 3.0
9059.0 3.0
9067.0 3.0
9075.0 3.0
9083.0 3.0
9091.0 3.0
9099.0 3.0
9107.0 3.0
9115.0 3.0
9123.0 3.0
9131.0 3.0
9139.0 3.0
9147.0 3.0
9155.0 3.0
9163.0 3.0
9171.0 3.0
9179.0 3.0
9187.0 3.0
9195.0 3.0
9203.0 3.0
9211.0 3.0
9219.0 3.0
9227.0 3.0
9235.0 3.0
9243.0 3.0
9251.0 3.0
9259.0 3.0
9267.0 3.0
9275.0 3.0
9283.0 3.0
9291.0 3.0
9299.0 3.0
9307.0 3.0
9315.0 3.0
9323.0 3.0
9331.0 3.0
9339.0 3.0
9347.0 3.0
9355.0 3.0
9363.0 3.0
9371.0 3.0
9379.0 3.0
9387.0 3.0
9395.0 3.0
9403.0 3.0
9411.0 3.0
9419.0 3.0
9427.0 3.0
9435.0 3.0
9443.0 3.0
9451.0 3.0
9459.0 3.0
9467.0 3.0
9475.0 3.0
9483.0 3.0
9491.0 3.0
9499.0 3.0
9507.0 3.0
9515.0 3.0
9523.0 3.0
9531.0 3.0
9539.0 3.0
9547.0 3.0
9555.0 3.0
9563.0 3.0
9571.0 3.0
9579.0 3.0
9587.0 3.0
9595.0 3.0
9603.0 3.0
9611.0 3.0
9619.0 3.0
9627.0 3.0
9635.0 3.0
9643.0 3.0
9651.0 3.0
9659.0 3.0
9667.0 3.0
9675.0 3.0
9683.0 3.0
9691.0 3.0
9699.0 3.0
9707.0 3.0
9715.0 3.0
9723.0 3.0
9731.0 3.0
9739.0 3.0
9747.0 3.0
9755.0 3.0
9763.0 3.0
9771.0 3.0
9779.0 3.0
9787.0 3.0
9795.0 3.0
9803.0 3.0
9811.0 3.0
9819.0 3.0
9827.0 3.0
9835.0 3.0
9843.0 3.0
9851.0 3.0
9859.0 3.0
9867.0 3.0
9875.0 3.0
9883.0 3.0
9891.0 3.0
9899.0 3.0
9907.0 3.0
9915.0 3.0
9923.0 3.0
9931.0 3.0
9939.0 3.0
9947.0 3.0
9955.0 3.0
9963.0 3.0
9971.0 3.0
9979.0 3.0
9987.0 3.0
9995.0 3.0
10003.0 3.0
10011.0 3.0
10019.0 3.0
10027.0 3.0
10035.0 3.0
10043.0 3.0
10051.0 3.0
10059.0 3.0
10067.0 3.0
10075.0 3.0
10083.0 3.0
10091.0 3.0
10099.0 3.0
10107.0 3.0
10115.0 3.0
10123.0 3.0
10131.0 3.0
10139.0 3.0
10147.0 3.0
10155.0 3.0
10163.0 3.0
10171.0 3.0
10179.0 3.0
10187.0 3.0
10195.0 3.0
10203.0 3.0
10211.0 3.0
10219.0 3.0
10227.0 3.0
10235.0 3.0
10243.0 3.0
10251.0 3.0
10259.0 3.0
10267.0 3.0
10275.0 3.0
10283.0 3.0
10291.0 3.0
10299.0 3.0
10307.0 3.0
10315.0 3.0
10323.0 3.0
10331.0 3.0
10339.0 3.0
10347.0 3.0
10355.0 3.0
10363.0 3.0
10371.0 3.0
10379.0 3.0
10387.0 3.0
10395.0 3.0
10403.0 3.0
10411.0 3.0
10419.0 3.0
10427.0 3.0
10435.0 3.0
10443.0 3.0
10451.0 3.0
10459.0 3.0
10467.0 3.0
10475.0 3.0
10483.0 3.0
10491.0 3.0
10499.0 3.0
10507.0 3.0
10515.0 3.0
10523.0 3.0
10531.0 3.0
10539.0 3.0
10547.0 3.0
10555.0 3.0
10563.0 3.0
10571.0 3.0
10579.0 3.0
10587.0 3.0
10595.0 3.0
10603.0 3.0
10611.0 3.0
10619.0 3.0
10627.0 3.0
10635.0 3.0
10643.0 3.0
10651.0 3.0
10659.0 3.0
10667.0 3.0
10675.0 3.0
10683.0 3.0
10691.0 3.0
10699.0 3.0
10707.0 3.0
10715.0 3.0
10723.0 3.0
10731.0 3.0
10739.0 3.0
10747.0 3.0
10755.0 3.0
10763.0 3.0
10771.0 3.0
10779.0 3.0
10787.0 3.0
10795.0 3.0
10803.0 3.0
10811.0 3.0
10819.0 3.0
10827.0 3.0
10835.0 3.0
10843.0 3.0
10851.0 3.0
10859.0 3.0
10867.0 3.0
10875.0 3.0
10883.0 3.0
10891.0 3.0
10899.0 3.0
10907.0 3.0
10915.0 3.0
10923.0 3.0
10931.0 3.0
10939.0 3.0
10947.0 3.0
10955.0 3.0
10963.0 3.0
10971.0 3.0
10979.0 3.0
10987.0 3.0
10995.0 3.0
11003.0 3.0
11011.0 3.0
11019.0 3.0
11027.0 3.0
11035.0 3.0
11043.0 3.0
11051.0 3.0
11059.0 3.0
11067.0 3.0
11075.0 3.0
11083.0 3.0
11091.0 3.0
11099.0 3.0
11107.0 3.0
11115.0 3.0
11123.0 3.0
11131.0 3.0
11139.0 3.0
11147.0 3.0
11155.0 3.0
11163.0 3.0
11171.0 3.0
11179.0 3.0
11187.0 3.0
11195.0 3.0
11203.0 3.0
11211.0 3.0
11219.0 3.0
11227.0 3.0
11235.0 3.0
11243.0 3.0
11251.0 3.0
11259.0 3.0
11267.0 3.0
11275.0 3.0
11283.0 3.0
11291.0 3.0
11299.0 3.0
11307.0 3.0
11315.0 3.0
11323.0 3.0
11331.0 3.0
11339.0 3.0
11347.0 3.0
11355.0 3.0
11363.0 3.0
11371.0 3.0
11379.0 3.0
11387.0 3.0
11395.0 3.0
11403.0 3.0
11411.0 3.0
11419.0 3.0
11427.0 3.0
11435.0 3.0
11443.0 3.0
11451.0 3.0
11459.0 3.0
11467.0 3.0
11475.0 3.0
11483.0 3.0
11491.0 3.0
11499.0 3.0
11507.0 3.0
11515.0 3.0
11523.0 3.0
11531.0 3.0
11539.0 3.0
11547.0 3.0
11555.0 3.0
11563.0 3.0
11571.0 3.0
11579.0 3.0
11587.0 3.0
11595.0 3.0
11603.0 3.0
11611.0 3.0
11619.0 3.0
11627.0 3.0
11635.0 3.0
11643.0 3.0
11651.0 3.0
11659.0 3.0
11667.0 3.0
11675.0 3.0
11683.0 3.0
11691.0 3.0
11699.0 3.0
11707.0 3.0
11715.0 3.0
11723.0 3.0
11731.0 3.0
11739.0 3.0
11747.0 3.0
11755.0 3.0
11763.0 3.0
11771.0 3.0
11779.0 3.0
11787.0 3.0
11795.0 3.0
11803.0 3.0
11811.0 3.0
11819.0 3.0
11827.0 3.0
11835.0 3.0
11843.0 3.0
11851.0 3.0
11859.0 3.0
11867.0 3.0
11875.0 3.0
11883.0 3.0
11891.0 3.0
11899.0 3.0
11907.0 3.0
11915.0 3.0
11923.0 3.0
11931.0 3.0
11939.0 3.0
11947.0 3.0
11955.0 3.0
11963.0 3.0
11971.0 3.0
11979.0 3.0
11987.0 3.0
11995.0 3.0
12003.0 3.0
12011.0 3.0
12019.0 3.0
12027.0 3.0
12035.0 3.0
12043.0 3.0
12051.0 3.0
12059.0 3.0
12067.0 3.0
12075.0 3.0
12083.0 3.0
12091.0 3.0
12099.0 3.0
12107.0 3.0
12115.0 3.0
12123.0 3.0
12131.0 3.0
12139.0 3.0
12147.0 3.0
12155.0 3.0
12163.0 3.0
12171.0 3.0
12179.0 3.0
12187.0 3.0
12195.0 3.0
12203.0 3.0
12211.0 3.0
12219.0 3.0
12227.0 3.0
12235.0 3.0
12243.0 3.0
12251.0 3.0
12259.0 3.0
12267.0 3.0
12275.0 3.0
12283.0 3.0
12291.0 3.0
12299.0 3.0
12307.0 3.0
12315.0 3.0
12323.0 3.0
12331.0 3.0
12339.0 3.0
12347.0 3.0
12355.0 3.0
12363.0 3.0
12371.0 3.0
12379.0 3.0
12387.0 3.0
12395.0 3.0
12403.0 3.0
12411.0 3.0
12419.0 3.0
12427.0 3.0
12435.0 3.0
12443.0 3.0
12451.0 3.0
12459.0 3.0
12467.0 3.0
12475.0 3.0
12483.0 3.0
12491.0 3.0
12499.0 3.0
12507.0 3.0
12515.0 3.0
12523.0 3.0
12531.0 3.0
12539.0 3.0
12547.0 3.0
12555.0 3.0
12563.0 3.0
12571.0 3.0
12579.0 3.0
12587.0 3.0
12595.0 3.0
12603.0 3.0
12611.0 3.0
12619.0 3.0
12627.0 3.0
12635.0 3.0
12643.0 3.0
12651.0 3.0
12659.0 3.0
12667.0 3.0
12675.0 3.0
12683.0 3.0
12691.0 3.0
12699.0 3.0
12707.0 3.0
12715.0 3.0
12723.0 3.0
12731.0 3.0
12739.0 3.0
12747.0 3.0
12755.0 3.0
12763.0 3.0
12771.0 3.0
12779.0 3.0
12787.0 3.0
12795.0 3.0
12803.0 3.0
12811.0 3.0
12819.0 3.0
12827.0 3.0
12835.0 3.0
12843.0 3.0
12851.0 3.0
12859.0 3.0
12867.0 3.0
12875.0 3.0
12883.0 3.0
12891.0 3.0
12899.0 3.0
12907.0 3.0
12915.0 3.0
12923.0 3.0
12931.0 3.0
12939.0 3.0
12947.0 3.0
12955.0 3.0
12963.0 3.0
12971.0 3.0
12979.0 3.0
12987.0 3.0
12995.0 3.0
13003.0 3.0
13011.0 3.0
13019.0 3.0
13027.0 3.0
13035.0 3.0
13043.0 3.0
13051.0 3.0
13059.0 3.0
13067.0 3.0
13075.0 3.0
13083.0 3.0
13091.0 3.0
13099.0 3.0
13107.0 3.0
13115.0 3.0
13123.0 3.0
13131.0 3.0
13139.0 3.0
13147.0 3.0
13155.0 3.0
13163.0 3.0
13171.0 3.0
13179.0 3.0
13187.0 3.0
13195.0 3.0
13203.0 3.0
13211.0 3.0
13219.0 3.0
13227.0 3.0
13235.0 3.0
13243.0 3.0
13251.0 3.0
13259.0 3.0
13267.0 3.0
13275.0 3.0
13283.0 3.0
13291.0 3.0
13299.0 3.0
13307.0 3.0
13315.0 3.0
13323.0 3.0
13331.0 3.0
13339.0 3.0
13347.0 3.0
13355.0 3.0
13363.0 3.0
13371.0 3.0
13379.0 3.0
13387.0 3.0
13395.0 3.0
13403.0 3.0
13411.0 3.0
13419.0 3.0
13427.0 3.0
13435.0 3.0
13443.0 3.0
13451.0 3.0
13459.0 3.0
13467.0 3.0
13475.0 3.0
13483.0 3.0
13491.0 3.0
13499.0 3.0
13507.0 3.0
13515.0 3.0
13523.0 3.0
13531.0 3.0
13539.0 3.0
13547.0 3.0
13555.0 3.0
13563.0 3.0
13571.0 3.0
13579.0 3.0
13587.0 3.0
13595.0 3.0
13603.0 3.0
13611.0 3.0
13619.0 3.0
13627.0 3.0
13635.0 3.0
13643.0 3.0
13651.0 3.0
13659.0 3.0
13667.0 3.0
13675.0 3.0
13683.0 3.0
13691.0 3.0
13699.0 3.0
13707.0 3.0
13715.0 3.0
13723.0 3.0
13731.0 3.0
13739.0 3.0
13747.0 3.0
13755.0 3.0
13763.0 3.0
13771.0 3.0
13779.0 3.0
13787.0 3.0
13795.0 3.0
13803.0 3.0
13811.0 3.0
13819.0 3.0
13827.0 3.0
13835.0 3.0
13843.0 3.0
13851.0 3.0
13859.0 3.0
13867.0 3.0
13875.0 3.0
13883.0 3.0
13891.0 3.0
13899.0 3.0
13907.0 3.0
13915.0 3.0
13923.0 3.0
13931.0 3.0
13939.0 3.0
13947.0 3.0
13955.0 3.0
13963.0 3.0
13971.0 3.0
13979.0 3.0
13987.0 3.0
13995.0 3.0
14003.0 3.0
14011.0 3.0
14019.0 3.0
14027.0 3.0
14035.0 3.0
14043.0 3.0
14051.0 3.0
14059.0 3.0
14067.0 3.0
14075.0 3.0
14083.0 3.0
14091.0 3.0
14099.0 3.0
14107.0 3.0
14115.0 3.0
14123.0 3.0
14131.0 3.0
14139.0 3.0
14147.0 3.0
14155.0 3.0
14163.0 3.0
14171.0 3.0
14179.0 3.0
14187.0 3.0
14195.0 3.0
14203.0 3.0
14211.0 3.0
14219.0 3.0
14227.0 3.0
14235.0 3.0
14243.0 3.0
14251.0 3.0
14259.0 3.0
14267.0 3.0
14275.0 3.0
14283.0 3.0
14291.0 3.0
14299.0 3.0
14307.0 3.0
14315.0 3.0
14323.0 3.0
14331.0 3.0
14339.0 3.0
14347.0 3.0
14355.0 3.0
14363.0 3.0
14371.0 3.0
14379.0 3.0
14387.0 3.0
14395.0 3.0
14403.0 3.0
14411.0 3.0
14419.0 3.0
14427.0 3.0
14435.0 3.0
14443.0 3.0
14451.0 3.0
14459.0 3.0
14467.0 3.0
14475.0 3.0
14483.0 3.0
14491.0 3.0
14499.0 3.0
14507.0 3.0
14515.0 3.0
14523.0 3.0
14531.0 3.0
14539.0 3.0
14547.0 3.0
14555.0 3.0
14563.0 3.0
14571.0 3.0
14579.0 3.0
14587.0 3.0
14595.0 3.0
14603.0 3.0
14611.0 3.0
14619.0 3.0
14627.0 3.0
14635.0 3.0
14643.0 3.0
14651.0 3.0
14659.0 3.0
14667.0 3.0
14675.0 3.0
14683.0 3.0
14691.0 3.0
14699.0 3.0
14707.0 3.0
14715.0 3.0
14723.0 3.0
14731.0 3.0
14739.0 3.0
14747.0 3.0
14755.0 3.0
14763.0 3.0
14771.0 3.0
14779.0 3.0
14787.0 3.0
14795.0 3.0
14803.0 3.0
14811.0 3.0
14819.0 3.0
14827.0 3.0
14835.0 3.0
14843.0 3.0
14851.0 3.0
14859.0 3.0
14867.0 3.0
14875.0 3.0
14883.0 3.0
14891.0 3.0
14899.0 3.0
14907.0 3.0
14915.0 3.0
14923.0 3.0
14931.0 3.0
14939.0 3.0
14947.0 3.0
14955.0 3.0
14963.0 3.0
14971.0 3.0
14979.0 3.0
14987.0 3.0
14995.0 3.0
15003.0 3.0
15011.0 3.0
15019.0 3.0
15027.0 3.0
15035.0 3.0
15043.0 3.0
15051.0 3.0
15059.0 3.0
15067.0 3.0
15075.0 3.0
15083.0 3.0
15091.0 3.0
15099.0 3.0
15107.0 3.0
15115.0 3.0
15123.0 3.0
15131.0 3.0
15139.0 3.0
15147.0 3.0
15155.0 3.0
15163.0 3.0
15171.0 3.0
15179.0 3.0
15187.0 3.0
15195.0 3.0
15203.0 3.0
15211.0 3.0
15219.0 3.0
15227.0 3.0
15235.0 3.0
15243.0 3.0
15251.0 3.0
15259.0 3.0
15267.0 3.0
15275.0 3.0
15283.0 3.0
15291.0 3.0
15299.0 3.0
15307.0 3.0
15315.0 3.0
15323.0 3.0
15331.0 3.0
15339.0 3.0
15347.0 3.0
15355.0 3.0
15363.0 3.0
15371.0 3.0
15379.0 3.0
15387.0 3.0
15395.0 3.0
15403.0 3.0
15411.0 3.0
15419.0 3.0
15427.0 3.0
15435.0 3.0
15443.0 3.0
15451.0 3.0
15459.0 3.0
15467.0 3.0
15475.0 3.0
15483.0 3.0
15491.0 3.0
15499.0 3.0
15507.0 3.0
15515.0 3.0
15523.0 3.0
15531.0 3.0
15539.0 3.0
15547.0 3.0
15555.0 3.0
15563.0 3.0
15571.0 3.0
15579.0 3.0
15587.0 3.0
15595.0 3.0
15603.0 3.0
15611.0 3.0
15619.0 3.0
15627.0 3.0
15635.0 3.0
15643.0 3.0
15651.0 3.0
15659.0 3.0
15667.0 3.0
15675.0 3.0
15683.0 3.0
15691.0 3.0
15699.0 3.0
15707.0 3.0
15715.0 3.0
15723.0 3.0
15731.0 3.0
15739.0 3.0
15747.0 3.0
15755.0 3.0
15763.0 3.0
15771.0 3.0
15779.0 3.0
15787.0 3.0
15795.0 3.0
15803.0 3.0
15811.0 3.0
15819.0 3.0
15827.0 3.0
15835.0 3.0
15843.0 3.0
15851.0 3.0
15859.0 3.0
15867.0 3.0
15875.0 3.0
15883.0 3.0
15891.0 3.0
15899.0 3.0
15907.0 3.0
15915.0 3.0
15923.0 3.0
15931.0 3.0
15939.0 3.0
15947.0 3.0
15955.0 3.0
15963.0 3.0
15971.0 3.0
15979.0 3.0
15987.0 3.0
15995.0 3.0
16003.0 3.0
16011.0 3.0
16019.0 3.0
16027.0 3.0
16035.0 3.0
16043.0 3.0
16051.0 3.0
16059.0 3.0
16067.0 3.0
16075.0 3.0
16083.0 3.0
16091.0 3.0
16099.0 3.0
16107.0 3.0
16115.0 3.0
16123.0 3.0
16131.0 3.0
16139.0 3.0
16147.0 3.0
16155.0 3.0
16163.0 3.0
16171.0 3.0
16179.0 3.0
16187.0 3.0
16195.0 3.0
16203.0 3.0
16211.0 3.0
16219.0 3.0
16227.0 3.0
16235.0 3.0
16243.0 3.0
16251.0 3.0
16259.0 3.0
16267.0 3.0
16275.0 3.0
16283.0 3.0
16291.0 3.0
16299.0 3.0
16307.0 3.0
16315.0 3.0
16323.0 3.0
16331.0 3.0
16339.0 3.0
16347.0 3.0
16355.0 3.0
16363.0 3.0
16371.0 3.0
16379.0 3.0
16387.0 3.0
16395.0 3.0
16403.0 3.0
16411.0 3.0
16419.0 3.0
16427.0 3.0
16435.0 3.0
16443.0 3.0
16451.0 3.0
16459.0 3.0
16467.0 3.0
16475.0 3.0
16483.0 3.0
16491.0 3.0
16499.0 3.0
16507.0 3.0
16515.0 3.0
16523.0 3.0
16531.0 3.0
16539.0 3.0
16547.0 3.0
16555.0 3.0
16563.0 3.0
16571.0 3.0
16579.0 3.0
16587.0 3.0
16595.0 3.0
16603.0 3.0
16611.0 3.0
16619.0 3.0
16627.0 3.0
16635.0 3.0
16643.0 3.0
16651.0 3.0
16659.0 3.0
16667.0 3.0
16675.0 3.0
16683.0 3.0
16691.0 3.0
16699.0 3.0
16707.0 3.0
16715.0 3.0
16723.0 3.0
16731.0 3.0
16739.0 3.0
16747.0 3.0
16755.0 3.0
16763.0 3.0
16771.0 3.0
16779.0 3.0
16787.0 3.0
16795.0 3.0
16803.0 3.0
16811.0 3.0
16819.0 3.0
16827.0 3.0
16835.0 3.0
16843.0 3.0
16851.0 3.0
16859.0 3.0
16867.0 3.0
16875.0 3.0
16883.0 3.0
16891.0 3.0
16899.0 3.0
16907.0 3.0
16915.0 3.0
16923.0 3.0
16931.0 3.0
16939.0 3.0
16947.0 3.0
16955.0 3.0
16963.0 3.0
16971.0 3.0
16979.0 3.0
16987.0 3.0
16995.0 3.0
17003.0 3.0
17011.0 3.0
17019.0 3.0
17027.0 3.0
17035.0 3.0
17043.0 3.0
17051.0 3.0
17059.0 3.0
17067.0 3.0
17075.0 3.0
17083.0 3.0
17091.0 3.0
17099.0 3.0
17107.0 3.0
17115.0 3.0
17123.0 3.0
17131.0 3.0
17139.0 3.0
17147.0 3.0
17155.0 3.0
17163.0 3.0
17171.0 3.0
17179.0 3.0
17187.0 3.0
17195.0 3.0
17203.0 3.0
17211.0 3.0
17219.0 3.0
17227.0 3.0
17235.0 3.0
17243.0 3.0
17251.0 3.0
17259.0 3.0
17267.0 3.0
17275.0 3.0
17283.0 3.0
17291.0 3.0
17299.0 3.0
17307.0 3.0
17315.0 3.0
17323.0 3.0
17331.0 3.0
17339.0 3.0
17347.0 3.0
17355.0 3.0
17363.0 3.0
17371.0 3.0
17379.0 3.0
17387.0 3.0
17395.0 3.0
17403.0 3.0
17411.0 3.0
17419.0 3.0
17427.0 3.0
17435.0 3.0
17443.0 3.0
17451.0 3.0
17459.0 3.0
17467.0 3.0
17475.0 3.0
17483.0 3.0
17491.0 3.0
17499.0 3.0
17507.0 3.0
17515.0 3.0
17523.0 3.0
17531.0 3.0
17539.0 3.0
17547.0 3.0
17555.0 3.0
17563.0 3.0
17571.0 3.0
17579.0 3.0
17587.0 3.0
17595.0 3.0
17603.0 3.0
17611.0 3.0
17619.0 3.0
17627.0 3.0
17635.0 3.0
17643.0 3.0
17651.0 3.0
17659.0 3.0
17667.0 3.0
17675.0 3.0
17683.0 3.0
17691.0 3.0
17699.0 3.0
17707.0 3.0
17715.0 3.0
17723.0 3.0
17731.0 3.0
17739.0 3.0
17747.0 3.0
17755.0 3.0
17763.0 3.0
17771.0 3.0
17779.0 3.0
17787.0 3.0
17795.0 3.0
17803.0 3.0
17811.0 3.0
17819.0 3.0
17827.0 3.0
17835.0 3.0
17843.0 3.0
17851.0 3.0
17859.0 3.0
17867.0 3.0
17875.0 3.0
17883.0 3.0
17891.0 3.0
17899.0 3.0
17907.0 3.0
17915.0 3.0
17923.0 3.0
17931.0 3.0
17939.0 3.0
17947.0 3.0
17955.0 3.0
17963.0 3.0
17971.0 3.0
17979.0 3.0
17987.0 3.0
17995.0 3.0
18003.0 3.0
18011.0 3.0
18019.0 3.0
18027.0 3.0
18035.0 3.0
18043.0 3.0
18051.0 3.0
18059.0 3.0
18067.0 3.0
18075.0 3.0
18083.0 3.0
18091.0 3.0
18099.0 3.0
18107.0 3.0
18115.0 3.0
18123.0 3.0
18131.0 3.0
18139.0 3.0
18147.0 3.0
18155.0 3.0
18163.0 3.0
18171.0 3.0
18179.0 3.0
18187.0 3.0
18195.0 3.0
18203.0 3.0
18211.0 3.0
18219.0 3.0
18227.0 3.0
18235.0 3.0
18243.0 3.0
18251.0 3.0
18259.0 3.0
18267.0 3.0
18275.0 3.0
18283.0 3.0
18291.0 3.0
18299.0 3.0
18307.0 3.0
18315.0 3.0
18323.0 3.0
18331.0 3.0
18339.0 3.0
18347.0 3.0
18355.0 3.0
18363.0 3.0
18371.0 3.0
18379.0 3.0
18387.0 3.0
18395.0 3.0
18403.0 3.0
18411.0 3.0
18419.0 3.0
18427.0 3.0
18435.0 3.0
18443.0 3.0
18451.0 3.0
18459.0 3.0
18467.0 3.0
18475.0 3.0
18483.0 3.0
18491.0 3.0
18499.0 3.0
18507.0 3.0
18515.0 3.0
18523.0 3.0
18531.0 3.0
18539.0 3.0
18547.0 3.0
18555.0 3.0
18563.0 3.0
18571.0 3.0
18579.0 3.0
18587.0 3.0
18595.0 3.0
18603.0 3.0
18611.0 3.0
18619.0 3.0
18627.0 3.0
18635.0 3.0
18643.0 3.0
18651.0 3.0
18659.0 3.0
18667.0 3.0
18675.0 3.0
18683.0 3.0
18691.0 3.0
18699.0 3.0
18707.0 3.0
18715.0 3.0
18723.0 3.0
18731.0 3.0
18739.0 3.0
18747.0 3.0
18755.0 3.0
18763.0 3.0
18771.0 3.0
18779.0 3.0
18787.0 3.0
18795.0 3.0
18803.0 3.0
18811.0 3.0
18819.0 3.0
18827.0 3.0
18835.0 3.0
18843.0 3.0
18851.0 3.0
18859.0 3.0
18867.0 3.0
18875.0 3.0
18883.0 3.0
18891.0 3.0
18899.0 3.0
18907.0 3.0
18915.0 3.0
18923.0 3.0
18931.0 3.0
18939.0 3.0
18947.0 3.0
18955.0 3.0
18963.0 3.0
18971.0 3.0
18979.0 3.0
18987.0 3.0
18995.0 3.0
19003.0 3.0
19011.0 3.0
19019.0 3.0
19027.0 3.0
19035.0 3.0
19043.0 3.0
19051.0 3.0
19059.0 3.0
19067.0 3.0
19075.0 3.0
19083.0 3.0
19091.0 3.0
19099.0 3.0
19107.0 3.0
19115.0 3.0
19123.0 3.0
19131.0 3.0
19139.0 3.0
19147.0 3.0
19155.0 3.0
19163.0 3.0
19171.0 3.0
19179.0 3.0
19187.0 3.0
19195.0 3.0
19203.0 3.0
19211.0 3.0
19219.0 3.0
19227.0 3.0
19235.0 3.0
19243.0 3.0
19251.0 3.0
19259.0 3.0
19267.0 3.0
19275.0 3.0
19283.0 3.0
19291.0 3.0
19299.0 3.0
19307.0 3.0
19315.0 3.0
19323.0 3.0
19331.0 3.0
19339.0 3.0
19347.0 3.0
19355.0 3.0
19363.0 3.0
19371.0 3.0
19379.0 3.0
19387.0 3.0
19395.0 3.0
19403.0 3.0
19411.0 3.0
19419.0 3.0
19427.0 3.0
19435.0 3.0
19443.0 3.0
19451.0 3.0
19459.0 3.0
19467.0 3.0
19475.0 3.0
19483.0 3.0
19491.0 3.0
19499.0 3.0
19507.0 3.0
19515.0 3.0
19523.0 3.0
19531.0 3.0
19539.0 3.0
19547.0 3.0
19555.0 3.0
19563.0 3.0
19571.0 3.0
19579.0 3.0
19587.0 3.0
19595.0 3.0
19603.0 3.0
19611.0 3.0
19619.0 3.0
19627.0 3.0
19635.0 3.0
19643.0 3.0
19651.0 3.0
19659.0 3.0
19667.0 3.0
19675.0 3.0
19683.0 3.0
19691.0 3.0
19699.0 3.0
19707.0 3.0
19715.0 3.0
19723.0 3.0
19731.0 3.0
19739.0 3.0
19747.0 3.0
19755.0 3.0
19763.0 3.0
19771.0 3.0
19779.0 3.0
19787.0 3.0
19795.0 3.0
19803.0 3.0
19811.0 3.0
19819.0 3.0
19827.0 3.0
19835.0 3.0
19843.0 3.0
19851.0 3.0
19859.0 3.0
19867.0 3.0
19875.0 3.0
19883.0 3.0
19891.0 3.0
19899.0 3.0
19907.0 3.0
19915.0 3.0
19923.0 3.0
19931.0 3.0
19939.0 3.0
19947.0 3.0
19955.0 3.0
19963.0 3.0
19971.0 3.0
19979.0 3.0
19987.0 3.0
19995.0 3.0
20003.0 3.0
20011.0 3.0
20019.0 3.0
20027.0 3.0
20035.0 3.0
20043.0 3.0
20051.0 3.0
20059.0 3.0
20067.0 3.0
20075.0 3.0
20083.0 3.0
20091.0 3.0
20099.0 3.0
20107.0 3.0
20115.0 3.0
20123.0 3.0
20131.0 3.0
20139.0 3.0
20147.0 3.0
20155.0 3.0
20163.0 3.0
20171.0 3.0
20179.0 3.0
20187.0 3.0
20195.0 3.0
20203.0 3.0
20211.0 3.0
20219.0 3.0
20227.0 3.0
20235.0 3.0
20243.0 3.0
20251.0 3.0
20259.0 3.0
20267.0 3.0
20275.0 3.0
20283.0 3.0
20291.0 3.0
20299.0 3.0
20307.0 3.0
20315.0 3.0
20323.0 3.0
20331.0 3.0
20339.0 3.0
20347.0 3.0
20355.0 3.0
20363.0 3.0
20371.0 3.0
20379.0 3.0
20387.0 3.0
20395.0 3.0
20403.0 3.0
20411.0 3.0
20419.0 3.0
20427.0 3.0
20435.0 3.0
20443.0 3.0
20451.0 3.0
20459.0 3.0
20467.0 3.0
20475.0 3.0
20483.0 3.0
20491.0 3.0
20499.0 3.0
20507.0 3.0
20515.0 3.0
20523.0 3.0
20531.0 3.0
20539.0 3.0
20547.0 3.0
20555.0 3.0
20563.0 3.0
20571.0 3.0
20579.0 3.0
20587.0 3.0
20595.0 3.0
20603.0 3.0
20611.0 3.0
20619.0 3.0
20627.0 3.0
20635.0 3.0
20643.0 3.0
20651.0 3.0
20659.0 3.0
20667.0 3.0
20675.0 3.0
20683.0 3.0
20691.0 3.0
20699.0 3.0
20707.0 3.0
20715.0 3.0
20723.0 3.0
20731.0 3.0
20739.0 3.0
20747.0 3.0
20755.0 3.0
20763.0 3.0
20771.0 3.0
20779.0 3.0
20787.0 3.0
20795.0 3.0
20803.0 3.0
20811.0 3.0
20819.0 3.0
20827.0 3.0
20835.0 3.0
20843.0 3.0
20851.0 3.0
20859.0 3.0
20867.0 3.0
20875.0 3.0
20883.0 3.0
20891.0 3.0
20899.0 3.0
20907.0 3.0
20915.0 3.0
20923.0 3.0
20931.0 3.0
20939.0 3.0
20947.0 3.0
20955.0 3.0
20963.0 3.0
20971.0 3.0
20979.0 3.0
20987.0 3.0
20995.0 3.0
21003.0 3.0
21011.0 3.0
21019.0 3.0
21027.0 3.0
21035.0 3.0
21043.0 3.0
21051.0 3.0
21059.0 3.0
21067.0 3.0
21075.0 3.0
21083.0 3.0
21091.0 3.0
21099.0 3.0
21107.0 3.0
21115.0 3.0
21123.0 3.0
21131.0 3.0
21139.0 3.0
21147.0 3.0
21155.0 3.0
21163.0 3.0
21171.0 3.0
21179.0 3.0
21187.0 3.0
21195.0 3.0
21203.0 3.0
21211.0 3.0
21219.0 3.0
21227.0 3.0
21235.0 3.0
21243.0 3.0
21251.0 3.0
21259.0 3.0
21267.0 3.0
21275.0 3.0
21283.0 3.0
21291.0 3.0
21299.0 3.0
21307.0 3.0
21315.0 3.0
21323.0 3.0
21331.0 3.0
21339.0 3.0
21347.0 3.0
21355.0 3.0
21363.0 3.0
21371.0 3.0
21379.0 3.0
21387.0 3.0
21395.0 3.0
21403.0 3.0
21411.0 3.0
21419.0 3.0
21427.0 3.0
21435.0 3.0
21443.0 3.0
21451.0 3.0
21459.0 3.0
21467.0 3.0
21475.0 3.0
21483.0 3.0
21491.0 3.0
21499.0 3.0
21507.0 3.0
21515.0 3.0
21523.0 3.0
21531.0 3.0
21539.0 3.0
21547.0 3.0
21555.0 3.0
21563.0 3.0
21571.0 3.0
21579.0 3.0
21587.0 3.0
21595.0 3.0
21603.0 3.0
21611.0 3.0
21619.0 3.0
21627.0 3.0
21635.0 3.0
21643.0 3.0
21651.0 3.0
21659.0 3.0
21667.0 3.0
21675.0 3.0
21683.0 3.0
21691.0 3.0
21699.0 3.0
21707.0 3.0
21715.0 3.0
21723.0 3.0
21731.0 3.0
21739.0 3.0
21747.0 3.0
21755.0 3.0
21763.0 3.0
21771.0 3.0
21779.0 3.0
21787.0 3.0
21795.0 3.0
21803.0 3.0
21811.0 3.0
21819.0 3.0
21827.0 3.0
21835.0 3.0
21843.0 3.0
21851.0 3.0
21859.0 3.0
21867.0 3.0
21875.0 3.0
21883.0 3.0
21891.0 3.0
21899.0 3.0
21907.0 3.0
21915.0 3.0
21923.0 3.0
21931.0 3.0
21939.0 3.0
21947.0 3.0
21955.0 3.0
21963.0 3.0
21971.0 3.0
21979.0 3.0
21987.0 3.0
21995.0 3.0
22003.0 3.0
22011.0 3.0
22019.0 3.0
22027.0 3.0
22035.0 3.0
22043.0 3.0
22051.0 3.0
22059.0 3.0
22067.0 3.0
22075.0 3.0
22083.0 3.0
22091.0 3.0
22099.0 3.0
22107.0 3.0
22115.0 3.0
22123.0 3.0
22131.0 3.0
22139.0 3.0
22147.0 3.0
22155.0 3.0
22163.0 3.0
22171.0 3.0
22179.0 3.0
22187.0 3.0
22195.0 3.0
22203.0 3.0
22211.0 3.0
22219.0 3.0
22227.0 3.0
22235.0 3.0
22243.0 3.0
22251.0 3.0
22259.0 3.0
22267.0 3.0
22275.0 3.0
22283.0 3.0
22291.0 3.0
22299.0 3.0
22307.0 3.0
22315.0 3.0
22323.0 3.0
22331.0 3.0
22339.0 3.0
22347.0 3.0
22355.0 3.0
22363.0 3.0
22371.0 3.0
22379.0 3.0
22387.0 3.0
22395.0 3.0
22403.0 3.0
22411.0 3.0
22419.0 3.0
22427.0 3.0
22435.0 3.0
22443.0 3.0
22451.0 3.0
22459.0 3.0
22467.0 3.0
22475.0 3.0
22483.0 3.0
22491.0 3.0
22499.0 3.0
22507.0 3.0
22515.0 3.0
22523.0 3.0
22531.0 3.0
22539.0 3.0
22547.0 3.0
22555.0 3.0
22563.0 3.0
22571.0 3.0
22579.0 3.0
22587.0 3.0
22595.0 3.0
22603.0 3.0
22611.0 3.0
22619.0 3.0
22627.0 3.0
22635.0 3.0
22643.0 3.0
22651.0 3.0
22659.0 3.0
22667.0 3.0
22675.0 3.0
22683.0 3.0
22691.0 3.0
22699.0 3.0
22707.0 3.0
22715.0 3.0
22723.0 3.0
22731.0 3.0
22739.0 3.0
22747.0 3.0
22755.0 3.0
22763.0 3.0
22771.0 3.0
22779.0 3.0
22787.0 3.0
22795.0 3.0
22803.0 3.0
22811.0 3.0
22819.0 3.0
22827.0 3.0
22835.0 3.0
22843.0 3.0
22851.0 3.0
22859.0 3.0
22867.0 3.0
22875.0 3.0
22883.0 3.0
22891.0 3.0
22899.0 3.0
22907.0 3.0
22915.0 3.0
22923.0 3.0
22931.0 3.0
22939.0 3.0
22947.0 3.0
22955.0 3.0
22963.0 3.0
22971.0 3.0
22979.0 3.0
22987.0 3.0
22995.0 3.0
23003.0 3.0
23011.0 3.0
23019.0 3.0
23027.0 3.0
23035.0 3.0
23043.0 3.0
23051.0 3.0
23059.0 3.0
23067.0 3.0
23075.0 3.0
23083.0 3.0
23091.0 3.0
23099.0 3.0
23107.0 3.0
23115.0 3.0
23123.0 3.0
23131.0 3.0
23139.0 3.0
23147.0 3.0
23155.0 3.0
23163.0 3.0
23171.0 3.0
23179.0 3.0
23187.0 3.0
23195.0 3.0
23203.0 3.0
23211.0 3.0
23219.0 3.0
23227.0 3.0
23235.0 3.0
23243.0 3.0
23251.0 3.0
23259.0 3.0
23267.0 3.0
23275.0 3.0
23283.0 3.0
23291.0 3.0
23299.0 3.0
23307.0 3.0
23315.0 3.0
23323.0 3.0
23331.0 3.0
23339.0 3.0
23347.0 3.0
23355.0 3.0
23363.0 3.0
23371.0 3.0
23379.0 3.0
23387.0 3.0
23395.0 3.0
23403.0 3.0
23411.0 3.0
23419.0 3.0
23427.0 3.0
23435.0 3.0
23443.0 3.0
23451.0 3.0
23459.0 3.0
23467.0 3.0
23475.0 3.0
23483.0 3.0
23491.0 3.0
23499.0 3.0
23507.0 3.0
23515.0 3.0
23523.0 3.0
23531.0 3.0
23539.0 3.0
23547.0 3.0
23555.0 3.0
23563.0 3.0
23571.0 3.0
23579.0 3.0
23587.0 3.0
23595.0 3.0
23603.0 3.0
23611.0 3.0
23619.0 3.0
23627.0 3.0
23635.0 3.0
23643.0 3.0
23651.0 3.0
23659.0 3.0
23667.0 3.0
23675.0 3.0
23683.0 3.0
23691.0 3.0
23699.0 3.0
23707.0 3.0
23715.0 3.0
23723.0 3.0
23731.0 3.0
23739.0 3.0
23747.0 3.0
23755.0 3.0
23763.0 3.0
23771.0 3.0
23779.0 3.0
23787.0 3.0
23795.0 3.0
23803.0 3.0
23811.0 3.0
23819.0 3.0
23827.0 3.0
23835.0 3.0
23843.0 3.0
23851.0 3.0
23859.0 3.0
23867.0 3.0
23875.0 3.0
23883.0 3.0
23891.0 3.0
23899.0 3.0
23907.0 3.0
23915.0 3.0
23923.0 3.0
23931.0 3.0
23939.0 3.0
23947.0 3.0
23955.0 3.0
23963.0 3.0
23971.0 3.0
23979.0 3.0
23987.0 3.0
23995.0 3.0
24003.0 3.0
24011.0 3.0
24019.0 3.0
24027.0 3.0
24035.0 3.0
24043.0 3.0
24051.0 3.0
24059.0 3.0
24067.0 3.0
24075.0 3.0
24083.0 3.0
24091.0 3.0
24099.0 3.0
24107.0 3.0
24115.0 3.0
24123.0 3.0
24131.0 3.0
24139.0 3.0
24147.0 3.0
24155.0 3.0
24163.0 3.0
24171.0 3.0
24179.0 3.0
24187.0 3.0
24195.0 3.0
24203.0 3.0
24211.0 3.0
24219.0 3.0
24227.0 3.0
24235.0 3.0
24243.0 3.0
24251.0 3.0
24259.0 3.0
24267.0 3.0
24275.0 3.0
24283.0 3.0
24291.0 3.0
24299.0 3.0
24307.0 3.0
24315.0 3.0
24323.0 3.0
24331.0 3.0
24339.0 3.0
24347.0 3.0
24355.0 3.0
24363.0 3.0
24371.0 3.0
24379.0 3.0
24387.0 3.0
24395.0 3.0
24403.0 3.0
24411.0 3.0
24419.0 3.0
24427.0 3.0
24435.0 3.0
24443.0 3.0
24451.0 3.0
24459.0 3.0
24467.0 3.0
24475.0 3.0
24483.0 3.0
24491.0 3.0
24499.0 3.0
24507.0 3.0
24515.0 3.0
24523.0 3.0
24531.0 3.0
24539.0 3.0
24547.0 3.0
24555.0 3.0
24563.0 3.0
24571.0 3.0
24579.0 3.0
24587.0 3.0
24595.0 3.0
24603.0 3.0
24611.0 3.0
24619.0 3.0
24627.0 3.0
24635.0 3.0
24643.0 3.0
24651.0 3.0
24659.0 3.0
24667.0 3.0
24675.0 3.0
24683.0 3.0
24691.0 3.0
24699.0 3.0
24707.0 3.0
24715.0 3.0
24723.0 3.0
24731.0 3.0
24739.0 3.0
24747.0 3.0
24755.0 3.0
24763.0 3.0
24771.0 3.0
24779.0 3.0
24787.0 3.0
24795.0 3.0
24803.0 3.0
24811.0 3.0
24819.0 3.0
24827.0 3.0
24835.0 3.0
24843.0 3.0
24851.0 3.0
24859.0 3.0
24867.0 3.0
24875.0 3.0
24883.0 3.0
24891.0 3.0
24899.0 3.0
24907.0 3.0
24915.0 3.0
24923.0 3.0
24931.0 3.0
24939.0 3.0
24947.0 3.0
24955.0 3.0
24963.0 3.0
24971.0 3.0
24979.0 3.0
24987.0 3.0
24995.0 3.0
25003.0 3.0
25011.0 3.0
25019.0 3.0
25027.0 3.0
25035.0 3.0
25043.0 3.0
25051.0 3.0
25059.0 3.0
25067.0 3.0
25075.0 3.0
25083.0 3.0
25091.0 3.0
25099.0 3.0
25107.0 3.0
25115.0 3.0
25123.0 3.0
25131.0 3.0
25139.0 3.0
25147.0 3.0
25155.0 3.0
25163.0 3.0
25171.0 3.0
25179.0 3.0
25187.0 3.0
25195.0 3.0
25203.0 3.0
25211.0 3.0
25219.0 3.0
25227.0 3.0
25235.0 3.0
25243.0 3.0
25251.0 3.0
25259.0 3.0
25267.0 3.0
25275.0 3.0
25283.0 3.0
25291.0 3.0
25299.0 3.0
25307.0 3.0
25315.0 3.0
25323.0 3.0
25331.0 3.0
25339.0 3.0
25347.0 3.0
25355.0 3.0
25363.0 3.0
25371.0 3.0
25379.0 3.0
25387.0 3.0
25395.0 3.0
25403.0 3.0
25411.0 3.0
25419.0 3.0
25427.0 3.0
25435.0 3.0
25443.0 3.0
25451.0 3.0
25459.0 3.0
25467.0 3.0
25475.0 3.0
25483.0 3.0
25491.0 3.0
25499.0 3.0
25507.0 3.0
25515.0 3.0
25523.0 3.0
25531.0 3.0
25539.0 3.0
25547.0 3.0
25555.0 3.0
25563.0 3.0
25571.0 3.0
25579.0 3.0
25587.0 3.0
25595.0 3.0
25603.0 3.0
25611.0 3.0
25619.0 3.0
25627.0 3.0
25635.0 3.0
25643.0 3.0
25651.0 3.0
25659.0 3.0
25667.0 3.0
25675.0 3.0
25683.0 3.0
25691.0 3.0
25699.0 3.0
25707.0 3.0
25715.0 3.0
25723.0 3.0
25731.0 3.0
25739.0 3.0
25747.0 3.0
25755.0 3.0
25763.0 3.0
25771.0 3.0
25779.0 3.0
25787.0 3.0
25795.0 3.0
25803.0 3.0
25811.0 3.0
25819.0 3.0
25827.0 3.0
25835.0 3.0
25843.0 3.0
25851.0 3.0
25859.0 3.0
25867.0 3.0
25875.0 3.0
25883.0 3.0
25891.0 3.0
25899.0 3.0
25907.0 3.0
25915.0 3.0
25923.0 3.0
25931.0 3.0
25939.0 3.0
25947.0 3.0
25955.0 3.0
25963.0 3.0
25971.0 3.0
25979.0 3.0
25987.0 3.0
25995.0 3.0
26003.0 3.0
26011.0 3.0
26019.0 3.0
26027.0 3.0
26035.0 3.0
26043.0 3.0
26051.0 3.0
26059.0 3.0
26067.0 3.0
26075.0 3.0
26083.0 3.0
26091.0 3.0
26099.0 3.0
26107.0 3.0
26115.0 3.0
26123.0 3.0
26131.0 3.0
26139.0 3.0
26147.0 3.0
26155.0 3.0
26163.0 3.0
26171.0 3.0
26179.0 3.0
26187.0 3.0
26195.0 3.0
26203.0 3.0
26211.0 3.0
26219.0 3.0
26227.0 3.0
26235.0 3.0
26243.0 3.0
26251.0 3.0
26259.0 3.0
26267.0 3.0
26275.0 3.0
26283.0 3.0
26291.0 3.0
26299.0 3.0
26307.0 3.0
26315.0 3.0
26323.0 3.0
26331.0 3.0
26339.0 3.0
26347.0 3.0
26355.0 3.0
26363.0 3.0
26371.0 3.0
26379.0 3.0
26387.0 3.0
26395.0 3.0
26403.0 3.0
26411.0 3.0
26419.0 3.0
26427.0 3.0
26435.0 3.0
26443.0 3.0
26451.0 3.0
26459.0 3.0
26467.0 3.0
26475.0 3.0
26483.0 3.0
26491.0 3.0
26499.0 3.0
26507.0 3.0
26515.0 3.0
26523.0 3.0
26531.0 3.0
26539.0 3.0
26547.0 3.0
26555.0 3.0
26563.0 3.0
26571.0 3.0
26579.0 3.0
26587.0 3.0
26595.0 3.0
26603.0 3.0
26611.0 3.0
26619.0 3.0
26627.0 3.0
26635.0 3.0
26643.0 3.0
26651.0 3.0
26659.0 3.0
26667.0 3.0
26675.0 3.0
26683.0 3.0
26691.0 3.0
26699.0 3.0
26707.0 3.0
26715.0 3.0
26723.0 3.0
26731.0 3.0
26739.0 3.0
26747.0 3.0
26755.0 3.0
26763.0 3.0
26771.0 3.0
26779.0 3.0
26787.0 3.0
26795.0 3.0
26803.0 3.0
26811.0 3.0
26819.0 3.0
26827.0 3.0
26835.0 3.0
26843.0 3.0
26851.0 3.0
26859.0 3.0
26867.0 3.0
26875.0 3.0
26883.0 3.0
26891.0 3.0
26899.0 3.0
26907.0 3.0
26915.0 3.0
26923.0 3.0
26931.0 3.0
26939.0 3.0
26947.0 3.0
26955.0 3.0
26963.0 3.0
26971.0 3.0
26979.0 3.0
26987.0 3.0
26995.0 3.0
27003.0 3.0
27011.0 3.0
27019.0 3.0
27027.0 3.0
27035.0 3.0
27043.0 3.0
27051.0 3.0
27059.0 3.0
27067.0 3.0
27075.0 3.0
27083.0 3.0
27091.0 3.0
27099.0 3.0
27107.0 3.0
27115.0 3.0
27123.0 3.0
27131.0 3.0
27139.0 3.0
27147.0 3.0
27155.0 3.0
27163.0 3.0
27171.0 3.0
27179.0 3.0
27187.0 3.0
27195.0 3.0
27203.0 3.0
27211.0 3.0
27219.0 3.0
27227.0 3.0
27235.0 3.0
27243.0 3.0
27251.0 3.0
27259.0 3.0
27267.0 3.0
27275.0 3.0
27283.0 3.0
27291.0 3.0
27299.0 3.0
27307.0 3.0
27315.0 3.0
27323.0 3.0
27331.0 3.0
27339.0 3.0
27347.0 3.0
27355.0 3.0
27363.0 3.0
27371.0 3.0
27379.0 3.0
27387.0 3.0
27395.0 3.0
27403.0 3.0
27411.0 3.0
27419.0 3.0
27427.0 3.0
27435.0 3.0
27443.0 3.0
27451.0 3.0
27459.0 3.0
27467.0 3.0
27475.0 3.0
27483.0 3.0
27491.0 3.0
27499.0 3.0
27507.0 3.0
27515.0 3.0
27523.0 3.0
27531.0 3.0
27539.0 3.0
27547.0 3.0
27555.0 3.0
27563.0 3.0
27571.0 3.0
27579.0 3.0
27587.0 3.0
27595.0 3.0
27603.0 3.0
27611.0 3.0
27619.0 3.0
27627.0 3.0
27635.0 3.0
27643.0 3.0
27651.0 3.0
27659.0 3.0
27667.0 3.0
27675.0 3.0
27683.0 3.0
27691.0 3.0
27699.0 3.0
27707.0 3.0
27715.0 3.0
27723.0 3.0
27731.0 3.0
27739.0 3.0
27747.0 3.0
27755.0 3.0
27763.0 3.0
27771.0 3.0
27779.0 3.0
27787.0 3.0
27795.0 3.0
27803.0 3.0
27811.0 3.0
27819.0 3.0
27827.0 3.0
27835.0 3.0
27843.0 3.0
27851.0 3.0
27859.0 3.0
27867.0 3.0
27875.0 3.0
27883.0 3.0
27891.0 3.0
27899.0 3.0
27907.0 3.0
27915.0 3.0
27923.0 3.0
27931.0 3.0
27939.0 3.0
27947.0 3.0
27955.0 3.0
27963.0 3.0
27971.0 3.0
27979.0 3.0
27987.0 3.0
27995.0 3.0
28003.0 3.0
28011.0 3.0
28019.0 3.0
28027.0 3.0
28035.0 3.0
28043.0 3.0
28051.0 3.0
28059.0 3.0
28067.0 3.0
28075.0 3.0
28083.0 3.0
28091.0 3.0
28099.0 3.0
28107.0 3.0
28115.0 3.0
28123.0 3.0
28131.0 3.0
28139.0 3.0
28147.0 3.0
28155.0 3.0
28163.0 3.0
28171.0 3.0
28179.0 3.0
28187.0 3.0
28195.0 3.0
28203.0 3.0
28211.0 3.0
28219.0 3.0
28227.0 3.0
28235.0 3.0
28243.0 3.0
28251.0 3.0
28259.0 3.0
28267.0 3.0
28275.0 3.0
28283.0 3.0
28291.0 3.0
28299.0 3.0
28307.0 3.0
28315.0 3.0
28323.0 3.0
28331.0 3.0
28339.0 3.0
28347.0 3.0
28355.0 3.0
28363.0 3.0
28371.0 3.0
28379.0 3.0
28387.0 3.0
28395.0 3.0
28403.0 3.0
28411.0 3.0
28419.0 3.0
28427.0 3.0
28435.0 3.0
28443.0 3.0
28451.0 3.0
28459.0 3.0
28467.0 3.0
28475.0 3.0
28483.0 3.0
28491.0 3.0
28499.0 3.0
28507.0 3.0
28515.0 3.0
28523.0 3.0
28531.0 3.0
28539.0 3.0
28547.0 3.0
28555.0 3.0
28563.0 3.0
28571.0 3.0
28579.0 3.0
28587.0 3.0
28595.0 3.0
28603.0 3.0
28611.0 3.0
28619.0 3.0
28627.0 3.0
28635.0 3.0
28643.0 3.0
28651.0 3.0
28659.0 3.0
28667.0 3.0
28675.0 3.0
28683.0 3.0
28691.0 3.0
28699.0 3.0
28707.0 3.0
28715.0 3.0
28723.0 3.0
28731.0 3.0
28739.0 3.0
28747.0 3.0
28755.0 3.0
28763.0 3.0
28771.0 3.0
28779.0 3.0
28787.0 3.0
28795.0 3.0
28803.0 3.0
28811.0 3.0
28819.0 3.0
28827.0 3.0
28835.0 3.0
28843.0 3.0
28851.0 3.0
28859.0 3.0
28867.0 3.0
28875.0 3.0
28883.0 3.0
28891.0 3.0
28899.0 3.0
28907.0 3.0
28915.0 3.0
28923.0 3.0
28931.0 3.0
28939.0 3.0
28947.0 3.0
28955.0 3.0
28963.0 3.0
28971.0 3.0
28979.0 3.0
28987.0 3.0
28995.0 3.0
29003.0 3.0
29011.0 3.0
29019.0 3.0
29027.0 3.0
29035.0 3.0
29043.0 3.0
29051.0 3.0
29059.0 3.0
29067.0 3.0
29075.0 3.0
29083.0 3.0
29091.0 3.0
29099.0 3.0
29107.0 3.0
29115.0 3.0
29123.0 3.0
29131.0 3.0
29139.0 3.0
29147.0 3.0
29155.0 3.0
29163.0 3.0
29171.0 3.0
29179.0 3.0
29187.0 3.0
29195.0 3.0
29203.0 3.0
29211.0 3.0
29219.0 3.0
29227.0 3.0
29235.0 3.0
29243.0 3.0
29251.0 3.0
29259.0 3.0
29267.0 3.0
29275.0 3.0
29283.0 3.0
29291.0 3.0
29299.0 3.0
29307.0 3.0
29315.0 3.0
29323.0 3.0
29331.0 3.0
29339.0 3.0
29347.0 3.0
29355.0 3.0
29363.0 3.0
29371.0 3.0
29379.0 3.0
29387.0 3.0
29395.0 3.0
29403.0 3.0
29411.0 3.0
29419.0 3.0
29427.0 3.0
29435.0 3.0
29443.0 3.0
29451.0 3.0
29459.0 3.0
29467.0 3.0
29475.0 3.0
29483.0 3.0
29491.0 3.0
29499.0 3.0
29507.0 3.0
29515.0 3.0
29523.0 3.0
29531.0 3.0
29539.0 3.0
29547.0 3.0
29555.0 3.0
29563.0 3.0
29571.0 3.0
29579.0 3.0
29587.0 3.0
29595.0 3.0
29603.0 3.0
29611.0 3.0
29619.0 3.0
29627.0 3.0
29635.0 3.0
29643.0 3.0
29651.0 3.0
29659.0 3.0
29667.0 3.0
29675.0 3.0
29683.0 3.0
29691.0 3.0
29699.0 3.0
29707.0 3.0
29715.0 3.0
29723.0 3.0
29731.0 3.0
29739.0 3.0
29747.0 3.0
29755.0 3.0
29763.0 3.0
29771.0 3.0
29779.0 3.0
29787.0 3.0
29795.0 3.0
29803.0 3.0
29811.0 3.0
29819.0 3.0
29827.0 3.0
29835.0 3.0
29843.0 3.0
29851.0 3.0
29859.0 3.0
29867.0 3.0
29875.0 3.0
29883.0 3.0
29891.0 3.0
29899.0 3.0
29907.0 3.0
29915.0 3.0
29923.0 3.0
29931.0 3.0
29939.0 3.0
29947.0 3.0
29955.0 3.0
29963.0 3.0
29971.0 3.0
29979.0 3.0
29987.0 3.0
29995.0 3.0
30003.0 3.0
30011.0 3.0
30019.0 3.0
30027.0 3.0
30035.0 3.0
30043.0 3.0
30051.0 3.0
30059.0 3.0
30067.0 3.0
30075.0 3.0
30083.0 3.0
30091.0 3.0
30099.0 3.0
30107.0 3.0
30115.0 3.0
30123.0 3.0
30131.0 3.0
30139.0 3.0
30147.0 3.0
30155.0 3.0
30163.0 3.0
30171.0 3.0
30179.0 3.0
30187.0 3.0
30195.0 3.0
30203.0 3.0
30211.0 3.0
30219.0 3.0
30227.0 3.0
30235.0 3.0
30243.0 3.0
30251.0 3.0
30259.0 3.0
30267.0 3.0
30275.0 3.0
30283.0 3.0
30291.0 3.0
30299.0 3.0
30307.0 3.0
30315.0 3.0
30323.0 3.0
30331.0 3.0
30339.0 3.0
30347.0 3.0
30355.0 3.0
30363.0 3.0
30371.0 3.0
30379.0 3.0
30387.0 3.0
30395.0 3.0
30403.0 3.0
30411.0 3.0
30419.0 3.0
30427.0 3.0
30435.0 3.0
30443.0 3.0
30451.0 3.0
30459.0 3.0
30467.0 3.0
30475.0 3.0
30483.0 3.0
30491.0 3.0
30499.0 3.0
30507.0 3.0
30515.0 3.0
30523.0 3.0
30531.0 3.0
30539.0 3.0
30547.0 3.0
30555.0 3.0
30563.0 3.0
30571.0 3.0
30579.0 3.0
30587.0 3.0
30595.0 3.0
30603.0 3.0
30611.0 3.0
30619.0 3.0
30627.0 3.0
30635.0 3.0
30643.0 3.0
30651.0 3.0
30659.0 3.0
30667.0 3.0
30675.0 3.0
30683.0 3.0
30691.0 3.0
30699.0 3.0
30707.0 3.0
30715.0 3.0
30723.0 3.0
30731.0 3.0
30739.0 3.0
30747.0 3.0
30755.0 3.0
30763.0 3.0
30771.0 3.0
30779.0 3.0
30787.0 3.0
30795.0 3.0
30803.0 3.0
30811.0 3.0
30819.0 3.0
30827.0 3.0
30835.0 3.0
30843.0 3.0
30851.0 3.0
30859.0 3.0
30867.0 3.0
30875.0 3.0
30883.0 3.0
30891.0 3.0
30899.0 3.0
30907.0 3.0
30915.0 3.0
30923.0 3.0
30931.0 3.0
30939.0 3.0
30947.0 3.0
30955.0 3.0
30963.0 3.0
30971.0 3.0
30979.0 3.0
30987.0 3.0
30995.0 3.0
31003.0 3.0
31011.0 3.0
31019.0 3.0
31027.0 3.0
31035.0 3.0
31043.0 3.0
31051.0 3.0
31059.0 3.0
31067.0 3.0
31075.0 3.0
31083.0 3.0
31091.0 3.0
31099.0 3.0
31107.0 3.0
31115.0 3.0
31123.0 3.0
31131.0 3.0
31139.0 3.0
31147.0 3.0
31155.0 3.0
31163.0 3.0
31171.0 3.0
31179.0 3.0
31187.0 3.0
31195.0 3.0
31203.0 3.0
31211.0 3.0
31219.0 3.0
31227.0 3.0
31235.0 3.0
31243.0 3.0
31251.0 3.0
31259.0 3.0
31267.0 3.0
31275.0 3.0
31283.0 3.0
31291.0 3.0
31299.0 3.0
31307.0 3.0
31315.0 3.0
31323.0 3.0
31331.0 3.0
31339.0 3.0
31347.0 3.0
31355.0 3.0
31363.0 3.0
31371.0 3.0
31379.0 3.0
31387.0 3.0
31395.0 3.0
31403.0 3.0
31411.0 3.0
31419.0 3.0
31427.0 3.0
31435.0 3.0
31443.0 3.0
31451.0 3.0
31459.0 3.0
31467.0 3.0
31475.0 3.0
31483.0 3.0
31491.0 3.0
31499.0 3.0
31507.0 3.0
31515.0 3.0
31523.0 3.0
31531.0 3.0
31539.0 3.0
31547.0 3.0
31555.0 3.0
31563.0 3.0
31571.0 3.0
31579.0 3.0
31587.0 3.0
31595.0 3.0
31603.0 3.0
31611.0 3.0
31619.0 3.0
31627.0 3.0
31635.0 3.0
31643.0 3.0
31651.0 3.0
31659.0 3.0
31667.0 3.0
31675.0 3.0
31683.0 3.0
31691.0 3.0
31699.0 3.0
31707.0 3.0
31715.0 3.0
31723.0 3.0
31731.0 3.0
31739.0 3.0
31747.0 3.0
31755.0 3.0
31763.0 3.0
31771.0 3.0
31779.0 3.0
31787.0 3.0
31795.0 3.0
31803.0 3.0
31811.0 3.0
31819.0 3.0
31827.0 3.0
31835.0 3.0
31843.0 3.0
31851.0 3.0
31859.0 3.0
31867.0 3.0
31875.0 3.0
31883.0 3.0
31891.0 3.0
31899.0 3.0
31907.0 3.0
31915.0 3.0
31923.0 3.0
31931.0 3.0
31939.0 3.0
31947.0 3.0
31955.0 3.0
31963.0 3.0
31971.0 3.0
31979.0 3.0
31987.0 3.0
31995.0 3.0
32003.0 3.0
32011.0 3.0
32019.0 3.0
32027.0 3.0
32035.0 3.0
32043.0 3.0
32051.0 3.0
32059.0 3.0
32067.0 3.0
32075.0 3.0
32083.0 3.0
32091.0 3.0
32099.0 3.0
32107.0 3.0
32115.0 3.0
32123.0 3.0
32131.0 3.0
32139.0 3.0
32147.0 3.0
32155.0 3.0
32163.0 3.0
32171.0 3.0
32179.0 3.0
32187.0 3.0
32195.0 3.0
32203.0 3.0
32211.0 3.0
32219.0 3.0
32227.0 3.0
32235.0 3.0
32243.0 3.0
32251.0 3.0
32259.0 3.0
32267.0 3.0
32275.0 3.0
32283.0 3.0
32291.0 3.0
32299.0 3.0
32307.0 3.0
32315.0 3.0
32323.0 3.0
32331.0 3.0
32339.0 3.0
32347.0 3.0
32355.0 3.0
32363.0 3.0
32371.0 3.0
32379.0 3.0
32387.0 3.0
32395.0 3.0
32403.0 3.0
32411.0 3.0
32419.0 3.0
32427.0 3.0
32435.0 3.0
32443.0 3.0
32451.0 3.0
32459.0 3.0
32467.0 3.0
32475.0 3.0
32483.0 3.0
32491.0 3.0
32499.0 3.0
32507.0 3.0
32515.0 3.0
32523.0 3.0
32531.0 3.0
32539.0 3.0
32547.0 3.0
32555.0 3.0
32563.0 3.0
32571.0 3.0
32579.0 3.0
32587.0 3.0
32595.0 3.0
32603.0 3.0
32611.0 3.0
32619.0 3.0
32627.0 3.0
32635.0 3.0
32643.0 3.0
32651.0 3.0
32659.0 3.0
32667.0 3.0
32675.0 3.0
32683.0 3.0
32691.0 3.0
32699.0 3.0
32707.0 3.0
32715.0 3.0
32723.0 3.0
32731.0 3.0
32739.0 3.0
32747.0 3.0
32755.0 3.0
32763.0 3.0
32771.0 3.0
32779.0 3.0
32787.0 3.0
32795.0 3.0
32803.0 3.0
32811.0 3.0
32819.0 3.0
32827.0 3.0
32835.0 3.0
32843.0 3.0
32851.0 3.0
32859.0 3.0
32867.0 3.0
32875.0 3.0
32883.0 3.0
32891.0 3.0
32899.0 3.0
32907.0 3.0
32915.0 3.0
32923.0 3.0
32931.0 3.0
32939.0 3.0
32947.0 3.0
32955.0 3.0
32963.0 3.0
32971.0 3.0
32979.0 3.0
32987.0 3.0
32995.0 3.0
33003.0 3.0
33011.0 3.0
33019.0 3.0
33027.0 3.0
33035.0 3.0
33043.0 3.0
33051.0 3.0
33059.0 3.0
33067.0 3.0
33075.0 3.0
33083.0 3.0
33091.0 3.0
33099.0 3.0
33107.0 3.0
33115.0 3.0
33123.0 3.0
33131.0 3.0
33139.0 3.0
33147.0 3.0
33155.0 3.0
33163.0 3.0
33171.0 3.0
33179.0 3.0
33187.0 3.0
33195.0 3.0
33203.0 3.0
33211.0 3.0
33219.0 3.0
33227.0 3.0
33235.0 3.0
33243.0 3.0
33251.0 3.0
33259.0 3.0
33267.0 3.0
33275.0 3.0
33283.0 3.0
33291.0 3.0
33299.0 3.0
33307.0 3.0
33315.0 3.0
33323.0 3.0
33331.0 3.0
33339.0 3.0
33347.0 3.0
33355.0 3.0
33363.0 3.0
33371.0 3.0
33379.0 3.0
33387.0 3.0
33395.0 3.0
33403.0 3.0
33411.0 3.0
33419.0 3.0
33427.0 3.0
33435.0 3.0
33443.0 3.0
33451.0 3.0
33459.0 3.0
33467.0 3.0
33475.0 3.0
33483.0 3.0
33491.0 3.0
33499.0 3.0
33507.0 3.0
33515.0 3.0
33523.0 3.0
33531.0 3.0
33539.0 3.0
33547.0 3.0
33555.0 3.0
33563.0 3.0
33571.0 3.0
33579.0 3.0
33587.0 3.0
33595.0 3.0
33603.0 3.0
33611.0 3.0
33619.0 3.0
33627.0 3.0
33635.0 3.0
33643.0 3.0
33651.0 3.0
33659.0 3.0
33667.0 3.0
33675.0 3.0
33683.0 3.0
33691.0 3.0
33699.0 3.0
33707.0 3.0
33715.0 3.0
33723.0 3.0
33731.0 3.0
33739.0 3.0
33747.0 3.0
33755.0 3.0
33763.0 3.0
33771.0 3.0
33779.0 3.0
33787.0 3.0
33795.0 3.0
33803.0 3.0
33811.0 3.0
33819.0 3.0
33827.0 3.0
33835.0 3.0
33843.0 3.0
33851.0 3.0
33859.0 3.0
33867.0 3.0
33875.0 3.0
33883.0 3.0
33891.0 3.0
33899.0 3.0
33907.0 3.0
33915.0 3.0
33923.0 3.0
33931.0 3.0
33939.0 3.0
33947.0 3.0
33955.0 3.0
33963.0 3.0
33971.0 3.0
33979.0 3.0
33987.0 3.0
33995.0 3.0
34003.0 3.0
34011.0 3.0
34019.0 3.0
34027.0 3.0
34035.0 3.0
34043.0 3.0
34051.0 3.0
34059.0 3.0
34067.0 3.0
34075.0 3.0
34083.0 3.0
34091.0 3.0
34099.0 3.0
34107.0 3.0
34115.0 3.0
34123.0 3.0
34131.0 3.0
34139.0 3.0
34147.0 3.0
34155.0 3.0
34163.0 3.0
34171.0 3.0
34179.0 3.0
34187.0 3.0
34195.0 3.0
34203.0 3.0
34211.0 3.0
34219.0 3.0
34227.0 3.0
34235.0 3.0
34243.0 3.0
34251.0 3.0
34259.0 3.0
34267.0 3.0
34275.0 3.0
34283.0 3.0
34291.0 3.0
34299.0 3.0
34307.0 3.0
34315.0 3.0
34323.0 3.0
34331.0 3.0
34339.0 3.0
34347.0 3.0
34355.0 3.0
34363.0 3.0
34371.0 3.0
34379.0 3.0
34387.0 3.0
34395.0 3.0
34403.0 3.0
34411.0 3.0
34419.0 3.0
34427.0 3.0
34435.0 3.0
34443.0 3.0
34451.0 3.0
34459.0 3.0
34467.0 3.0
34475.0 3.0
34483.0 3.0
34491.0 3.0
34499.0 3.0
34507.0 3.0
34515.0 3.0
34523.0 3.0
34531.0 3.0
34539.0 3.0
34547.0 3.0
34555.0 3.0
34563.0 3.0
34571.0 3.0
34579.0 3.0
34587.0 3.0
34595.0 3.0
34603.0 3.0
34611.0 3.0
34619.0 3.0
34627.0 3.0
34635.0 3.0
34643.0 3.0
34651.0 3.0
34659.0 3.0
34667.0 3.0
34675.0 3.0
34683.0 3.0
34691.0 3.0
34699.0 3.0
34707.0 3.0
34715.0 3.0
34723.0 3.0
34731.0 3.0
34739.0 3.0
34747.0 3.0
34755.0 3.0
34763.0 3.0
34771.0 3.0
34779.0 3.0
34787.0 3.0
34795.0 3.0
34803.0 3.0
34811.0 3.0
34819.0 3.0
34827.0 3.0
34835.0 3.0
34843.0 3.0
34851.0 3.0
34859.0 3.0
34867.0 3.0
34875.0 3.0
34883.0 3.0
34891.0 3.0
34899.0 3.0
34907.0 3.0
34915.0 3.0
34923.0 3.0
34931.0 3.0
34939.0 3.0
34947.0 3.0
34955.0 3.0
34963.0 3.0
34971.0 3.0
34979.0 3.0
34987.0 3.0
34995.0 3.0
35003.0 3.0
35011.0 3.0
35019.0 3.0
35027.0 3.0
35035.0 3.0
35043.0 3.0
35051.0 3.0
35059.0 3.0
35067.0 3.0
35075.0 3.0
35083.0 3.0
35091.0 3.0
35099.0 3.0
35107.0 3.0
35115.0 3.0
35123.0 3.0
35131.0 3.0
35139.0 3.0
35147.0 3.0
35155.0 3.0
35163.0 3.0
35171.0 3.0
35179.0 3.0
35187.0 3.0
35195.0 3.0
35203.0 3.0
35211.0 3.0
35219.0 3.0
35227.0 3.0
35235.0 3.0
35243.0 3.0
35251.0 3.0
35259.0 3.0
35267.0 3.0
35275.0 3.0
35283.0 3.0
35291.0 3.0
35299.0 3.0
35307.0 3.0
35315.0 3.0
35323.0 3.0
35331.0 3.0
35339.0 3.0
35347.0 3.0
35355.0 3.0
35363.0 3.0
35371.0 3.0
35379.0 3.0
35387.0 3.0
35395.0 3.0
35403.0 3.0
35411.0 3.0
35419.0 3.0
35427.0 3.0
35435.0 3.0
35443.0 3.0
35451.0 3.0
35459.0 3.0
35467.0 3.0
35475.0 3.0
35483.0 3.0
35491.0 3.0
35499.0 3.0
35507.0 3.0
35515.0 3.0
35523.0 3.0
35531.0 3.0
35539.0 3.0
35547.0 3.0
35555.0 3.0
35563.0 3.0
35571.0 3.0
35579.0 3.0
35587.0 3.0
35595.0 3.0
35603.0 3.0
35611.0 3.0
35619.0 3.0
35627.0 3.0
35635.0 3.0
35643.0 3.0
35651.0 3.0
35659.0 3.0
35667.0 3.0
35675.0 3.0
35683.0 3.0
35691.0 3.0
35699.0 3.0
35707.0 3.0
35715.0 3.0
35723.0 3.0
35731.0 3.0
35739.0 3.0
35747.0 3.0
35755.0 3.0
35763.0 3.0
35771.0 3.0
35779.0 3.0
35787.0 3.0
35795.0 3.0
35803.0 3.0
35811.0 3.0
35819.0 3.0
35827.0 3.0
35835.0 3.0
35843.0 3.0
35851.0 3.0
35859.0 3.0
35867.0 3.0
35875.0 3.0
35883.0 3.0
35891.0 3.0
35899.0 3.0
35907.0 3.0
35915.0 3.0
35923.0 3.0
35931.0 3.0
35939.0 3.0
35947.0 3.0
35955.0 3.0
35963.0 3.0
35971.0 3.0
35979.0 3.0
35987.0 3.0
35995.0 3.0
36003.0 3.0
36011.0 3.0
36019.0 3.0
36027.0 3.0
36035.0 3.0
36043.0 3.0
36051.0 3.0
36059.0 3.0
36067.0 3.0
36075.0 3.0
36083.0 3.0
36091.0 3.0
36099.0 3.0
36107.0 3.0
36115.0 3.0
36123.0 3.0
36131.0 3.0
36139.0 3.0
36147.0 3.0
36155.0 3.0
36163.0 3.0
36171.0 3.0
36179.0 3.0
36187.0 3.0
36195.0 3.0
36203.0 3.0
36211.0 3.0
36219.0 3.0
36227.0 3.0
36235.0 3.0
36243.0 3.0
36251.0 3.0
36259.0 3.0
36267.0 3.0
36275.0 3.0
36283.0 3.0
36291.0 3.0
36299.0 3.0
36307.0 3.0
36315.0 3.0
36323.0 3.0
36331.0 3.0
36339.0 3.0
36347.0 3.0
36355.0 3.0
36363.0 3.0
36371.0 3.0
36379.0 3.0
36387.0 3.0
36395.0 3.0
36403.0 3.0
36411.0 3.0
36419.0 3.0
36427.0 3.0
36435.0 3.0
36443.0 3.0
36451.0 3.0
36459.0 3.0
36467.0 3.0
36475.0 3.0
36483.0 3.0
36491.0 3.0
36499.0 3.0
36507.0 3.0
36515.0 3.0
36523.0 3.0
36531.0 3.0
36539.0 3.0
36547.0 3.0
36555.0 3.0
36563.0 3.0
36571.0 3.0
36579.0 3.0
36587.0 3.0
36595.0 3.0
36603.0 3.0
36611.0 3.0
36619.0 3.0
36627.0 3.0
36635.0 3.0
36643.0 3.0
36651.0 3.0
36659.0 3.0
36667.0 3.0
36675.0 3.0
36683.0 3.0
36691.0 3.0
36699.0 3.0
36707.0 3.0
36715.0 3.0
36723.0 3.0
36731.0 3.0
36739.0 3.0
36747.0 3.0
36755.0 3.0
36763.0 3.0
36771.0 3.0
36779.0 3.0
36787.0 3.0
36795.0 3.0
36803.0 3.0
36811.0 3.0
36819.0 3.0
36827.0 3.0
36835.0 3.0
36843.0 3.0
36851.0 3.0
36859.0 3.0
36867.0 3.0
36875.0 3.0
36883.0 3.0
36891.0 3.0
36899.0 3.0
36907.0 3.0
36915.0 3.0
36923.0 3.0
36931.0 3.0
36939.0 3.0
36947.0 3.0
36955.0 3.0
36963.0 3.0
36971.0 3.0
36979.0 3.0
36987.0 3.0
36995.0 3.0
37003.0 3.0
37011.0 3.0
37019.0 3.0
37027.0 3.0
37035.0 3.0
37043.0 3.0
37051.0 3.0
37059.0 3.0
37067.0 3.0
37075.0 3.0
37083.0 3.0
37091.0 3.0
37099.0 3.0
37107.0 3.0
37115.0 3.0
37123.0 3.0
37131.0 3.0
37139.0 3.0
37147.0 3.0
37155.0 3.0
37163.0 3.0
37171.0 3.0
37179.0 3.0
37187.0 3.0
37195.0 3.0
37203.0 3.0
37211.0 3.0
37219.0 3.0
37227.0 3.0
37235.0 3.0
37243.0 3.0
37251.0 3.0
37259.0 3.0
37267.0 3.0
37275.0 3.0
37283.0 3.0
37291.0 3.0
37299.0 3.0
37307.0 3.0
37315.0 3.0
37323.0 3.0
37331.0 3.0
37339.0 3.0
37347.0 3.0
37355.0 3.0
37363.0 3.0
37371.0 3.0
37379.0 3.0
37387.0 3.0
37395.0 3.0
37403.0 3.0
37411.0 3.0
37419.0 3.0
37427.0 3.0
37435.0 3.0
37443.0 3.0
37451.0 3.0
37459.0 3.0
37467.0 3.0
37475.0 3.0
37483.0 3.0
37491.0 3.0
37499.0 3.0
37507.0 3.0
37515.0 3.0
37523.0 3.0
37531.0 3.0
37539.0 3.0
37547.0 3.0
37555.0 3.0
37563.0 3.0
37571.0 3.0
37579.0 3.0
37587.0 3.0
37595.0 3.0
37603.0 3.0
37611.0 3.0
37619.0 3.0
37627.0 3.0
37635.0 3.0
37643.0 3.0
37651.0 3.0
37659.0 3.0
37667.0 3.0
37675.0 3.0
37683.0 3.0
37691.0 3.0
37699.0 3.0
37707.0 3.0
37715.0 3.0
37723.0 3.0
37731.0 3.0
37739.0 3.0
37747.0 3.0
37755.0 3.0
37763.0 3.0
37771.0 3.0
37779.0 3.0
37787.0 3.0
37795.0 3.0
37803.0 3.0
37811.0 3.0
37819.0 3.0
37827.0 3.0
37835.0 3.0
37843.0 3.0
37851.0 3.0
37859.0 3.0
37867.0 3.0
37875.0 3.0
37883.0 3.0
37891.0 3.0
37899.0 3.0
37907.0 3.0
37915.0 3.0
37923.0 3.0
37931.0 3.0
37939.0 3.0
37947.0 3.0
37955.0 3.0
37963.0 3.0
37971.0 3.0
37979.0 3.0
37987.0 3.0
37995.0 3.0
38003.0 3.0
38011.0 3.0
38019.0 3.0
38027.0 3.0
38035.0 3.0
38043.0 3.0
38051.0 3.0
38059.0 3.0
38067.0 3.0
38075.0 3.0
38083.0 3.0
38091.0 3.0
38099.0 3.0
38107.0 3.0
38115.0 3.0
38123.0 3.0
38131.0 3.0
38139.0 3.0
38147.0 3.0
38155.0 3.0
38163.0 3.0
38171.0 3.0
38179.0 3.0
38187.0 3.0
38195.0 3.0
38203.0 3.0
38211.0 3.0
38219.0 3.0
38227.0 3.0
38235.0 3.0
38243.0 3.0
38251.0 3.0
38259.0 3.0
38267.0 3.0
38275.0 3.0
38283.0 3.0
38291.0 3.0
38299.0 3.0
38307.0 3.0
38315.0 3.0
38323.0 3.0
38331.0 3.0
38339.0 3.0
38347.0 3.0
38355.0 3.0
38363.0 3.0
38371.0 3.0
38379.0 3.0
38387.0 3.0
38395.0 3.0
38403.0 3.0
38411.0 3.0
38419.0 3.0
38427.0 3.0
38435.0 3.0
38443.0 3.0
38451.0 3.0
38459.0 3.0
38467.0 3.0
38475.0 3.0
38483.0 3.0
38491.0 3.0
38499.0 3.0
38507.0 3.0
38515.0 3.0
38523.0 3.0
38531.0 3.0
38539.0 3.0
38547.0 3.0
38555.0 3.0
38563.0 3.0
38571.0 3.0
38579.0 3.0
38587.0 3.0
38595.0 3.0
38603.0 3.0
38611.0 3.0
38619.0 3.0
38627.0 3.0
38635.0 3.0
38643.0 3.0
38651.0 3.0
38659.0 3.0
38667.0 3.0
38675.0 3.0
38683.0 3.0
38691.0 3.0
38699.0 3.0
38707.0 3.0
38715.0 3.0
38723.0 3.0
38731.0 3.0
38739.0 3.0
38747.0 3.0
38755.0 3.0
38763.0 3.0
38771.0 3.0
38779.0 3.0
38787.0 3.0
38795.0 3.0
38803.0 3.0
38811.0 3.0
38819.0 3.0
38827.0 3.0
38835.0 3.0
38843.0 3.0
38851.0 3.0
38859.0 3.0
38867.0 3.0
38875.0 3.0
38883.0 3.0
38891.0 3.0
38899.0 3.0
38907.0 3.0
38915.0 3.0
38923.0 3.0
38931.0 3.0
38939.0 3.0
38947.0 3.0
38955.0 3.0
38963.0 3.0
38971.0 3.0
38979.0 3.0
38987.0 3.0
38995.0 3.0
39003.0 3.0
39011.0 3.0
39019.0 3.0
39027.0 3.0
39035.0 3.0
39043.0 3.0
39051.0 3.0
39059.0 3.0
39067.0 3.0
39075.0 3.0
39083.0 3.0
39091.0 3.0
39099.0 3.0
39107.0 3.0
39115.0 3.0
39123.0 3.0
39131.0 3.0
39139.0 3.0
39147.0 3.0
39155.0 3.0
39163.0 3.0
39171.0 3.0
39179.0 3.0
39187.0 3.0
39195.0 3.0
39203.0 3.0
39211.0 3.0
39219.0 3.0
39227.0 3.0
39235.0 3.0
39243.0 3.0
39251.0 3.0
39259.0 3.0
39267.0 3.0
39275.0 3.0
39283.0 3.0
39291.0 3.0
39299.0 3.0
39307.0 3.0
39315.0 3.0
39323.0 3.0
39331.0 3.0
39339.0 3.0
39347.0 3.0
39355.0 3.0
39363.0 3.0
39371.0 3.0
39379.0 3.0
39387.0 3.0
39395.0 3.0
39403.0 3.0
39411.0 3.0
39419.0 3.0
39427.0 3.0
39435.0 3.0
39443.0 3.0
39451.0 3.0
39459.0 3.0
39467.0 3.0
39475.0 3.0
39483.0 3.0
39491.0 3.0
39499.0 3.0
39507.0 3.0
39515.0 3.0
39523.0 3.0
39531.0 3.0
39539.0 3.0
39547.0 3.0
39555.0 3.0
39563.0 3.0
39571.0 3.0
39579.0 3.0
39587.0 3.0
39595.0 3.0
39603.0 3.0
39611.0 3.0
39619.0 3.0
39627.0 3.0
39635.0 3.0
39643.0 3.0
39651.0 3.0
39659.0 3.0
39667.0 3.0
39675.0 3.0
39683.0 3.0
39691.0 3.0
39699.0 3.0
39707.0 3.0
39715.0 3.0
39723.0 3.0
39731.0 3.0
39739.0 3.0
39747.0 3.0
39755.0 3.0
39763.0 3.0
39771.0 3.0
39779.0 3.0
39787.0 3.0
39795.0 3.0
39803.0 3.0
39811.0 3.0
39819.0 3.0
39827.0 3.0
39835.0 3.0
39843.0 3.0
39851.0 3.0
39859.0 3.0
39867.0 3.0
39875.0 3.0
39883.0 3.0
39891.0 3.0
39899.0 3.0
39907.0 3.0
39915.0 3.0
39923.0 3.0
39931.0 3.0
39939.0 3.0
39947.0 3.0
39955.0 3.0
39963.0 3.0
39971.0 3.0
39979.0 3.0
39987.0 3.0
