15.0 15.0
58.0 15.0
101.0 15.0
144.0 15.0
187.0 15.0
230.0 15.0
273.0 15.0
316.0 15.0
359.0 15.0
402.0 15.0
445.0 15.0
488.0 15.0
531.0 15.0
574.0 15.0
617.0 15.0
660.0 15.0
703.0 15.0
746.0 15.0
789.0 15.0
832.0 15.0
875.0 15.0
918.0 15.0
961.0 15.0
1004.0 15.0
1047.0 15.0
1090.0 15.0
1133.0 15.0
1176.0 15.0
1219.0 15.0
1262.0 15.0
1305.0 15.0
1348.0 15.0
1391.0 15.0
1434.0 15.0
1477.0 15.0
1520.0 15.0
1563.0 15.0
1606.0 15.0
1649.0 15.0
1692.0 15.0
1735.0 15.0
1778.0 15.0
1821.0 15.0
1864.0 15.0
1907.0 15.0
1950.0 15.0
1993.0 15.0
2036.0 15.0
2079.0 15.0
2122.0 15.0
2165.0 15.0
2208.0 15.0
2251.0 15.0
2294.0 15.0
2337.0 15.0
2380.0 15.0
2423.0 15.0
2466.0 15.0
2509.0 15.0
2552.0 15.0
2595.0 15.0
2638.0 15.0
2681.0 15.0
2724.0 15.0
2767.0 15.0
2810.0 15.0
2853.0 15.0
2896.0 15.0
2939.0 15.0
2982.0 15.0
3025.0 15.0
3068.0 15.0
3111.0 15.0
3154.0 15.0
3197.0 15.0
3240.0 15.0
3283.0 15.0
3326.0 15.0
3369.0 15.0
3412.0 15.0
3455.0 15.0
3498.0 15.0
3541.0 15.0
3584.0 15.0
3627.0 15.0
3670.0 15.0
3713.0 15.0
3756.0 15.0
3799.0 15.0
3842.0 15.0
3885.0 15.0
3928.0 15.0
3971.0 15.0
4014.0 15.0
4057.0 15.0
4100.0 15.0
4143.0 15.0
4186.0 15.0
4229.0 15.0
4272.0 15.0
4315.0 15.0
4358.0 15.0
4401.0 15.0
4444.0 15.0
4487.0 15.0
4530.0 15.0
4573.0 15.0
4616.0 15.0
4659.0 15.0
4702.0 15.0
4745.0 15.0
4788.0 15.0
4831.0 15.0
4874.0 15.0
4917.0 15.0
4960.0 15.0
5003.0 15.0
5046.0 15.0
5089.0 15.0
5132.0 15.0
5175.0 15.0
5218.0 15.0
5261.0 15.0
5304.0 15.0
5347.0 15.0
5390.0 15.0
5433.0 15.0
5476.0 15.0
5519.0 15.0
5562.0 15.0
5605.0 15.0
5648.0 15.0
5691.0 15.0
5734.0 15.0
5777.0 15.0
5820.0 15.0
5863.0 15.0
5906.0 15.0
5949.0 15.0
5992.0 15.0
6035.0 15.0
6078.0 15.0
6121.0 15.0
6164.0 15.0
6207.0 15.0
6250.0 15.0
6293.0 15.0
6336.0 15.0
6379.0 15.0
6422.0 15.0
6465.0 15.0
6508.0 15.0
6551.0 15.0
6594.0 15.0
6637.0 15.0
6680.0 15.0
6723.0 15.0
6766.0 15.0
6809.0 15.0
6852.0 15.0
6895.0 15.0
6938.0 15.0
6981.0 15.0
7024.0 15.0
7067.0 15.0
7110.0 15.0
7153.0 15.0
7196.0 15.0
7239.0 15.0
7282.0 15.0
7325.0 15.0
7368.0 15.0
7411.0 15.0
7454.0 15.0
7497.0 15.0
7540.0 15.0
7583.0 15.0
7626.0 15.0
7669.0 15.0
7712.0 15.0
7755.0 15.0
7798.0 15.0
7841.0 15.0
7884.0 15.0
7927.0 15.0
7970.0 15.0
8013.0 15.0
8056.0 15.0
8099.0 15.0
8142.0 15.0
8185.0 15.0
8228.0 15.0
8271.0 15.0
8314.0 15.0
8357.0 15.0
8400.0 15.0
8443.0 15.0
8486.0 15.0
8529.0 15.0
8572.0 15.0
8615.0 15.0
8658.0 15.0
8701.0 15.0
8744.0 15.0
8787.0 15.0
8830.0 15.0
8873.0 15.0
8916.0 15.0
8959.0 15.0
9002.0 15.0
9045.0 15.0
9088.0 15.0
9131.0 15.0
9174.0 15.0
9217.0 15.0
9260.0 15.0
9303.0 15.0
9346.0 15.0
9389.0 15.0
9432.0 15.0
9475.0 15.0
9518.0 15.0
9561.0 15.0
9604.0 15.0
9647.0 15.0
9690.0 15.0
9733.0 15.0
9776.0 15.0
9819.0 15.0
9862.0 15.0
9905.0 15.0
9948.0 15.0
9991.0 15.0
10034.0 15.0
10077.0 15.0
10120.0 15.0
10163.0 15.0
10206.0 15.0
10249.0 15.0
10292.0 15.0
10335.0 15.0
10378.0 15.0
10421.0 15.0
10464.0 15.0
10507.0 15.0
10550.0 15.0
10593.0 15.0
10636.0 15.0
10679.0 15.0
10722.0 15.0
10765.0 15.0
10808.0 15.0
10851.0 15.0
10894.0 15.0
10937.0 15.0
10980.0 15.0
11023.0 15.0
11066.0 15.0
11109.0 15.0
11152.0 15.0
11195.0 15.0
11238.0 15.0
11281.0 15.0
11324.0 15.0
11367.0 15.0
11410.0 15.0
11453.0 15.0
11496.0 15.0
11539.0 15.0
11582.0 15.0
11625.0 15.0
11668.0 15.0
11711.0 15.0
11754.0 15.0
11797.0 15.0
11840.0 15.0
11883.0 15.0
11926.0 15.0
11969.0 15.0
12012.0 15.0
12055.0 15.0
12098.0 15.0
12141.0 15.0
12184.0 15.0
12227.0 15.0
12270.0 15.0
12313.0 15.0
12356.0 15.0
12399.0 15.0
12442.0 15.0
12485.0 15.0
12528.0 15.0
12571.0 15.0
12614.0 15.0
12657.0 15.0
12700.0 15.0
12743.0 15.0
12786.0 15.0
12829.0 15.0
12872.0 15.0
12915.0 15.0
12958.0 15.0
13001.0 15.0
13044.0 15.0
13087.0 15.0
13130.0 15.0
13173.0 15.0
13216.0 15.0
13259.0 15.0
13302.0 15.0
13345.0 15.0
13388.0 15.0
13431.0 15.0
13474.0 15.0
13517.0 15.0
13560.0 15.0
13603.0 15.0
13646.0 15.0
13689.0 15.0
13732.0 15.0
13775.0 15.0
13818.0 15.0
13861.0 15.0
13904.0 15.0
13947.0 15.0
13990.0 15.0
14033.0 15.0
14076.0 15.0
14119.0 15.0
14162.0 15.0
14205.0 15.0
14248.0 15.0
14291.0 15.0
14334.0 15.0
14377.0 15.0
14420.0 15.0
14463.0 15.0
14506.0 15.0
14549.0 15.0
14592.0 15.0
14635.0 15.0
14678.0 15.0
14721.0 15.0
14764.0 15.0
14807.0 15.0
14850.0 15.0
14893.0 15.0
14936.0 15.0
14979.0 15.0
15022.0 15.0
15065.0 15.0
15108.0 15.0
15151.0 15.0
15194.0 15.0
15237.0 15.0
15280.0 15.0
15323.0 15.0
15366.0 15.0
15409.0 15.0
15452.0 15.0
15495.0 15.0
15538.0 15.0
15581.0 15.0
15624.0 15.0
15667.0 15.0
15710.0 15.0
15753.0 15.0
15796.0 15.0
15839.0 15.0
15882.0 15.0
15925.0 15.0
15968.0 15.0
16011.0 15.0
16054.0 15.0
16097.0 15.0
16140.0 15.0
16183.0 15.0
16226.0 15.0
16269.0 15.0
16312.0 15.0
16355.0 15.0
16398.0 15.0
16441.0 15.0
16484.0 15.0
16527.0 15.0
16570.0 15.0
16613.0 15.0
16656.0 15.0
16699.0 15.0
16742.0 15.0
16785.0 15.0
16828.0 15.0
16871.0 15.0
16914.0 15.0
16957.0 15.0
17000.0 15.0
17043.0 15.0
17086.0 15.0
17129.0 15.0
17172.0 15.0
17215.0 15.0
17258.0 15.0
17301.0 15.0
17344.0 15.0
17387.0 15.0
17430.0 15.0
17473.0 15.0
17516.0 15.0
17559.0 15.0
17602.0 15.0
17645.0 15.0
17688.0 15.0
17731.0 15.0
17774.0 15.0
17817.0 15.0
17860.0 15.0
17903.0 15.0
17946.0 15.0
17989.0 15.0
18032.0 15.0
18075.0 15.0
18118.0 15.0
18161.0 15.0
18204.0 15.0
18247.0 15.0
18290.0 15.0
18333.0 15.0
18376.0 15.0
18419.0 15.0
18462.0 15.0
18505.0 15.0
18548.0 15.0
18591.0 15.0
18634.0 15.0
18677.0 15.0
18720.0 15.0
18763.0 15.0
18806.0 15.0
18849.0 15.0
18892.0 15.0
18935.0 15.0
18978.0 15.0
19021.0 15.0
19064.0 15.0
19107.0 15.0
19150.0 15.0
19193.0 15.0
19236.0 15.0
19279.0 15.0
19322.0 15.0
19365.0 15.0
19408.0 15.0
19451.0 15.0
19494.0 15.0
19537.0 15.0
19580.0 15.0
19623.0 15.0
19666.0 15.0
19709.0 15.0
19752.0 15.0
19795.0 15.0
19838.0 15.0
19881.0 15.0
19924.0 15.0
19967.0 15.0
20010.0 15.0
20053.0 15.0
20096.0 15.0
20139.0 15.0
20182.0 15.0
20225.0 15.0
20268.0 15.0
20311.0 15.0
20354.0 15.0
20397.0 15.0
20440.0 15.0
20483.0 15.0
20526.0 15.0
20569.0 15.0
20612.0 15.0
20655.0 15.0
20698.0 15.0
20741.0 15.0
20784.0 15.0
20827.0 15.0
20870.0 15.0
20913.0 15.0
20956.0 15.0
20999.0 15.0
21042.0 15.0
21085.0 15.0
21128.0 15.0
21171.0 15.0
21214.0 15.0
21257.0 15.0
21300.0 15.0
21343.0 15.0
21386.0 15.0
21429.0 15.0
