0.0 inject 3.0
0.0 inject 5.0
0.0 schedule ALG 3.0
0.0 schedule ADV 5.0
3.0 sent ALG
3.0 schedule ALG 5.0
5.0 sent ADV
5.0 error
5.0 schedule ALG 5.0
5.0 schedule ADV 3.0
8.0 inject 3.0
8.0 inject 5.0
8.0 sent ADV
8.0 error
8.0 schedule ALG 3.0
8.0 schedule ADV 5.0
11.0 sent ALG
11.0 schedule ALG 5.0
13.0 sent ADV
13.0 error
13.0 schedule ALG 5.0
13.0 schedule ADV 3.0
16.0 inject 3.0
16.0 inject 5.0
16.0 sent ADV
16.0 error
16.0 schedule ALG 3.0
16.0 schedule ADV 5.0
19.0 sent ALG
19.0 schedule ALG 5.0
21.0 sent ADV
21.0 error
21.0 schedule ALG 5.0
21.0 schedule ADV 3.0
24.0 inject 3.0
24.0 inject 5.0
24.0 sent ADV
24.0 error
24.0 schedule ALG 3.0
24.0 schedule ADV 5.0
27.0 sent ALG
27.0 schedule ALG 5.0
29.0 sent ADV
29.0 error
29.0 schedule ALG 5.0
29.0 schedule ADV 3.0
32.0 inject 3.0
32.0 inject 5.0
32.0 sent ADV
32.0 error
32.0 schedule ALG 3.0
32.0 schedule ADV 5.0
35.0 sent ALG
35.0 schedule ALG 5.0
37.0 sent ADV
37.0 error
37.0 schedule ALG 5.0
37.0 schedule ADV 3.0
40.0 inject 3.0
40.0 inject 5.0
40.0 sent ADV
40.0 error
40.0 schedule ALG 3.0
40.0 schedule ADV 5.0
43.0 sent ALG
43.0 schedule ALG 5.0
45.0 sent ADV
45.0 error
45.0 schedule ALG 5.0
45.0 schedule ADV 3.0
48.0 inject 3.0
48.0 inject 5.0
48.0 sent ADV
48.0 error
48.0 schedule ALG 3.0
48.0 schedule ADV 5.0
51.0 sent ALG
51.0 schedule ALG 5.0
53.0 sent ADV
53.0 error
53.0 schedule ALG 5.0
53.0 schedule ADV 3.0
56.0 inject 3.0
56.0 inject 5.0
56.0 sent ADV
56.0 error
56.0 schedule ALG 3.0
56.0 schedule ADV 5.0
59.0 sent ALG
59.0 schedule ALG 5.0
61.0 sent ADV
61.0 error
61.0 schedule ALG 5.0
61.0 schedule ADV 3.0
64.0 inject 3.0
64.0 inject 5.0
64.0 sent ADV
64.0 error
64.0 schedule ALG 3.0
64.0 schedule ADV 5.0
67.0 sent ALG
67.0 schedule ALG 5.0
69.0 sent ADV
69.0 error
69.0 schedule ALG 5.0
69.0 schedule ADV 3.0
72.0 inject 3.0
72.0 inject 5.0
72.0 sent ADV
72.0 error
72.0 schedule ALG 3.0
72.0 schedule ADV 5.0
75.0 sent ALG
75.0 schedule ALG 5.0
77.0 sent ADV
77.0 error
77.0 schedule ALG 5.0
77.0 schedule ADV 3.0
80.0 inject 3.0
80.0 inject 5.0
80.0 sent ADV
80.0 error
80.0 schedule ALG 3.0
80.0 schedule ADV 5.0
83.0 sent ALG
83.0 schedule ALG 5.0
85.0 sent ADV
85.0 error
85.0 schedule ALG 5.0
85.0 schedule ADV 3.0
88.0 inject 3.0
88.0 inject 5.0
88.0 sent ADV
88.0 error
88.0 schedule ALG 3.0
88.0 schedule ADV 5.0
91.0 sent ALG
91.0 schedule ALG 5.0
93.0 sent ADV
93.0 error
93.0 schedule ALG 5.0
93.0 schedule ADV 3.0
96.0 inject 3.0
96.0 inject 5.0
96.0 sent ADV
96.0 error
96.0 schedule ALG 3.0
96.0 schedule ADV 5.0
99.0 sent ALG
99.0 schedule ALG 5.0
101.0 sent ADV
101.0 error
101.0 schedule ALG 5.0
101.0 schedule ADV 3.0
104.0 inject 3.0
104.0 inject 5.0
104.0 sent ADV
104.0 error
104.0 schedule ALG 3.0
104.0 schedule ADV 5.0
107.0 sent ALG
107.0 schedule ALG 5.0
109.0 sent ADV
109.0 error
109.0 schedule ALG 5.0
109.0 schedule ADV 3.0
112.0 inject 3.0
112.0 inject 5.0
112.0 sent ADV
112.0 error
112.0 schedule ALG 3.0
112.0 schedule ADV 5.0
115.0 sent ALG
115.0 schedule ALG 5.0
117.0 sent ADV
117.0 error
117.0 schedule ALG 5.0
117.0 schedule ADV 3.0
120.0 inject 3.0
120.0 inject 5.0
120.0 sent ADV
120.0 error
120.0 schedule ALG 3.0
120.0 schedule ADV 5.0
123.0 sent ALG
123.0 schedule ALG 5.0
125.0 sent ADV
125.0 error
125.0 schedule ALG 5.0
125.0 schedule ADV 3.0
128.0 inject 3.0
128.0 inject 5.0
128.0 sent ADV
128.0 error
128.0 schedule ALG 3.0
128.0 schedule ADV 5.0
131.0 sent ALG
131.0 schedule ALG 5.0
133.0 sent ADV
133.0 error
133.0 schedule ALG 5.0
133.0 schedule ADV 3.0
136.0 inject 3.0
136.0 inject 5.0
136.0 sent ADV
136.0 error
136.0 schedule ALG 3.0
136.0 schedule ADV 5.0
139.0 sent ALG
139.0 schedule ALG 5.0
141.0 sent ADV
141.0 error
141.0 schedule ALG 5.0
141.0 schedule ADV 3.0
144.0 inject 3.0
144.0 inject 5.0
144.0 sent ADV
144.0 error
144.0 schedule ALG 3.0
144.0 schedule ADV 5.0
147.0 sent ALG
147.0 schedule ALG 5.0
149.0 sent ADV
149.0 error
149.0 schedule ALG 5.0
149.0 schedule ADV 3.0
152.0 inject 3.0
152.0 inject 5.0
152.0 sent ADV
152.0 error
152.0 schedule ALG 3.0
152.0 schedule ADV 5.0
155.0 sent ALG
155.0 schedule ALG 5.0
157.0 sent ADV
157.0 error
157.0 schedule ALG 5.0
157.0 schedule ADV 3.0
160.0 inject 3.0
160.0 inject 5.0
160.0 sent ADV
160.0 error
160.0 schedule ALG 3.0
160.0 schedule ADV 5.0
163.0 sent ALG
163.0 schedule ALG 5.0
165.0 sent ADV
165.0 error
165.0 schedule ALG 5.0
165.0 schedule ADV 3.0
168.0 inject 3.0
168.0 inject 5.0
168.0 sent ADV
168.0 error
168.0 schedule ALG 3.0
168.0 schedule ADV 5.0
171.0 sent ALG
171.0 schedule ALG 5.0
173.0 sent ADV
173.0 error
173.0 schedule ALG 5.0
173.0 schedule ADV 3.0
176.0 inject 3.0
176.0 inject 5.0
176.0 sent ADV
176.0 error
176.0 schedule ALG 3.0
176.0 schedule ADV 5.0
179.0 sent ALG
179.0 schedule ALG 5.0
181.0 sent ADV
181.0 error
181.0 schedule ALG 5.0
181.0 schedule ADV 3.0
184.0 inject 3.0
184.0 inject 5.0
184.0 sent ADV
184.0 error
184.0 schedule ALG 3.0
184.0 schedule ADV 5.0
187.0 sent ALG
187.0 schedule ALG 5.0
189.0 sent ADV
189.0 error
189.0 schedule ALG 5.0
189.0 schedule ADV 3.0
192.0 inject 3.0
192.0 inject 5.0
192.0 sent ADV
192.0 error
192.0 schedule ALG 3.0
192.0 schedule ADV 5.0
195.0 sent ALG
195.0 schedule ALG 5.0
197.0 sent ADV
197.0 error
197.0 schedule ALG 5.0
197.0 schedule ADV 3.0
200.0 inject 3.0
200.0 inject 5.0
200.0 sent ADV
200.0 error
200.0 schedule ALG 3.0
200.0 schedule ADV 5.0
203.0 sent ALG
203.0 schedule ALG 5.0
205.0 sent ADV
205.0 error
205.0 schedule ALG 5.0
205.0 schedule ADV 3.0
208.0 inject 3.0
208.0 inject 5.0
208.0 sent ADV
208.0 error
208.0 schedule ALG 3.0
208.0 schedule ADV 5.0
211.0 sent ALG
211.0 schedule ALG 5.0
213.0 sent ADV
213.0 error
213.0 schedule ALG 5.0
213.0 schedule ADV 3.0
216.0 inject 3.0
216.0 inject 5.0
216.0 sent ADV
216.0 error
216.0 schedule ALG 3.0
216.0 schedule ADV 5.0
219.0 sent ALG
219.0 schedule ALG 5.0
221.0 sent ADV
221.0 error
221.0 schedule ALG 5.0
221.0 schedule ADV 3.0
224.0 inject 3.0
224.0 inject 5.0
224.0 sent ADV
224.0 error
224.0 schedule ALG 3.0
224.0 schedule ADV 5.0
227.0 sent ALG
227.0 schedule ALG 5.0
229.0 sent ADV
229.0 error
229.0 schedule ALG 5.0
229.0 schedule ADV 3.0
232.0 inject 3.0
232.0 inject 5.0
232.0 sent ADV
232.0 error
232.0 schedule ALG 3.0
232.0 schedule ADV 5.0
235.0 sent ALG
235.0 schedule ALG 5.0
237.0 sent ADV
237.0 error
237.0 schedule ALG 5.0
237.0 schedule ADV 3.0
240.0 inject 3.0
240.0 inject 5.0
240.0 sent ADV
240.0 error
240.0 schedule ALG 3.0
240.0 schedule ADV 5.0
243.0 sent ALG
243.0 schedule ALG 5.0
245.0 sent ADV
245.0 error
245.0 schedule ALG 5.0
245.0 schedule ADV 3.0
248.0 inject 3.0
248.0 inject 5.0
248.0 sent ADV
248.0 error
248.0 schedule ALG 3.0
248.0 schedule ADV 5.0
251.0 sent ALG
251.0 schedule ALG 5.0
253.0 sent ADV
253.0 error
253.0 schedule ALG 5.0
253.0 schedule ADV 3.0
256.0 inject 3.0
256.0 inject 5.0
256.0 sent ADV
256.0 error
256.0 schedule ALG 3.0
256.0 schedule ADV 5.0
259.0 sent ALG
259.0 schedule ALG 5.0
261.0 sent ADV
261.0 error
261.0 schedule ALG 5.0
261.0 schedule ADV 3.0
264.0 inject 3.0
264.0 inject 5.0
264.0 sent ADV
264.0 error
264.0 schedule ALG 3.0
264.0 schedule ADV 5.0
267.0 sent ALG
267.0 schedule ALG 5.0
269.0 sent ADV
269.0 error
269.0 schedule ALG 5.0
269.0 schedule ADV 3.0
272.0 inject 3.0
272.0 inject 5.0
272.0 sent ADV
272.0 error
272.0 schedule ALG 3.0
272.0 schedule ADV 5.0
275.0 sent ALG
275.0 schedule ALG 5.0
277.0 sent ADV
277.0 error
277.0 schedule ALG 5.0
277.0 schedule ADV 3.0
280.0 inject 3.0
280.0 inject 5.0
280.0 sent ADV
280.0 error
280.0 schedule ALG 3.0
280.0 schedule ADV 5.0
283.0 sent ALG
283.0 schedule ALG 5.0
285.0 sent ADV
285.0 error
285.0 schedule ALG 5.0
285.0 schedule ADV 3.0
288.0 inject 3.0
288.0 inject 5.0
288.0 sent ADV
288.0 error
288.0 schedule ALG 3.0
288.0 schedule ADV 5.0
291.0 sent ALG
291.0 schedule ALG 5.0
293.0 sent ADV
293.0 error
293.0 schedule ALG 5.0
293.0 schedule ADV 3.0
296.0 inject 3.0
296.0 inject 5.0
296.0 sent ADV
296.0 error
296.0 schedule ALG 3.0
296.0 schedule ADV 5.0
299.0 sent ALG
299.0 schedule ALG 5.0
301.0 sent ADV
301.0 error
301.0 schedule ALG 5.0
301.0 schedule ADV 3.0
304.0 inject 3.0
304.0 inject 5.0
304.0 sent ADV
304.0 error
304.0 schedule ALG 3.0
304.0 schedule ADV 5.0
307.0 sent ALG
307.0 schedule ALG 5.0
309.0 sent ADV
309.0 error
309.0 schedule ALG 5.0
309.0 schedule ADV 3.0
312.0 inject 3.0
312.0 inject 5.0
312.0 sent ADV
312.0 error
312.0 schedule ALG 3.0
312.0 schedule ADV 5.0
315.0 sent ALG
315.0 schedule ALG 5.0
317.0 sent ADV
317.0 error
317.0 schedule ALG 5.0
317.0 schedule ADV 3.0
320.0 inject 3.0
320.0 inject 5.0
320.0 sent ADV
320.0 error
320.0 schedule ALG 3.0
320.0 schedule ADV 5.0
323.0 sent ALG
323.0 schedule ALG 5.0
325.0 sent ADV
325.0 error
325.0 schedule ALG 5.0
325.0 schedule ADV 3.0
328.0 inject 3.0
328.0 inject 5.0
328.0 sent ADV
328.0 error
328.0 schedule ALG 3.0
328.0 schedule ADV 5.0
331.0 sent ALG
331.0 schedule ALG 5.0
333.0 sent ADV
333.0 error
333.0 schedule ALG 5.0
333.0 schedule ADV 3.0
336.0 inject 3.0
336.0 inject 5.0
336.0 sent ADV
336.0 error
336.0 schedule ALG 3.0
336.0 schedule ADV 5.0
339.0 sent ALG
339.0 schedule ALG 5.0
341.0 sent ADV
341.0 error
341.0 schedule ALG 5.0
341.0 schedule ADV 3.0
344.0 inject 3.0
344.0 inject 5.0
344.0 sent ADV
344.0 error
344.0 schedule ALG 3.0
344.0 schedule ADV 5.0
347.0 sent ALG
347.0 schedule ALG 5.0
349.0 sent ADV
349.0 error
349.0 schedule ALG 5.0
349.0 schedule ADV 3.0
352.0 inject 3.0
352.0 inject 5.0
352.0 sent ADV
352.0 error
352.0 schedule ALG 3.0
352.0 schedule ADV 5.0
355.0 sent ALG
355.0 schedule ALG 5.0
357.0 sent ADV
357.0 error
357.0 schedule ALG 5.0
357.0 schedule ADV 3.0
360.0 inject 3.0
360.0 inject 5.0
360.0 sent ADV
360.0 error
360.0 schedule ALG 3.0
360.0 schedule ADV 5.0
363.0 sent ALG
363.0 schedule ALG 5.0
365.0 sent ADV
365.0 error
365.0 schedule ALG 5.0
365.0 schedule ADV 3.0
368.0 inject 3.0
368.0 inject 5.0
368.0 sent ADV
368.0 error
368.0 schedule ALG 3.0
368.0 schedule ADV 5.0
371.0 sent ALG
371.0 schedule ALG 5.0
373.0 sent ADV
373.0 error
373.0 schedule ALG 5.0
373.0 schedule ADV 3.0
376.0 inject 3.0
376.0 inject 5.0
376.0 sent ADV
376.0 error
376.0 schedule ALG 3.0
376.0 schedule ADV 5.0
379.0 sent ALG
379.0 schedule ALG 5.0
381.0 sent ADV
381.0 error
381.0 schedule ALG 5.0
381.0 schedule ADV 3.0
384.0 inject 3.0
384.0 inject 5.0
384.0 sent ADV
384.0 error
384.0 schedule ALG 3.0
384.0 schedule ADV 5.0
387.0 sent ALG
387.0 schedule ALG 5.0
389.0 sent ADV
389.0 error
389.0 schedule ALG 5.0
389.0 schedule ADV 3.0
392.0 inject 3.0
392.0 inject 5.0
392.0 sent ADV
