0.0 inject 15.0
0.0 inject 28.0
0.0 schedule ALG 15.0
0.0 schedule ADV 28.0
15.0 sent ALG
15.0 schedule ALG 28.0
28.0 sent ADV
28.0 error
28.0 schedule ALG 28.0
28.0 schedule ADV 15.0
43.0 inject 15.0
43.0 inject 28.0
43.0 sent ADV
43.0 error
43.0 schedule ALG 15.0
43.0 schedule ADV 28.0
58.0 sent ALG
58.0 schedule ALG 28.0
71.0 sent ADV
71.0 error
71.0 schedule ALG 28.0
71.0 schedule ADV 15.0
86.0 inject 15.0
86.0 inject 28.0
86.0 sent ADV
86.0 error
86.0 schedule ALG 15.0
86.0 schedule ADV 28.0
101.0 sent ALG
101.0 schedule ALG 28.0
114.0 sent ADV
114.0 error
114.0 schedule ALG 28.0
114.0 schedule ADV 15.0
129.0 inject 15.0
129.0 inject 28.0
129.0 sent ADV
129.0 error
129.0 schedule ALG 15.0
129.0 schedule ADV 28.0
144.0 sent ALG
144.0 schedule ALG 28.0
157.0 sent ADV
157.0 error
157.0 schedule ALG 28.0
157.0 schedule ADV 15.0
172.0 inject 15.0
172.0 inject 28.0
172.0 sent ADV
172.0 error
172.0 schedule ALG 15.0
172.0 schedule ADV 28.0
187.0 sent ALG
187.0 schedule ALG 28.0
200.0 sent ADV
200.0 error
200.0 schedule ALG 28.0
200.0 schedule ADV 15.0
215.0 inject 15.0
215.0 inject 28.0
215.0 sent ADV
215.0 error
215.0 schedule ALG 15.0
215.0 schedule ADV 28.0
230.0 sent ALG
230.0 schedule ALG 28.0
243.0 sent ADV
243.0 error
243.0 schedule ALG 28.0
243.0 schedule ADV 15.0
258.0 inject 15.0
258.0 inject 28.0
258.0 sent ADV
258.0 error
258.0 schedule ALG 15.0
258.0 schedule ADV 28.0
273.0 sent ALG
273.0 schedule ALG 28.0
286.0 sent ADV
286.0 error
286.0 schedule ALG 28.0
286.0 schedule ADV 15.0
301.0 inject 15.0
301.0 inject 28.0
301.0 sent ADV
301.0 error
301.0 schedule ALG 15.0
301.0 schedule ADV 28.0
316.0 sent ALG
316.0 schedule ALG 28.0
329.0 sent ADV
329.0 error
329.0 schedule ALG 28.0
329.0 schedule ADV 15.0
344.0 inject 15.0
344.0 inject 28.0
344.0 sent ADV
344.0 error
344.0 schedule ALG 15.0
344.0 schedule ADV 28.0
359.0 sent ALG
359.0 schedule ALG 28.0
372.0 sent ADV
372.0 error
372.0 schedule ALG 28.0
372.0 schedule ADV 15.0
387.0 inject 15.0
387.0 inject 28.0
387.0 sent ADV
387.0 error
387.0 schedule ALG 15.0
387.0 schedule ADV 28.0
402.0 sent ALG
402.0 schedule ALG 28.0
415.0 sent ADV
415.0 error
415.0 schedule ALG 28.0
415.0 schedule ADV 15.0
430.0 inject 15.0
430.0 inject 28.0
430.0 sent ADV
430.0 error
430.0 schedule ALG 15.0
430.0 schedule ADV 28.0
445.0 sent ALG
445.0 schedule ALG 28.0
458.0 sent ADV
458.0 error
458.0 schedule ALG 28.0
458.0 schedule ADV 15.0
473.0 inject 15.0
473.0 inject 28.0
473.0 sent ADV
473.0 error
473.0 schedule ALG 15.0
473.0 schedule ADV 28.0
488.0 sent ALG
488.0 schedule ALG 28.0
501.0 sent ADV
501.0 error
501.0 schedule ALG 28.0
501.0 schedule ADV 15.0
516.0 inject 15.0
516.0 inject 28.0
516.0 sent ADV
516.0 error
516.0 schedule ALG 15.0
516.0 schedule ADV 28.0
531.0 sent ALG
531.0 schedule ALG 28.0
544.0 sent ADV
544.0 error
544.0 schedule ALG 28.0
544.0 schedule ADV 15.0
559.0 inject 15.0
559.0 inject 28.0
559.0 sent ADV
559.0 error
559.0 schedule ALG 15.0
559.0 schedule ADV 28.0
574.0 sent ALG
574.0 schedule ALG 28.0
587.0 sent ADV
587.0 error
587.0 schedule ALG 28.0
587.0 schedule ADV 15.0
602.0 inject 15.0
602.0 inject 28.0
602.0 sent ADV
602.0 error
602.0 schedule ALG 15.0
602.0 schedule ADV 28.0
617.0 sent ALG
617.0 schedule ALG 28.0
630.0 sent ADV
630.0 error
630.0 schedule ALG 28.0
630.0 schedule ADV 15.0
645.0 inject 15.0
645.0 inject 28.0
645.0 sent ADV
645.0 error
645.0 schedule ALG 15.0
645.0 schedule ADV 28.0
660.0 sent ALG
660.0 schedule ALG 28.0
673.0 sent ADV
673.0 error
673.0 schedule ALG 28.0
673.0 schedule ADV 15.0
688.0 inject 15.0
688.0 inject 28.0
688.0 sent ADV
688.0 error
688.0 schedule ALG 15.0
688.0 schedule ADV 28.0
703.0 sent ALG
703.0 schedule ALG 28.0
716.0 sent ADV
716.0 error
716.0 schedule ALG 28.0
716.0 schedule ADV 15.0
731.0 inject 15.0
731.0 inject 28.0
731.0 sent ADV
731.0 error
731.0 schedule ALG 15.0
731.0 schedule ADV 28.0
746.0 sent ALG
746.0 schedule ALG 28.0
759.0 sent ADV
759.0 error
759.0 schedule ALG 28.0
759.0 schedule ADV 15.0
774.0 inject 15.0
774.0 inject 28.0
774.0 sent ADV
774.0 error
774.0 schedule ALG 15.0
774.0 schedule ADV 28.0
789.0 sent ALG
789.0 schedule ALG 28.0
802.0 sent ADV
802.0 error
802.0 schedule ALG 28.0
802.0 schedule ADV 15.0
817.0 inject 15.0
817.0 inject 28.0
817.0 sent ADV
817.0 error
817.0 schedule ALG 15.0
817.0 schedule ADV 28.0
832.0 sent ALG
832.0 schedule ALG 28.0
845.0 sent ADV
845.0 error
845.0 schedule ALG 28.0
845.0 schedule ADV 15.0
860.0 inject 15.0
860.0 inject 28.0
860.0 sent ADV
860.0 error
860.0 schedule ALG 15.0
860.0 schedule ADV 28.0
875.0 sent ALG
875.0 schedule ALG 28.0
888.0 sent ADV
888.0 error
888.0 schedule ALG 28.0
888.0 schedule ADV 15.0
903.0 inject 15.0
903.0 inject 28.0
903.0 sent ADV
903.0 error
903.0 schedule ALG 15.0
903.0 schedule ADV 28.0
918.0 sent ALG
918.0 schedule ALG 28.0
931.0 sent ADV
931.0 error
931.0 schedule ALG 28.0
931.0 schedule ADV 15.0
946.0 inject 15.0
946.0 inject 28.0
946.0 sent ADV
946.0 error
946.0 schedule ALG 15.0
946.0 schedule ADV 28.0
961.0 sent ALG
961.0 schedule ALG 28.0
974.0 sent ADV
974.0 error
974.0 schedule ALG 28.0
974.0 schedule ADV 15.0
989.0 inject 15.0
989.0 inject 28.0
989.0 sent ADV
989.0 error
989.0 schedule ALG 15.0
989.0 schedule ADV 28.0
1004.0 sent ALG
1004.0 schedule ALG 28.0
1017.0 sent ADV
1017.0 error
1017.0 schedule ALG 28.0
1017.0 schedule ADV 15.0
1032.0 inject 15.0
1032.0 inject 28.0
1032.0 sent ADV
1032.0 error
1032.0 schedule ALG 15.0
1032.0 schedule ADV 28.0
1047.0 sent ALG
1047.0 schedule ALG 28.0
1060.0 sent ADV
1060.0 error
1060.0 schedule ALG 28.0
1060.0 schedule ADV 15.0
1075.0 inject 15.0
1075.0 inject 28.0
1075.0 sent ADV
1075.0 error
1075.0 schedule ALG 15.0
1075.0 schedule ADV 28.0
1090.0 sent ALG
1090.0 schedule ALG 28.0
1103.0 sent ADV
1103.0 error
1103.0 schedule ALG 28.0
1103.0 schedule ADV 15.0
1118.0 inject 15.0
1118.0 inject 28.0
1118.0 sent ADV
1118.0 error
1118.0 schedule ALG 15.0
1118.0 schedule ADV 28.0
1133.0 sent ALG
1133.0 schedule ALG 28.0
1146.0 sent ADV
1146.0 error
1146.0 schedule ALG 28.0
1146.0 schedule ADV 15.0
1161.0 inject 15.0
1161.0 inject 28.0
1161.0 sent ADV
1161.0 error
1161.0 schedule ALG 15.0
1161.0 schedule ADV 28.0
1176.0 sent ALG
1176.0 schedule ALG 28.0
1189.0 sent ADV
1189.0 error
1189.0 schedule ALG 28.0
1189.0 schedule ADV 15.0
1204.0 inject 15.0
1204.0 inject 28.0
1204.0 sent ADV
1204.0 error
1204.0 schedule ALG 15.0
1204.0 schedule ADV 28.0
1219.0 sent ALG
1219.0 schedule ALG 28.0
1232.0 sent ADV
1232.0 error
1232.0 schedule ALG 28.0
1232.0 schedule ADV 15.0
1247.0 inject 15.0
1247.0 inject 28.0
1247.0 sent ADV
1247.0 error
1247.0 schedule ALG 15.0
1247.0 schedule ADV 28.0
1262.0 sent ALG
1262.0 schedule ALG 28.0
1275.0 sent ADV
1275.0 error
1275.0 schedule ALG 28.0
1275.0 schedule ADV 15.0
1290.0 inject 15.0
1290.0 inject 28.0
1290.0 sent ADV
1290.0 error
1290.0 schedule ALG 15.0
1290.0 schedule ADV 28.0
1305.0 sent ALG
1305.0 schedule ALG 28.0
1318.0 sent ADV
1318.0 error
1318.0 schedule ALG 28.0
1318.0 schedule ADV 15.0
1333.0 inject 15.0
1333.0 inject 28.0
1333.0 sent ADV
1333.0 error
1333.0 schedule ALG 15.0
1333.0 schedule ADV 28.0
1348.0 sent ALG
1348.0 schedule ALG 28.0
1361.0 sent ADV
1361.0 error
1361.0 schedule ALG 28.0
1361.0 schedule ADV 15.0
1376.0 inject 15.0
1376.0 inject 28.0
1376.0 sent ADV
1376.0 error
1376.0 schedule ALG 15.0
1376.0 schedule ADV 28.0
1391.0 sent ALG
1391.0 schedule ALG 28.0
1404.0 sent ADV
1404.0 error
1404.0 schedule ALG 28.0
1404.0 schedule ADV 15.0
1419.0 inject 15.0
1419.0 inject 28.0
1419.0 sent ADV
1419.0 error
1419.0 schedule ALG 15.0
1419.0 schedule ADV 28.0
1434.0 sent ALG
1434.0 schedule ALG 28.0
1447.0 sent ADV
1447.0 error
1447.0 schedule ALG 28.0
1447.0 schedule ADV 15.0
1462.0 inject 15.0
1462.0 inject 28.0
1462.0 sent ADV
1462.0 error
1462.0 schedule ALG 15.0
1462.0 schedule ADV 28.0
1477.0 sent ALG
1477.0 schedule ALG 28.0
1490.0 sent ADV
1490.0 error
1490.0 schedule ALG 28.0
1490.0 schedule ADV 15.0
1505.0 inject 15.0
1505.0 inject 28.0
1505.0 sent ADV
1505.0 error
1505.0 schedule ALG 15.0
1505.0 schedule ADV 28.0
1520.0 sent ALG
1520.0 schedule ALG 28.0
1533.0 sent ADV
1533.0 error
1533.0 schedule ALG 28.0
1533.0 schedule ADV 15.0
1548.0 inject 15.0
1548.0 inject 28.0
1548.0 sent ADV
1548.0 error
1548.0 schedule ALG 15.0
1548.0 schedule ADV 28.0
1563.0 sent ALG
1563.0 schedule ALG 28.0
1576.0 sent ADV
1576.0 error
1576.0 schedule ALG 28.0
1576.0 schedule ADV 15.0
1591.0 inject 15.0
1591.0 inject 28.0
1591.0 sent ADV
1591.0 error
1591.0 schedule ALG 15.0
1591.0 schedule ADV 28.0
1606.0 sent ALG
1606.0 schedule ALG 28.0
1619.0 sent ADV
1619.0 error
1619.0 schedule ALG 28.0
1619.0 schedule ADV 15.0
1634.0 inject 15.0
1634.0 inject 28.0
1634.0 sent ADV
1634.0 error
1634.0 schedule ALG 15.0
1634.0 schedule ADV 28.0
1649.0 sent ALG
1649.0 schedule ALG 28.0
1662.0 sent ADV
1662.0 error
1662.0 schedule ALG 28.0
1662.0 schedule ADV 15.0
1677.0 inject 15.0
1677.0 inject 28.0
1677.0 sent ADV
1677.0 error
1677.0 schedule ALG 15.0
1677.0 schedule ADV 28.0
1692.0 sent ALG
1692.0 schedule ALG 28.0
1705.0 sent ADV
1705.0 error
1705.0 schedule ALG 28.0
1705.0 schedule ADV 15.0
1720.0 inject 15.0
1720.0 inject 28.0
1720.0 sent ADV
1720.0 error
1720.0 schedule ALG 15.0
1720.0 schedule ADV 28.0
1735.0 sent ALG
1735.0 schedule ALG 28.0
1748.0 sent ADV
1748.0 error
1748.0 schedule ALG 28.0
1748.0 schedule ADV 15.0
1763.0 inject 15.0
1763.0 inject 28.0
1763.0 sent ADV
1763.0 error
1763.0 schedule ALG 15.0
1763.0 schedule ADV 28.0
1778.0 sent ALG
1778.0 schedule ALG 28.0
1791.0 sent ADV
1791.0 error
1791.0 schedule ALG 28.0
1791.0 schedule ADV 15.0
1806.0 inject 15.0
1806.0 inject 28.0
1806.0 sent ADV
1806.0 error
1806.0 schedule ALG 15.0
1806.0 schedule ADV 28.0
1821.0 sent ALG
1821.0 schedule ALG 28.0
1834.0 sent ADV
1834.0 error
1834.0 schedule ALG 28.0
1834.0 schedule ADV 15.0
1849.0 inject 15.0
1849.0 inject 28.0
1849.0 sent ADV
1849.0 error
1849.0 schedule ALG 15.0
1849.0 schedule ADV 28.0
1864.0 sent ALG
1864.0 schedule ALG 28.0
1877.0 sent ADV
1877.0 error
1877.0 schedule ALG 28.0
1877.0 schedule ADV 15.0
1892.0 inject 15.0
1892.0 inject 28.0
1892.0 sent ADV
1892.0 error
1892.0 schedule ALG 15.0
1892.0 schedule ADV 28.0
1907.0 sent ALG
1907.0 schedule ALG 28.0
1920.0 sent ADV
1920.0 error
1920.0 schedule ALG 28.0
1920.0 schedule ADV 15.0
1935.0 inject 15.0
1935.0 inject 28.0
1935.0 sent ADV
1935.0 error
1935.0 schedule ALG 15.0
1935.0 schedule ADV 28.0
1950.0 sent ALG
1950.0 schedule ALG 28.0
1963.0 sent ADV
1963.0 error
1963.0 schedule ALG 28.0
1963.0 schedule ADV 15.0
1978.0 inject 15.0
1978.0 inject 28.0
1978.0 sent ADV
1978.0 error
1978.0 schedule ALG 15.0
1978.0 schedule ADV 28.0
1993.0 sent ALG
1993.0 schedule ALG 28.0
2006.0 sent ADV
2006.0 error
2006.0 schedule ALG 28.0
2006.0 schedule ADV 15.0
2021.0 inject 15.0
2021.0 inject 28.0
2021.0 sent ADV
2021.0 error
2021.0 schedule ALG 15.0
2021.0 schedule ADV 28.0
2036.0 sent ALG
2036.0 schedule ALG 28.0
2049.0 sent ADV
2049.0 error
2049.0 schedule ALG 28.0
2049.0 schedule ADV 15.0
2064.0 inject 15.0
2064.0 inject 28.0
2064.0 sent ADV
2064.0 error
2064.0 schedule ALG 15.0
2064.0 schedule ADV 28.0
2079.0 sent ALG
2079.0 schedule ALG 28.0
2092.0 sent ADV
2092.0 error
2092.0 schedule ALG 28.0
2092.0 schedule ADV 15.0
2107.0 inject 15.0
2107.0 inject 28.0
2107.0 sent ADV
