# 0.0 inject 3.0
# 0.0 inject 5.0
> SL schedules 3.0; error in None
> SiroccoThm9 schedules 5.0
# 3.0 sent SL 3.0
3.0 ALG 3.0
> SL schedules 5.0; error in 2.0
# 5.0 sent SiroccoThm9 5.0
5.0 ADV 5.0
# 5.0 error
5.0 ERROR
> SL schedules 5.0; error in 3.0
> SiroccoThm9 schedules 3.0
# 8.0 inject 3.0
# 8.0 inject 5.0
# 8.0 sent SiroccoThm9 3.0
8.0 ADV 3.0
# 8.0 error
8.0 ERROR
> SL schedules 3.0; error in None
> SiroccoThm9 schedules 5.0
# 11.0 sent SL 3.0
11.0 ALG 3.0
> SL schedules 5.0; error in 2.0
# 13.0 sent SiroccoThm9 5.0
13.0 ADV 5.0
# 13.0 error
13.0 ERROR
> SL schedules 5.0; error in 3.0
> SiroccoThm9 schedules 3.0
# 16.0 inject 3.0
# 16.0 inject 5.0
# 16.0 sent SiroccoThm9 3.0
16.0 ADV 3.0
# 16.0 error
16.0 ERROR
> SL schedules 3.0; error in None
> SiroccoThm9 schedules 5.0
# 19.0 sent SL 3.0
19.0 ALG 3.0
> SL schedules 5.0; error in 2.0
# 21.0 sent SiroccoThm9 5.0
21.0 ADV 5.0
# 21.0 error
21.0 ERROR
> SL schedules 5.0; error in 3.0
> SiroccoThm9 schedules 3.0
# 24.0 inject 3.0
# 24.0 inject 5.0
# 24.0 sent SiroccoThm9 3.0
24.0 ADV 3.0
# 24.0 error
24.0 ERROR
> SL schedules 3.0; error in None
> SiroccoThm9 schedules 5.0
# 27.0 sent SL 3.0
27.0 ALG 3.0
> SL schedules 5.0; error in 2.0
# 29.0 sent SiroccoThm9 5.0
29.0 ADV 5.0
# 29.0 error
29.0 ERROR
> SL schedules 5.0; error in 3.0
> SiroccoThm9 schedules 3.0
# 32.0 inject 3.0
# 32.0 inject 5.0
# 32.0 sent SiroccoThm9 3.0
32.0 ADV 3.0
