15.0 15.0
58.0 15.0
101.0 15.0
144.0 15.0
187.0 15.0
230.0 15.0
273.0 15.0
316.0 15.0
359.0 15.0
402.0 15.0
445.0 15.0
488.0 15.0
531.0 15.0
574.0 15.0
617.0 15.0
660.0 15.0
703.0 15.0
746.0 15.0
789.0 15.0
832.0 15.0
875.0 15.0
918.0 15.0
961.0 15.0
1004.0 15.0
1047.0 15.0
1090.0 15.0
1133.0 15.0
1176.0 15.0
1219.0 15.0
1262.0 15.0
1305.0 15.0
1348.0 15.0
1391.0 15.0
1434.0 15.0
1477.0 15.0
1520.0 15.0
1563.0 15.0
1606.0 15.0
1649.0 15.0
1692.0 15.0
1735.0 15.0
1778.0 15.0
1821.0 15.0
1864.0 15.0
1907.0 15.0
1950.0 15.0
1993.0 15.0
2036.0 15.0
2079.0 15.0
2122.0 15.0
2165.0 15.0
2208.0 15.0
2251.0 15.0
2294.0 15.0
2337.0 15.0
2380.0 15.0
2423.0 15.0
2466.0 15.0
2509.0 15.0
2552.0 15.0
2595.0 15.0
2638.0 15.0
2681.0 15.0
2724.0 15.0
2767.0 15.0
2810.0 15.0
2853.0 15.0
2896.0 15.0
2939.0 15.0
2982.0 15.0
3025.0 15.0
3068.0 15.0
3111.0 15.0
3154.0 15.0
3197.0 15.0
3240.0 15.0
3283.0 15.0
3326.0 15.0
3369.0 15.0
3412.0 15.0
3455.0 15.0
3498.0 15.0
3541.0 15.0
3584.0 15.0
3627.0 15.0
3670.0 15.0
3713.0 15.0
3756.0 15.0
3799.0 15.0
3842.0 15.0
3885.0 15.0
3928.0 15.0
3971.0 15.0
4014.0 15.0
4057.0 15.0
4100.0 15.0
4143.0 15.0
4186.0 15.0
4229.0 15.0
4272.0 15.0
4315.0 15.0
4358.0 15.0
4401.0 15.0
4444.0 15.0
4487.0 15.0
4530.0 15.0
4573.0 15.0
4616.0 15.0
4659.0 15.0
4702.0 15.0
4745.0 15.0
4788.0 15.0
4831.0 15.0
4874.0 15.0
4917.0 15.0
4960.0 15.0
5003.0 15.0
5046.0 15.0
5089.0 15.0
5132.0 15.0
5175.0 15.0
5218.0 15.0
5261.0 15.0
5304.0 15.0
5347.0 15.0
5390.0 15.0
5433.0 15.0
5476.0 15.0
5519.0 15.0
5562.0 15.0
5605.0 15.0
5648.0 15.0
5691.0 15.0
5734.0 15.0
5777.0 15.0
5820.0 15.0
5863.0 15.0
5906.0 15.0
5949.0 15.0
5992.0 15.0
6035.0 15.0
6078.0 15.0
6121.0 15.0
6164.0 15.0
6207.0 15.0
6250.0 15.0
6293.0 15.0
6336.0 15.0
6379.0 15.0
6422.0 15.0
6465.0 15.0
6508.0 15.0
6551.0 15.0
6594.0 15.0
6637.0 15.0
6680.0 15.0
6723.0 15.0
6766.0 15.0
6809.0 15.0
6852.0 15.0
6895.0 15.0
6938.0 15.0
6981.0 15.0
7024.0 15.0
7067.0 15.0
7110.0 15.0
7153.0 15.0
7196.0 15.0
7239.0 15.0
7282.0 15.0
7325.0 15.0
7368.0 15.0
7411.0 15.0
7454.0 15.0
7497.0 15.0
7540.0 15.0
7583.0 15.0
7626.0 15.0
7669.0 15.0
7712.0 15.0
7755.0 15.0
7798.0 15.0
7841.0 15.0
7884.0 15.0
7927.0 15.0
7970.0 15.0
8013.0 15.0
8056.0 15.0
8099.0 15.0
8142.0 15.0
8185.0 15.0
8228.0 15.0
8271.0 15.0
8314.0 15.0
8357.0 15.0
8400.0 15.0
8443.0 15.0
8486.0 15.0
8529.0 15.0
8572.0 15.0
8615.0 15.0
8658.0 15.0
8701.0 15.0
8744.0 15.0
8787.0 15.0
8830.0 15.0
8873.0 15.0
8916.0 15.0
8959.0 15.0
9002.0 15.0
9045.0 15.0
9088.0 15.0
9131.0 15.0
9174.0 15.0
9217.0 15.0
9260.0 15.0
9303.0 15.0
9346.0 15.0
9389.0 15.0
9432.0 15.0
9475.0 15.0
9518.0 15.0
9561.0 15.0
9604.0 15.0
9647.0 15.0
9690.0 15.0
9733.0 15.0
9776.0 15.0
9819.0 15.0
9862.0 15.0
9905.0 15.0
9948.0 15.0
9991.0 15.0
10034.0 15.0
10077.0 15.0
10120.0 15.0
10163.0 15.0
10206.0 15.0
10249.0 15.0
10292.0 15.0
10335.0 15.0
10378.0 15.0
10421.0 15.0
10464.0 15.0
10507.0 15.0
10550.0 15.0
10593.0 15.0
10636.0 15.0
10679.0 15.0
10722.0 15.0
10765.0 15.0
10808.0 15.0
10851.0 15.0
10894.0 15.0
10937.0 15.0
10980.0 15.0
11023.0 15.0
11066.0 15.0
11109.0 15.0
11152.0 15.0
11195.0 15.0
11238.0 15.0
11281.0 15.0
11324.0 15.0
11367.0 15.0
11410.0 15.0
11453.0 15.0
11496.0 15.0
11539.0 15.0
11582.0 15.0
11625.0 15.0
11668.0 15.0
11711.0 15.0
11754.0 15.0
11797.0 15.0
11840.0 15.0
11883.0 15.0
11926.0 15.0
11969.0 15.0
12012.0 15.0
12055.0 15.0
12098.0 15.0
12141.0 15.0
12184.0 15.0
12227.0 15.0
12270.0 15.0
12313.0 15.0
12356.0 15.0
12399.0 15.0
12442.0 15.0
12485.0 15.0
12528.0 15.0
12571.0 15.0
12614.0 15.0
12657.0 15.0
12700.0 15.0
12743.0 15.0
12786.0 15.0
12829.0 15.0
12872.0 15.0
12915.0 15.0
12958.0 15.0
13001.0 15.0
13044.0 15.0
13087.0 15.0
13130.0 15.0
13173.0 15.0
13216.0 15.0
13259.0 15.0
13302.0 15.0
13345.0 15.0
13388.0 15.0
13431.0 15.0
13474.0 15.0
13517.0 15.0
13560.0 15.0
13603.0 15.0
13646.0 15.0
13689.0 15.0
13732.0 15.0
13775.0 15.0
13818.0 15.0
13861.0 15.0
13904.0 15.0
13947.0 15.0
13990.0 15.0
14033.0 15.0
14076.0 15.0
14119.0 15.0
14162.0 15.0
14205.0 15.0
14248.0 15.0
14291.0 15.0
14334.0 15.0
14377.0 15.0
14420.0 15.0
14463.0 15.0
14506.0 15.0
14549.0 15.0
14592.0 15.0
14635.0 15.0
14678.0 15.0
14721.0 15.0
14764.0 15.0
14807.0 15.0
14850.0 15.0
14893.0 15.0
14936.0 15.0
14979.0 15.0
15022.0 15.0
15065.0 15.0
15108.0 15.0
15151.0 15.0
15194.0 15.0
15237.0 15.0
15280.0 15.0
15323.0 15.0
15366.0 15.0
15409.0 15.0
15452.0 15.0
15495.0 15.0
15538.0 15.0
15581.0 15.0
15624.0 15.0
15667.0 15.0
15710.0 15.0
15753.0 15.0
15796.0 15.0
15839.0 15.0
15882.0 15.0
15925.0 15.0
15968.0 15.0
16011.0 15.0
16054.0 15.0
16097.0 15.0
16140.0 15.0
16183.0 15.0
16226.0 15.0
16269.0 15.0
16312.0 15.0
16355.0 15.0
16398.0 15.0
16441.0 15.0
16484.0 15.0
16527.0 15.0
16570.0 15.0
16613.0 15.0
16656.0 15.0
16699.0 15.0
16742.0 15.0
16785.0 15.0
16828.0 15.0
16871.0 15.0
16914.0 15.0
16957.0 15.0
17000.0 15.0
17043.0 15.0
17086.0 15.0
17129.0 15.0
17172.0 15.0
17215.0 15.0
17258.0 15.0
17301.0 15.0
17344.0 15.0
17387.0 15.0
17430.0 15.0
17473.0 15.0
17516.0 15.0
17559.0 15.0
17602.0 15.0
17645.0 15.0
17688.0 15.0
17731.0 15.0
17774.0 15.0
17817.0 15.0
17860.0 15.0
17903.0 15.0
17946.0 15.0
17989.0 15.0
18032.0 15.0
18075.0 15.0
18118.0 15.0
18161.0 15.0
18204.0 15.0
18247.0 15.0
18290.0 15.0
18333.0 15.0
18376.0 15.0
18419.0 15.0
18462.0 15.0
18505.0 15.0
18548.0 15.0
18591.0 15.0
18634.0 15.0
18677.0 15.0
18720.0 15.0
18763.0 15.0
18806.0 15.0
18849.0 15.0
18892.0 15.0
18935.0 15.0
18978.0 15.0
19021.0 15.0
19064.0 15.0
19107.0 15.0
19150.0 15.0
19193.0 15.0
19236.0 15.0
19279.0 15.0
19322.0 15.0
19365.0 15.0
19408.0 15.0
19451.0 15.0
19494.0 15.0
19537.0 15.0
19580.0 15.0
19623.0 15.0
19666.0 15.0
19709.0 15.0
19752.0 15.0
19795.0 15.0
19838.0 15.0
19881.0 15.0
19924.0 15.0
19967.0 15.0
20010.0 15.0
20053.0 15.0
20096.0 15.0
20139.0 15.0
20182.0 15.0
20225.0 15.0
20268.0 15.0
20311.0 15.0
20354.0 15.0
20397.0 15.0
20440.0 15.0
20483.0 15.0
20526.0 15.0
20569.0 15.0
20612.0 15.0
20655.0 15.0
20698.0 15.0
20741.0 15.0
20784.0 15.0
20827.0 15.0
20870.0 15.0
20913.0 15.0
20956.0 15.0
20999.0 15.0
21042.0 15.0
21085.0 15.0
21128.0 15.0
21171.0 15.0
21214.0 15.0
21257.0 15.0
21300.0 15.0
21343.0 15.0
21386.0 15.0
21429.0 15.0
21472.0 15.0
21515.0 15.0
21558.0 15.0
21601.0 15.0
21644.0 15.0
21687.0 15.0
21730.0 15.0
21773.0 15.0
21816.0 15.0
21859.0 15.0
21902.0 15.0
21945.0 15.0
21988.0 15.0
22031.0 15.0
22074.0 15.0
22117.0 15.0
22160.0 15.0
22203.0 15.0
22246.0 15.0
22289.0 15.0
22332.0 15.0
22375.0 15.0
22418.0 15.0
22461.0 15.0
22504.0 15.0
22547.0 15.0
22590.0 15.0
22633.0 15.0
22676.0 15.0
22719.0 15.0
22762.0 15.0
22805.0 15.0
22848.0 15.0
22891.0 15.0
22934.0 15.0
22977.0 15.0
23020.0 15.0
23063.0 15.0
23106.0 15.0
23149.0 15.0
23192.0 15.0
23235.0 15.0
23278.0 15.0
23321.0 15.0
23364.0 15.0
23407.0 15.0
23450.0 15.0
23493.0 15.0
23536.0 15.0
23579.0 15.0
23622.0 15.0
23665.0 15.0
23708.0 15.0
23751.0 15.0
23794.0 15.0
23837.0 15.0
23880.0 15.0
23923.0 15.0
23966.0 15.0
24009.0 15.0
24052.0 15.0
24095.0 15.0
24138.0 15.0
24181.0 15.0
24224.0 15.0
24267.0 15.0
24310.0 15.0
24353.0 15.0
24396.0 15.0
24439.0 15.0
24482.0 15.0
24525.0 15.0
24568.0 15.0
24611.0 15.0
24654.0 15.0
24697.0 15.0
24740.0 15.0
24783.0 15.0
24826.0 15.0
24869.0 15.0
24912.0 15.0
24955.0 15.0
24998.0 15.0
25041.0 15.0
25084.0 15.0
25127.0 15.0
25170.0 15.0
25213.0 15.0
25256.0 15.0
25299.0 15.0
25342.0 15.0
25385.0 15.0
25428.0 15.0
25471.0 15.0
25514.0 15.0
25557.0 15.0
25600.0 15.0
25643.0 15.0
25686.0 15.0
25729.0 15.0
25772.0 15.0
25815.0 15.0
25858.0 15.0
25901.0 15.0
25944.0 15.0
25987.0 15.0
26030.0 15.0
26073.0 15.0
26116.0 15.0
26159.0 15.0
26202.0 15.0
26245.0 15.0
26288.0 15.0
26331.0 15.0
26374.0 15.0
26417.0 15.0
26460.0 15.0
26503.0 15.0
26546.0 15.0
26589.0 15.0
26632.0 15.0
26675.0 15.0
26718.0 15.0
26761.0 15.0
26804.0 15.0
26847.0 15.0
26890.0 15.0
26933.0 15.0
26976.0 15.0
27019.0 15.0
27062.0 15.0
27105.0 15.0
27148.0 15.0
27191.0 15.0
27234.0 15.0
27277.0 15.0
27320.0 15.0
27363.0 15.0
27406.0 15.0
27449.0 15.0
27492.0 15.0
27535.0 15.0
27578.0 15.0
27621.0 15.0
27664.0 15.0
27707.0 15.0
27750.0 15.0
27793.0 15.0
27836.0 15.0
27879.0 15.0
27922.0 15.0
27965.0 15.0
28008.0 15.0
28051.0 15.0
28094.0 15.0
28137.0 15.0
28180.0 15.0
28223.0 15.0
28266.0 15.0
28309.0 15.0
28352.0 15.0
28395.0 15.0
28438.0 15.0
28481.0 15.0
28524.0 15.0
28567.0 15.0
28610.0 15.0
28653.0 15.0
28696.0 15.0
28739.0 15.0
28782.0 15.0
28825.0 15.0
28868.0 15.0
28911.0 15.0
28954.0 15.0
28997.0 15.0
29040.0 15.0
29083.0 15.0
29126.0 15.0
29169.0 15.0
29212.0 15.0
29255.0 15.0
29298.0 15.0
29341.0 15.0
29384.0 15.0
29427.0 15.0
29470.0 15.0
29513.0 15.0
29556.0 15.0
29599.0 15.0
29642.0 15.0
29685.0 15.0
29728.0 15.0
29771.0 15.0
29814.0 15.0
29857.0 15.0
29900.0 15.0
29943.0 15.0
29986.0 15.0
30029.0 15.0
30072.0 15.0
30115.0 15.0
30158.0 15.0
30201.0 15.0
30244.0 15.0
30287.0 15.0
30330.0 15.0
30373.0 15.0
30416.0 15.0
30459.0 15.0
30502.0 15.0
30545.0 15.0
30588.0 15.0
30631.0 15.0
30674.0 15.0
30717.0 15.0
30760.0 15.0
30803.0 15.0
30846.0 15.0
30889.0 15.0
30932.0 15.0
30975.0 15.0
31018.0 15.0
31061.0 15.0
31104.0 15.0
31147.0 15.0
31190.0 15.0
31233.0 15.0
31276.0 15.0
31319.0 15.0
31362.0 15.0
31405.0 15.0
31448.0 15.0
31491.0 15.0
31534.0 15.0
31577.0 15.0
31620.0 15.0
31663.0 15.0
31706.0 15.0
31749.0 15.0
31792.0 15.0
31835.0 15.0
31878.0 15.0
31921.0 15.0
31964.0 15.0
32007.0 15.0
32050.0 15.0
32093.0 15.0
32136.0 15.0
32179.0 15.0
32222.0 15.0
32265.0 15.0
32308.0 15.0
32351.0 15.0
32394.0 15.0
32437.0 15.0
32480.0 15.0
32523.0 15.0
32566.0 15.0
32609.0 15.0
32652.0 15.0
32695.0 15.0
32738.0 15.0
32781.0 15.0
32824.0 15.0
32867.0 15.0
32910.0 15.0
32953.0 15.0
32996.0 15.0
33039.0 15.0
33082.0 15.0
33125.0 15.0
33168.0 15.0
33211.0 15.0
33254.0 15.0
33297.0 15.0
33340.0 15.0
33383.0 15.0
33426.0 15.0
33469.0 15.0
33512.0 15.0
33555.0 15.0
33598.0 15.0
33641.0 15.0
33684.0 15.0
33727.0 15.0
33770.0 15.0
33813.0 15.0
33856.0 15.0
33899.0 15.0
33942.0 15.0
33985.0 15.0
34028.0 15.0
34071.0 15.0
34114.0 15.0
34157.0 15.0
34200.0 15.0
34243.0 15.0
34286.0 15.0
34329.0 15.0
34372.0 15.0
34415.0 15.0
34458.0 15.0
34501.0 15.0
34544.0 15.0
34587.0 15.0
34630.0 15.0
34673.0 15.0
34716.0 15.0
34759.0 15.0
34802.0 15.0
34845.0 15.0
34888.0 15.0
34931.0 15.0
34974.0 15.0
35017.0 15.0
35060.0 15.0
35103.0 15.0
35146.0 15.0
35189.0 15.0
35232.0 15.0
35275.0 15.0
35318.0 15.0
35361.0 15.0
35404.0 15.0
35447.0 15.0
35490.0 15.0
35533.0 15.0
35576.0 15.0
35619.0 15.0
35662.0 15.0
35705.0 15.0
35748.0 15.0
35791.0 15.0
35834.0 15.0
35877.0 15.0
35920.0 15.0
35963.0 15.0
36006.0 15.0
36049.0 15.0
36092.0 15.0
36135.0 15.0
36178.0 15.0
36221.0 15.0
36264.0 15.0
36307.0 15.0
36350.0 15.0
36393.0 15.0
36436.0 15.0
36479.0 15.0
36522.0 15.0
36565.0 15.0
36608.0 15.0
36651.0 15.0
36694.0 15.0
36737.0 15.0
36780.0 15.0
36823.0 15.0
36866.0 15.0
36909.0 15.0
36952.0 15.0
36995.0 15.0
37038.0 15.0
37081.0 15.0
37124.0 15.0
37167.0 15.0
37210.0 15.0
37253.0 15.0
37296.0 15.0
37339.0 15.0
37382.0 15.0
37425.0 15.0
37468.0 15.0
37511.0 15.0
37554.0 15.0
37597.0 15.0
37640.0 15.0
37683.0 15.0
37726.0 15.0
37769.0 15.0
37812.0 15.0
37855.0 15.0
37898.0 15.0
37941.0 15.0
37984.0 15.0
38027.0 15.0
38070.0 15.0
38113.0 15.0
38156.0 15.0
38199.0 15.0
38242.0 15.0
38285.0 15.0
38328.0 15.0
38371.0 15.0
38414.0 15.0
38457.0 15.0
38500.0 15.0
38543.0 15.0
38586.0 15.0
38629.0 15.0
38672.0 15.0
38715.0 15.0
38758.0 15.0
38801.0 15.0
38844.0 15.0
38887.0 15.0
38930.0 15.0
38973.0 15.0
39016.0 15.0
39059.0 15.0
39102.0 15.0
39145.0 15.0
39188.0 15.0
39231.0 15.0
39274.0 15.0
39317.0 15.0
39360.0 15.0
39403.0 15.0
39446.0 15.0
39489.0 15.0
39532.0 15.0
39575.0 15.0
39618.0 15.0
39661.0 15.0
39704.0 15.0
39747.0 15.0
39790.0 15.0
39833.0 15.0
39876.0 15.0
39919.0 15.0
39962.0 15.0
40005.0 15.0
40048.0 15.0
40091.0 15.0
40134.0 15.0
40177.0 15.0
40220.0 15.0
40263.0 15.0
40306.0 15.0
40349.0 15.0
40392.0 15.0
40435.0 15.0
40478.0 15.0
40521.0 15.0
40564.0 15.0
40607.0 15.0
40650.0 15.0
40693.0 15.0
40736.0 15.0
40779.0 15.0
40822.0 15.0
40865.0 15.0
40908.0 15.0
40951.0 15.0
40994.0 15.0
41037.0 15.0
41080.0 15.0
41123.0 15.0
41166.0 15.0
41209.0 15.0
41252.0 15.0
41295.0 15.0
41338.0 15.0
41381.0 15.0
41424.0 15.0
41467.0 15.0
41510.0 15.0
41553.0 15.0
41596.0 15.0
41639.0 15.0
41682.0 15.0
41725.0 15.0
41768.0 15.0
41811.0 15.0
41854.0 15.0
41897.0 15.0
41940.0 15.0
41983.0 15.0
42026.0 15.0
42069.0 15.0
42112.0 15.0
42155.0 15.0
42198.0 15.0
42241.0 15.0
42284.0 15.0
42327.0 15.0
42370.0 15.0
42413.0 15.0
42456.0 15.0
42499.0 15.0
42542.0 15.0
42585.0 15.0
42628.0 15.0
42671.0 15.0
42714.0 15.0
42757.0 15.0
42800.0 15.0
42843.0 15.0
42886.0 15.0
42929.0 15.0
42972.0 15.0
43015.0 15.0
43058.0 15.0
43101.0 15.0
43144.0 15.0
43187.0 15.0
43230.0 15.0
43273.0 15.0
43316.0 15.0
43359.0 15.0
43402.0 15.0
43445.0 15.0
43488.0 15.0
43531.0 15.0
43574.0 15.0
43617.0 15.0
43660.0 15.0
43703.0 15.0
43746.0 15.0
43789.0 15.0
43832.0 15.0
43875.0 15.0
43918.0 15.0
43961.0 15.0
44004.0 15.0
44047.0 15.0
44090.0 15.0
44133.0 15.0
44176.0 15.0
44219.0 15.0
44262.0 15.0
44305.0 15.0
44348.0 15.0
44391.0 15.0
44434.0 15.0
44477.0 15.0
44520.0 15.0
44563.0 15.0
44606.0 15.0
44649.0 15.0
44692.0 15.0
44735.0 15.0
44778.0 15.0
44821.0 15.0
44864.0 15.0
44907.0 15.0
44950.0 15.0
44993.0 15.0
45036.0 15.0
45079.0 15.0
45122.0 15.0
45165.0 15.0
45208.0 15.0
45251.0 15.0
45294.0 15.0
45337.0 15.0
45380.0 15.0
45423.0 15.0
45466.0 15.0
45509.0 15.0
45552.0 15.0
45595.0 15.0
45638.0 15.0
45681.0 15.0
45724.0 15.0
45767.0 15.0
45810.0 15.0
45853.0 15.0
45896.0 15.0
45939.0 15.0
45982.0 15.0
46025.0 15.0
46068.0 15.0
46111.0 15.0
46154.0 15.0
46197.0 15.0
46240.0 15.0
46283.0 15.0
46326.0 15.0
46369.0 15.0
46412.0 15.0
46455.0 15.0
46498.0 15.0
46541.0 15.0
46584.0 15.0
46627.0 15.0
46670.0 15.0
46713.0 15.0
46756.0 15.0
46799.0 15.0
46842.0 15.0
46885.0 15.0
46928.0 15.0
46971.0 15.0
47014.0 15.0
47057.0 15.0
47100.0 15.0
47143.0 15.0
47186.0 15.0
47229.0 15.0
47272.0 15.0
47315.0 15.0
47358.0 15.0
47401.0 15.0
47444.0 15.0
47487.0 15.0
47530.0 15.0
47573.0 15.0
47616.0 15.0
47659.0 15.0
47702.0 15.0
47745.0 15.0
47788.0 15.0
47831.0 15.0
47874.0 15.0
47917.0 15.0
47960.0 15.0
48003.0 15.0
48046.0 15.0
48089.0 15.0
48132.0 15.0
48175.0 15.0
48218.0 15.0
48261.0 15.0
48304.0 15.0
48347.0 15.0
48390.0 15.0
48433.0 15.0
48476.0 15.0
48519.0 15.0
48562.0 15.0
48605.0 15.0
48648.0 15.0
48691.0 15.0
48734.0 15.0
48777.0 15.0
48820.0 15.0
48863.0 15.0
48906.0 15.0
48949.0 15.0
48992.0 15.0
49035.0 15.0
49078.0 15.0
49121.0 15.0
49164.0 15.0
49207.0 15.0
49250.0 15.0
49293.0 15.0
49336.0 15.0
49379.0 15.0
49422.0 15.0
49465.0 15.0
49508.0 15.0
49551.0 15.0
49594.0 15.0
49637.0 15.0
49680.0 15.0
49723.0 15.0
49766.0 15.0
49809.0 15.0
49852.0 15.0
49895.0 15.0
49938.0 15.0
49981.0 15.0
50024.0 15.0
50067.0 15.0
50110.0 15.0
50153.0 15.0
50196.0 15.0
50239.0 15.0
50282.0 15.0
50325.0 15.0
50368.0 15.0
50411.0 15.0
50454.0 15.0
50497.0 15.0
50540.0 15.0
50583.0 15.0
50626.0 15.0
50669.0 15.0
50712.0 15.0
50755.0 15.0
50798.0 15.0
50841.0 15.0
50884.0 15.0
50927.0 15.0
50970.0 15.0
51013.0 15.0
51056.0 15.0
51099.0 15.0
51142.0 15.0
51185.0 15.0
51228.0 15.0
51271.0 15.0
51314.0 15.0
51357.0 15.0
51400.0 15.0
51443.0 15.0
51486.0 15.0
51529.0 15.0
51572.0 15.0
51615.0 15.0
51658.0 15.0
51701.0 15.0
51744.0 15.0
51787.0 15.0
51830.0 15.0
51873.0 15.0
51916.0 15.0
51959.0 15.0
52002.0 15.0
52045.0 15.0
52088.0 15.0
52131.0 15.0
52174.0 15.0
52217.0 15.0
52260.0 15.0
52303.0 15.0
52346.0 15.0
52389.0 15.0
52432.0 15.0
52475.0 15.0
52518.0 15.0
52561.0 15.0
52604.0 15.0
52647.0 15.0
52690.0 15.0
52733.0 15.0
52776.0 15.0
52819.0 15.0
52862.0 15.0
52905.0 15.0
52948.0 15.0
52991.0 15.0
53034.0 15.0
53077.0 15.0
53120.0 15.0
53163.0 15.0
53206.0 15.0
53249.0 15.0
53292.0 15.0
53335.0 15.0
53378.0 15.0
53421.0 15.0
53464.0 15.0
53507.0 15.0
53550.0 15.0
53593.0 15.0
53636.0 15.0
53679.0 15.0
53722.0 15.0
53765.0 15.0
53808.0 15.0
53851.0 15.0
53894.0 15.0
53937.0 15.0
53980.0 15.0
54023.0 15.0
54066.0 15.0
54109.0 15.0
54152.0 15.0
54195.0 15.0
54238.0 15.0
54281.0 15.0
54324.0 15.0
54367.0 15.0
54410.0 15.0
54453.0 15.0
54496.0 15.0
54539.0 15.0
54582.0 15.0
54625.0 15.0
54668.0 15.0
54711.0 15.0
54754.0 15.0
54797.0 15.0
54840.0 15.0
54883.0 15.0
54926.0 15.0
54969.0 15.0
55012.0 15.0
55055.0 15.0
55098.0 15.0
55141.0 15.0
55184.0 15.0
55227.0 15.0
55270.0 15.0
55313.0 15.0
55356.0 15.0
55399.0 15.0
55442.0 15.0
55485.0 15.0
55528.0 15.0
55571.0 15.0
55614.0 15.0
55657.0 15.0
55700.0 15.0
55743.0 15.0
55786.0 15.0
55829.0 15.0
55872.0 15.0
55915.0 15.0
55958.0 15.0
56001.0 15.0
56044.0 15.0
56087.0 15.0
56130.0 15.0
56173.0 15.0
56216.0 15.0
56259.0 15.0
56302.0 15.0
56345.0 15.0
56388.0 15.0
56431.0 15.0
56474.0 15.0
56517.0 15.0
56560.0 15.0
56603.0 15.0
56646.0 15.0
56689.0 15.0
56732.0 15.0
56775.0 15.0
56818.0 15.0
56861.0 15.0
56904.0 15.0
56947.0 15.0
56990.0 15.0
57033.0 15.0
57076.0 15.0
57119.0 15.0
57162.0 15.0
57205.0 15.0
57248.0 15.0
57291.0 15.0
57334.0 15.0
57377.0 15.0
57420.0 15.0
57463.0 15.0
57506.0 15.0
57549.0 15.0
57592.0 15.0
57635.0 15.0
57678.0 15.0
57721.0 15.0
57764.0 15.0
57807.0 15.0
57850.0 15.0
57893.0 15.0
57936.0 15.0
57979.0 15.0
58022.0 15.0
58065.0 15.0
58108.0 15.0
58151.0 15.0
58194.0 15.0
58237.0 15.0
58280.0 15.0
58323.0 15.0
58366.0 15.0
58409.0 15.0
58452.0 15.0
58495.0 15.0
58538.0 15.0
58581.0 15.0
58624.0 15.0
58667.0 15.0
58710.0 15.0
58753.0 15.0
58796.0 15.0
58839.0 15.0
58882.0 15.0
58925.0 15.0
58968.0 15.0
59011.0 15.0
59054.0 15.0
59097.0 15.0
59140.0 15.0
59183.0 15.0
59226.0 15.0
59269.0 15.0
59312.0 15.0
59355.0 15.0
59398.0 15.0
59441.0 15.0
59484.0 15.0
59527.0 15.0
59570.0 15.0
59613.0 15.0
59656.0 15.0
59699.0 15.0
59742.0 15.0
59785.0 15.0
59828.0 15.0
59871.0 15.0
59914.0 15.0
59957.0 15.0
60000.0 15.0
60043.0 15.0
60086.0 15.0
60129.0 15.0
60172.0 15.0
60215.0 15.0
60258.0 15.0
60301.0 15.0
60344.0 15.0
60387.0 15.0
60430.0 15.0
60473.0 15.0
60516.0 15.0
60559.0 15.0
60602.0 15.0
60645.0 15.0
60688.0 15.0
60731.0 15.0
60774.0 15.0
60817.0 15.0
60860.0 15.0
60903.0 15.0
60946.0 15.0
60989.0 15.0
61032.0 15.0
61075.0 15.0
61118.0 15.0
61161.0 15.0
61204.0 15.0
61247.0 15.0
61290.0 15.0
61333.0 15.0
61376.0 15.0
61419.0 15.0
61462.0 15.0
61505.0 15.0
61548.0 15.0
61591.0 15.0
61634.0 15.0
61677.0 15.0
61720.0 15.0
61763.0 15.0
61806.0 15.0
61849.0 15.0
61892.0 15.0
61935.0 15.0
61978.0 15.0
62021.0 15.0
62064.0 15.0
62107.0 15.0
62150.0 15.0
62193.0 15.0
62236.0 15.0
62279.0 15.0
62322.0 15.0
62365.0 15.0
62408.0 15.0
62451.0 15.0
62494.0 15.0
62537.0 15.0
62580.0 15.0
62623.0 15.0
62666.0 15.0
62709.0 15.0
62752.0 15.0
62795.0 15.0
62838.0 15.0
62881.0 15.0
62924.0 15.0
62967.0 15.0
63010.0 15.0
63053.0 15.0
63096.0 15.0
63139.0 15.0
63182.0 15.0
63225.0 15.0
63268.0 15.0
63311.0 15.0
63354.0 15.0
63397.0 15.0
63440.0 15.0
63483.0 15.0
63526.0 15.0
63569.0 15.0
63612.0 15.0
63655.0 15.0
63698.0 15.0
63741.0 15.0
63784.0 15.0
63827.0 15.0
63870.0 15.0
63913.0 15.0
63956.0 15.0
63999.0 15.0
64042.0 15.0
64085.0 15.0
64128.0 15.0
64171.0 15.0
64214.0 15.0
64257.0 15.0
64300.0 15.0
64343.0 15.0
64386.0 15.0
64429.0 15.0
64472.0 15.0
64515.0 15.0
64558.0 15.0
64601.0 15.0
64644.0 15.0
64687.0 15.0
64730.0 15.0
64773.0 15.0
64816.0 15.0
64859.0 15.0
64902.0 15.0
64945.0 15.0
64988.0 15.0
65031.0 15.0
65074.0 15.0
65117.0 15.0
65160.0 15.0
65203.0 15.0
65246.0 15.0
65289.0 15.0
65332.0 15.0
65375.0 15.0
65418.0 15.0
65461.0 15.0
65504.0 15.0
65547.0 15.0
65590.0 15.0
65633.0 15.0
65676.0 15.0
65719.0 15.0
65762.0 15.0
65805.0 15.0
65848.0 15.0
65891.0 15.0
65934.0 15.0
65977.0 15.0
66020.0 15.0
66063.0 15.0
66106.0 15.0
66149.0 15.0
66192.0 15.0
66235.0 15.0
66278.0 15.0
66321.0 15.0
66364.0 15.0
66407.0 15.0
66450.0 15.0
66493.0 15.0
66536.0 15.0
66579.0 15.0
66622.0 15.0
66665.0 15.0
66708.0 15.0
66751.0 15.0
66794.0 15.0
66837.0 15.0
66880.0 15.0
66923.0 15.0
66966.0 15.0
67009.0 15.0
67052.0 15.0
67095.0 15.0
67138.0 15.0
67181.0 15.0
67224.0 15.0
67267.0 15.0
67310.0 15.0
67353.0 15.0
67396.0 15.0
67439.0 15.0
67482.0 15.0
67525.0 15.0
67568.0 15.0
67611.0 15.0
67654.0 15.0
67697.0 15.0
67740.0 15.0
67783.0 15.0
67826.0 15.0
67869.0 15.0
67912.0 15.0
67955.0 15.0
67998.0 15.0
68041.0 15.0
68084.0 15.0
68127.0 15.0
68170.0 15.0
68213.0 15.0
68256.0 15.0
68299.0 15.0
68342.0 15.0
68385.0 15.0
68428.0 15.0
68471.0 15.0
68514.0 15.0
68557.0 15.0
68600.0 15.0
68643.0 15.0
68686.0 15.0
68729.0 15.0
68772.0 15.0
68815.0 15.0
68858.0 15.0
68901.0 15.0
68944.0 15.0
68987.0 15.0
69030.0 15.0
69073.0 15.0
69116.0 15.0
69159.0 15.0
69202.0 15.0
69245.0 15.0
69288.0 15.0
69331.0 15.0
69374.0 15.0
69417.0 15.0
69460.0 15.0
69503.0 15.0
69546.0 15.0
69589.0 15.0
69632.0 15.0
69675.0 15.0
69718.0 15.0
69761.0 15.0
69804.0 15.0
69847.0 15.0
69890.0 15.0
69933.0 15.0
69976.0 15.0
70019.0 15.0
70062.0 15.0
70105.0 15.0
70148.0 15.0
70191.0 15.0
70234.0 15.0
70277.0 15.0
70320.0 15.0
70363.0 15.0
70406.0 15.0
70449.0 15.0
70492.0 15.0
70535.0 15.0
70578.0 15.0
70621.0 15.0
70664.0 15.0
70707.0 15.0
70750.0 15.0
70793.0 15.0
70836.0 15.0
70879.0 15.0
70922.0 15.0
70965.0 15.0
71008.0 15.0
71051.0 15.0
71094.0 15.0
71137.0 15.0
71180.0 15.0
71223.0 15.0
71266.0 15.0
71309.0 15.0
71352.0 15.0
71395.0 15.0
71438.0 15.0
71481.0 15.0
71524.0 15.0
71567.0 15.0
71610.0 15.0
71653.0 15.0
71696.0 15.0
71739.0 15.0
71782.0 15.0
71825.0 15.0
71868.0 15.0
71911.0 15.0
71954.0 15.0
71997.0 15.0
72040.0 15.0
72083.0 15.0
72126.0 15.0
72169.0 15.0
72212.0 15.0
72255.0 15.0
72298.0 15.0
72341.0 15.0
72384.0 15.0
72427.0 15.0
72470.0 15.0
72513.0 15.0
72556.0 15.0
72599.0 15.0
72642.0 15.0
72685.0 15.0
72728.0 15.0
72771.0 15.0
72814.0 15.0
72857.0 15.0
72900.0 15.0
72943.0 15.0
72986.0 15.0
73029.0 15.0
73072.0 15.0
73115.0 15.0
73158.0 15.0
73201.0 15.0
73244.0 15.0
73287.0 15.0
73330.0 15.0
73373.0 15.0
73416.0 15.0
73459.0 15.0
73502.0 15.0
73545.0 15.0
73588.0 15.0
73631.0 15.0
73674.0 15.0
73717.0 15.0
73760.0 15.0
73803.0 15.0
73846.0 15.0
73889.0 15.0
73932.0 15.0
73975.0 15.0
74018.0 15.0
74061.0 15.0
74104.0 15.0
74147.0 15.0
74190.0 15.0
74233.0 15.0
74276.0 15.0
74319.0 15.0
74362.0 15.0
74405.0 15.0
74448.0 15.0
74491.0 15.0
74534.0 15.0
74577.0 15.0
74620.0 15.0
74663.0 15.0
74706.0 15.0
74749.0 15.0
74792.0 15.0
74835.0 15.0
74878.0 15.0
74921.0 15.0
74964.0 15.0
75007.0 15.0
75050.0 15.0
75093.0 15.0
75136.0 15.0
75179.0 15.0
75222.0 15.0
75265.0 15.0
75308.0 15.0
75351.0 15.0
75394.0 15.0
75437.0 15.0
75480.0 15.0
75523.0 15.0
75566.0 15.0
75609.0 15.0
75652.0 15.0
75695.0 15.0
75738.0 15.0
75781.0 15.0
75824.0 15.0
75867.0 15.0
75910.0 15.0
75953.0 15.0
75996.0 15.0
76039.0 15.0
76082.0 15.0
76125.0 15.0
76168.0 15.0
76211.0 15.0
76254.0 15.0
76297.0 15.0
76340.0 15.0
76383.0 15.0
76426.0 15.0
76469.0 15.0
76512.0 15.0
76555.0 15.0
76598.0 15.0
76641.0 15.0
76684.0 15.0
76727.0 15.0
76770.0 15.0
76813.0 15.0
76856.0 15.0
76899.0 15.0
76942.0 15.0
76985.0 15.0
77028.0 15.0
77071.0 15.0
77114.0 15.0
77157.0 15.0
77200.0 15.0
77243.0 15.0
77286.0 15.0
77329.0 15.0
77372.0 15.0
77415.0 15.0
77458.0 15.0
77501.0 15.0
77544.0 15.0
77587.0 15.0
77630.0 15.0
77673.0 15.0
77716.0 15.0
77759.0 15.0
77802.0 15.0
77845.0 15.0
77888.0 15.0
77931.0 15.0
77974.0 15.0
78017.0 15.0
78060.0 15.0
78103.0 15.0
78146.0 15.0
78189.0 15.0
78232.0 15.0
78275.0 15.0
78318.0 15.0
78361.0 15.0
78404.0 15.0
78447.0 15.0
78490.0 15.0
78533.0 15.0
78576.0 15.0
78619.0 15.0
78662.0 15.0
78705.0 15.0
78748.0 15.0
78791.0 15.0
78834.0 15.0
78877.0 15.0
78920.0 15.0
78963.0 15.0
79006.0 15.0
79049.0 15.0
79092.0 15.0
79135.0 15.0
79178.0 15.0
79221.0 15.0
79264.0 15.0
79307.0 15.0
79350.0 15.0
79393.0 15.0
79436.0 15.0
79479.0 15.0
79522.0 15.0
79565.0 15.0
79608.0 15.0
79651.0 15.0
79694.0 15.0
79737.0 15.0
79780.0 15.0
79823.0 15.0
79866.0 15.0
79909.0 15.0
79952.0 15.0
79995.0 15.0
80038.0 15.0
80081.0 15.0
80124.0 15.0
80167.0 15.0
80210.0 15.0
80253.0 15.0
80296.0 15.0
80339.0 15.0
80382.0 15.0
80425.0 15.0
80468.0 15.0
80511.0 15.0
80554.0 15.0
80597.0 15.0
80640.0 15.0
80683.0 15.0
80726.0 15.0
80769.0 15.0
80812.0 15.0
80855.0 15.0
80898.0 15.0
80941.0 15.0
80984.0 15.0
81027.0 15.0
81070.0 15.0
81113.0 15.0
81156.0 15.0
81199.0 15.0
81242.0 15.0
81285.0 15.0
81328.0 15.0
81371.0 15.0
81414.0 15.0
81457.0 15.0
81500.0 15.0
81543.0 15.0
81586.0 15.0
81629.0 15.0
81672.0 15.0
81715.0 15.0
81758.0 15.0
81801.0 15.0
81844.0 15.0
81887.0 15.0
81930.0 15.0
81973.0 15.0
82016.0 15.0
82059.0 15.0
82102.0 15.0
82145.0 15.0
82188.0 15.0
82231.0 15.0
82274.0 15.0
82317.0 15.0
82360.0 15.0
82403.0 15.0
82446.0 15.0
82489.0 15.0
82532.0 15.0
82575.0 15.0
82618.0 15.0
82661.0 15.0
82704.0 15.0
82747.0 15.0
82790.0 15.0
82833.0 15.0
82876.0 15.0
82919.0 15.0
82962.0 15.0
83005.0 15.0
83048.0 15.0
83091.0 15.0
83134.0 15.0
83177.0 15.0
83220.0 15.0
83263.0 15.0
83306.0 15.0
83349.0 15.0
83392.0 15.0
83435.0 15.0
83478.0 15.0
83521.0 15.0
83564.0 15.0
83607.0 15.0
83650.0 15.0
83693.0 15.0
83736.0 15.0
83779.0 15.0
83822.0 15.0
83865.0 15.0
83908.0 15.0
83951.0 15.0
83994.0 15.0
84037.0 15.0
84080.0 15.0
84123.0 15.0
84166.0 15.0
84209.0 15.0
84252.0 15.0
84295.0 15.0
84338.0 15.0
84381.0 15.0
84424.0 15.0
84467.0 15.0
84510.0 15.0
84553.0 15.0
84596.0 15.0
84639.0 15.0
84682.0 15.0
84725.0 15.0
84768.0 15.0
84811.0 15.0
84854.0 15.0
84897.0 15.0
84940.0 15.0
84983.0 15.0
85026.0 15.0
85069.0 15.0
85112.0 15.0
85155.0 15.0
85198.0 15.0
85241.0 15.0
85284.0 15.0
85327.0 15.0
85370.0 15.0
85413.0 15.0
85456.0 15.0
85499.0 15.0
85542.0 15.0
85585.0 15.0
85628.0 15.0
85671.0 15.0
85714.0 15.0
85757.0 15.0
85800.0 15.0
85843.0 15.0
85886.0 15.0
85929.0 15.0
85972.0 15.0
86015.0 15.0
86058.0 15.0
86101.0 15.0
86144.0 15.0
86187.0 15.0
86230.0 15.0
86273.0 15.0
86316.0 15.0
86359.0 15.0
86402.0 15.0
86445.0 15.0
86488.0 15.0
86531.0 15.0
86574.0 15.0
86617.0 15.0
86660.0 15.0
86703.0 15.0
86746.0 15.0
86789.0 15.0
86832.0 15.0
86875.0 15.0
86918.0 15.0
86961.0 15.0
87004.0 15.0
87047.0 15.0
87090.0 15.0
87133.0 15.0
87176.0 15.0
87219.0 15.0
87262.0 15.0
87305.0 15.0
87348.0 15.0
87391.0 15.0
87434.0 15.0
87477.0 15.0
87520.0 15.0
87563.0 15.0
87606.0 15.0
87649.0 15.0
87692.0 15.0
87735.0 15.0
87778.0 15.0
87821.0 15.0
87864.0 15.0
87907.0 15.0
87950.0 15.0
87993.0 15.0
88036.0 15.0
88079.0 15.0
88122.0 15.0
88165.0 15.0
88208.0 15.0
88251.0 15.0
88294.0 15.0
88337.0 15.0
88380.0 15.0
88423.0 15.0
88466.0 15.0
88509.0 15.0
88552.0 15.0
88595.0 15.0
88638.0 15.0
88681.0 15.0
88724.0 15.0
88767.0 15.0
88810.0 15.0
88853.0 15.0
88896.0 15.0
88939.0 15.0
88982.0 15.0
89025.0 15.0
89068.0 15.0
89111.0 15.0
89154.0 15.0
89197.0 15.0
89240.0 15.0
89283.0 15.0
89326.0 15.0
89369.0 15.0
89412.0 15.0
89455.0 15.0
89498.0 15.0
89541.0 15.0
89584.0 15.0
89627.0 15.0
89670.0 15.0
89713.0 15.0
89756.0 15.0
89799.0 15.0
89842.0 15.0
89885.0 15.0
89928.0 15.0
89971.0 15.0
90014.0 15.0
90057.0 15.0
90100.0 15.0
90143.0 15.0
90186.0 15.0
90229.0 15.0
90272.0 15.0
90315.0 15.0
90358.0 15.0
90401.0 15.0
90444.0 15.0
90487.0 15.0
90530.0 15.0
90573.0 15.0
90616.0 15.0
90659.0 15.0
90702.0 15.0
90745.0 15.0
90788.0 15.0
90831.0 15.0
90874.0 15.0
90917.0 15.0
90960.0 15.0
91003.0 15.0
91046.0 15.0
91089.0 15.0
91132.0 15.0
91175.0 15.0
91218.0 15.0
91261.0 15.0
91304.0 15.0
91347.0 15.0
91390.0 15.0
91433.0 15.0
91476.0 15.0
91519.0 15.0
91562.0 15.0
91605.0 15.0
91648.0 15.0
91691.0 15.0
91734.0 15.0
91777.0 15.0
91820.0 15.0
91863.0 15.0
91906.0 15.0
91949.0 15.0
91992.0 15.0
92035.0 15.0
92078.0 15.0
92121.0 15.0
92164.0 15.0
92207.0 15.0
92250.0 15.0
92293.0 15.0
92336.0 15.0
92379.0 15.0
92422.0 15.0
92465.0 15.0
92508.0 15.0
92551.0 15.0
92594.0 15.0
92637.0 15.0
92680.0 15.0
92723.0 15.0
92766.0 15.0
92809.0 15.0
92852.0 15.0
92895.0 15.0
92938.0 15.0
92981.0 15.0
93024.0 15.0
93067.0 15.0
93110.0 15.0
93153.0 15.0
93196.0 15.0
93239.0 15.0
93282.0 15.0
93325.0 15.0
93368.0 15.0
93411.0 15.0
93454.0 15.0
93497.0 15.0
93540.0 15.0
93583.0 15.0
93626.0 15.0
93669.0 15.0
93712.0 15.0
93755.0 15.0
93798.0 15.0
93841.0 15.0
93884.0 15.0
93927.0 15.0
93970.0 15.0
94013.0 15.0
94056.0 15.0
94099.0 15.0
94142.0 15.0
94185.0 15.0
94228.0 15.0
94271.0 15.0
94314.0 15.0
94357.0 15.0
94400.0 15.0
94443.0 15.0
94486.0 15.0
94529.0 15.0
94572.0 15.0
94615.0 15.0
94658.0 15.0
94701.0 15.0
94744.0 15.0
94787.0 15.0
94830.0 15.0
94873.0 15.0
94916.0 15.0
94959.0 15.0
95002.0 15.0
95045.0 15.0
95088.0 15.0
95131.0 15.0
95174.0 15.0
95217.0 15.0
95260.0 15.0
95303.0 15.0
95346.0 15.0
95389.0 15.0
95432.0 15.0
95475.0 15.0
95518.0 15.0
95561.0 15.0
95604.0 15.0
95647.0 15.0
95690.0 15.0
95733.0 15.0
95776.0 15.0
95819.0 15.0
95862.0 15.0
95905.0 15.0
95948.0 15.0
95991.0 15.0
96034.0 15.0
96077.0 15.0
96120.0 15.0
96163.0 15.0
96206.0 15.0
96249.0 15.0
96292.0 15.0
96335.0 15.0
96378.0 15.0
96421.0 15.0
96464.0 15.0
96507.0 15.0
96550.0 15.0
96593.0 15.0
96636.0 15.0
96679.0 15.0
96722.0 15.0
96765.0 15.0
96808.0 15.0
96851.0 15.0
96894.0 15.0
96937.0 15.0
96980.0 15.0
97023.0 15.0
97066.0 15.0
97109.0 15.0
97152.0 15.0
97195.0 15.0
97238.0 15.0
97281.0 15.0
97324.0 15.0
97367.0 15.0
97410.0 15.0
97453.0 15.0
97496.0 15.0
97539.0 15.0
97582.0 15.0
97625.0 15.0
97668.0 15.0
97711.0 15.0
97754.0 15.0
97797.0 15.0
97840.0 15.0
97883.0 15.0
97926.0 15.0
97969.0 15.0
98012.0 15.0
98055.0 15.0
98098.0 15.0
98141.0 15.0
98184.0 15.0
98227.0 15.0
98270.0 15.0
98313.0 15.0
98356.0 15.0
98399.0 15.0
98442.0 15.0
98485.0 15.0
98528.0 15.0
98571.0 15.0
98614.0 15.0
98657.0 15.0
98700.0 15.0
98743.0 15.0
98786.0 15.0
98829.0 15.0
98872.0 15.0
98915.0 15.0
98958.0 15.0
99001.0 15.0
99044.0 15.0
99087.0 15.0
99130.0 15.0
99173.0 15.0
99216.0 15.0
99259.0 15.0
99302.0 15.0
99345.0 15.0
99388.0 15.0
99431.0 15.0
99474.0 15.0
99517.0 15.0
99560.0 15.0
99603.0 15.0
99646.0 15.0
99689.0 15.0
99732.0 15.0
99775.0 15.0
99818.0 15.0
99861.0 15.0
99904.0 15.0
99947.0 15.0
99990.0 15.0
100033.0 15.0
100076.0 15.0
100119.0 15.0
100162.0 15.0
100205.0 15.0
100248.0 15.0
100291.0 15.0
100334.0 15.0
100377.0 15.0
100420.0 15.0
100463.0 15.0
100506.0 15.0
100549.0 15.0
100592.0 15.0
100635.0 15.0
100678.0 15.0
100721.0 15.0
100764.0 15.0
100807.0 15.0
100850.0 15.0
100893.0 15.0
100936.0 15.0
100979.0 15.0
101022.0 15.0
101065.0 15.0
101108.0 15.0
101151.0 15.0
101194.0 15.0
101237.0 15.0
101280.0 15.0
101323.0 15.0
101366.0 15.0
101409.0 15.0
101452.0 15.0
101495.0 15.0
101538.0 15.0
101581.0 15.0
101624.0 15.0
101667.0 15.0
101710.0 15.0
101753.0 15.0
101796.0 15.0
101839.0 15.0
101882.0 15.0
101925.0 15.0
101968.0 15.0
102011.0 15.0
102054.0 15.0
102097.0 15.0
102140.0 15.0
102183.0 15.0
102226.0 15.0
102269.0 15.0
102312.0 15.0
102355.0 15.0
102398.0 15.0
102441.0 15.0
102484.0 15.0
102527.0 15.0
102570.0 15.0
102613.0 15.0
102656.0 15.0
102699.0 15.0
102742.0 15.0
102785.0 15.0
102828.0 15.0
102871.0 15.0
102914.0 15.0
102957.0 15.0
103000.0 15.0
103043.0 15.0
103086.0 15.0
103129.0 15.0
103172.0 15.0
103215.0 15.0
103258.0 15.0
103301.0 15.0
103344.0 15.0
103387.0 15.0
103430.0 15.0
103473.0 15.0
103516.0 15.0
103559.0 15.0
103602.0 15.0
103645.0 15.0
103688.0 15.0
103731.0 15.0
103774.0 15.0
103817.0 15.0
103860.0 15.0
103903.0 15.0
103946.0 15.0
103989.0 15.0
104032.0 15.0
104075.0 15.0
104118.0 15.0
104161.0 15.0
104204.0 15.0
104247.0 15.0
104290.0 15.0
104333.0 15.0
104376.0 15.0
104419.0 15.0
104462.0 15.0
104505.0 15.0
104548.0 15.0
104591.0 15.0
104634.0 15.0
104677.0 15.0
104720.0 15.0
104763.0 15.0
104806.0 15.0
104849.0 15.0
104892.0 15.0
104935.0 15.0
104978.0 15.0
105021.0 15.0
105064.0 15.0
105107.0 15.0
105150.0 15.0
105193.0 15.0
105236.0 15.0
105279.0 15.0
105322.0 15.0
105365.0 15.0
105408.0 15.0
105451.0 15.0
105494.0 15.0
105537.0 15.0
105580.0 15.0
105623.0 15.0
105666.0 15.0
105709.0 15.0
105752.0 15.0
105795.0 15.0
105838.0 15.0
105881.0 15.0
105924.0 15.0
105967.0 15.0
106010.0 15.0
106053.0 15.0
106096.0 15.0
106139.0 15.0
106182.0 15.0
106225.0 15.0
106268.0 15.0
106311.0 15.0
106354.0 15.0
106397.0 15.0
106440.0 15.0
106483.0 15.0
106526.0 15.0
106569.0 15.0
106612.0 15.0
106655.0 15.0
106698.0 15.0
106741.0 15.0
106784.0 15.0
106827.0 15.0
106870.0 15.0
106913.0 15.0
106956.0 15.0
106999.0 15.0
107042.0 15.0
107085.0 15.0
107128.0 15.0
107171.0 15.0
107214.0 15.0
107257.0 15.0
107300.0 15.0
107343.0 15.0
107386.0 15.0
107429.0 15.0
107472.0 15.0
107515.0 15.0
107558.0 15.0
107601.0 15.0
107644.0 15.0
107687.0 15.0
107730.0 15.0
107773.0 15.0
107816.0 15.0
107859.0 15.0
107902.0 15.0
107945.0 15.0
107988.0 15.0
108031.0 15.0
108074.0 15.0
108117.0 15.0
108160.0 15.0
108203.0 15.0
108246.0 15.0
108289.0 15.0
108332.0 15.0
108375.0 15.0
108418.0 15.0
108461.0 15.0
108504.0 15.0
108547.0 15.0
108590.0 15.0
108633.0 15.0
108676.0 15.0
108719.0 15.0
108762.0 15.0
108805.0 15.0
108848.0 15.0
108891.0 15.0
108934.0 15.0
108977.0 15.0
109020.0 15.0
109063.0 15.0
109106.0 15.0
109149.0 15.0
109192.0 15.0
109235.0 15.0
109278.0 15.0
109321.0 15.0
109364.0 15.0
109407.0 15.0
109450.0 15.0
109493.0 15.0
109536.0 15.0
109579.0 15.0
109622.0 15.0
109665.0 15.0
109708.0 15.0
109751.0 15.0
109794.0 15.0
109837.0 15.0
109880.0 15.0
109923.0 15.0
109966.0 15.0
110009.0 15.0
110052.0 15.0
110095.0 15.0
110138.0 15.0
110181.0 15.0
110224.0 15.0
110267.0 15.0
110310.0 15.0
110353.0 15.0
110396.0 15.0
110439.0 15.0
110482.0 15.0
110525.0 15.0
110568.0 15.0
110611.0 15.0
110654.0 15.0
110697.0 15.0
110740.0 15.0
110783.0 15.0
110826.0 15.0
110869.0 15.0
110912.0 15.0
110955.0 15.0
110998.0 15.0
111041.0 15.0
111084.0 15.0
111127.0 15.0
111170.0 15.0
111213.0 15.0
111256.0 15.0
111299.0 15.0
111342.0 15.0
111385.0 15.0
111428.0 15.0
111471.0 15.0
111514.0 15.0
111557.0 15.0
111600.0 15.0
111643.0 15.0
111686.0 15.0
111729.0 15.0
111772.0 15.0
111815.0 15.0
111858.0 15.0
111901.0 15.0
111944.0 15.0
111987.0 15.0
112030.0 15.0
112073.0 15.0
112116.0 15.0
112159.0 15.0
112202.0 15.0
112245.0 15.0
112288.0 15.0
112331.0 15.0
112374.0 15.0
112417.0 15.0
112460.0 15.0
112503.0 15.0
112546.0 15.0
112589.0 15.0
112632.0 15.0
112675.0 15.0
112718.0 15.0
112761.0 15.0
112804.0 15.0
112847.0 15.0
112890.0 15.0
112933.0 15.0
112976.0 15.0
113019.0 15.0
113062.0 15.0
113105.0 15.0
113148.0 15.0
113191.0 15.0
113234.0 15.0
113277.0 15.0
113320.0 15.0
113363.0 15.0
113406.0 15.0
113449.0 15.0
113492.0 15.0
113535.0 15.0
113578.0 15.0
113621.0 15.0
113664.0 15.0
113707.0 15.0
113750.0 15.0
113793.0 15.0
113836.0 15.0
113879.0 15.0
113922.0 15.0
113965.0 15.0
114008.0 15.0
114051.0 15.0
114094.0 15.0
114137.0 15.0
114180.0 15.0
114223.0 15.0
114266.0 15.0
114309.0 15.0
114352.0 15.0
114395.0 15.0
114438.0 15.0
114481.0 15.0
114524.0 15.0
114567.0 15.0
114610.0 15.0
114653.0 15.0
114696.0 15.0
114739.0 15.0
114782.0 15.0
114825.0 15.0
114868.0 15.0
114911.0 15.0
114954.0 15.0
114997.0 15.0
115040.0 15.0
115083.0 15.0
115126.0 15.0
115169.0 15.0
115212.0 15.0
115255.0 15.0
115298.0 15.0
115341.0 15.0
115384.0 15.0
115427.0 15.0
115470.0 15.0
115513.0 15.0
115556.0 15.0
115599.0 15.0
115642.0 15.0
115685.0 15.0
115728.0 15.0
115771.0 15.0
115814.0 15.0
115857.0 15.0
115900.0 15.0
115943.0 15.0
115986.0 15.0
116029.0 15.0
116072.0 15.0
116115.0 15.0
116158.0 15.0
116201.0 15.0
116244.0 15.0
116287.0 15.0
116330.0 15.0
116373.0 15.0
116416.0 15.0
116459.0 15.0
116502.0 15.0
116545.0 15.0
116588.0 15.0
116631.0 15.0
116674.0 15.0
116717.0 15.0
116760.0 15.0
116803.0 15.0
116846.0 15.0
116889.0 15.0
116932.0 15.0
116975.0 15.0
117018.0 15.0
117061.0 15.0
117104.0 15.0
117147.0 15.0
117190.0 15.0
117233.0 15.0
117276.0 15.0
117319.0 15.0
117362.0 15.0
117405.0 15.0
117448.0 15.0
117491.0 15.0
117534.0 15.0
117577.0 15.0
117620.0 15.0
117663.0 15.0
117706.0 15.0
117749.0 15.0
117792.0 15.0
117835.0 15.0
117878.0 15.0
117921.0 15.0
117964.0 15.0
118007.0 15.0
118050.0 15.0
118093.0 15.0
118136.0 15.0
118179.0 15.0
118222.0 15.0
118265.0 15.0
118308.0 15.0
118351.0 15.0
118394.0 15.0
118437.0 15.0
118480.0 15.0
118523.0 15.0
118566.0 15.0
118609.0 15.0
118652.0 15.0
118695.0 15.0
118738.0 15.0
118781.0 15.0
118824.0 15.0
118867.0 15.0
118910.0 15.0
118953.0 15.0
118996.0 15.0
119039.0 15.0
119082.0 15.0
119125.0 15.0
119168.0 15.0
119211.0 15.0
119254.0 15.0
119297.0 15.0
119340.0 15.0
119383.0 15.0
119426.0 15.0
119469.0 15.0
119512.0 15.0
119555.0 15.0
119598.0 15.0
119641.0 15.0
119684.0 15.0
119727.0 15.0
119770.0 15.0
119813.0 15.0
119856.0 15.0
119899.0 15.0
119942.0 15.0
119985.0 15.0
120028.0 15.0
120071.0 15.0
120114.0 15.0
120157.0 15.0
120200.0 15.0
120243.0 15.0
120286.0 15.0
120329.0 15.0
120372.0 15.0
120415.0 15.0
120458.0 15.0
120501.0 15.0
120544.0 15.0
120587.0 15.0
120630.0 15.0
120673.0 15.0
120716.0 15.0
120759.0 15.0
120802.0 15.0
120845.0 15.0
120888.0 15.0
120931.0 15.0
120974.0 15.0
121017.0 15.0
121060.0 15.0
121103.0 15.0
121146.0 15.0
121189.0 15.0
121232.0 15.0
121275.0 15.0
121318.0 15.0
121361.0 15.0
121404.0 15.0
121447.0 15.0
121490.0 15.0
121533.0 15.0
121576.0 15.0
121619.0 15.0
121662.0 15.0
121705.0 15.0
121748.0 15.0
121791.0 15.0
121834.0 15.0
121877.0 15.0
121920.0 15.0
121963.0 15.0
122006.0 15.0
122049.0 15.0
122092.0 15.0
122135.0 15.0
122178.0 15.0
122221.0 15.0
122264.0 15.0
122307.0 15.0
122350.0 15.0
122393.0 15.0
122436.0 15.0
122479.0 15.0
122522.0 15.0
122565.0 15.0
122608.0 15.0
122651.0 15.0
122694.0 15.0
122737.0 15.0
122780.0 15.0
122823.0 15.0
122866.0 15.0
122909.0 15.0
122952.0 15.0
122995.0 15.0
123038.0 15.0
123081.0 15.0
123124.0 15.0
123167.0 15.0
123210.0 15.0
123253.0 15.0
123296.0 15.0
123339.0 15.0
123382.0 15.0
123425.0 15.0
123468.0 15.0
123511.0 15.0
123554.0 15.0
123597.0 15.0
123640.0 15.0
123683.0 15.0
123726.0 15.0
123769.0 15.0
123812.0 15.0
123855.0 15.0
123898.0 15.0
123941.0 15.0
123984.0 15.0
124027.0 15.0
124070.0 15.0
124113.0 15.0
124156.0 15.0
124199.0 15.0
124242.0 15.0
124285.0 15.0
124328.0 15.0
124371.0 15.0
124414.0 15.0
124457.0 15.0
124500.0 15.0
124543.0 15.0
124586.0 15.0
124629.0 15.0
124672.0 15.0
124715.0 15.0
124758.0 15.0
124801.0 15.0
124844.0 15.0
124887.0 15.0
124930.0 15.0
124973.0 15.0
125016.0 15.0
125059.0 15.0
125102.0 15.0
125145.0 15.0
125188.0 15.0
125231.0 15.0
125274.0 15.0
125317.0 15.0
125360.0 15.0
125403.0 15.0
125446.0 15.0
125489.0 15.0
125532.0 15.0
125575.0 15.0
125618.0 15.0
125661.0 15.0
125704.0 15.0
125747.0 15.0
125790.0 15.0
125833.0 15.0
125876.0 15.0
125919.0 15.0
125962.0 15.0
126005.0 15.0
126048.0 15.0
126091.0 15.0
126134.0 15.0
126177.0 15.0
126220.0 15.0
126263.0 15.0
126306.0 15.0
126349.0 15.0
126392.0 15.0
126435.0 15.0
126478.0 15.0
126521.0 15.0
126564.0 15.0
126607.0 15.0
126650.0 15.0
126693.0 15.0
126736.0 15.0
126779.0 15.0
126822.0 15.0
126865.0 15.0
126908.0 15.0
126951.0 15.0
126994.0 15.0
127037.0 15.0
127080.0 15.0
127123.0 15.0
127166.0 15.0
127209.0 15.0
127252.0 15.0
127295.0 15.0
127338.0 15.0
127381.0 15.0
127424.0 15.0
127467.0 15.0
127510.0 15.0
127553.0 15.0
127596.0 15.0
127639.0 15.0
127682.0 15.0
127725.0 15.0
127768.0 15.0
127811.0 15.0
127854.0 15.0
127897.0 15.0
127940.0 15.0
127983.0 15.0
128026.0 15.0
128069.0 15.0
128112.0 15.0
128155.0 15.0
128198.0 15.0
128241.0 15.0
128284.0 15.0
128327.0 15.0
128370.0 15.0
128413.0 15.0
128456.0 15.0
128499.0 15.0
128542.0 15.0
128585.0 15.0
128628.0 15.0
128671.0 15.0
128714.0 15.0
128757.0 15.0
128800.0 15.0
128843.0 15.0
128886.0 15.0
128929.0 15.0
128972.0 15.0
129015.0 15.0
129058.0 15.0
129101.0 15.0
129144.0 15.0
129187.0 15.0
129230.0 15.0
129273.0 15.0
129316.0 15.0
129359.0 15.0
129402.0 15.0
129445.0 15.0
129488.0 15.0
129531.0 15.0
129574.0 15.0
129617.0 15.0
129660.0 15.0
129703.0 15.0
129746.0 15.0
129789.0 15.0
129832.0 15.0
129875.0 15.0
129918.0 15.0
129961.0 15.0
130004.0 15.0
130047.0 15.0
130090.0 15.0
130133.0 15.0
130176.0 15.0
130219.0 15.0
130262.0 15.0
130305.0 15.0
130348.0 15.0
130391.0 15.0
130434.0 15.0
130477.0 15.0
130520.0 15.0
130563.0 15.0
130606.0 15.0
130649.0 15.0
130692.0 15.0
130735.0 15.0
130778.0 15.0
130821.0 15.0
130864.0 15.0
130907.0 15.0
130950.0 15.0
130993.0 15.0
131036.0 15.0
131079.0 15.0
131122.0 15.0
131165.0 15.0
131208.0 15.0
131251.0 15.0
131294.0 15.0
131337.0 15.0
131380.0 15.0
131423.0 15.0
131466.0 15.0
131509.0 15.0
131552.0 15.0
131595.0 15.0
131638.0 15.0
131681.0 15.0
131724.0 15.0
131767.0 15.0
131810.0 15.0
131853.0 15.0
131896.0 15.0
131939.0 15.0
131982.0 15.0
132025.0 15.0
132068.0 15.0
132111.0 15.0
132154.0 15.0
132197.0 15.0
132240.0 15.0
132283.0 15.0
132326.0 15.0
132369.0 15.0
132412.0 15.0
132455.0 15.0
132498.0 15.0
132541.0 15.0
132584.0 15.0
132627.0 15.0
132670.0 15.0
132713.0 15.0
132756.0 15.0
132799.0 15.0
132842.0 15.0
132885.0 15.0
132928.0 15.0
132971.0 15.0
133014.0 15.0
133057.0 15.0
133100.0 15.0
133143.0 15.0
133186.0 15.0
133229.0 15.0
133272.0 15.0
133315.0 15.0
133358.0 15.0
133401.0 15.0
133444.0 15.0
133487.0 15.0
133530.0 15.0
133573.0 15.0
133616.0 15.0
133659.0 15.0
133702.0 15.0
133745.0 15.0
133788.0 15.0
133831.0 15.0
133874.0 15.0
133917.0 15.0
133960.0 15.0
134003.0 15.0
134046.0 15.0
134089.0 15.0
134132.0 15.0
134175.0 15.0
134218.0 15.0
134261.0 15.0
134304.0 15.0
134347.0 15.0
134390.0 15.0
134433.0 15.0
134476.0 15.0
134519.0 15.0
134562.0 15.0
134605.0 15.0
134648.0 15.0
134691.0 15.0
134734.0 15.0
134777.0 15.0
134820.0 15.0
134863.0 15.0
134906.0 15.0
134949.0 15.0
134992.0 15.0
135035.0 15.0
135078.0 15.0
135121.0 15.0
135164.0 15.0
135207.0 15.0
135250.0 15.0
135293.0 15.0
135336.0 15.0
135379.0 15.0
135422.0 15.0
135465.0 15.0
135508.0 15.0
135551.0 15.0
135594.0 15.0
135637.0 15.0
135680.0 15.0
135723.0 15.0
135766.0 15.0
135809.0 15.0
135852.0 15.0
135895.0 15.0
135938.0 15.0
135981.0 15.0
136024.0 15.0
136067.0 15.0
136110.0 15.0
136153.0 15.0
136196.0 15.0
136239.0 15.0
136282.0 15.0
136325.0 15.0
136368.0 15.0
136411.0 15.0
136454.0 15.0
136497.0 15.0
136540.0 15.0
136583.0 15.0
136626.0 15.0
136669.0 15.0
136712.0 15.0
136755.0 15.0
136798.0 15.0
136841.0 15.0
136884.0 15.0
136927.0 15.0
136970.0 15.0
137013.0 15.0
137056.0 15.0
137099.0 15.0
137142.0 15.0
137185.0 15.0
137228.0 15.0
137271.0 15.0
137314.0 15.0
137357.0 15.0
137400.0 15.0
137443.0 15.0
137486.0 15.0
137529.0 15.0
137572.0 15.0
137615.0 15.0
137658.0 15.0
137701.0 15.0
137744.0 15.0
137787.0 15.0
137830.0 15.0
137873.0 15.0
137916.0 15.0
137959.0 15.0
138002.0 15.0
138045.0 15.0
138088.0 15.0
138131.0 15.0
138174.0 15.0
138217.0 15.0
138260.0 15.0
138303.0 15.0
138346.0 15.0
138389.0 15.0
138432.0 15.0
138475.0 15.0
138518.0 15.0
138561.0 15.0
138604.0 15.0
138647.0 15.0
138690.0 15.0
138733.0 15.0
138776.0 15.0
138819.0 15.0
138862.0 15.0
138905.0 15.0
138948.0 15.0
138991.0 15.0
139034.0 15.0
139077.0 15.0
139120.0 15.0
139163.0 15.0
139206.0 15.0
139249.0 15.0
139292.0 15.0
139335.0 15.0
139378.0 15.0
139421.0 15.0
139464.0 15.0
139507.0 15.0
139550.0 15.0
139593.0 15.0
139636.0 15.0
139679.0 15.0
139722.0 15.0
139765.0 15.0
139808.0 15.0
139851.0 15.0
139894.0 15.0
139937.0 15.0
139980.0 15.0
140023.0 15.0
140066.0 15.0
140109.0 15.0
140152.0 15.0
140195.0 15.0
140238.0 15.0
140281.0 15.0
140324.0 15.0
140367.0 15.0
140410.0 15.0
140453.0 15.0
140496.0 15.0
140539.0 15.0
140582.0 15.0
140625.0 15.0
140668.0 15.0
140711.0 15.0
140754.0 15.0
140797.0 15.0
140840.0 15.0
140883.0 15.0
140926.0 15.0
140969.0 15.0
141012.0 15.0
141055.0 15.0
141098.0 15.0
141141.0 15.0
141184.0 15.0
141227.0 15.0
141270.0 15.0
141313.0 15.0
141356.0 15.0
141399.0 15.0
141442.0 15.0
141485.0 15.0
141528.0 15.0
141571.0 15.0
141614.0 15.0
141657.0 15.0
141700.0 15.0
141743.0 15.0
141786.0 15.0
141829.0 15.0
141872.0 15.0
141915.0 15.0
141958.0 15.0
142001.0 15.0
142044.0 15.0
142087.0 15.0
142130.0 15.0
142173.0 15.0
142216.0 15.0
142259.0 15.0
142302.0 15.0
142345.0 15.0
142388.0 15.0
142431.0 15.0
142474.0 15.0
142517.0 15.0
142560.0 15.0
142603.0 15.0
142646.0 15.0
142689.0 15.0
142732.0 15.0
142775.0 15.0
142818.0 15.0
142861.0 15.0
142904.0 15.0
142947.0 15.0
142990.0 15.0
143033.0 15.0
143076.0 15.0
143119.0 15.0
143162.0 15.0
143205.0 15.0
143248.0 15.0
143291.0 15.0
143334.0 15.0
143377.0 15.0
143420.0 15.0
143463.0 15.0
143506.0 15.0
143549.0 15.0
143592.0 15.0
143635.0 15.0
143678.0 15.0
143721.0 15.0
143764.0 15.0
143807.0 15.0
143850.0 15.0
143893.0 15.0
143936.0 15.0
143979.0 15.0
144022.0 15.0
144065.0 15.0
144108.0 15.0
144151.0 15.0
144194.0 15.0
144237.0 15.0
144280.0 15.0
144323.0 15.0
144366.0 15.0
144409.0 15.0
144452.0 15.0
144495.0 15.0
144538.0 15.0
144581.0 15.0
144624.0 15.0
144667.0 15.0
144710.0 15.0
144753.0 15.0
144796.0 15.0
144839.0 15.0
144882.0 15.0
144925.0 15.0
144968.0 15.0
145011.0 15.0
145054.0 15.0
145097.0 15.0
145140.0 15.0
145183.0 15.0
145226.0 15.0
145269.0 15.0
145312.0 15.0
145355.0 15.0
145398.0 15.0
145441.0 15.0
145484.0 15.0
145527.0 15.0
145570.0 15.0
145613.0 15.0
145656.0 15.0
145699.0 15.0
145742.0 15.0
145785.0 15.0
145828.0 15.0
145871.0 15.0
145914.0 15.0
145957.0 15.0
146000.0 15.0
146043.0 15.0
146086.0 15.0
146129.0 15.0
146172.0 15.0
146215.0 15.0
146258.0 15.0
146301.0 15.0
146344.0 15.0
146387.0 15.0
146430.0 15.0
146473.0 15.0
146516.0 15.0
146559.0 15.0
146602.0 15.0
146645.0 15.0
146688.0 15.0
146731.0 15.0
146774.0 15.0
146817.0 15.0
146860.0 15.0
146903.0 15.0
146946.0 15.0
146989.0 15.0
147032.0 15.0
147075.0 15.0
147118.0 15.0
147161.0 15.0
147204.0 15.0
147247.0 15.0
147290.0 15.0
147333.0 15.0
147376.0 15.0
147419.0 15.0
147462.0 15.0
147505.0 15.0
147548.0 15.0
147591.0 15.0
147634.0 15.0
147677.0 15.0
147720.0 15.0
147763.0 15.0
147806.0 15.0
147849.0 15.0
147892.0 15.0
147935.0 15.0
147978.0 15.0
148021.0 15.0
148064.0 15.0
148107.0 15.0
148150.0 15.0
148193.0 15.0
148236.0 15.0
148279.0 15.0
148322.0 15.0
148365.0 15.0
148408.0 15.0
148451.0 15.0
148494.0 15.0
148537.0 15.0
148580.0 15.0
148623.0 15.0
148666.0 15.0
148709.0 15.0
148752.0 15.0
148795.0 15.0
148838.0 15.0
148881.0 15.0
148924.0 15.0
148967.0 15.0
149010.0 15.0
149053.0 15.0
149096.0 15.0
149139.0 15.0
149182.0 15.0
149225.0 15.0
149268.0 15.0
149311.0 15.0
149354.0 15.0
149397.0 15.0
149440.0 15.0
149483.0 15.0
149526.0 15.0
149569.0 15.0
149612.0 15.0
149655.0 15.0
149698.0 15.0
149741.0 15.0
149784.0 15.0
149827.0 15.0
149870.0 15.0
149913.0 15.0
149956.0 15.0
149999.0 15.0
150042.0 15.0
150085.0 15.0
150128.0 15.0
150171.0 15.0
150214.0 15.0
150257.0 15.0
150300.0 15.0
150343.0 15.0
150386.0 15.0
150429.0 15.0
150472.0 15.0
150515.0 15.0
150558.0 15.0
150601.0 15.0
150644.0 15.0
150687.0 15.0
150730.0 15.0
150773.0 15.0
150816.0 15.0
150859.0 15.0
150902.0 15.0
150945.0 15.0
150988.0 15.0
151031.0 15.0
151074.0 15.0
151117.0 15.0
151160.0 15.0
151203.0 15.0
151246.0 15.0
151289.0 15.0
151332.0 15.0
151375.0 15.0
151418.0 15.0
151461.0 15.0
151504.0 15.0
151547.0 15.0
151590.0 15.0
151633.0 15.0
151676.0 15.0
151719.0 15.0
151762.0 15.0
151805.0 15.0
151848.0 15.0
151891.0 15.0
151934.0 15.0
151977.0 15.0
152020.0 15.0
152063.0 15.0
152106.0 15.0
152149.0 15.0
152192.0 15.0
152235.0 15.0
152278.0 15.0
152321.0 15.0
152364.0 15.0
152407.0 15.0
152450.0 15.0
152493.0 15.0
152536.0 15.0
152579.0 15.0
152622.0 15.0
152665.0 15.0
152708.0 15.0
152751.0 15.0
152794.0 15.0
152837.0 15.0
152880.0 15.0
152923.0 15.0
152966.0 15.0
153009.0 15.0
153052.0 15.0
153095.0 15.0
153138.0 15.0
153181.0 15.0
153224.0 15.0
153267.0 15.0
153310.0 15.0
153353.0 15.0
153396.0 15.0
153439.0 15.0
153482.0 15.0
153525.0 15.0
153568.0 15.0
153611.0 15.0
153654.0 15.0
153697.0 15.0
153740.0 15.0
153783.0 15.0
153826.0 15.0
153869.0 15.0
153912.0 15.0
153955.0 15.0
153998.0 15.0
154041.0 15.0
154084.0 15.0
154127.0 15.0
154170.0 15.0
154213.0 15.0
154256.0 15.0
154299.0 15.0
154342.0 15.0
154385.0 15.0
154428.0 15.0
154471.0 15.0
154514.0 15.0
154557.0 15.0
154600.0 15.0
154643.0 15.0
154686.0 15.0
154729.0 15.0
154772.0 15.0
154815.0 15.0
154858.0 15.0
154901.0 15.0
154944.0 15.0
154987.0 15.0
155030.0 15.0
155073.0 15.0
155116.0 15.0
155159.0 15.0
155202.0 15.0
155245.0 15.0
155288.0 15.0
155331.0 15.0
155374.0 15.0
155417.0 15.0
155460.0 15.0
155503.0 15.0
155546.0 15.0
155589.0 15.0
155632.0 15.0
155675.0 15.0
155718.0 15.0
155761.0 15.0
155804.0 15.0
155847.0 15.0
155890.0 15.0
155933.0 15.0
155976.0 15.0
156019.0 15.0
156062.0 15.0
156105.0 15.0
156148.0 15.0
156191.0 15.0
156234.0 15.0
156277.0 15.0
156320.0 15.0
156363.0 15.0
156406.0 15.0
156449.0 15.0
156492.0 15.0
156535.0 15.0
156578.0 15.0
156621.0 15.0
156664.0 15.0
156707.0 15.0
156750.0 15.0
156793.0 15.0
156836.0 15.0
156879.0 15.0
156922.0 15.0
156965.0 15.0
157008.0 15.0
157051.0 15.0
157094.0 15.0
157137.0 15.0
157180.0 15.0
157223.0 15.0
157266.0 15.0
157309.0 15.0
157352.0 15.0
157395.0 15.0
157438.0 15.0
157481.0 15.0
157524.0 15.0
157567.0 15.0
157610.0 15.0
157653.0 15.0
157696.0 15.0
157739.0 15.0
157782.0 15.0
157825.0 15.0
157868.0 15.0
157911.0 15.0
157954.0 15.0
157997.0 15.0
158040.0 15.0
158083.0 15.0
158126.0 15.0
158169.0 15.0
158212.0 15.0
158255.0 15.0
158298.0 15.0
158341.0 15.0
158384.0 15.0
158427.0 15.0
158470.0 15.0
158513.0 15.0
158556.0 15.0
158599.0 15.0
158642.0 15.0
158685.0 15.0
158728.0 15.0
158771.0 15.0
158814.0 15.0
158857.0 15.0
158900.0 15.0
158943.0 15.0
158986.0 15.0
159029.0 15.0
159072.0 15.0
159115.0 15.0
159158.0 15.0
159201.0 15.0
159244.0 15.0
159287.0 15.0
159330.0 15.0
159373.0 15.0
159416.0 15.0
159459.0 15.0
159502.0 15.0
159545.0 15.0
159588.0 15.0
159631.0 15.0
159674.0 15.0
159717.0 15.0
159760.0 15.0
159803.0 15.0
159846.0 15.0
159889.0 15.0
159932.0 15.0
159975.0 15.0
160018.0 15.0
160061.0 15.0
160104.0 15.0
160147.0 15.0
160190.0 15.0
160233.0 15.0
160276.0 15.0
160319.0 15.0
160362.0 15.0
160405.0 15.0
160448.0 15.0
160491.0 15.0
160534.0 15.0
160577.0 15.0
160620.0 15.0
160663.0 15.0
160706.0 15.0
160749.0 15.0
160792.0 15.0
160835.0 15.0
160878.0 15.0
160921.0 15.0
160964.0 15.0
161007.0 15.0
161050.0 15.0
161093.0 15.0
161136.0 15.0
161179.0 15.0
161222.0 15.0
161265.0 15.0
161308.0 15.0
161351.0 15.0
161394.0 15.0
161437.0 15.0
161480.0 15.0
161523.0 15.0
161566.0 15.0
161609.0 15.0
161652.0 15.0
161695.0 15.0
161738.0 15.0
161781.0 15.0
161824.0 15.0
161867.0 15.0
161910.0 15.0
161953.0 15.0
161996.0 15.0
162039.0 15.0
162082.0 15.0
162125.0 15.0
162168.0 15.0
162211.0 15.0
162254.0 15.0
162297.0 15.0
162340.0 15.0
162383.0 15.0
162426.0 15.0
162469.0 15.0
162512.0 15.0
162555.0 15.0
162598.0 15.0
162641.0 15.0
162684.0 15.0
162727.0 15.0
162770.0 15.0
162813.0 15.0
162856.0 15.0
162899.0 15.0
162942.0 15.0
162985.0 15.0
163028.0 15.0
163071.0 15.0
163114.0 15.0
163157.0 15.0
163200.0 15.0
163243.0 15.0
163286.0 15.0
163329.0 15.0
163372.0 15.0
163415.0 15.0
163458.0 15.0
163501.0 15.0
163544.0 15.0
163587.0 15.0
163630.0 15.0
163673.0 15.0
163716.0 15.0
163759.0 15.0
163802.0 15.0
163845.0 15.0
163888.0 15.0
163931.0 15.0
163974.0 15.0
164017.0 15.0
164060.0 15.0
164103.0 15.0
164146.0 15.0
164189.0 15.0
164232.0 15.0
164275.0 15.0
164318.0 15.0
164361.0 15.0
164404.0 15.0
164447.0 15.0
164490.0 15.0
164533.0 15.0
164576.0 15.0
164619.0 15.0
164662.0 15.0
164705.0 15.0
164748.0 15.0
164791.0 15.0
164834.0 15.0
164877.0 15.0
164920.0 15.0
164963.0 15.0
165006.0 15.0
165049.0 15.0
165092.0 15.0
165135.0 15.0
165178.0 15.0
165221.0 15.0
165264.0 15.0
165307.0 15.0
165350.0 15.0
165393.0 15.0
165436.0 15.0
165479.0 15.0
165522.0 15.0
165565.0 15.0
165608.0 15.0
165651.0 15.0
165694.0 15.0
165737.0 15.0
165780.0 15.0
165823.0 15.0
165866.0 15.0
165909.0 15.0
165952.0 15.0
165995.0 15.0
166038.0 15.0
166081.0 15.0
166124.0 15.0
166167.0 15.0
166210.0 15.0
166253.0 15.0
166296.0 15.0
166339.0 15.0
166382.0 15.0
166425.0 15.0
166468.0 15.0
166511.0 15.0
166554.0 15.0
166597.0 15.0
166640.0 15.0
166683.0 15.0
166726.0 15.0
166769.0 15.0
166812.0 15.0
166855.0 15.0
166898.0 15.0
166941.0 15.0
166984.0 15.0
167027.0 15.0
167070.0 15.0
167113.0 15.0
167156.0 15.0
167199.0 15.0
167242.0 15.0
167285.0 15.0
167328.0 15.0
167371.0 15.0
167414.0 15.0
167457.0 15.0
167500.0 15.0
167543.0 15.0
167586.0 15.0
167629.0 15.0
167672.0 15.0
167715.0 15.0
167758.0 15.0
167801.0 15.0
167844.0 15.0
167887.0 15.0
167930.0 15.0
167973.0 15.0
168016.0 15.0
168059.0 15.0
168102.0 15.0
168145.0 15.0
168188.0 15.0
168231.0 15.0
168274.0 15.0
168317.0 15.0
168360.0 15.0
168403.0 15.0
168446.0 15.0
168489.0 15.0
168532.0 15.0
168575.0 15.0
168618.0 15.0
168661.0 15.0
168704.0 15.0
168747.0 15.0
168790.0 15.0
168833.0 15.0
168876.0 15.0
168919.0 15.0
168962.0 15.0
169005.0 15.0
169048.0 15.0
169091.0 15.0
169134.0 15.0
169177.0 15.0
169220.0 15.0
169263.0 15.0
169306.0 15.0
169349.0 15.0
169392.0 15.0
169435.0 15.0
169478.0 15.0
169521.0 15.0
169564.0 15.0
169607.0 15.0
169650.0 15.0
169693.0 15.0
169736.0 15.0
169779.0 15.0
169822.0 15.0
169865.0 15.0
169908.0 15.0
169951.0 15.0
169994.0 15.0
170037.0 15.0
170080.0 15.0
170123.0 15.0
170166.0 15.0
170209.0 15.0
170252.0 15.0
170295.0 15.0
170338.0 15.0
170381.0 15.0
170424.0 15.0
170467.0 15.0
170510.0 15.0
170553.0 15.0
170596.0 15.0
170639.0 15.0
170682.0 15.0
170725.0 15.0
170768.0 15.0
170811.0 15.0
170854.0 15.0
170897.0 15.0
170940.0 15.0
170983.0 15.0
171026.0 15.0
171069.0 15.0
171112.0 15.0
171155.0 15.0
171198.0 15.0
171241.0 15.0
171284.0 15.0
171327.0 15.0
171370.0 15.0
171413.0 15.0
171456.0 15.0
171499.0 15.0
171542.0 15.0
171585.0 15.0
171628.0 15.0
171671.0 15.0
171714.0 15.0
171757.0 15.0
171800.0 15.0
171843.0 15.0
171886.0 15.0
171929.0 15.0
171972.0 15.0
172015.0 15.0
172058.0 15.0
172101.0 15.0
172144.0 15.0
172187.0 15.0
172230.0 15.0
172273.0 15.0
172316.0 15.0
172359.0 15.0
172402.0 15.0
172445.0 15.0
172488.0 15.0
172531.0 15.0
172574.0 15.0
172617.0 15.0
172660.0 15.0
172703.0 15.0
172746.0 15.0
172789.0 15.0
172832.0 15.0
172875.0 15.0
172918.0 15.0
172961.0 15.0
173004.0 15.0
173047.0 15.0
173090.0 15.0
173133.0 15.0
173176.0 15.0
173219.0 15.0
173262.0 15.0
173305.0 15.0
173348.0 15.0
173391.0 15.0
173434.0 15.0
173477.0 15.0
173520.0 15.0
173563.0 15.0
173606.0 15.0
173649.0 15.0
173692.0 15.0
173735.0 15.0
173778.0 15.0
173821.0 15.0
173864.0 15.0
173907.0 15.0
173950.0 15.0
173993.0 15.0
174036.0 15.0
174079.0 15.0
174122.0 15.0
174165.0 15.0
174208.0 15.0
174251.0 15.0
174294.0 15.0
174337.0 15.0
174380.0 15.0
174423.0 15.0
174466.0 15.0
174509.0 15.0
174552.0 15.0
174595.0 15.0
174638.0 15.0
174681.0 15.0
174724.0 15.0
174767.0 15.0
174810.0 15.0
174853.0 15.0
174896.0 15.0
174939.0 15.0
174982.0 15.0
175025.0 15.0
175068.0 15.0
175111.0 15.0
175154.0 15.0
175197.0 15.0
175240.0 15.0
175283.0 15.0
175326.0 15.0
175369.0 15.0
175412.0 15.0
175455.0 15.0
175498.0 15.0
175541.0 15.0
175584.0 15.0
175627.0 15.0
175670.0 15.0
175713.0 15.0
175756.0 15.0
175799.0 15.0
175842.0 15.0
175885.0 15.0
175928.0 15.0
175971.0 15.0
176014.0 15.0
176057.0 15.0
176100.0 15.0
176143.0 15.0
176186.0 15.0
176229.0 15.0
176272.0 15.0
176315.0 15.0
176358.0 15.0
176401.0 15.0
176444.0 15.0
176487.0 15.0
176530.0 15.0
176573.0 15.0
176616.0 15.0
176659.0 15.0
176702.0 15.0
176745.0 15.0
176788.0 15.0
176831.0 15.0
176874.0 15.0
176917.0 15.0
176960.0 15.0
177003.0 15.0
177046.0 15.0
177089.0 15.0
177132.0 15.0
177175.0 15.0
177218.0 15.0
177261.0 15.0
177304.0 15.0
177347.0 15.0
177390.0 15.0
177433.0 15.0
177476.0 15.0
177519.0 15.0
177562.0 15.0
177605.0 15.0
177648.0 15.0
177691.0 15.0
177734.0 15.0
177777.0 15.0
177820.0 15.0
177863.0 15.0
177906.0 15.0
177949.0 15.0
177992.0 15.0
178035.0 15.0
178078.0 15.0
178121.0 15.0
178164.0 15.0
178207.0 15.0
178250.0 15.0
178293.0 15.0
178336.0 15.0
178379.0 15.0
178422.0 15.0
178465.0 15.0
178508.0 15.0
178551.0 15.0
178594.0 15.0
178637.0 15.0
178680.0 15.0
178723.0 15.0
178766.0 15.0
178809.0 15.0
178852.0 15.0
178895.0 15.0
178938.0 15.0
178981.0 15.0
179024.0 15.0
179067.0 15.0
179110.0 15.0
179153.0 15.0
179196.0 15.0
179239.0 15.0
179282.0 15.0
179325.0 15.0
179368.0 15.0
179411.0 15.0
179454.0 15.0
179497.0 15.0
179540.0 15.0
179583.0 15.0
179626.0 15.0
179669.0 15.0
179712.0 15.0
179755.0 15.0
179798.0 15.0
179841.0 15.0
179884.0 15.0
179927.0 15.0
179970.0 15.0
180013.0 15.0
180056.0 15.0
180099.0 15.0
180142.0 15.0
180185.0 15.0
180228.0 15.0
180271.0 15.0
180314.0 15.0
180357.0 15.0
180400.0 15.0
180443.0 15.0
180486.0 15.0
180529.0 15.0
180572.0 15.0
180615.0 15.0
180658.0 15.0
180701.0 15.0
180744.0 15.0
180787.0 15.0
180830.0 15.0
180873.0 15.0
180916.0 15.0
180959.0 15.0
181002.0 15.0
181045.0 15.0
181088.0 15.0
181131.0 15.0
181174.0 15.0
181217.0 15.0
181260.0 15.0
181303.0 15.0
181346.0 15.0
181389.0 15.0
181432.0 15.0
181475.0 15.0
181518.0 15.0
181561.0 15.0
181604.0 15.0
181647.0 15.0
181690.0 15.0
181733.0 15.0
181776.0 15.0
181819.0 15.0
181862.0 15.0
181905.0 15.0
181948.0 15.0
181991.0 15.0
182034.0 15.0
182077.0 15.0
182120.0 15.0
182163.0 15.0
182206.0 15.0
182249.0 15.0
182292.0 15.0
182335.0 15.0
182378.0 15.0
182421.0 15.0
182464.0 15.0
182507.0 15.0
182550.0 15.0
182593.0 15.0
182636.0 15.0
182679.0 15.0
182722.0 15.0
182765.0 15.0
182808.0 15.0
182851.0 15.0
182894.0 15.0
182937.0 15.0
182980.0 15.0
183023.0 15.0
183066.0 15.0
183109.0 15.0
183152.0 15.0
183195.0 15.0
183238.0 15.0
183281.0 15.0
183324.0 15.0
183367.0 15.0
183410.0 15.0
183453.0 15.0
183496.0 15.0
183539.0 15.0
183582.0 15.0
183625.0 15.0
183668.0 15.0
183711.0 15.0
183754.0 15.0
183797.0 15.0
183840.0 15.0
183883.0 15.0
183926.0 15.0
183969.0 15.0
184012.0 15.0
184055.0 15.0
184098.0 15.0
184141.0 15.0
184184.0 15.0
184227.0 15.0
184270.0 15.0
184313.0 15.0
184356.0 15.0
184399.0 15.0
184442.0 15.0
184485.0 15.0
184528.0 15.0
184571.0 15.0
184614.0 15.0
184657.0 15.0
184700.0 15.0
184743.0 15.0
184786.0 15.0
184829.0 15.0
184872.0 15.0
184915.0 15.0
184958.0 15.0
185001.0 15.0
185044.0 15.0
185087.0 15.0
185130.0 15.0
185173.0 15.0
185216.0 15.0
185259.0 15.0
185302.0 15.0
185345.0 15.0
185388.0 15.0
185431.0 15.0
185474.0 15.0
185517.0 15.0
185560.0 15.0
185603.0 15.0
185646.0 15.0
185689.0 15.0
185732.0 15.0
185775.0 15.0
185818.0 15.0
185861.0 15.0
185904.0 15.0
185947.0 15.0
185990.0 15.0
186033.0 15.0
186076.0 15.0
186119.0 15.0
186162.0 15.0
186205.0 15.0
186248.0 15.0
186291.0 15.0
186334.0 15.0
186377.0 15.0
186420.0 15.0
186463.0 15.0
186506.0 15.0
186549.0 15.0
186592.0 15.0
186635.0 15.0
186678.0 15.0
186721.0 15.0
186764.0 15.0
186807.0 15.0
186850.0 15.0
186893.0 15.0
186936.0 15.0
186979.0 15.0
187022.0 15.0
187065.0 15.0
187108.0 15.0
187151.0 15.0
187194.0 15.0
187237.0 15.0
187280.0 15.0
187323.0 15.0
187366.0 15.0
187409.0 15.0
187452.0 15.0
187495.0 15.0
187538.0 15.0
187581.0 15.0
187624.0 15.0
187667.0 15.0
187710.0 15.0
187753.0 15.0
187796.0 15.0
187839.0 15.0
187882.0 15.0
187925.0 15.0
187968.0 15.0
188011.0 15.0
188054.0 15.0
188097.0 15.0
188140.0 15.0
188183.0 15.0
188226.0 15.0
188269.0 15.0
188312.0 15.0
188355.0 15.0
188398.0 15.0
188441.0 15.0
188484.0 15.0
188527.0 15.0
188570.0 15.0
188613.0 15.0
188656.0 15.0
188699.0 15.0
188742.0 15.0
188785.0 15.0
188828.0 15.0
188871.0 15.0
188914.0 15.0
188957.0 15.0
189000.0 15.0
189043.0 15.0
189086.0 15.0
189129.0 15.0
189172.0 15.0
189215.0 15.0
189258.0 15.0
189301.0 15.0
189344.0 15.0
189387.0 15.0
189430.0 15.0
189473.0 15.0
189516.0 15.0
189559.0 15.0
189602.0 15.0
189645.0 15.0
189688.0 15.0
189731.0 15.0
189774.0 15.0
189817.0 15.0
189860.0 15.0
189903.0 15.0
189946.0 15.0
189989.0 15.0
190032.0 15.0
190075.0 15.0
190118.0 15.0
190161.0 15.0
190204.0 15.0
190247.0 15.0
190290.0 15.0
190333.0 15.0
190376.0 15.0
190419.0 15.0
190462.0 15.0
190505.0 15.0
190548.0 15.0
190591.0 15.0
190634.0 15.0
190677.0 15.0
190720.0 15.0
190763.0 15.0
190806.0 15.0
190849.0 15.0
190892.0 15.0
190935.0 15.0
190978.0 15.0
191021.0 15.0
191064.0 15.0
191107.0 15.0
191150.0 15.0
191193.0 15.0
191236.0 15.0
191279.0 15.0
191322.0 15.0
191365.0 15.0
191408.0 15.0
191451.0 15.0
191494.0 15.0
191537.0 15.0
191580.0 15.0
191623.0 15.0
191666.0 15.0
191709.0 15.0
191752.0 15.0
191795.0 15.0
191838.0 15.0
191881.0 15.0
191924.0 15.0
191967.0 15.0
192010.0 15.0
192053.0 15.0
192096.0 15.0
192139.0 15.0
192182.0 15.0
192225.0 15.0
192268.0 15.0
192311.0 15.0
192354.0 15.0
192397.0 15.0
192440.0 15.0
192483.0 15.0
192526.0 15.0
192569.0 15.0
192612.0 15.0
192655.0 15.0
192698.0 15.0
192741.0 15.0
192784.0 15.0
192827.0 15.0
192870.0 15.0
192913.0 15.0
192956.0 15.0
192999.0 15.0
193042.0 15.0
193085.0 15.0
193128.0 15.0
193171.0 15.0
193214.0 15.0
193257.0 15.0
193300.0 15.0
193343.0 15.0
193386.0 15.0
193429.0 15.0
193472.0 15.0
193515.0 15.0
193558.0 15.0
193601.0 15.0
193644.0 15.0
193687.0 15.0
193730.0 15.0
193773.0 15.0
193816.0 15.0
193859.0 15.0
193902.0 15.0
193945.0 15.0
193988.0 15.0
194031.0 15.0
194074.0 15.0
194117.0 15.0
194160.0 15.0
194203.0 15.0
194246.0 15.0
194289.0 15.0
194332.0 15.0
194375.0 15.0
194418.0 15.0
194461.0 15.0
194504.0 15.0
194547.0 15.0
194590.0 15.0
194633.0 15.0
194676.0 15.0
194719.0 15.0
194762.0 15.0
194805.0 15.0
194848.0 15.0
194891.0 15.0
194934.0 15.0
194977.0 15.0
195020.0 15.0
195063.0 15.0
195106.0 15.0
195149.0 15.0
195192.0 15.0
195235.0 15.0
195278.0 15.0
195321.0 15.0
195364.0 15.0
195407.0 15.0
195450.0 15.0
195493.0 15.0
195536.0 15.0
195579.0 15.0
195622.0 15.0
195665.0 15.0
195708.0 15.0
195751.0 15.0
195794.0 15.0
195837.0 15.0
195880.0 15.0
195923.0 15.0
195966.0 15.0
196009.0 15.0
196052.0 15.0
196095.0 15.0
196138.0 15.0
196181.0 15.0
196224.0 15.0
196267.0 15.0
196310.0 15.0
196353.0 15.0
196396.0 15.0
196439.0 15.0
196482.0 15.0
196525.0 15.0
196568.0 15.0
196611.0 15.0
196654.0 15.0
196697.0 15.0
196740.0 15.0
196783.0 15.0
196826.0 15.0
196869.0 15.0
196912.0 15.0
196955.0 15.0
196998.0 15.0
197041.0 15.0
197084.0 15.0
197127.0 15.0
197170.0 15.0
197213.0 15.0
197256.0 15.0
197299.0 15.0
197342.0 15.0
197385.0 15.0
197428.0 15.0
197471.0 15.0
197514.0 15.0
197557.0 15.0
197600.0 15.0
197643.0 15.0
197686.0 15.0
197729.0 15.0
197772.0 15.0
197815.0 15.0
197858.0 15.0
197901.0 15.0
197944.0 15.0
197987.0 15.0
198030.0 15.0
198073.0 15.0
198116.0 15.0
198159.0 15.0
198202.0 15.0
198245.0 15.0
198288.0 15.0
198331.0 15.0
198374.0 15.0
198417.0 15.0
198460.0 15.0
198503.0 15.0
198546.0 15.0
198589.0 15.0
198632.0 15.0
198675.0 15.0
198718.0 15.0
198761.0 15.0
198804.0 15.0
198847.0 15.0
198890.0 15.0
198933.0 15.0
198976.0 15.0
199019.0 15.0
199062.0 15.0
199105.0 15.0
199148.0 15.0
199191.0 15.0
199234.0 15.0
199277.0 15.0
199320.0 15.0
199363.0 15.0
199406.0 15.0
199449.0 15.0
199492.0 15.0
199535.0 15.0
199578.0 15.0
199621.0 15.0
199664.0 15.0
199707.0 15.0
199750.0 15.0
199793.0 15.0
199836.0 15.0
199879.0 15.0
199922.0 15.0
199965.0 15.0
200008.0 15.0
200051.0 15.0
200094.0 15.0
200137.0 15.0
200180.0 15.0
200223.0 15.0
200266.0 15.0
200309.0 15.0
200352.0 15.0
200395.0 15.0
200438.0 15.0
200481.0 15.0
200524.0 15.0
200567.0 15.0
200610.0 15.0
200653.0 15.0
200696.0 15.0
200739.0 15.0
200782.0 15.0
200825.0 15.0
200868.0 15.0
200911.0 15.0
200954.0 15.0
200997.0 15.0
201040.0 15.0
201083.0 15.0
201126.0 15.0
201169.0 15.0
201212.0 15.0
201255.0 15.0
201298.0 15.0
201341.0 15.0
201384.0 15.0
201427.0 15.0
201470.0 15.0
201513.0 15.0
201556.0 15.0
201599.0 15.0
201642.0 15.0
201685.0 15.0
201728.0 15.0
201771.0 15.0
201814.0 15.0
201857.0 15.0
201900.0 15.0
201943.0 15.0
201986.0 15.0
202029.0 15.0
202072.0 15.0
202115.0 15.0
202158.0 15.0
202201.0 15.0
202244.0 15.0
202287.0 15.0
202330.0 15.0
202373.0 15.0
202416.0 15.0
202459.0 15.0
202502.0 15.0
202545.0 15.0
202588.0 15.0
202631.0 15.0
202674.0 15.0
202717.0 15.0
202760.0 15.0
202803.0 15.0
202846.0 15.0
202889.0 15.0
202932.0 15.0
202975.0 15.0
203018.0 15.0
203061.0 15.0
203104.0 15.0
203147.0 15.0
203190.0 15.0
203233.0 15.0
203276.0 15.0
203319.0 15.0
203362.0 15.0
203405.0 15.0
203448.0 15.0
203491.0 15.0
203534.0 15.0
203577.0 15.0
203620.0 15.0
203663.0 15.0
203706.0 15.0
203749.0 15.0
203792.0 15.0
203835.0 15.0
203878.0 15.0
203921.0 15.0
203964.0 15.0
204007.0 15.0
204050.0 15.0
204093.0 15.0
204136.0 15.0
204179.0 15.0
204222.0 15.0
204265.0 15.0
204308.0 15.0
204351.0 15.0
204394.0 15.0
204437.0 15.0
204480.0 15.0
204523.0 15.0
204566.0 15.0
204609.0 15.0
204652.0 15.0
204695.0 15.0
204738.0 15.0
204781.0 15.0
204824.0 15.0
204867.0 15.0
204910.0 15.0
204953.0 15.0
204996.0 15.0
205039.0 15.0
205082.0 15.0
205125.0 15.0
205168.0 15.0
205211.0 15.0
205254.0 15.0
205297.0 15.0
205340.0 15.0
205383.0 15.0
205426.0 15.0
205469.0 15.0
205512.0 15.0
205555.0 15.0
205598.0 15.0
205641.0 15.0
205684.0 15.0
205727.0 15.0
205770.0 15.0
205813.0 15.0
205856.0 15.0
205899.0 15.0
205942.0 15.0
205985.0 15.0
206028.0 15.0
206071.0 15.0
206114.0 15.0
206157.0 15.0
206200.0 15.0
206243.0 15.0
206286.0 15.0
206329.0 15.0
206372.0 15.0
206415.0 15.0
206458.0 15.0
206501.0 15.0
206544.0 15.0
206587.0 15.0
206630.0 15.0
206673.0 15.0
206716.0 15.0
206759.0 15.0
206802.0 15.0
206845.0 15.0
206888.0 15.0
206931.0 15.0
206974.0 15.0
207017.0 15.0
207060.0 15.0
207103.0 15.0
207146.0 15.0
207189.0 15.0
207232.0 15.0
207275.0 15.0
207318.0 15.0
207361.0 15.0
207404.0 15.0
207447.0 15.0
207490.0 15.0
207533.0 15.0
207576.0 15.0
207619.0 15.0
207662.0 15.0
207705.0 15.0
207748.0 15.0
207791.0 15.0
207834.0 15.0
207877.0 15.0
207920.0 15.0
207963.0 15.0
208006.0 15.0
208049.0 15.0
208092.0 15.0
208135.0 15.0
208178.0 15.0
208221.0 15.0
208264.0 15.0
208307.0 15.0
208350.0 15.0
208393.0 15.0
208436.0 15.0
208479.0 15.0
208522.0 15.0
208565.0 15.0
208608.0 15.0
208651.0 15.0
208694.0 15.0
208737.0 15.0
208780.0 15.0
208823.0 15.0
208866.0 15.0
208909.0 15.0
208952.0 15.0
208995.0 15.0
209038.0 15.0
209081.0 15.0
209124.0 15.0
209167.0 15.0
209210.0 15.0
209253.0 15.0
209296.0 15.0
209339.0 15.0
209382.0 15.0
209425.0 15.0
209468.0 15.0
209511.0 15.0
209554.0 15.0
209597.0 15.0
209640.0 15.0
209683.0 15.0
209726.0 15.0
209769.0 15.0
209812.0 15.0
209855.0 15.0
209898.0 15.0
209941.0 15.0
209984.0 15.0
210027.0 15.0
210070.0 15.0
210113.0 15.0
210156.0 15.0
210199.0 15.0
210242.0 15.0
210285.0 15.0
210328.0 15.0
210371.0 15.0
210414.0 15.0
210457.0 15.0
210500.0 15.0
210543.0 15.0
210586.0 15.0
210629.0 15.0
210672.0 15.0
210715.0 15.0
210758.0 15.0
210801.0 15.0
210844.0 15.0
210887.0 15.0
210930.0 15.0
210973.0 15.0
211016.0 15.0
211059.0 15.0
211102.0 15.0
211145.0 15.0
211188.0 15.0
211231.0 15.0
211274.0 15.0
211317.0 15.0
211360.0 15.0
211403.0 15.0
211446.0 15.0
211489.0 15.0
211532.0 15.0
211575.0 15.0
211618.0 15.0
211661.0 15.0
211704.0 15.0
211747.0 15.0
211790.0 15.0
211833.0 15.0
211876.0 15.0
211919.0 15.0
211962.0 15.0
212005.0 15.0
212048.0 15.0
212091.0 15.0
212134.0 15.0
212177.0 15.0
212220.0 15.0
212263.0 15.0
212306.0 15.0
212349.0 15.0
212392.0 15.0
212435.0 15.0
212478.0 15.0
212521.0 15.0
212564.0 15.0
212607.0 15.0
212650.0 15.0
212693.0 15.0
212736.0 15.0
212779.0 15.0
212822.0 15.0
212865.0 15.0
212908.0 15.0
212951.0 15.0
212994.0 15.0
213037.0 15.0
213080.0 15.0
213123.0 15.0
213166.0 15.0
213209.0 15.0
213252.0 15.0
213295.0 15.0
213338.0 15.0
213381.0 15.0
213424.0 15.0
213467.0 15.0
213510.0 15.0
213553.0 15.0
213596.0 15.0
213639.0 15.0
213682.0 15.0
213725.0 15.0
213768.0 15.0
213811.0 15.0
213854.0 15.0
213897.0 15.0
213940.0 15.0
213983.0 15.0
214026.0 15.0
214069.0 15.0
214112.0 15.0
214155.0 15.0
214198.0 15.0
214241.0 15.0
214284.0 15.0
214327.0 15.0
214370.0 15.0
214413.0 15.0
214456.0 15.0
214499.0 15.0
214542.0 15.0
214585.0 15.0
214628.0 15.0
214671.0 15.0
214714.0 15.0
214757.0 15.0
214800.0 15.0
214843.0 15.0
214886.0 15.0
214929.0 15.0
