0.0 inject 141.0
0.0 schedule ALG 141.0
0.0 schedule ADV 141.0
16.93849485108472 inject 141.0
45.78062352317076 inject 141.0
50.82622712118711 inject 47.0
69.76455952119375 inject 47.0
74.90627645613763 inject 47.0
88.79577556681998 inject 141.0
140.99999 error
140.99999 schedule ALG 47.0
140.99999 schedule ADV 141.0
176.4162869706306 inject 47.0
187.99999 sent ALG
187.99999 schedule ALG 47.0
211.02225182430806 inject 47.0
218.36928901793942 inject 141.0
221.4748893685853 inject 141.0
224.95552073329642 inject 141.0
232.41447556298058 inject 141.0
234.99999 sent ALG
234.99999 schedule ALG 47.0
235.03271549916013 inject 47.0
261.7877686882849 inject 141.0
276.22839229785507 inject 47.0
276.4069870273731 inject 141.0
281.99999 sent ADV
281.99999 sent ALG
281.99999 error
281.99999 schedule ALG 47.0
281.99999 schedule ADV 141.0
284.0071436754016 inject 141.0
328.88530303476693 inject 141.0
328.99999 sent ALG
328.99999 schedule ALG 47.0
349.9796149560071 inject 141.0
375.99999 sent ALG
375.99999 schedule ALG 47.0
400.89158658432507 inject 141.0
422.99999 sent ADV
422.99999 sent ALG
422.99999 error
422.99999 schedule ALG 141.0
422.99999 schedule ADV 47.0
440.2495270581027 inject 141.0
445.4516506850723 inject 141.0
469.99999 sent ADV
469.99999 schedule ADV 47.0
491.4785493815819 inject 47.0
512.2116129570828 inject 141.0
516.99999 sent ADV
516.99999 schedule ADV 47.0
555.8407514992723 inject 47.0
563.2461921674399 inject 141.0
563.99998 error
563.99998 schedule ALG 47.0
563.99998 schedule ADV 141.0
580.4971946177263 inject 141.0
610.99998 sent ALG
610.99998 schedule ALG 47.0
657.99998 sent ALG
657.99998 schedule ALG 47.0
704.99998 sent ADV
704.99998 sent ALG
704.99998 error
704.99998 schedule ALG 141.0
704.99998 schedule ADV 47.0
706.5204136495462 inject 141.0
720.5730313663208 inject 141.0
751.99998 sent ADV
751.99998 schedule ADV 47.0
777.5158305965005 inject 47.0
798.99998 sent ADV
798.99998 schedule ADV 47.0
814.7513140667481 inject 47.0
817.1562208311302 inject 141.0
827.0041329168121 inject 141.0
845.9999700000001 error
845.9999700000001 schedule ALG 141.0
845.9999700000001 schedule ADV 47.0
848.345883438167 inject 141.0
851.8751112428602 inject 47.0
875.860146680226 inject 141.0
890.4748492271217 inject 141.0
892.9999700000001 sent ADV
892.9999700000001 schedule ADV 47.0
929.9153101102122 inject 141.0
939.9999700000001 sent ADV
939.9999700000001 schedule ADV 47.0
942.7244822262857 inject 141.0
977.4759039597305 inject 141.0
986.9999600000001 error
986.9999600000001 schedule ALG 47.0
986.9999600000001 schedule ADV 141.0
1033.99996 sent ALG
1033.99996 schedule ALG 47.0
1047.6398775704586 inject 47.0
1061.1546749290203 inject 141.0
1070.210930981849 inject 141.0
1075.0853857820234 inject 141.0
1080.99996 sent ALG
1080.99996 schedule ALG 47.0
1112.1102937832743 inject 141.0
1127.99996 sent ADV
1127.99996 sent ALG
1127.99996 error
1127.99996 schedule ALG 141.0
1127.99996 schedule ADV 47.0
1143.8537071332846 inject 141.0
1160.941107500162 inject 141.0
1161.975044067282 inject 141.0
1174.99996 sent ADV
1174.99996 schedule ADV 47.0
1184.936538771397 inject 141.0
1185.8120111653627 inject 141.0
1221.99996 sent ADV
1221.99996 schedule ADV 47.0
1251.1155938970926 inject 141.0
1265.1619599985725 inject 47.0
1268.9999500000001 error
1268.9999500000001 schedule ALG 141.0
1268.9999500000001 schedule ADV 47.0
1284.0350845372866 inject 141.0
1315.9999500000001 sent ADV
1315.9999500000001 schedule ADV 47.0
1351.593075609987 inject 47.0
1362.9999500000001 sent ADV
1362.9999500000001 schedule ADV 47.0
1385.6926492283064 inject 141.0
1400.993637808682 inject 141.0
1407.4357112691905 inject 141.0
1409.9999400000002 error
1409.9999400000002 schedule ALG 47.0
1409.9999400000002 schedule ADV 141.0
1418.2742082683133 inject 47.0
1440.719958815346 inject 141.0
1449.4288813543753 inject 47.0
1456.9999400000002 sent ALG
1456.9999400000002 schedule ALG 47.0
1476.2967069555934 inject 141.0
1503.9999400000002 sent ALG
1503.9999400000002 schedule ALG 47.0
1530.1916862479113 inject 47.0
1531.410195590744 inject 141.0
1533.6765024258145 inject 47.0
1544.2244340618654 inject 141.0
1546.8341505221933 inject 47.0
1550.9999400000002 sent ADV
1550.9999400000002 sent ALG
1550.9999400000002 error
1550.9999400000002 schedule ALG 47.0
1550.9999400000002 schedule ADV 141.0
1552.5454158092555 inject 141.0
1553.0914550060486 inject 47.0
1569.9242342965838 inject 141.0
1585.9502579991279 inject 47.0
1597.9999400000002 sent ALG
1597.9999400000002 schedule ALG 47.0
1609.1265087339505 inject 141.0
1610.7963368326753 inject 141.0
1644.9999400000002 sent ALG
1644.9999400000002 schedule ALG 47.0
1659.8499369319102 inject 141.0
1670.3399061505775 inject 47.0
1691.9999400000002 sent ADV
1691.9999400000002 sent ALG
1691.9999400000002 error
1691.9999400000002 schedule ALG 47.0
1691.9999400000002 schedule ADV 141.0
1738.9999400000002 sent ALG
1738.9999400000002 schedule ALG 47.0
1758.2761581569905 inject 141.0
1781.1133544854704 inject 141.0
1785.9999400000002 sent ALG
1785.9999400000002 schedule ALG 47.0
1806.2020011773197 inject 141.0
1812.1387050616763 inject 47.0
1813.0032044783543 inject 47.0
1832.9999400000002 sent ADV
1832.9999400000002 sent ALG
1832.9999400000002 error
1832.9999400000002 schedule ALG 47.0
1832.9999400000002 schedule ADV 141.0
1833.189673020344 inject 47.0
1846.5760890665706 inject 141.0
1859.8259719134294 inject 141.0
1867.220551379666 inject 141.0
1867.5758447362434 inject 141.0
1879.9999400000002 sent ALG
1879.9999400000002 schedule ALG 47.0
1887.8253578087388 inject 141.0
1902.2998343988302 inject 141.0
1924.9406640773382 inject 47.0
1926.9999400000002 sent ALG
1926.9999400000002 schedule ALG 47.0
1935.8523677740664 inject 141.0
1961.9201688162154 inject 141.0
1973.9999400000002 sent ADV
1973.9999400000002 sent ALG
1973.9999400000002 error
1973.9999400000002 schedule ALG 47.0
1973.9999400000002 schedule ADV 141.0
1984.0122652095479 inject 141.0
1984.2389337788088 inject 141.0
1989.7391363333306 inject 141.0
1991.1784686284777 inject 47.0
2020.9999400000002 sent ALG
2020.9999400000002 schedule ALG 47.0
2067.99994 sent ALG
2067.99994 schedule ALG 47.0
2094.2525186491857 inject 141.0
2114.99994 sent ADV
2114.99994 sent ALG
2114.99994 error
2114.99994 schedule ALG 141.0
2114.99994 schedule ADV 47.0
2131.1795955612865 inject 141.0
2153.5315708117114 inject 141.0
2161.99994 sent ADV
2161.99994 schedule ADV 47.0
2176.3868403547835 inject 47.0
2188.023047400439 inject 141.0
2201.476091700286 inject 47.0
2202.7107576447434 inject 47.0
2208.99994 sent ADV
2208.99994 schedule ADV 47.0
2239.348659978766 inject 47.0
2254.2145130394615 inject 47.0
2255.99993 error
2255.99993 schedule ALG 47.0
2255.99993 schedule ADV 141.0
2259.6555312998375 inject 47.0
2270.570376918614 inject 47.0
2289.8656491118477 inject 141.0
2302.689189004667 inject 47.0
2302.99993 sent ALG
2302.99993 schedule ALG 47.0
2339.551452339048 inject 47.0
2349.99993 sent ALG
2349.99993 schedule ALG 47.0
2390.6430404398943 inject 141.0
2394.393022123253 inject 47.0
2396.99993 sent ADV
2396.99993 sent ALG
2396.99993 error
2396.99993 schedule ALG 47.0
2396.99993 schedule ADV 141.0
2438.4860859028854 inject 141.0
2443.99993 sent ALG
2443.99993 schedule ALG 47.0
2488.704426332678 inject 47.0
2490.99993 sent ALG
2490.99993 schedule ALG 47.0
2526.1343873706014 inject 141.0
2537.99993 sent ADV
2537.99993 sent ALG
2537.99993 error
2537.99993 schedule ALG 47.0
2537.99993 schedule ADV 141.0
2541.364626811644 inject 141.0
2559.8562128508943 inject 141.0
2584.99993 sent ALG
2584.99993 schedule ALG 47.0
2591.0107756583993 inject 141.0
2630.3824765985346 inject 47.0
2631.99993 sent ALG
2631.99993 schedule ALG 47.0
2678.99993 sent ADV
2678.99993 sent ALG
2678.99993 error
2678.99993 schedule ALG 47.0
2678.99993 schedule ADV 141.0
2679.1591545716537 inject 141.0
2683.036859205213 inject 47.0
2699.1289017517583 inject 141.0
2717.4713155214376 inject 47.0
2725.99993 sent ALG
2725.99993 schedule ALG 47.0
2753.134496901188 inject 47.0
2772.99993 sent ALG
2772.99993 schedule ALG 47.0
2786.120374607855 inject 47.0
2792.191009244571 inject 47.0
2818.4762623141187 inject 141.0
2819.99993 sent ADV
2819.99993 sent ALG
2819.99993 error
2819.99993 schedule ALG 47.0
2819.99993 schedule ADV 141.0
2823.702525625396 inject 47.0
2866.99993 sent ALG
2866.99993 schedule ALG 47.0
2889.12010351246 inject 141.0
2898.6945062731775 inject 141.0
2913.99993 sent ALG
2913.99993 schedule ALG 47.0
2921.4087899564256 inject 47.0
2939.834208597492 inject 141.0
2945.11347968493 inject 47.0
2946.734424566957 inject 141.0
2960.99993 sent ADV
2960.99993 sent ALG
2960.99993 error
2960.99993 schedule ALG 47.0
2960.99993 schedule ADV 141.0
2985.7855548656003 inject 141.0
2995.440113624377 inject 141.0
3002.551287136515 inject 141.0
3007.99993 sent ALG
3007.99993 schedule ALG 47.0
3020.868249244204 inject 141.0
3037.1183822195867 inject 141.0
3037.776593950422 inject 141.0
3054.99993 sent ALG
3054.99993 schedule ALG 47.0
3062.388775653773 inject 141.0
3067.0983790568994 inject 141.0
3073.612048385056 inject 47.0
3099.418229294633 inject 141.0
3101.99993 sent ADV
3101.99993 sent ALG
3101.99993 error
3101.99993 schedule ALG 47.0
3101.99993 schedule ADV 141.0
3115.543907410871 inject 141.0
3148.99993 sent ALG
3148.99993 schedule ALG 47.0
3150.428763856039 inject 141.0
3162.8393920914555 inject 141.0
3166.6526314225293 inject 141.0
3166.9250900693823 inject 141.0
3181.3304336678766 inject 141.0
3185.8408231205335 inject 141.0
3186.7226295608425 inject 141.0
3187.5815575303805 inject 141.0
3188.754833649211 inject 141.0
3195.99993 sent ALG
3195.99993 schedule ALG 47.0
3242.99993 sent ADV
3242.99993 sent ALG
3242.99993 error
3242.99993 schedule ALG 141.0
3242.99993 schedule ADV 47.0
3244.8709137745004 inject 141.0
3259.734500110372 inject 141.0
3263.6854914707656 inject 141.0
3269.0217649658184 inject 47.0
3269.902178785534 inject 141.0
3282.3509514928733 inject 47.0
3289.99993 sent ADV
3289.99993 schedule ADV 47.0
3299.741229290075 inject 141.0
3323.281163734286 inject 141.0
3336.99993 sent ADV
3336.99993 schedule ADV 47.0
3339.2911003925956 inject 141.0
3383.9999199999997 error
3383.9999199999997 schedule ALG 47.0
3383.9999199999997 schedule ADV 141.0
3390.991311884013 inject 47.0
3405.9973182126773 inject 141.0
3409.347931332333 inject 141.0
3430.9999199999997 sent ALG
3430.9999199999997 schedule ALG 47.0
3451.6063631457 inject 141.0
3477.9999199999997 sent ALG
3477.9999199999997 schedule ALG 47.0
3497.2204510325423 inject 47.0
3524.9999199999997 sent ADV
3524.9999199999997 sent ALG
3524.9999199999997 error
3524.9999199999997 schedule ALG 141.0
3524.9999199999997 schedule ADV 47.0
3526.1618978859346 inject 141.0
3529.237423172125 inject 47.0
3557.512257022034 inject 47.0
3571.9999199999997 sent ADV
3571.9999199999997 schedule ADV 47.0
3602.224372447309 inject 47.0
3608.7981125885312 inject 141.0
3611.7878790193604 inject 141.0
3618.9999199999997 sent ADV
3618.9999199999997 schedule ADV 47.0
3632.170696621689 inject 47.0
3647.986212757906 inject 47.0
3665.9999099999995 error
3665.9999099999995 schedule ALG 47.0
3665.9999099999995 schedule ADV 141.0
3669.9725764158397 inject 141.0
3683.2061052575045 inject 141.0
3695.7472736050104 inject 141.0
3707.684257174278 inject 141.0
3712.9999099999995 sent ALG
3712.9999099999995 schedule ALG 47.0
3738.594220198575 inject 141.0
3751.156161142835 inject 47.0
3759.9999099999995 sent ALG
3759.9999099999995 schedule ALG 47.0
3770.8607964828266 inject 141.0
3806.9999099999995 sent ADV
3806.9999099999995 sent ALG
3806.9999099999995 error
3806.9999099999995 schedule ALG 47.0
3806.9999099999995 schedule ADV 141.0
3838.666459515485 inject 47.0
3847.6452763628745 inject 141.0
3853.9999099999995 sent ALG
3853.9999099999995 schedule ALG 47.0
3861.262146160344 inject 47.0
3861.779144772995 inject 47.0
3900.3504593078655 inject 47.0
3900.9999099999995 sent ALG
3900.9999099999995 schedule ALG 47.0
3934.978502958775 inject 141.0
3944.3148082689195 inject 141.0
3947.9999099999995 sent ADV
3947.9999099999995 sent ALG
3947.9999099999995 error
3947.9999099999995 schedule ALG 47.0
3947.9999099999995 schedule ADV 141.0
3953.4425219096024 inject 47.0
3962.310704364358 inject 141.0
3994.217808175782 inject 47.0
3994.9999099999995 sent ALG
3994.9999099999995 schedule ALG 47.0
4020.521625012059 inject 47.0
4041.9999099999995 sent ALG
4041.9999099999995 schedule ALG 47.0
4049.9603786601306 inject 141.0
4074.806434277595 inject 141.0
4088.9999099999995 sent ADV
4088.9999099999995 sent ALG
4088.9999099999995 error
4088.9999099999995 schedule ALG 47.0
4088.9999099999995 schedule ADV 141.0
4101.983358885523 inject 141.0
4126.448764504794 inject 141.0
4135.9999099999995 sent ALG
4135.9999099999995 schedule ALG 47.0
4140.221791669792 inject 141.0
4142.660582644406 inject 141.0
4151.077793590868 inject 47.0
4161.80488468777 inject 141.0
4166.977150864314 inject 141.0
4170.066389309199 inject 141.0
4182.9999099999995 sent ALG
4182.9999099999995 schedule ALG 47.0
4184.272229454022 inject 47.0
4203.350347448545 inject 141.0
4215.672826779221 inject 47.0
4229.9999099999995 sent ADV
4229.9999099999995 sent ALG
4229.9999099999995 error
4229.9999099999995 schedule ALG 47.0
4229.9999099999995 schedule ADV 141.0
4256.5072926402 inject 47.0
4276.9999099999995 sent ALG
4276.9999099999995 schedule ALG 47.0
4323.9999099999995 sent ALG
4323.9999099999995 schedule ALG 47.0
4346.636599180474 inject 47.0
4358.016829563854 inject 141.0
4358.359764588226 inject 141.0
4370.9999099999995 sent ADV
4370.9999099999995 sent ALG
4370.9999099999995 error
4370.9999099999995 schedule ALG 47.0
4370.9999099999995 schedule ADV 141.0
4376.207973616493 inject 141.0
4391.69011895469 inject 141.0
4395.201576260989 inject 141.0
4417.9999099999995 sent ALG
4417.9999099999995 schedule ALG 47.0
4418.454354748391 inject 141.0
4435.971035169652 inject 47.0
4441.822807764114 inject 141.0
4442.484033895211 inject 141.0
4453.775439840398 inject 141.0
4464.9999099999995 sent ALG
4464.9999099999995 schedule ALG 47.0
4474.745455470113 inject 141.0
4481.204639799456 inject 47.0
4482.947925729524 inject 141.0
4510.779663026843 inject 47.0
4511.9999099999995 sent ADV
4511.9999099999995 sent ALG
4511.9999099999995 error
4511.9999099999995 schedule ALG 47.0
4511.9999099999995 schedule ADV 141.0
4524.885671054696 inject 141.0
4558.9999099999995 sent ALG
4558.9999099999995 schedule ALG 47.0
4576.788661268911 inject 47.0
4593.708596069744 inject 141.0
4605.9999099999995 sent ALG
4605.9999099999995 schedule ALG 47.0
4630.549458486472 inject 141.0
4639.129838392599 inject 141.0
4652.362646482347 inject 47.0
4652.9999099999995 sent ADV
4652.9999099999995 sent ALG
4652.9999099999995 error
4652.9999099999995 schedule ALG 47.0
4652.9999099999995 schedule ADV 141.0
4657.37374527247 inject 141.0
4690.722461935563 inject 141.0
4699.9999099999995 sent ALG
4699.9999099999995 schedule ALG 47.0
4725.244519077414 inject 47.0
4746.9999099999995 sent ALG
4746.9999099999995 schedule ALG 47.0
4747.494436102263 inject 141.0
4753.602362913394 inject 141.0
4770.847615070067 inject 141.0
4779.138423504552 inject 47.0
4790.438061811746 inject 47.0
4793.9999099999995 sent ADV
4793.9999099999995 sent ALG
4793.9999099999995 error
4793.9999099999995 schedule ALG 47.0
4793.9999099999995 schedule ADV 141.0
4803.874889522409 inject 47.0
4828.70115421958 inject 141.0
4831.347677412238 inject 47.0
4840.9999099999995 sent ALG
4840.9999099999995 schedule ALG 47.0
4849.752125054238 inject 47.0
4860.9475080147195 inject 141.0
4871.559672082453 inject 141.0
4887.9999099999995 sent ALG
4887.9999099999995 schedule ALG 47.0
4913.776885350231 inject 141.0
4925.303100099656 inject 47.0
4934.9999099999995 sent ADV
4934.9999099999995 sent ALG
4934.9999099999995 error
4934.9999099999995 schedule ALG 47.0
4934.9999099999995 schedule ADV 141.0
4947.395977718365 inject 47.0
4962.7473818151475 inject 141.0
4974.051288274307 inject 141.0
4981.9999099999995 sent ALG
4981.9999099999995 schedule ALG 47.0
4995.752110158515 inject 141.0
5028.9999099999995 sent ALG
5028.9999099999995 schedule ALG 47.0
5030.381219339047 inject 47.0
5037.793610421397 inject 141.0
5046.464519095164 inject 141.0
5075.9999099999995 sent ADV
5075.9999099999995 sent ALG
5075.9999099999995 error
5075.9999099999995 schedule ALG 47.0
5075.9999099999995 schedule ADV 141.0
5086.374801638488 inject 141.0
5106.585137324426 inject 47.0
5116.167487961575 inject 141.0
5120.708105776366 inject 47.0
5122.9999099999995 sent ALG
5122.9999099999995 schedule ALG 47.0
5135.856703473967 inject 47.0
5169.9999099999995 sent ALG
5169.9999099999995 schedule ALG 47.0
5182.007819957825 inject 141.0
5209.107369511569 inject 141.0
5216.9999099999995 sent ADV
5216.9999099999995 sent ALG
5216.9999099999995 error
5216.9999099999995 schedule ALG 47.0
5216.9999099999995 schedule ADV 141.0
5263.9999099999995 sent ALG
5263.9999099999995 schedule ALG 47.0
5266.77430212572 inject 141.0
5277.856526199476 inject 141.0
5281.508868087409 inject 47.0
5307.869531083771 inject 141.0
5308.692836827594 inject 47.0
5310.9999099999995 sent ALG
5310.9999099999995 schedule ALG 47.0
5312.50098779563 inject 141.0
5357.9999099999995 sent ADV
5357.9999099999995 sent ALG
5357.9999099999995 error
5357.9999099999995 schedule ALG 47.0
5357.9999099999995 schedule ADV 141.0
5362.950748178018 inject 141.0
5404.9999099999995 sent ALG
5404.9999099999995 schedule ALG 47.0
5406.886102827231 inject 141.0
5412.84583894295 inject 141.0
5421.084208012691 inject 47.0
5438.878994513944 inject 141.0
5451.9999099999995 sent ALG
5451.9999099999995 schedule ALG 47.0
5480.672783955785 inject 141.0
5494.092072258237 inject 141.0
5495.731438398311 inject 47.0
5498.9999099999995 sent ADV
5498.9999099999995 sent ALG
5498.9999099999995 error
5498.9999099999995 schedule ALG 141.0
5498.9999099999995 schedule ADV 47.0
5515.875572793376 inject 141.0
5530.545296547282 inject 47.0
5543.275818071344 inject 141.0
5545.9999099999995 sent ADV
5545.9999099999995 schedule ADV 47.0
5550.8580767167405 inject 47.0
5592.9999099999995 sent ADV
5592.9999099999995 schedule ADV 47.0
5639.9999 error
5639.9999 schedule ALG 47.0
5639.9999 schedule ADV 141.0
5662.492555212759 inject 141.0
5686.9999 sent ALG
5686.9999 schedule ALG 47.0
5691.49319435869 inject 47.0
5733.9999 sent ALG
5733.9999 schedule ALG 47.0
5736.917628760784 inject 47.0
5740.92072302738 inject 141.0
5758.258527204936 inject 47.0
5758.809860725134 inject 141.0
5775.688132289084 inject 47.0
5780.9999 sent ADV
5780.9999 sent ALG
5780.9999 error
5780.9999 schedule ALG 47.0
5780.9999 schedule ADV 141.0
5792.183930409728 inject 141.0
5810.47518759259 inject 47.0
5817.788810928441 inject 141.0
5817.817505704339 inject 47.0
5827.9999 sent ALG
5827.9999 schedule ALG 47.0
5837.384156385002 inject 141.0
5874.9999 sent ALG
5874.9999 schedule ALG 47.0
5921.9999 sent ADV
5921.9999 sent ALG
5921.9999 error
5921.9999 schedule ALG 47.0
5921.9999 schedule ADV 141.0
5962.6125918867565 inject 141.0
5968.9999 sent ALG
5968.9999 schedule ALG 47.0
5998.270690602075 inject 141.0
6005.721926327692 inject 141.0
6015.9999 sent ALG
6015.9999 schedule ALG 47.0
6016.635756481929 inject 141.0
6032.145470490859 inject 141.0
6062.9999 sent ADV
6062.9999 sent ALG
6062.9999 error
6062.9999 schedule ALG 141.0
6062.9999 schedule ADV 47.0
6091.186694184741 inject 141.0
6101.2358631346315 inject 141.0
6109.9999 sent ADV
6109.9999 schedule ADV 47.0
6118.032972303037 inject 47.0
6119.942309964143 inject 141.0
6143.987902083963 inject 141.0
6148.242442629834 inject 141.0
6154.284866024266 inject 141.0
6156.9999 sent ADV
6156.9999 schedule ADV 47.0
6190.748633008158 inject 141.0
6203.99989 error
6203.99989 schedule ALG 141.0
6203.99989 schedule ADV 47.0
6233.778576620699 inject 141.0
6250.905965641551 inject 141.0
6250.99989 sent ADV
6250.99989 schedule ADV 47.0
6253.277414429972 inject 47.0
6266.939646297555 inject 141.0
6296.286452773565 inject 141.0
6297.99989 sent ADV
6297.99989 schedule ADV 47.0
6317.960381117516 inject 47.0
6318.202842920889 inject 141.0
6340.466398270588 inject 141.0
6344.99988 error
6344.99988 schedule ALG 47.0
6344.99988 schedule ADV 141.0
6348.4272443228465 inject 141.0
6378.872375655678 inject 47.0
6391.99988 sent ALG
6391.99988 schedule ALG 47.0
6423.739385405179 inject 47.0
6431.536191289427 inject 47.0
6438.99988 sent ALG
6438.99988 schedule ALG 47.0
6457.741057328334 inject 47.0
6485.99988 sent ADV
6485.99988 sent ALG
6485.99988 error
6485.99988 schedule ALG 47.0
6485.99988 schedule ADV 141.0
6515.304085824397 inject 47.0
6532.99988 sent ALG
6532.99988 schedule ALG 47.0
6549.609388100531 inject 141.0
6570.03052633091 inject 141.0
6576.380241484596 inject 141.0
6577.867022828762 inject 141.0
6579.99988 sent ALG
6579.99988 schedule ALG 47.0
6615.951562739767 inject 47.0
6626.99988 sent ADV
6626.99988 sent ALG
6626.99988 error
6626.99988 schedule ALG 47.0
6626.99988 schedule ADV 141.0
6658.05340677492 inject 141.0
6664.898682843698 inject 141.0
6668.335002342753 inject 47.0
6673.224736291932 inject 141.0
6673.99988 sent ALG
6673.99988 schedule ALG 47.0
6689.133400768779 inject 141.0
6696.288498345556 inject 141.0
6719.686122029747 inject 141.0
6720.99988 sent ALG
6720.99988 schedule ALG 47.0
6736.419010804448 inject 47.0
6765.848595994018 inject 141.0
6767.8383055532795 inject 141.0
6767.99988 sent ADV
6767.99988 sent ALG
6767.99988 error
6767.99988 schedule ALG 47.0
6767.99988 schedule ADV 141.0
6788.909286226987 inject 47.0
6804.806875244413 inject 141.0
6814.99988 sent ALG
6814.99988 schedule ALG 47.0
6835.394086535736 inject 141.0
6861.99988 sent ALG
6861.99988 schedule ALG 47.0
6908.99988 sent ADV
6908.99988 sent ALG
6908.99988 error
6908.99988 schedule ALG 141.0
6908.99988 schedule ADV 47.0
6931.854838377129 inject 141.0
6950.823475795938 inject 141.0
6951.885084724424 inject 47.0
6955.99988 sent ADV
6955.99988 schedule ADV 47.0
6964.370466206833 inject 141.0
6970.58798574782 inject 47.0
7002.212735696097 inject 141.0
7002.99988 sent ADV
7002.99988 schedule ADV 47.0
7012.577864151214 inject 47.0
7012.762805046841 inject 47.0
7013.022837844778 inject 141.0
7026.163901659633 inject 141.0
7034.537316285811 inject 141.0
7038.458769510475 inject 141.0
7049.999870000001 error
7049.999870000001 schedule ALG 47.0
7049.999870000001 schedule ADV 141.0
7067.671508282839 inject 141.0
7088.592062730149 inject 47.0
7096.999870000001 sent ALG
7096.999870000001 schedule ALG 47.0
7132.294148314336 inject 141.0
7143.999870000001 sent ALG
7143.999870000001 schedule ALG 47.0
7163.022375748423 inject 47.0
7190.999870000001 sent ADV
7190.999870000001 sent ALG
7190.999870000001 error
7190.999870000001 schedule ALG 47.0
7190.999870000001 schedule ADV 141.0
7194.007931651258 inject 141.0
7209.783359228265 inject 47.0
7210.149442592196 inject 141.0
7234.748677870898 inject 47.0
7237.999870000001 sent ALG
7237.999870000001 schedule ALG 47.0
7266.080900337676 inject 141.0
7272.563154068508 inject 47.0
7277.585088063902 inject 141.0
7278.4012682351195 inject 141.0
7284.999870000001 sent ALG
7284.999870000001 schedule ALG 47.0
7331.999870000001 sent ADV
7331.999870000001 sent ALG
7331.999870000001 error
7331.999870000001 schedule ALG 47.0
7331.999870000001 schedule ADV 141.0
7336.374257508895 inject 141.0
7353.072315911171 inject 47.0
7360.799185188853 inject 47.0
7378.999870000001 sent ALG
7378.999870000001 schedule ALG 47.0
7392.858416598019 inject 141.0
7425.999870000001 sent ALG
7425.999870000001 schedule ALG 47.0
7430.18092817491 inject 141.0
7452.749474164879 inject 141.0
7472.999870000001 sent ADV
7472.999870000001 sent ALG
7472.999870000001 error
7472.999870000001 schedule ALG 47.0
7472.999870000001 schedule ADV 141.0
7492.730612746778 inject 47.0
7519.999870000001 sent ALG
7519.999870000001 schedule ALG 47.0
7520.642851692486 inject 141.0
7563.107619082521 inject 141.0
7566.999870000001 sent ALG
7566.999870000001 schedule ALG 47.0
7568.045959126809 inject 47.0
7585.829922295292 inject 141.0
7593.498078592155 inject 47.0
7606.757551602808 inject 47.0
7610.123302168145 inject 141.0
7613.999870000001 sent ADV
7613.999870000001 sent ALG
7613.999870000001 error
7613.999870000001 schedule ALG 47.0
7613.999870000001 schedule ADV 141.0
7631.742061991118 inject 141.0
7636.853158218943 inject 47.0
7660.999870000001 sent ALG
7660.999870000001 schedule ALG 47.0
7664.164492395513 inject 141.0
7678.945147513034 inject 141.0
7707.999870000001 sent ALG
7707.999870000001 schedule ALG 47.0
7709.344179902521 inject 141.0
7717.326800585689 inject 141.0
7740.765278384411 inject 47.0
7754.999870000001 sent ADV
7754.999870000001 sent ALG
7754.999870000001 error
7754.999870000001 schedule ALG 47.0
7754.999870000001 schedule ADV 141.0
7764.241201650625 inject 141.0
7801.123206053607 inject 141.0
7801.999870000001 sent ALG
7801.999870000001 schedule ALG 47.0
7810.748337527267 inject 141.0
7847.534555999385 inject 141.0
7848.999870000001 sent ALG
7848.999870000001 schedule ALG 47.0
7877.281781144287 inject 141.0
7881.7161219555155 inject 141.0
7883.9585101094335 inject 47.0
7886.489365002495 inject 47.0
7895.999870000001 sent ADV
7895.999870000001 sent ALG
7895.999870000001 error
7895.999870000001 schedule ALG 141.0
7895.999870000001 schedule ADV 47.0
7921.082658232661 inject 47.0
7925.243070023823 inject 141.0
7927.412047197994 inject 141.0
7930.521861165869 inject 141.0
7942.999870000001 sent ADV
7942.999870000001 schedule ADV 47.0
7949.600396061864 inject 141.0
7955.221874633936 inject 141.0
7973.285137537579 inject 47.0
7989.999870000001 sent ADV
7989.999870000001 schedule ADV 47.0
8008.708961684505 inject 47.0
8016.038985463278 inject 141.0
8031.22587070913 inject 47.0
8036.999860000001 error
8036.999860000001 schedule ALG 47.0
8036.999860000001 schedule ADV 141.0
8041.886379127353 inject 141.0
8058.9943673702 inject 141.0
8065.64519099552 inject 47.0
8069.252161829262 inject 47.0
8083.999860000001 sent ALG
8083.999860000001 schedule ALG 47.0
8106.451804974991 inject 141.0
8130.999860000001 sent ALG
8130.999860000001 schedule ALG 47.0
8134.968607477326 inject 47.0
8177.999860000001 sent ADV
8177.999860000001 sent ALG
8177.999860000001 error
8177.999860000001 schedule ALG 47.0
8177.999860000001 schedule ADV 141.0
8194.806212257836 inject 141.0
8220.064420126704 inject 47.0
8224.99986 sent ALG
8224.99986 schedule ALG 47.0
8246.47462795635 inject 47.0
8264.72892832092 inject 141.0
8265.338863709083 inject 47.0
8271.99986 sent ALG
8271.99986 schedule ALG 47.0
8287.296261986166 inject 141.0
8312.21880737878 inject 47.0
8318.99986 sent ADV
8318.99986 sent ALG
8318.99986 error
8318.99986 schedule ALG 47.0
8318.99986 schedule ADV 141.0
8365.41524625758 inject 141.0
8365.99986 sent ALG
8365.99986 schedule ALG 47.0
8411.501537888837 inject 47.0
8412.99986 sent ALG
8412.99986 schedule ALG 47.0
8426.999119981761 inject 141.0
8439.09340320581 inject 47.0
8459.99986 sent ADV
8459.99986 sent ALG
8459.99986 error
8459.99986 schedule ALG 47.0
8459.99986 schedule ADV 141.0
8476.724110091445 inject 141.0
8481.301694102618 inject 141.0
8505.604208789802 inject 47.0
8506.99986 sent ALG
8506.99986 schedule ALG 47.0
8542.10422546591 inject 47.0
8553.99986 sent ALG
8553.99986 schedule ALG 47.0
8554.82754251989 inject 141.0
8577.590758186252 inject 141.0
8600.99986 sent ADV
8600.99986 sent ALG
8600.99986 error
8600.99986 schedule ALG 47.0
8600.99986 schedule ADV 141.0
8612.816736321804 inject 47.0
8641.729422768103 inject 141.0
8647.99986 sent ALG
8647.99986 schedule ALG 47.0
8694.99986 sent ALG
8694.99986 schedule ALG 47.0
8700.679946276203 inject 47.0
8724.003018793772 inject 47.0
8733.666875627325 inject 141.0
8735.9751283162 inject 141.0
8740.448483317441 inject 47.0
8741.99986 sent ADV
8741.99986 sent ALG
8741.99986 error
8741.99986 schedule ALG 47.0
8741.99986 schedule ADV 141.0
8756.808476401975 inject 141.0
8777.361708977054 inject 141.0
8788.99986 sent ALG
8788.99986 schedule ALG 47.0
8827.895508557276 inject 141.0
8835.99986 sent ALG
8835.99986 schedule ALG 47.0
8872.960473330751 inject 47.0
8874.015110203813 inject 47.0
8882.99986 sent ADV
8882.99986 sent ALG
8882.99986 error
8882.99986 schedule ALG 47.0
8882.99986 schedule ADV 141.0
8929.99986 sent ALG
8929.99986 schedule ALG 47.0
8946.27475838797 inject 47.0
8952.198151948885 inject 141.0
8953.512445698869 inject 47.0
8965.071567655083 inject 47.0
8965.681188880639 inject 47.0
8976.99986 sent ALG
8976.99986 schedule ALG 47.0
8984.714509160636 inject 141.0
9023.99986 sent ADV
9023.99986 sent ALG
9023.99986 error
9023.99986 schedule ALG 47.0
9023.99986 schedule ADV 141.0
9027.084349093811 inject 47.0
9028.69569743189 inject 141.0
9028.836416139695 inject 47.0
9039.17746314147 inject 141.0
9070.99986 sent ALG
9070.99986 schedule ALG 47.0
9077.111992082277 inject 141.0
9085.02839170025 inject 141.0
9097.914802854626 inject 47.0
9103.510923361566 inject 47.0
9107.290002890508 inject 141.0
9117.242299043646 inject 141.0
9117.99986 sent ALG
9117.99986 schedule ALG 47.0
9164.99986 sent ADV
9164.99986 sent ALG
9164.99986 error
9164.99986 schedule ALG 47.0
9164.99986 schedule ADV 141.0
9188.703114207354 inject 141.0
9190.60270371904 inject 141.0
9207.142182327274 inject 47.0
9211.99986 sent ALG
9211.99986 schedule ALG 47.0
9220.871665696593 inject 47.0
9246.854204060875 inject 47.0
9248.113660793748 inject 141.0
9253.16203646114 inject 141.0
9258.99986 sent ALG
9258.99986 schedule ALG 47.0
9259.22764615982 inject 141.0
9305.99986 sent ADV
9305.99986 sent ALG
9305.99986 error
9305.99986 schedule ALG 47.0
9305.99986 schedule ADV 141.0
9311.746794895134 inject 141.0
9336.721876151065 inject 141.0
9342.874920047241 inject 47.0
9352.99986 sent ALG
9352.99986 schedule ALG 47.0
9355.910232504822 inject 141.0
9363.794804440819 inject 47.0
9388.403393229582 inject 141.0
9399.99986 sent ALG
9399.99986 schedule ALG 47.0
9411.434742025958 inject 141.0
9430.26061852625 inject 141.0
9431.685987271463 inject 47.0
9434.06487138403 inject 47.0
9446.99986 sent ADV
9446.99986 sent ALG
9446.99986 error
9446.99986 schedule ALG 47.0
9446.99986 schedule ADV 141.0
9459.438761698275 inject 141.0
9468.584406936086 inject 141.0
9480.694707490647 inject 141.0
9492.379928105229 inject 47.0
9492.494688302151 inject 47.0
9493.99986 sent ALG
9493.99986 schedule ALG 47.0
9507.6746956352 inject 47.0
9540.99986 sent ALG
9540.99986 schedule ALG 47.0
9553.71837092334 inject 141.0
9555.01105675579 inject 47.0
9587.99986 sent ADV
9587.99986 sent ALG
9587.99986 error
9587.99986 schedule ALG 47.0
9587.99986 schedule ADV 141.0
9602.34541056334 inject 47.0
9631.436106525845 inject 141.0
9634.99986 sent ALG
9634.99986 schedule ALG 47.0
9642.994276719492 inject 141.0
9661.712303655524 inject 141.0
9681.99986 sent ALG
9681.99986 schedule ALG 47.0
9728.99986 sent ADV
9728.99986 sent ALG
9728.99986 error
9728.99986 schedule ALG 47.0
9728.99986 schedule ADV 141.0
9762.781934525212 inject 141.0
9775.99986 sent ALG
9775.99986 schedule ALG 47.0
9782.56810439915 inject 141.0
9797.795619601455 inject 141.0
9814.808101062536 inject 141.0
9822.99986 sent ALG
9822.99986 schedule ALG 47.0
9823.522158297617 inject 47.0
9839.189589667792 inject 141.0
9842.26255374073 inject 141.0
9845.014773332898 inject 141.0
9851.877545187677 inject 47.0
9853.458731018563 inject 141.0
9869.99986 sent ADV
9869.99986 sent ALG
9869.99986 error
9869.99986 schedule ALG 47.0
9869.99986 schedule ADV 141.0
9872.01437297208 inject 141.0
9876.243776710919 inject 47.0
9878.53521875452 inject 141.0
9888.653926601499 inject 141.0
9896.440455614962 inject 141.0
9913.119639080622 inject 47.0
9916.99986 sent ALG
9916.99986 schedule ALG 47.0
9923.848200040358 inject 47.0
9933.890774124093 inject 47.0
9946.126780885505 inject 141.0
9963.99986 sent ALG
9963.99986 schedule ALG 47.0
10010.99986 sent ADV
10010.99986 sent ALG
10010.99986 error
10010.99986 schedule ALG 47.0
10010.99986 schedule ADV 141.0
10022.344887766421 inject 141.0
10045.996159050545 inject 47.0
10057.99986 sent ALG
10057.99986 schedule ALG 47.0
10074.918997302702 inject 141.0
10076.426128749343 inject 141.0
10086.686983892298 inject 141.0
10104.99986 sent ALG
10104.99986 schedule ALG 47.0
10151.99986 sent ADV
10151.99986 sent ALG
