3.0 3.0
6.0 3.0
9.0 3.0
12.0 3.0
15.0 3.0
18.0 3.0
21.0 3.0
24.0 3.0
27.0 3.0
30.0 3.0
33.0 3.0
36.0 3.0
39.0 3.0
42.0 3.0
45.0 3.0
48.0 3.0
51.0 3.0
54.0 3.0
57.0 3.0
60.0 3.0
63.0 3.0
66.0 3.0
69.0 3.0
72.0 3.0
75.0 3.0
78.0 3.0
81.0 3.0
84.0 3.0
87.0 3.0
90.0 3.0
93.0 3.0
96.0 3.0
99.0 3.0
102.0 3.0
105.0 3.0
108.0 3.0
111.0 3.0
114.0 3.0
117.0 3.0
120.0 3.0
123.0 3.0
126.0 3.0
129.0 3.0
132.0 3.0
135.0 3.0
138.0 3.0
141.0 3.0
144.0 3.0
147.0 3.0
150.0 3.0
153.0 3.0
159.0 6.0
162.0 3.0
165.0 3.0
168.0 3.0
171.0 3.0
174.0 3.0
177.0 3.0
180.0 3.0
183.0 3.0
186.0 3.0
189.0 3.0
192.0 3.0
195.0 3.0
198.0 3.0
201.0 3.0
204.0 3.0
207.0 3.0
210.0 3.0
216.0 6.0
219.0 3.0
225.0 6.0
228.0 3.0
231.0 3.0
234.0 3.0
237.0 3.0
240.0 3.0
243.0 3.0
246.0 3.0
249.0 3.0
252.0 3.0
255.0 3.0
258.0 3.0
261.0 3.0
264.0 3.0
267.0 3.0
270.0 3.0
273.0 3.0
276.0 3.0
279.0 3.0
282.0 3.0
285.0 3.0
288.0 3.0
291.0 3.0
294.0 3.0
297.0 3.0
300.0 3.0
303.0 3.0
306.0 3.0
309.0 3.0
312.0 3.0
315.0 3.0
318.0 3.0
321.0 3.0
324.0 3.0
327.0 3.0
330.0 3.0
333.0 3.0
336.0 3.0
339.0 3.0
345.0 6.0
348.0 3.0
351.0 3.0
354.0 3.0
357.0 3.0
360.0 3.0
363.0 3.0
366.0 3.0
369.0 3.0
372.0 3.0
375.0 3.0
378.0 3.0
381.0 3.0
384.0 3.0
387.0 3.0
390.0 3.0
393.0 3.0
396.0 3.0
399.0 3.0
402.0 3.0
405.0 3.0
408.0 3.0
411.0 3.0
414.0 3.0
417.0 3.0
420.0 3.0
423.0 3.0
426.0 3.0
429.0 3.0
432.0 3.0
435.0 3.0
438.0 3.0
441.0 3.0
444.0 3.0
447.0 3.0
450.0 3.0
453.0 3.0
456.0 3.0
459.0 3.0
462.0 3.0
465.0 3.0
468.0 3.0
471.0 3.0
474.0 3.0
477.0 3.0
480.0 3.0
483.0 3.0
486.0 3.0
489.0 3.0
492.0 3.0
495.0 3.0
498.0 3.0
501.0 3.0
504.0 3.0
507.0 3.0
510.0 3.0
513.0 3.0
516.0 3.0
519.0 3.0
522.0 3.0
525.0 3.0
528.0 3.0
531.0 3.0
534.0 3.0
537.0 3.0
540.0 3.0
543.0 3.0
546.0 3.0
549.0 3.0
552.0 3.0
555.0 3.0
558.0 3.0
561.0 3.0
564.0 3.0
567.0 3.0
570.0 3.0
573.0 3.0
576.0 3.0
579.0 3.0
582.0 3.0
585.0 3.0
588.0 3.0
591.0 3.0
594.0 3.0
597.0 3.0
600.0 3.0
603.0 3.0
606.0 3.0
609.0 3.0
612.0 3.0
615.0 3.0
618.0 3.0
621.0 3.0
624.0 3.0
627.0 3.0
630.0 3.0
633.0 3.0
636.0 3.0
639.0 3.0
642.0 3.0
645.0 3.0
648.0 3.0
651.0 3.0
654.0 3.0
657.0 3.0
660.0 3.0
663.0 3.0
666.0 3.0
669.0 3.0
672.0 3.0
675.0 3.0
678.0 3.0
681.0 3.0
684.0 3.0
687.0 3.0
690.0 3.0
693.0 3.0
696.0 3.0
699.0 3.0
702.0 3.0
705.0 3.0
708.0 3.0
711.0 3.0
714.0 3.0
717.0 3.0
720.0 3.0
723.0 3.0
726.0 3.0
729.0 3.0
732.0 3.0
735.0 3.0
738.0 3.0
741.0 3.0
744.0 3.0
747.0 3.0
750.0 3.0
753.0 3.0
756.0 3.0
759.0 3.0
762.0 3.0
765.0 3.0
768.0 3.0
771.0 3.0
774.0 3.0
777.0 3.0
780.0 3.0
783.0 3.0
786.0 3.0
789.0 3.0
792.0 3.0
795.0 3.0
798.0 3.0
801.0 3.0
804.0 3.0
807.0 3.0
810.0 3.0
813.0 3.0
816.0 3.0
819.0 3.0
822.0 3.0
825.0 3.0
828.0 3.0
831.0 3.0
834.0 3.0
837.0 3.0
840.0 3.0
843.0 3.0
846.0 3.0
849.0 3.0
852.0 3.0
855.0 3.0
858.0 3.0
861.0 3.0
864.0 3.0
867.0 3.0
870.0 3.0
873.0 3.0
876.0 3.0
879.0 3.0
882.0 3.0
885.0 3.0
888.0 3.0
891.0 3.0
894.0 3.0
897.0 3.0
900.0 3.0
903.0 3.0
906.0 3.0
909.0 3.0
912.0 3.0
915.0 3.0
918.0 3.0
921.0 3.0
924.0 3.0
927.0 3.0
930.0 3.0
933.0 3.0
936.0 3.0
939.0 3.0
942.0 3.0
945.0 3.0
948.0 3.0
951.0 3.0
954.0 3.0
957.0 3.0
960.0 3.0
963.0 3.0
966.0 3.0
969.0 3.0
972.0 3.0
975.0 3.0
978.0 3.0
981.0 3.0
984.0 3.0
987.0 3.0
990.0 3.0
993.0 3.0
996.0 3.0
999.0 3.0
1002.0 3.0
1005.0 3.0
1008.0 3.0
1011.0 3.0
1014.0 3.0
1017.0 3.0
1020.0 3.0
1023.0 3.0
1026.0 3.0
1029.0 3.0
1032.0 3.0
1035.0 3.0
1038.0 3.0
1041.0 3.0
1044.0 3.0
1047.0 3.0
1050.0 3.0
1053.0 3.0
1056.0 3.0
1059.0 3.0
1062.0 3.0
1065.0 3.0
1068.0 3.0
1071.0 3.0
1074.0 3.0
1077.0 3.0
1080.0 3.0
1083.0 3.0
1086.0 3.0
1089.0 3.0
1092.0 3.0
1095.0 3.0
1098.0 3.0
1101.0 3.0
1104.0 3.0
1107.0 3.0
1110.0 3.0
1113.0 3.0
1116.0 3.0
1119.0 3.0
1122.0 3.0
1125.0 3.0
1128.0 3.0
1131.0 3.0
1134.0 3.0
1137.0 3.0
1140.0 3.0
1143.0 3.0
1146.0 3.0
1149.0 3.0
1152.0 3.0
1155.0 3.0
1158.0 3.0
1161.0 3.0
1164.0 3.0
1167.0 3.0
1170.0 3.0
1173.0 3.0
1176.0 3.0
1179.0 3.0
1182.0 3.0
1185.0 3.0
1188.0 3.0
1191.0 3.0
1194.0 3.0
1197.0 3.0
1200.0 3.0
1203.0 3.0
1206.0 3.0
1209.0 3.0
1212.0 3.0
1215.0 3.0
1218.0 3.0
1221.0 3.0
1224.0 3.0
1227.0 3.0
1230.0 3.0
1233.0 3.0
1236.0 3.0
1239.0 3.0
1242.0 3.0
1245.0 3.0
1248.0 3.0
1251.0 3.0
1254.0 3.0
1257.0 3.0
1260.0 3.0
1263.0 3.0
1266.0 3.0
1269.0 3.0
1272.0 3.0
1275.0 3.0
1278.0 3.0
1281.0 3.0
1284.0 3.0
1287.0 3.0
1290.0 3.0
1293.0 3.0
1296.0 3.0
1299.0 3.0
1302.0 3.0
1305.0 3.0
1308.0 3.0
1311.0 3.0
1314.0 3.0
1317.0 3.0
1320.0 3.0
1323.0 3.0
1326.0 3.0
1329.0 3.0
1332.0 3.0
1335.0 3.0
1338.0 3.0
1341.0 3.0
1344.0 3.0
1347.0 3.0
1350.0 3.0
1353.0 3.0
1356.0 3.0
1359.0 3.0
1362.0 3.0
1365.0 3.0
1368.0 3.0
1371.0 3.0
1374.0 3.0
1377.0 3.0
1380.0 3.0
1383.0 3.0
1386.0 3.0
1389.0 3.0
1392.0 3.0
1395.0 3.0
1398.0 3.0
1401.0 3.0
1404.0 3.0
1407.0 3.0
1410.0 3.0
1413.0 3.0
1416.0 3.0
1419.0 3.0
1422.0 3.0
1425.0 3.0
1428.0 3.0
1431.0 3.0
1434.0 3.0
1437.0 3.0
1440.0 3.0
1443.0 3.0
1446.0 3.0
1449.0 3.0
1452.0 3.0
1455.0 3.0
1458.0 3.0
1461.0 3.0
1464.0 3.0
1467.0 3.0
1470.0 3.0
1473.0 3.0
1476.0 3.0
1479.0 3.0
1482.0 3.0
1485.0 3.0
1488.0 3.0
1491.0 3.0
1494.0 3.0
1497.0 3.0
1500.0 3.0
1503.0 3.0
1506.0 3.0
1509.0 3.0
1512.0 3.0
1515.0 3.0
1518.0 3.0
1521.0 3.0
1524.0 3.0
1527.0 3.0
1530.0 3.0
1533.0 3.0
1536.0 3.0
1539.0 3.0
1542.0 3.0
1545.0 3.0
1548.0 3.0
1551.0 3.0
1554.0 3.0
1557.0 3.0
1560.0 3.0
1563.0 3.0
1566.0 3.0
1569.0 3.0
1572.0 3.0
1575.0 3.0
1578.0 3.0
1581.0 3.0
1584.0 3.0
1587.0 3.0
1590.0 3.0
1593.0 3.0
1596.0 3.0
1599.0 3.0
1602.0 3.0
1605.0 3.0
1608.0 3.0
1611.0 3.0
1614.0 3.0
1617.0 3.0
1620.0 3.0
1623.0 3.0
1626.0 3.0
1629.0 3.0
1632.0 3.0
1635.0 3.0
1638.0 3.0
1641.0 3.0
1644.0 3.0
1647.0 3.0
1650.0 3.0
1653.0 3.0
1656.0 3.0
1659.0 3.0
1662.0 3.0
1665.0 3.0
1668.0 3.0
1671.0 3.0
1674.0 3.0
1677.0 3.0
1680.0 3.0
1683.0 3.0
1686.0 3.0
1689.0 3.0
1692.0 3.0
1695.0 3.0
1698.0 3.0
1701.0 3.0
1704.0 3.0
1707.0 3.0
1710.0 3.0
1713.0 3.0
1716.0 3.0
1719.0 3.0
1722.0 3.0
1725.0 3.0
1728.0 3.0
1731.0 3.0
1734.0 3.0
1737.0 3.0
1740.0 3.0
1743.0 3.0
1746.0 3.0
1749.0 3.0
1752.0 3.0
1755.0 3.0
1758.0 3.0
1761.0 3.0
1764.0 3.0
1767.0 3.0
1770.0 3.0
1773.0 3.0
1776.0 3.0
1779.0 3.0
1782.0 3.0
1785.0 3.0
1788.0 3.0
1791.0 3.0
1794.0 3.0
1797.0 3.0
1800.0 3.0
1803.0 3.0
1806.0 3.0
1809.0 3.0
1812.0 3.0
1815.0 3.0
1818.0 3.0
1821.0 3.0
1824.0 3.0
1827.0 3.0
1830.0 3.0
1833.0 3.0
1836.0 3.0
1839.0 3.0
1842.0 3.0
1845.0 3.0
1848.0 3.0
1851.0 3.0
1854.0 3.0
1857.0 3.0
1860.0 3.0
1863.0 3.0
1866.0 3.0
1869.0 3.0
1872.0 3.0
1875.0 3.0
1878.0 3.0
1881.0 3.0
1884.0 3.0
1887.0 3.0
1890.0 3.0
1893.0 3.0
1896.0 3.0
1899.0 3.0
1902.0 3.0
1905.0 3.0
1908.0 3.0
1911.0 3.0
1914.0 3.0
1917.0 3.0
1920.0 3.0
1923.0 3.0
1926.0 3.0
1929.0 3.0
1932.0 3.0
1935.0 3.0
1938.0 3.0
1941.0 3.0
1944.0 3.0
1947.0 3.0
1950.0 3.0
1953.0 3.0
1956.0 3.0
1959.0 3.0
1962.0 3.0
1965.0 3.0
1968.0 3.0
1971.0 3.0
1974.0 3.0
1977.0 3.0
1980.0 3.0
1983.0 3.0
1986.0 3.0
1989.0 3.0
1992.0 3.0
1995.0 3.0
1998.0 3.0
2001.0 3.0
2004.0 3.0
2007.0 3.0
2010.0 3.0
2013.0 3.0
2016.0 3.0
2019.0 3.0
2022.0 3.0
2025.0 3.0
2028.0 3.0
2031.0 3.0
2034.0 3.0
2037.0 3.0
2040.0 3.0
2043.0 3.0
2046.0 3.0
2049.0 3.0
2052.0 3.0
2055.0 3.0
2058.0 3.0
2061.0 3.0
2064.0 3.0
2067.0 3.0
2070.0 3.0
2073.0 3.0
2076.0 3.0
2079.0 3.0
2082.0 3.0
2085.0 3.0
2088.0 3.0
2091.0 3.0
2094.0 3.0
2097.0 3.0
2100.0 3.0
2103.0 3.0
2106.0 3.0
2109.0 3.0
2112.0 3.0
2115.0 3.0
2118.0 3.0
2121.0 3.0
2124.0 3.0
2127.0 3.0
2130.0 3.0
2133.0 3.0
2136.0 3.0
2139.0 3.0
2142.0 3.0
2145.0 3.0
2148.0 3.0
2151.0 3.0
2154.0 3.0
2157.0 3.0
2160.0 3.0
2163.0 3.0
2166.0 3.0
2169.0 3.0
2172.0 3.0
2175.0 3.0
2178.0 3.0
2181.0 3.0
2184.0 3.0
2187.0 3.0
2190.0 3.0
2193.0 3.0
2196.0 3.0
2199.0 3.0
2202.0 3.0
2205.0 3.0
2208.0 3.0
2211.0 3.0
2214.0 3.0
2217.0 3.0
2220.0 3.0
2223.0 3.0
2226.0 3.0
2229.0 3.0
2232.0 3.0
2235.0 3.0
2238.0 3.0
2241.0 3.0
2244.0 3.0
2247.0 3.0
2250.0 3.0
2253.0 3.0
2256.0 3.0
2259.0 3.0
2262.0 3.0
2265.0 3.0
2268.0 3.0
2271.0 3.0
2274.0 3.0
2277.0 3.0
2280.0 3.0
2283.0 3.0
2286.0 3.0
2289.0 3.0
2292.0 3.0
2295.0 3.0
2298.0 3.0
2301.0 3.0
2304.0 3.0
2307.0 3.0
2310.0 3.0
2313.0 3.0
2316.0 3.0
2319.0 3.0
2322.0 3.0
2325.0 3.0
2328.0 3.0
2331.0 3.0
2334.0 3.0
2337.0 3.0
2340.0 3.0
2343.0 3.0
2346.0 3.0
2349.0 3.0
2352.0 3.0
2355.0 3.0
2358.0 3.0
2361.0 3.0
2364.0 3.0
2367.0 3.0
2370.0 3.0
2373.0 3.0
2376.0 3.0
2379.0 3.0
2382.0 3.0
2385.0 3.0
2388.0 3.0
2391.0 3.0
2394.0 3.0
2397.0 3.0
2400.0 3.0
2403.0 3.0
2406.0 3.0
2409.0 3.0
2412.0 3.0
2415.0 3.0
2418.0 3.0
2421.0 3.0
2424.0 3.0
2427.0 3.0
2430.0 3.0
2433.0 3.0
2436.0 3.0
2439.0 3.0
2442.0 3.0
2445.0 3.0
2448.0 3.0
2451.0 3.0
2454.0 3.0
2457.0 3.0
2460.0 3.0
2463.0 3.0
2466.0 3.0
2469.0 3.0
2472.0 3.0
2475.0 3.0
2478.0 3.0
2481.0 3.0
2484.0 3.0
2487.0 3.0
2490.0 3.0
2493.0 3.0
2496.0 3.0
2499.0 3.0
2502.0 3.0
2505.0 3.0
2508.0 3.0
2511.0 3.0
2514.0 3.0
2517.0 3.0
2520.0 3.0
2523.0 3.0
2526.0 3.0
2529.0 3.0
2532.0 3.0
2535.0 3.0
2538.0 3.0
2541.0 3.0
2544.0 3.0
2547.0 3.0
2550.0 3.0
2553.0 3.0
2556.0 3.0
2559.0 3.0
2562.0 3.0
2565.0 3.0
2568.0 3.0
2571.0 3.0
2574.0 3.0
2577.0 3.0
2580.0 3.0
2583.0 3.0
2586.0 3.0
2589.0 3.0
2592.0 3.0
2595.0 3.0
2598.0 3.0
2601.0 3.0
2604.0 3.0
2607.0 3.0
2610.0 3.0
2613.0 3.0
2616.0 3.0
2619.0 3.0
2622.0 3.0
2625.0 3.0
2628.0 3.0
2631.0 3.0
2634.0 3.0
2637.0 3.0
2640.0 3.0
2643.0 3.0
2646.0 3.0
2649.0 3.0
2652.0 3.0
2655.0 3.0
2658.0 3.0
2661.0 3.0
2664.0 3.0
2667.0 3.0
2670.0 3.0
2673.0 3.0
2676.0 3.0
2679.0 3.0
2682.0 3.0
2685.0 3.0
2688.0 3.0
2691.0 3.0
2694.0 3.0
2697.0 3.0
2700.0 3.0
2703.0 3.0
2706.0 3.0
2709.0 3.0
2712.0 3.0
2715.0 3.0
2718.0 3.0
2721.0 3.0
2724.0 3.0
2727.0 3.0
2730.0 3.0
2733.0 3.0
2736.0 3.0
2739.0 3.0
2742.0 3.0
2745.0 3.0
2748.0 3.0
2751.0 3.0
2754.0 3.0
2757.0 3.0
2760.0 3.0
2763.0 3.0
2766.0 3.0
2769.0 3.0
2772.0 3.0
2775.0 3.0
2778.0 3.0
2781.0 3.0
2784.0 3.0
2787.0 3.0
2790.0 3.0
2793.0 3.0
2796.0 3.0
2799.0 3.0
2802.0 3.0
2805.0 3.0
2808.0 3.0
2811.0 3.0
2814.0 3.0
2817.0 3.0
2820.0 3.0
2823.0 3.0
2826.0 3.0
2829.0 3.0
2832.0 3.0
2835.0 3.0
2838.0 3.0
2841.0 3.0
2844.0 3.0
2847.0 3.0
2850.0 3.0
2853.0 3.0
2856.0 3.0
2859.0 3.0
2862.0 3.0
2865.0 3.0
2868.0 3.0
2871.0 3.0
2874.0 3.0
2877.0 3.0
2880.0 3.0
2883.0 3.0
2886.0 3.0
2889.0 3.0
2892.0 3.0
2895.0 3.0
2898.0 3.0
2901.0 3.0
2904.0 3.0
2907.0 3.0
2910.0 3.0
2913.0 3.0
2916.0 3.0
2919.0 3.0
2922.0 3.0
2925.0 3.0
2928.0 3.0
2931.0 3.0
2934.0 3.0
2937.0 3.0
2940.0 3.0
2943.0 3.0
2946.0 3.0
2949.0 3.0
2952.0 3.0
2955.0 3.0
2958.0 3.0
2961.0 3.0
2964.0 3.0
2967.0 3.0
2970.0 3.0
2973.0 3.0
2976.0 3.0
2979.0 3.0
2982.0 3.0
2985.0 3.0
2988.0 3.0
2991.0 3.0
2994.0 3.0
2997.0 3.0
3000.0 3.0
3003.0 3.0
3006.0 3.0
3009.0 3.0
3012.0 3.0
3015.0 3.0
3018.0 3.0
3021.0 3.0
3024.0 3.0
3027.0 3.0
3030.0 3.0
3033.0 3.0
3036.0 3.0
3039.0 3.0
3042.0 3.0
3045.0 3.0
3048.0 3.0
3051.0 3.0
3054.0 3.0
3057.0 3.0
3060.0 3.0
3063.0 3.0
3066.0 3.0
3069.0 3.0
3072.0 3.0
3075.0 3.0
3078.0 3.0
3081.0 3.0
3084.0 3.0
3087.0 3.0
3090.0 3.0
3093.0 3.0
3096.0 3.0
3099.0 3.0
3102.0 3.0
3105.0 3.0
3108.0 3.0
3111.0 3.0
3114.0 3.0
3117.0 3.0
3120.0 3.0
3123.0 3.0
3126.0 3.0
3129.0 3.0
3132.0 3.0
3135.0 3.0
3138.0 3.0
3141.0 3.0
3144.0 3.0
3147.0 3.0
3150.0 3.0
3153.0 3.0
3156.0 3.0
3159.0 3.0
3162.0 3.0
3165.0 3.0
3168.0 3.0
3171.0 3.0
3174.0 3.0
3177.0 3.0
3180.0 3.0
3183.0 3.0
3186.0 3.0
3189.0 3.0
3192.0 3.0
3195.0 3.0
3198.0 3.0
3201.0 3.0
3204.0 3.0
3207.0 3.0
3210.0 3.0
3213.0 3.0
3216.0 3.0
3219.0 3.0
3222.0 3.0
3225.0 3.0
3228.0 3.0
3231.0 3.0
3234.0 3.0
3237.0 3.0
3240.0 3.0
3243.0 3.0
3246.0 3.0
3249.0 3.0
3252.0 3.0
3255.0 3.0
3258.0 3.0
3261.0 3.0
3264.0 3.0
3267.0 3.0
3270.0 3.0
3273.0 3.0
3276.0 3.0
3279.0 3.0
3282.0 3.0
3285.0 3.0
3288.0 3.0
3291.0 3.0
3294.0 3.0
3297.0 3.0
3300.0 3.0
3303.0 3.0
3306.0 3.0
3309.0 3.0
3312.0 3.0
3315.0 3.0
3318.0 3.0
3321.0 3.0
3324.0 3.0
3327.0 3.0
3330.0 3.0
3333.0 3.0
3336.0 3.0
3339.0 3.0
3342.0 3.0
3345.0 3.0
3348.0 3.0
3351.0 3.0
3354.0 3.0
3357.0 3.0
3360.0 3.0
3363.0 3.0
3366.0 3.0
3369.0 3.0
3372.0 3.0
3375.0 3.0
3378.0 3.0
3381.0 3.0
3384.0 3.0
3387.0 3.0
3390.0 3.0
3393.0 3.0
3396.0 3.0
3399.0 3.0
3402.0 3.0
3405.0 3.0
3408.0 3.0
3411.0 3.0
3414.0 3.0
3417.0 3.0
3420.0 3.0
3423.0 3.0
3426.0 3.0
3429.0 3.0
3432.0 3.0
3435.0 3.0
3438.0 3.0
3441.0 3.0
3444.0 3.0
3447.0 3.0
3450.0 3.0
3453.0 3.0
3456.0 3.0
3459.0 3.0
3462.0 3.0
3465.0 3.0
3468.0 3.0
3471.0 3.0
3474.0 3.0
3477.0 3.0
3480.0 3.0
3483.0 3.0
3486.0 3.0
3489.0 3.0
3492.0 3.0
3495.0 3.0
3498.0 3.0
3501.0 3.0
3504.0 3.0
3507.0 3.0
3510.0 3.0
3513.0 3.0
3516.0 3.0
3519.0 3.0
3522.0 3.0
3525.0 3.0
3528.0 3.0
3531.0 3.0
3534.0 3.0
3537.0 3.0
3540.0 3.0
3543.0 3.0
3546.0 3.0
3549.0 3.0
3552.0 3.0
3555.0 3.0
3558.0 3.0
3561.0 3.0
3564.0 3.0
3567.0 3.0
3570.0 3.0
3573.0 3.0
3576.0 3.0
3579.0 3.0
3582.0 3.0
3585.0 3.0
3588.0 3.0
3591.0 3.0
3594.0 3.0
3597.0 3.0
3600.0 3.0
3603.0 3.0
3606.0 3.0
3609.0 3.0
3612.0 3.0
3615.0 3.0
3618.0 3.0
3621.0 3.0
3624.0 3.0
3627.0 3.0
3630.0 3.0
3633.0 3.0
3636.0 3.0
3639.0 3.0
3642.0 3.0
3645.0 3.0
3648.0 3.0
3651.0 3.0
3654.0 3.0
3657.0 3.0
3660.0 3.0
3663.0 3.0
3666.0 3.0
3669.0 3.0
3672.0 3.0
3675.0 3.0
3678.0 3.0
3681.0 3.0
3684.0 3.0
3687.0 3.0
3690.0 3.0
3693.0 3.0
3696.0 3.0
3699.0 3.0
3702.0 3.0
3705.0 3.0
3708.0 3.0
3711.0 3.0
3714.0 3.0
3717.0 3.0
3720.0 3.0
3723.0 3.0
3726.0 3.0
3729.0 3.0
3732.0 3.0
3735.0 3.0
3738.0 3.0
3741.0 3.0
3744.0 3.0
3747.0 3.0
3750.0 3.0
3753.0 3.0
3756.0 3.0
3759.0 3.0
3762.0 3.0
3765.0 3.0
3768.0 3.0
3771.0 3.0
3774.0 3.0
3777.0 3.0
3780.0 3.0
3783.0 3.0
3786.0 3.0
3789.0 3.0
3792.0 3.0
3795.0 3.0
3798.0 3.0
3801.0 3.0
3804.0 3.0
3807.0 3.0
3810.0 3.0
3813.0 3.0
3816.0 3.0
3819.0 3.0
3822.0 3.0
3825.0 3.0
3828.0 3.0
3831.0 3.0
3834.0 3.0
3837.0 3.0
3840.0 3.0
3843.0 3.0
3846.0 3.0
3849.0 3.0
3852.0 3.0
3855.0 3.0
3858.0 3.0
3861.0 3.0
3864.0 3.0
3867.0 3.0
3870.0 3.0
3873.0 3.0
3876.0 3.0
3879.0 3.0
3882.0 3.0
3885.0 3.0
3888.0 3.0
3891.0 3.0
3894.0 3.0
3897.0 3.0
3900.0 3.0
3903.0 3.0
3906.0 3.0
3909.0 3.0
3912.0 3.0
3915.0 3.0
3918.0 3.0
3921.0 3.0
3924.0 3.0
3927.0 3.0
3930.0 3.0
3933.0 3.0
3936.0 3.0
3939.0 3.0
3942.0 3.0
3945.0 3.0
3948.0 3.0
3951.0 3.0
3954.0 3.0
3957.0 3.0
3960.0 3.0
3963.0 3.0
3966.0 3.0
3969.0 3.0
3972.0 3.0
3975.0 3.0
3978.0 3.0
3981.0 3.0
3984.0 3.0
3987.0 3.0
3990.0 3.0
3993.0 3.0
3996.0 3.0
3999.0 3.0
4002.0 3.0
4005.0 3.0
4008.0 3.0
4011.0 3.0
4014.0 3.0
4017.0 3.0
4020.0 3.0
4023.0 3.0
4026.0 3.0
4029.0 3.0
4032.0 3.0
4035.0 3.0
4038.0 3.0
4041.0 3.0
4044.0 3.0
4047.0 3.0
4050.0 3.0
4053.0 3.0
4056.0 3.0
4059.0 3.0
4062.0 3.0
4065.0 3.0
4068.0 3.0
4071.0 3.0
4074.0 3.0
4077.0 3.0
4080.0 3.0
4083.0 3.0
4086.0 3.0
4089.0 3.0
4092.0 3.0
4095.0 3.0
4098.0 3.0
4101.0 3.0
4104.0 3.0
4107.0 3.0
4110.0 3.0
4113.0 3.0
4116.0 3.0
4119.0 3.0
4122.0 3.0
4125.0 3.0
4128.0 3.0
4131.0 3.0
4134.0 3.0
4137.0 3.0
4140.0 3.0
4143.0 3.0
4146.0 3.0
4149.0 3.0
4152.0 3.0
4155.0 3.0
4158.0 3.0
4161.0 3.0
4164.0 3.0
4167.0 3.0
4170.0 3.0
4173.0 3.0
4176.0 3.0
4179.0 3.0
4182.0 3.0
4185.0 3.0
4188.0 3.0
4191.0 3.0
4194.0 3.0
4197.0 3.0
4200.0 3.0
4203.0 3.0
4206.0 3.0
4209.0 3.0
4212.0 3.0
4215.0 3.0
4218.0 3.0
4221.0 3.0
4224.0 3.0
4227.0 3.0
4230.0 3.0
4233.0 3.0
4236.0 3.0
4239.0 3.0
4242.0 3.0
4245.0 3.0
4248.0 3.0
4251.0 3.0
4254.0 3.0
4257.0 3.0
4260.0 3.0
4263.0 3.0
4266.0 3.0
4269.0 3.0
4272.0 3.0
4275.0 3.0
4278.0 3.0
4281.0 3.0
4284.0 3.0
4287.0 3.0
4290.0 3.0
4293.0 3.0
4296.0 3.0
4299.0 3.0
4302.0 3.0
4305.0 3.0
4308.0 3.0
4311.0 3.0
4314.0 3.0
4317.0 3.0
4320.0 3.0
4323.0 3.0
4326.0 3.0
4329.0 3.0
4332.0 3.0
4335.0 3.0
4338.0 3.0
4341.0 3.0
4344.0 3.0
4347.0 3.0
4350.0 3.0
4353.0 3.0
4356.0 3.0
4359.0 3.0
4362.0 3.0
4365.0 3.0
4368.0 3.0
4371.0 3.0
4374.0 3.0
4377.0 3.0
4380.0 3.0
4383.0 3.0
4386.0 3.0
4389.0 3.0
4392.0 3.0
4395.0 3.0
4398.0 3.0
4401.0 3.0
4404.0 3.0
4407.0 3.0
4410.0 3.0
4413.0 3.0
4416.0 3.0
4419.0 3.0
4422.0 3.0
4425.0 3.0
4428.0 3.0
4431.0 3.0
4434.0 3.0
4437.0 3.0
4440.0 3.0
4443.0 3.0
4446.0 3.0
4449.0 3.0
4452.0 3.0
4455.0 3.0
4458.0 3.0
4461.0 3.0
4464.0 3.0
4467.0 3.0
4470.0 3.0
4473.0 3.0
4476.0 3.0
4479.0 3.0
4482.0 3.0
4485.0 3.0
4488.0 3.0
4491.0 3.0
4494.0 3.0
4497.0 3.0
4500.0 3.0
4503.0 3.0
4506.0 3.0
4509.0 3.0
4512.0 3.0
4515.0 3.0
4518.0 3.0
4521.0 3.0
4524.0 3.0
4527.0 3.0
4530.0 3.0
4533.0 3.0
4536.0 3.0
4539.0 3.0
4542.0 3.0
4545.0 3.0
4548.0 3.0
4551.0 3.0
4554.0 3.0
4557.0 3.0
4560.0 3.0
4563.0 3.0
4566.0 3.0
4569.0 3.0
4572.0 3.0
4575.0 3.0
4578.0 3.0
4581.0 3.0
4584.0 3.0
4587.0 3.0
4590.0 3.0
4593.0 3.0
4596.0 3.0
4599.0 3.0
4602.0 3.0
4605.0 3.0
4608.0 3.0
4611.0 3.0
4614.0 3.0
4617.0 3.0
4620.0 3.0
4623.0 3.0
4626.0 3.0
4629.0 3.0
4632.0 3.0
4635.0 3.0
4638.0 3.0
4641.0 3.0
4644.0 3.0
4647.0 3.0
4650.0 3.0
4653.0 3.0
4656.0 3.0
4659.0 3.0
4662.0 3.0
4665.0 3.0
4668.0 3.0
4671.0 3.0
4674.0 3.0
4677.0 3.0
4680.0 3.0
4683.0 3.0
4686.0 3.0
4689.0 3.0
4692.0 3.0
4695.0 3.0
4698.0 3.0
4701.0 3.0
4704.0 3.0
4707.0 3.0
4710.0 3.0
4713.0 3.0
4716.0 3.0
4719.0 3.0
4722.0 3.0
4725.0 3.0
4728.0 3.0
4731.0 3.0
4734.0 3.0
4737.0 3.0
4740.0 3.0
4743.0 3.0
4746.0 3.0
4749.0 3.0
4752.0 3.0
4755.0 3.0
4758.0 3.0
4761.0 3.0
4764.0 3.0
4767.0 3.0
4770.0 3.0
4773.0 3.0
4776.0 3.0
4779.0 3.0
4782.0 3.0
4785.0 3.0
4788.0 3.0
4791.0 3.0
4794.0 3.0
4797.0 3.0
4800.0 3.0
4803.0 3.0
4806.0 3.0
4809.0 3.0
4812.0 3.0
4815.0 3.0
4818.0 3.0
4821.0 3.0
4824.0 3.0
4827.0 3.0
4830.0 3.0
4833.0 3.0
4836.0 3.0
4839.0 3.0
4842.0 3.0
4845.0 3.0
4848.0 3.0
4851.0 3.0
4854.0 3.0
4857.0 3.0
4860.0 3.0
4863.0 3.0
4866.0 3.0
4869.0 3.0
4872.0 3.0
4875.0 3.0
4878.0 3.0
4881.0 3.0
4884.0 3.0
4887.0 3.0
4890.0 3.0
4893.0 3.0
4896.0 3.0
4899.0 3.0
4902.0 3.0
4905.0 3.0
4908.0 3.0
4911.0 3.0
4914.0 3.0
4917.0 3.0
4920.0 3.0
4923.0 3.0
4926.0 3.0
4929.0 3.0
4932.0 3.0
4935.0 3.0
4938.0 3.0
4941.0 3.0
4944.0 3.0
4947.0 3.0
4950.0 3.0
4953.0 3.0
4956.0 3.0
4959.0 3.0
4962.0 3.0
4965.0 3.0
4968.0 3.0
4971.0 3.0
4974.0 3.0
4977.0 3.0
4980.0 3.0
4983.0 3.0
4986.0 3.0
4989.0 3.0
4992.0 3.0
4995.0 3.0
4998.0 3.0
5001.0 3.0
5004.0 3.0
5007.0 3.0
5010.0 3.0
5013.0 3.0
5016.0 3.0
5019.0 3.0
5022.0 3.0
5025.0 3.0
5028.0 3.0
5031.0 3.0
5034.0 3.0
5037.0 3.0
5040.0 3.0
5043.0 3.0
5046.0 3.0
5049.0 3.0
5052.0 3.0
5055.0 3.0
5058.0 3.0
5061.0 3.0
5064.0 3.0
5067.0 3.0
5070.0 3.0
5073.0 3.0
5076.0 3.0
5079.0 3.0
5082.0 3.0
5085.0 3.0
5088.0 3.0
5091.0 3.0
5094.0 3.0
5097.0 3.0
5100.0 3.0
5103.0 3.0
5106.0 3.0
5109.0 3.0
5112.0 3.0
5115.0 3.0
5118.0 3.0
5121.0 3.0
5124.0 3.0
5127.0 3.0
5130.0 3.0
5133.0 3.0
5136.0 3.0
5139.0 3.0
5142.0 3.0
5145.0 3.0
5148.0 3.0
5151.0 3.0
5154.0 3.0
5157.0 3.0
5160.0 3.0
5163.0 3.0
5166.0 3.0
5169.0 3.0
5172.0 3.0
5175.0 3.0
5178.0 3.0
5181.0 3.0
5184.0 3.0
5187.0 3.0
5190.0 3.0
5193.0 3.0
5196.0 3.0
5199.0 3.0
5202.0 3.0
5205.0 3.0
5208.0 3.0
5211.0 3.0
5214.0 3.0
5217.0 3.0
5220.0 3.0
5223.0 3.0
5226.0 3.0
5229.0 3.0
5232.0 3.0
5235.0 3.0
5238.0 3.0
5241.0 3.0
5244.0 3.0
5247.0 3.0
5250.0 3.0
5253.0 3.0
5256.0 3.0
5259.0 3.0
5262.0 3.0
5265.0 3.0
5268.0 3.0
5271.0 3.0
5274.0 3.0
5277.0 3.0
5280.0 3.0
5283.0 3.0
5286.0 3.0
5289.0 3.0
5292.0 3.0
5295.0 3.0
5298.0 3.0
5301.0 3.0
5304.0 3.0
5307.0 3.0
5310.0 3.0
5313.0 3.0
5316.0 3.0
5319.0 3.0
5322.0 3.0
5325.0 3.0
5328.0 3.0
5331.0 3.0
5334.0 3.0
5337.0 3.0
5340.0 3.0
5343.0 3.0
5346.0 3.0
5349.0 3.0
5352.0 3.0
5355.0 3.0
5358.0 3.0
5361.0 3.0
5364.0 3.0
5367.0 3.0
5370.0 3.0
5373.0 3.0
5376.0 3.0
5379.0 3.0
5382.0 3.0
5385.0 3.0
5388.0 3.0
5391.0 3.0
5394.0 3.0
5397.0 3.0
5400.0 3.0
5403.0 3.0
5406.0 3.0
5409.0 3.0
5412.0 3.0
5415.0 3.0
5418.0 3.0
5421.0 3.0
5424.0 3.0
5427.0 3.0
5430.0 3.0
5433.0 3.0
5436.0 3.0
5439.0 3.0
5442.0 3.0
5445.0 3.0
5448.0 3.0
5451.0 3.0
5454.0 3.0
5457.0 3.0
5460.0 3.0
5463.0 3.0
5466.0 3.0
5469.0 3.0
5472.0 3.0
5475.0 3.0
5478.0 3.0
5481.0 3.0
5484.0 3.0
5487.0 3.0
5490.0 3.0
5493.0 3.0
5496.0 3.0
5499.0 3.0
5502.0 3.0
5505.0 3.0
5508.0 3.0
5511.0 3.0
5514.0 3.0
5517.0 3.0
5520.0 3.0
5523.0 3.0
5526.0 3.0
5529.0 3.0
5532.0 3.0
5535.0 3.0
5538.0 3.0
5541.0 3.0
5544.0 3.0
5547.0 3.0
5550.0 3.0
5553.0 3.0
5556.0 3.0
5559.0 3.0
5562.0 3.0
5565.0 3.0
5568.0 3.0
5571.0 3.0
5574.0 3.0
5577.0 3.0
5580.0 3.0
5583.0 3.0
5586.0 3.0
5589.0 3.0
5592.0 3.0
5595.0 3.0
5598.0 3.0
5601.0 3.0
5604.0 3.0
5607.0 3.0
5610.0 3.0
5613.0 3.0
5616.0 3.0
5619.0 3.0
5622.0 3.0
5625.0 3.0
5628.0 3.0
5631.0 3.0
5634.0 3.0
5637.0 3.0
5640.0 3.0
5643.0 3.0
5646.0 3.0
5649.0 3.0
5652.0 3.0
5655.0 3.0
5658.0 3.0
5661.0 3.0
5664.0 3.0
5667.0 3.0
5670.0 3.0
5673.0 3.0
5676.0 3.0
5679.0 3.0
5682.0 3.0
5685.0 3.0
5688.0 3.0
5691.0 3.0
5694.0 3.0
5697.0 3.0
5700.0 3.0
5703.0 3.0
5706.0 3.0
5709.0 3.0
5712.0 3.0
5715.0 3.0
5718.0 3.0
5721.0 3.0
5724.0 3.0
5727.0 3.0
5730.0 3.0
5733.0 3.0
5736.0 3.0
5739.0 3.0
5742.0 3.0
5745.0 3.0
5748.0 3.0
5751.0 3.0
5754.0 3.0
5757.0 3.0
5760.0 3.0
5763.0 3.0
5766.0 3.0
5769.0 3.0
5772.0 3.0
5775.0 3.0
5778.0 3.0
5781.0 3.0
5784.0 3.0
5787.0 3.0
5790.0 3.0
5793.0 3.0
5796.0 3.0
5799.0 3.0
5802.0 3.0
5805.0 3.0
5808.0 3.0
5811.0 3.0
5814.0 3.0
5817.0 3.0
5820.0 3.0
5823.0 3.0
5826.0 3.0
5829.0 3.0
5832.0 3.0
5835.0 3.0
5838.0 3.0
5841.0 3.0
5844.0 3.0
5847.0 3.0
5850.0 3.0
5853.0 3.0
5856.0 3.0
5859.0 3.0
5862.0 3.0
5865.0 3.0
5868.0 3.0
5871.0 3.0
5874.0 3.0
5877.0 3.0
5880.0 3.0
5883.0 3.0
5886.0 3.0
5889.0 3.0
5892.0 3.0
5895.0 3.0
5898.0 3.0
5901.0 3.0
5904.0 3.0
5907.0 3.0
5910.0 3.0
5913.0 3.0
5916.0 3.0
5919.0 3.0
5922.0 3.0
5925.0 3.0
5928.0 3.0
5931.0 3.0
5934.0 3.0
5937.0 3.0
5940.0 3.0
5943.0 3.0
5946.0 3.0
5949.0 3.0
5952.0 3.0
5955.0 3.0
5958.0 3.0
5961.0 3.0
5964.0 3.0
5967.0 3.0
5970.0 3.0
5973.0 3.0
5976.0 3.0
5979.0 3.0
5982.0 3.0
5985.0 3.0
5988.0 3.0
5991.0 3.0
5994.0 3.0
5997.0 3.0
6000.0 3.0
6003.0 3.0
6006.0 3.0
6009.0 3.0
6012.0 3.0
6015.0 3.0
6018.0 3.0
6021.0 3.0
6024.0 3.0
6027.0 3.0
6030.0 3.0
6033.0 3.0
6036.0 3.0
6039.0 3.0
6042.0 3.0
6045.0 3.0
6048.0 3.0
6051.0 3.0
6054.0 3.0
6057.0 3.0
6060.0 3.0
6063.0 3.0
6066.0 3.0
6069.0 3.0
6072.0 3.0
6075.0 3.0
6078.0 3.0
6081.0 3.0
6084.0 3.0
6087.0 3.0
6090.0 3.0
6093.0 3.0
6096.0 3.0
6099.0 3.0
6102.0 3.0
6105.0 3.0
6108.0 3.0
6111.0 3.0
6114.0 3.0
6117.0 3.0
6120.0 3.0
6123.0 3.0
6126.0 3.0
6129.0 3.0
6132.0 3.0
6135.0 3.0
6138.0 3.0
6141.0 3.0
6144.0 3.0
6147.0 3.0
6150.0 3.0
6153.0 3.0
6156.0 3.0
6159.0 3.0
6162.0 3.0
6165.0 3.0
6168.0 3.0
6171.0 3.0
6174.0 3.0
6177.0 3.0
6180.0 3.0
6183.0 3.0
6186.0 3.0
6189.0 3.0
6192.0 3.0
6195.0 3.0
6198.0 3.0
6201.0 3.0
6204.0 3.0
6207.0 3.0
6210.0 3.0
6213.0 3.0
6216.0 3.0
6219.0 3.0
6222.0 3.0
6225.0 3.0
6228.0 3.0
6231.0 3.0
6234.0 3.0
6237.0 3.0
6240.0 3.0
6243.0 3.0
6246.0 3.0
6249.0 3.0
6252.0 3.0
6255.0 3.0
6258.0 3.0
6261.0 3.0
6264.0 3.0
6267.0 3.0
6270.0 3.0
6273.0 3.0
6276.0 3.0
6279.0 3.0
6282.0 3.0
6285.0 3.0
6288.0 3.0
6291.0 3.0
6294.0 3.0
6297.0 3.0
6300.0 3.0
6303.0 3.0
6306.0 3.0
6309.0 3.0
6312.0 3.0
6315.0 3.0
6318.0 3.0
6321.0 3.0
6324.0 3.0
6327.0 3.0
6330.0 3.0
6333.0 3.0
6336.0 3.0
6339.0 3.0
6342.0 3.0
6345.0 3.0
6348.0 3.0
6351.0 3.0
6354.0 3.0
6357.0 3.0
6360.0 3.0
6363.0 3.0
6366.0 3.0
6369.0 3.0
6372.0 3.0
6375.0 3.0
6378.0 3.0
6381.0 3.0
6384.0 3.0
6387.0 3.0
6390.0 3.0
6393.0 3.0
6396.0 3.0
6399.0 3.0
6402.0 3.0
6405.0 3.0
6408.0 3.0
6411.0 3.0
6414.0 3.0
6417.0 3.0
6420.0 3.0
6423.0 3.0
6426.0 3.0
6429.0 3.0
6432.0 3.0
6435.0 3.0
6438.0 3.0
6441.0 3.0
6444.0 3.0
6447.0 3.0
6450.0 3.0
6453.0 3.0
6456.0 3.0
6459.0 3.0
6462.0 3.0
6465.0 3.0
6468.0 3.0
6471.0 3.0
6474.0 3.0
6477.0 3.0
6480.0 3.0
6483.0 3.0
6486.0 3.0
6489.0 3.0
6492.0 3.0
6495.0 3.0
6498.0 3.0
6501.0 3.0
6504.0 3.0
6507.0 3.0
6510.0 3.0
6513.0 3.0
6516.0 3.0
6519.0 3.0
6522.0 3.0
6525.0 3.0
6528.0 3.0
6531.0 3.0
6534.0 3.0
6537.0 3.0
6540.0 3.0
6543.0 3.0
6546.0 3.0
6549.0 3.0
6552.0 3.0
6555.0 3.0
6558.0 3.0
6561.0 3.0
6564.0 3.0
6567.0 3.0
6570.0 3.0
6573.0 3.0
6576.0 3.0
6579.0 3.0
6582.0 3.0
6585.0 3.0
6588.0 3.0
6591.0 3.0
6594.0 3.0
6597.0 3.0
6600.0 3.0
6603.0 3.0
6606.0 3.0
6609.0 3.0
6612.0 3.0
6615.0 3.0
6618.0 3.0
6621.0 3.0
6624.0 3.0
6627.0 3.0
6630.0 3.0
6633.0 3.0
6636.0 3.0
6639.0 3.0
6642.0 3.0
6645.0 3.0
6648.0 3.0
6651.0 3.0
6654.0 3.0
6657.0 3.0
6660.0 3.0
6663.0 3.0
6666.0 3.0
6669.0 3.0
6672.0 3.0
6675.0 3.0
6678.0 3.0
6681.0 3.0
6684.0 3.0
6687.0 3.0
6690.0 3.0
6693.0 3.0
6696.0 3.0
6699.0 3.0
6702.0 3.0
6705.0 3.0
6708.0 3.0
6711.0 3.0
6714.0 3.0
6717.0 3.0
6720.0 3.0
6723.0 3.0
6726.0 3.0
6729.0 3.0
6732.0 3.0
6735.0 3.0
6738.0 3.0
6741.0 3.0
6744.0 3.0
6747.0 3.0
6750.0 3.0
6753.0 3.0
6756.0 3.0
6759.0 3.0
6762.0 3.0
6765.0 3.0
6768.0 3.0
6771.0 3.0
6774.0 3.0
6777.0 3.0
6780.0 3.0
6783.0 3.0
6786.0 3.0
6789.0 3.0
6792.0 3.0
6795.0 3.0
6798.0 3.0
6801.0 3.0
6804.0 3.0
6807.0 3.0
6810.0 3.0
6813.0 3.0
6816.0 3.0
6819.0 3.0
6822.0 3.0
6825.0 3.0
6828.0 3.0
6831.0 3.0
6834.0 3.0
6837.0 3.0
6840.0 3.0
6843.0 3.0
6846.0 3.0
6849.0 3.0
6852.0 3.0
6855.0 3.0
6858.0 3.0
6861.0 3.0
6864.0 3.0
6867.0 3.0
6870.0 3.0
6873.0 3.0
6876.0 3.0
6879.0 3.0
6882.0 3.0
6885.0 3.0
6888.0 3.0
6891.0 3.0
6894.0 3.0
6897.0 3.0
6900.0 3.0
6903.0 3.0
6906.0 3.0
6909.0 3.0
6912.0 3.0
6915.0 3.0
6918.0 3.0
6921.0 3.0
6924.0 3.0
6927.0 3.0
6930.0 3.0
6933.0 3.0
6936.0 3.0
6939.0 3.0
6942.0 3.0
6945.0 3.0
6948.0 3.0
6951.0 3.0
6954.0 3.0
6957.0 3.0
6960.0 3.0
6963.0 3.0
6966.0 3.0
6969.0 3.0
6972.0 3.0
6975.0 3.0
6978.0 3.0
6981.0 3.0
6984.0 3.0
6987.0 3.0
6990.0 3.0
6993.0 3.0
6996.0 3.0
6999.0 3.0
7002.0 3.0
7005.0 3.0
7008.0 3.0
7011.0 3.0
7014.0 3.0
7017.0 3.0
7020.0 3.0
7023.0 3.0
7026.0 3.0
7029.0 3.0
7032.0 3.0
7035.0 3.0
7038.0 3.0
7041.0 3.0
7044.0 3.0
7047.0 3.0
7050.0 3.0
7053.0 3.0
7056.0 3.0
7059.0 3.0
7062.0 3.0
7065.0 3.0
7068.0 3.0
7071.0 3.0
7074.0 3.0
7077.0 3.0
7080.0 3.0
7083.0 3.0
7086.0 3.0
7089.0 3.0
7092.0 3.0
7095.0 3.0
7098.0 3.0
7101.0 3.0
7104.0 3.0
7107.0 3.0
7110.0 3.0
7113.0 3.0
7116.0 3.0
7119.0 3.0
7122.0 3.0
7125.0 3.0
7128.0 3.0
7131.0 3.0
7134.0 3.0
7137.0 3.0
7140.0 3.0
7143.0 3.0
7146.0 3.0
7149.0 3.0
7152.0 3.0
7155.0 3.0
7158.0 3.0
7161.0 3.0
7164.0 3.0
7167.0 3.0
7170.0 3.0
7173.0 3.0
7176.0 3.0
7179.0 3.0
7182.0 3.0
7185.0 3.0
7188.0 3.0
7191.0 3.0
7194.0 3.0
7197.0 3.0
7200.0 3.0
7203.0 3.0
7206.0 3.0
7209.0 3.0
7212.0 3.0
7215.0 3.0
7218.0 3.0
7221.0 3.0
7224.0 3.0
7227.0 3.0
7230.0 3.0
7233.0 3.0
7236.0 3.0
7239.0 3.0
7242.0 3.0
7245.0 3.0
7248.0 3.0
7251.0 3.0
7254.0 3.0
7257.0 3.0
7260.0 3.0
7263.0 3.0
7266.0 3.0
7269.0 3.0
7272.0 3.0
7275.0 3.0
7278.0 3.0
7281.0 3.0
7284.0 3.0
7287.0 3.0
7290.0 3.0
7293.0 3.0
7296.0 3.0
7299.0 3.0
7302.0 3.0
7305.0 3.0
7308.0 3.0
7311.0 3.0
7314.0 3.0
7317.0 3.0
7320.0 3.0
7323.0 3.0
7326.0 3.0
7329.0 3.0
7332.0 3.0
7335.0 3.0
7338.0 3.0
7341.0 3.0
7344.0 3.0
7347.0 3.0
7350.0 3.0
7353.0 3.0
7356.0 3.0
7359.0 3.0
7362.0 3.0
7365.0 3.0
7368.0 3.0
7371.0 3.0
7374.0 3.0
7377.0 3.0
7380.0 3.0
7383.0 3.0
7386.0 3.0
7389.0 3.0
7392.0 3.0
7395.0 3.0
7398.0 3.0
7401.0 3.0
7404.0 3.0
7407.0 3.0
7410.0 3.0
7413.0 3.0
7416.0 3.0
7419.0 3.0
7422.0 3.0
7425.0 3.0
7428.0 3.0
7431.0 3.0
7434.0 3.0
7437.0 3.0
7440.0 3.0
7443.0 3.0
7446.0 3.0
7449.0 3.0
7452.0 3.0
7455.0 3.0
7458.0 3.0
7461.0 3.0
7464.0 3.0
7467.0 3.0
7470.0 3.0
7473.0 3.0
7476.0 3.0
7479.0 3.0
7482.0 3.0
7485.0 3.0
7488.0 3.0
7491.0 3.0
7494.0 3.0
7497.0 3.0
7500.0 3.0
7503.0 3.0
7506.0 3.0
7509.0 3.0
7512.0 3.0
7515.0 3.0
7518.0 3.0
7521.0 3.0
7524.0 3.0
7527.0 3.0
7530.0 3.0
7533.0 3.0
7536.0 3.0
7539.0 3.0
7542.0 3.0
7545.0 3.0
7548.0 3.0
7551.0 3.0
7554.0 3.0
7557.0 3.0
7560.0 3.0
7563.0 3.0
7566.0 3.0
7569.0 3.0
7572.0 3.0
7575.0 3.0
7578.0 3.0
7581.0 3.0
7584.0 3.0
7587.0 3.0
7590.0 3.0
7593.0 3.0
7596.0 3.0
7599.0 3.0
7602.0 3.0
7605.0 3.0
7608.0 3.0
7611.0 3.0
7614.0 3.0
7617.0 3.0
7620.0 3.0
7623.0 3.0
7626.0 3.0
7629.0 3.0
7632.0 3.0
7635.0 3.0
7638.0 3.0
7641.0 3.0
7644.0 3.0
7647.0 3.0
7650.0 3.0
7653.0 3.0
7656.0 3.0
7659.0 3.0
7662.0 3.0
7665.0 3.0
7668.0 3.0
7671.0 3.0
7674.0 3.0
7677.0 3.0
7680.0 3.0
7683.0 3.0
7686.0 3.0
7689.0 3.0
7692.0 3.0
7695.0 3.0
7698.0 3.0
7701.0 3.0
7704.0 3.0
7707.0 3.0
7710.0 3.0
7713.0 3.0
7716.0 3.0
7719.0 3.0
7722.0 3.0
7725.0 3.0
7728.0 3.0
7731.0 3.0
7734.0 3.0
7737.0 3.0
7740.0 3.0
7743.0 3.0
7746.0 3.0
7749.0 3.0
7752.0 3.0
7755.0 3.0
7758.0 3.0
7761.0 3.0
7764.0 3.0
7767.0 3.0
7770.0 3.0
7773.0 3.0
7776.0 3.0
7779.0 3.0
7782.0 3.0
7785.0 3.0
7788.0 3.0
7791.0 3.0
7794.0 3.0
7797.0 3.0
7800.0 3.0
7803.0 3.0
7806.0 3.0
7809.0 3.0
7812.0 3.0
7815.0 3.0
7818.0 3.0
7821.0 3.0
7824.0 3.0
7827.0 3.0
7830.0 3.0
7833.0 3.0
7836.0 3.0
7839.0 3.0
7842.0 3.0
7845.0 3.0
7848.0 3.0
7851.0 3.0
7854.0 3.0
7857.0 3.0
7860.0 3.0
7863.0 3.0
7866.0 3.0
7869.0 3.0
7872.0 3.0
7875.0 3.0
7878.0 3.0
7881.0 3.0
7884.0 3.0
7887.0 3.0
7890.0 3.0
7893.0 3.0
7896.0 3.0
7899.0 3.0
7902.0 3.0
7905.0 3.0
7908.0 3.0
7911.0 3.0
7914.0 3.0
7917.0 3.0
7920.0 3.0
7923.0 3.0
7926.0 3.0
7929.0 3.0
7932.0 3.0
7935.0 3.0
7938.0 3.0
7941.0 3.0
7944.0 3.0
7947.0 3.0
7950.0 3.0
7953.0 3.0
7956.0 3.0
7959.0 3.0
7962.0 3.0
7965.0 3.0
7968.0 3.0
7971.0 3.0
7974.0 3.0
7977.0 3.0
7980.0 3.0
7983.0 3.0
7986.0 3.0
7989.0 3.0
7992.0 3.0
7995.0 3.0
7998.0 3.0
8001.0 3.0
8004.0 3.0
8007.0 3.0
8010.0 3.0
8013.0 3.0
8016.0 3.0
8019.0 3.0
8022.0 3.0
8025.0 3.0
8028.0 3.0
8031.0 3.0
8034.0 3.0
8037.0 3.0
8040.0 3.0
8043.0 3.0
8046.0 3.0
8049.0 3.0
8052.0 3.0
8055.0 3.0
8058.0 3.0
8061.0 3.0
8064.0 3.0
8067.0 3.0
8070.0 3.0
8073.0 3.0
8076.0 3.0
8079.0 3.0
8082.0 3.0
8085.0 3.0
8088.0 3.0
8091.0 3.0
8094.0 3.0
8097.0 3.0
8100.0 3.0
8103.0 3.0
8106.0 3.0
8109.0 3.0
8112.0 3.0
8115.0 3.0
8118.0 3.0
8121.0 3.0
8124.0 3.0
8127.0 3.0
8130.0 3.0
8133.0 3.0
8136.0 3.0
8139.0 3.0
8142.0 3.0
8145.0 3.0
8148.0 3.0
8151.0 3.0
8154.0 3.0
8157.0 3.0
8160.0 3.0
8163.0 3.0
8166.0 3.0
8169.0 3.0
8172.0 3.0
8175.0 3.0
8178.0 3.0
8181.0 3.0
8184.0 3.0
8187.0 3.0
8190.0 3.0
8193.0 3.0
8196.0 3.0
8199.0 3.0
8202.0 3.0
8205.0 3.0
8208.0 3.0
8211.0 3.0
8214.0 3.0
8217.0 3.0
8220.0 3.0
8223.0 3.0
8226.0 3.0
8229.0 3.0
8232.0 3.0
8235.0 3.0
8238.0 3.0
8241.0 3.0
8244.0 3.0
8247.0 3.0
8250.0 3.0
8253.0 3.0
8256.0 3.0
8259.0 3.0
8262.0 3.0
8265.0 3.0
8268.0 3.0
8271.0 3.0
8274.0 3.0
8277.0 3.0
8280.0 3.0
8283.0 3.0
8286.0 3.0
8289.0 3.0
8292.0 3.0
8295.0 3.0
8298.0 3.0
8301.0 3.0
8304.0 3.0
8307.0 3.0
8310.0 3.0
8313.0 3.0
8316.0 3.0
8319.0 3.0
8322.0 3.0
8325.0 3.0
8328.0 3.0
8331.0 3.0
8334.0 3.0
8337.0 3.0
8340.0 3.0
8343.0 3.0
8346.0 3.0
8349.0 3.0
8352.0 3.0
8355.0 3.0
8358.0 3.0
8361.0 3.0
8364.0 3.0
8367.0 3.0
8370.0 3.0
8373.0 3.0
8376.0 3.0
8379.0 3.0
8382.0 3.0
8385.0 3.0
8388.0 3.0
8391.0 3.0
8394.0 3.0
8397.0 3.0
8400.0 3.0
8403.0 3.0
8406.0 3.0
8409.0 3.0
8412.0 3.0
8415.0 3.0
8418.0 3.0
8421.0 3.0
8424.0 3.0
8427.0 3.0
8430.0 3.0
8433.0 3.0
8436.0 3.0
8439.0 3.0
8442.0 3.0
8445.0 3.0
8448.0 3.0
8451.0 3.0
8454.0 3.0
8457.0 3.0
8460.0 3.0
8463.0 3.0
8466.0 3.0
8469.0 3.0
8472.0 3.0
8475.0 3.0
8478.0 3.0
8481.0 3.0
8484.0 3.0
8487.0 3.0
8490.0 3.0
8493.0 3.0
8496.0 3.0
8499.0 3.0
8502.0 3.0
8505.0 3.0
8508.0 3.0
8511.0 3.0
8514.0 3.0
8517.0 3.0
8520.0 3.0
8523.0 3.0
8526.0 3.0
8529.0 3.0
8532.0 3.0
8535.0 3.0
8538.0 3.0
8541.0 3.0
8544.0 3.0
8547.0 3.0
8550.0 3.0
8553.0 3.0
8556.0 3.0
8559.0 3.0
8562.0 3.0
8565.0 3.0
8568.0 3.0
8571.0 3.0
8574.0 3.0
8577.0 3.0
8580.0 3.0
8583.0 3.0
8586.0 3.0
8589.0 3.0
8592.0 3.0
8595.0 3.0
8598.0 3.0
8601.0 3.0
8604.0 3.0
8607.0 3.0
8610.0 3.0
8613.0 3.0
8616.0 3.0
8619.0 3.0
8622.0 3.0
8625.0 3.0
8628.0 3.0
8631.0 3.0
8634.0 3.0
8637.0 3.0
8640.0 3.0
8643.0 3.0
8646.0 3.0
8649.0 3.0
8652.0 3.0
8655.0 3.0
8658.0 3.0
8661.0 3.0
8664.0 3.0
8667.0 3.0
8670.0 3.0
8673.0 3.0
8676.0 3.0
8679.0 3.0
8682.0 3.0
8685.0 3.0
8688.0 3.0
8691.0 3.0
8694.0 3.0
8697.0 3.0
8700.0 3.0
8703.0 3.0
8706.0 3.0
8709.0 3.0
8712.0 3.0
8715.0 3.0
8718.0 3.0
8721.0 3.0
8724.0 3.0
8727.0 3.0
8730.0 3.0
8733.0 3.0
8736.0 3.0
8739.0 3.0
8742.0 3.0
8745.0 3.0
8748.0 3.0
8751.0 3.0
8754.0 3.0
8757.0 3.0
8760.0 3.0
8763.0 3.0
8766.0 3.0
8769.0 3.0
8772.0 3.0
8775.0 3.0
8778.0 3.0
8781.0 3.0
8784.0 3.0
8787.0 3.0
8790.0 3.0
8793.0 3.0
8796.0 3.0
8799.0 3.0
8802.0 3.0
8805.0 3.0
8808.0 3.0
8811.0 3.0
8814.0 3.0
8817.0 3.0
8820.0 3.0
8823.0 3.0
8826.0 3.0
8829.0 3.0
8832.0 3.0
8835.0 3.0
8838.0 3.0
8841.0 3.0
8844.0 3.0
8847.0 3.0
8850.0 3.0
8853.0 3.0
8856.0 3.0
8859.0 3.0
8862.0 3.0
8865.0 3.0
8868.0 3.0
8871.0 3.0
8874.0 3.0
8877.0 3.0
8880.0 3.0
8883.0 3.0
8886.0 3.0
8889.0 3.0
8892.0 3.0
8895.0 3.0
8898.0 3.0
8901.0 3.0
8904.0 3.0
8907.0 3.0
8910.0 3.0
8913.0 3.0
8916.0 3.0
8919.0 3.0
8922.0 3.0
8925.0 3.0
8928.0 3.0
8931.0 3.0
8934.0 3.0
8937.0 3.0
8940.0 3.0
8943.0 3.0
8946.0 3.0
8949.0 3.0
8952.0 3.0
8955.0 3.0
8958.0 3.0
8961.0 3.0
8964.0 3.0
8967.0 3.0
8970.0 3.0
8973.0 3.0
8976.0 3.0
8979.0 3.0
8982.0 3.0
8985.0 3.0
8988.0 3.0
8991.0 3.0
8994.0 3.0
8997.0 3.0
9000.0 3.0
9003.0 3.0
9006.0 3.0
9009.0 3.0
9012.0 3.0
9015.0 3.0
9018.0 3.0
9021.0 3.0
9024.0 3.0
9027.0 3.0
9030.0 3.0
9033.0 3.0
9036.0 3.0
9039.0 3.0
9042.0 3.0
9045.0 3.0
9048.0 3.0
9051.0 3.0
9054.0 3.0
9057.0 3.0
9060.0 3.0
9063.0 3.0
9066.0 3.0
9069.0 3.0
9072.0 3.0
9075.0 3.0
9078.0 3.0
9081.0 3.0
9084.0 3.0
9087.0 3.0
9090.0 3.0
9093.0 3.0
9096.0 3.0
9099.0 3.0
9102.0 3.0
9105.0 3.0
9108.0 3.0
9111.0 3.0
9114.0 3.0
9117.0 3.0
9120.0 3.0
9123.0 3.0
9126.0 3.0
9129.0 3.0
9132.0 3.0
9135.0 3.0
9138.0 3.0
9141.0 3.0
9144.0 3.0
9147.0 3.0
9150.0 3.0
9153.0 3.0
9156.0 3.0
9159.0 3.0
9162.0 3.0
9165.0 3.0
9168.0 3.0
9171.0 3.0
9174.0 3.0
9177.0 3.0
9180.0 3.0
9183.0 3.0
9186.0 3.0
9189.0 3.0
9192.0 3.0
9195.0 3.0
9198.0 3.0
9201.0 3.0
9204.0 3.0
9207.0 3.0
9210.0 3.0
9213.0 3.0
9216.0 3.0
9219.0 3.0
9222.0 3.0
9225.0 3.0
9228.0 3.0
9231.0 3.0
9234.0 3.0
9237.0 3.0
9240.0 3.0
9243.0 3.0
9246.0 3.0
9249.0 3.0
9252.0 3.0
9255.0 3.0
9258.0 3.0
9261.0 3.0
9264.0 3.0
9267.0 3.0
9270.0 3.0
9273.0 3.0
9276.0 3.0
9279.0 3.0
9282.0 3.0
9285.0 3.0
9288.0 3.0
9291.0 3.0
9294.0 3.0
9297.0 3.0
9300.0 3.0
9303.0 3.0
9306.0 3.0
9309.0 3.0
9312.0 3.0
9315.0 3.0
9318.0 3.0
9321.0 3.0
9324.0 3.0
9327.0 3.0
9330.0 3.0
9333.0 3.0
9336.0 3.0
9339.0 3.0
9342.0 3.0
9345.0 3.0
9348.0 3.0
9351.0 3.0
9354.0 3.0
9357.0 3.0
9360.0 3.0
9363.0 3.0
9366.0 3.0
9369.0 3.0
9372.0 3.0
9375.0 3.0
9378.0 3.0
9381.0 3.0
9384.0 3.0
9387.0 3.0
9390.0 3.0
9393.0 3.0
9396.0 3.0
9399.0 3.0
9402.0 3.0
9405.0 3.0
9408.0 3.0
9411.0 3.0
9414.0 3.0
9417.0 3.0
9420.0 3.0
9423.0 3.0
9426.0 3.0
9429.0 3.0
9432.0 3.0
9435.0 3.0
9438.0 3.0
9441.0 3.0
9444.0 3.0
9447.0 3.0
9450.0 3.0
9453.0 3.0
9456.0 3.0
9459.0 3.0
9462.0 3.0
9465.0 3.0
9468.0 3.0
9471.0 3.0
9474.0 3.0
9477.0 3.0
9480.0 3.0
9483.0 3.0
9486.0 3.0
9489.0 3.0
9492.0 3.0
9495.0 3.0
9498.0 3.0
9501.0 3.0
9504.0 3.0
9507.0 3.0
9510.0 3.0
9513.0 3.0
9516.0 3.0
9519.0 3.0
9522.0 3.0
9525.0 3.0
9528.0 3.0
9531.0 3.0
9534.0 3.0
9537.0 3.0
9540.0 3.0
9543.0 3.0
9546.0 3.0
9549.0 3.0
9552.0 3.0
9555.0 3.0
9558.0 3.0
9561.0 3.0
9564.0 3.0
9567.0 3.0
9570.0 3.0
9573.0 3.0
9576.0 3.0
9579.0 3.0
9582.0 3.0
9585.0 3.0
9588.0 3.0
9591.0 3.0
9594.0 3.0
9597.0 3.0
9600.0 3.0
9603.0 3.0
9606.0 3.0
9609.0 3.0
9612.0 3.0
9615.0 3.0
9618.0 3.0
9621.0 3.0
9624.0 3.0
9627.0 3.0
9630.0 3.0
9633.0 3.0
9636.0 3.0
9639.0 3.0
9642.0 3.0
9645.0 3.0
9648.0 3.0
9651.0 3.0
9654.0 3.0
9657.0 3.0
9660.0 3.0
9663.0 3.0
9666.0 3.0
9669.0 3.0
9672.0 3.0
9675.0 3.0
9678.0 3.0
9681.0 3.0
9684.0 3.0
9687.0 3.0
9690.0 3.0
9693.0 3.0
9696.0 3.0
9699.0 3.0
9702.0 3.0
9705.0 3.0
9708.0 3.0
9711.0 3.0
9714.0 3.0
9717.0 3.0
9720.0 3.0
9723.0 3.0
9726.0 3.0
9729.0 3.0
9732.0 3.0
9735.0 3.0
9738.0 3.0
9741.0 3.0
9744.0 3.0
9747.0 3.0
9750.0 3.0
9753.0 3.0
9756.0 3.0
9759.0 3.0
9762.0 3.0
9765.0 3.0
9768.0 3.0
9771.0 3.0
9774.0 3.0
9777.0 3.0
9780.0 3.0
9783.0 3.0
9786.0 3.0
9789.0 3.0
9792.0 3.0
9795.0 3.0
9798.0 3.0
9801.0 3.0
9804.0 3.0
9807.0 3.0
9810.0 3.0
9813.0 3.0
9816.0 3.0
9819.0 3.0
9822.0 3.0
9825.0 3.0
9828.0 3.0
9831.0 3.0
9834.0 3.0
9837.0 3.0
9840.0 3.0
9843.0 3.0
9846.0 3.0
9849.0 3.0
9852.0 3.0
9855.0 3.0
9858.0 3.0
9861.0 3.0
9864.0 3.0
9867.0 3.0
9870.0 3.0
9873.0 3.0
9876.0 3.0
9879.0 3.0
9882.0 3.0
9885.0 3.0
9888.0 3.0
9891.0 3.0
9894.0 3.0
9897.0 3.0
9900.0 3.0
9903.0 3.0
9906.0 3.0
9909.0 3.0
9912.0 3.0
9915.0 3.0
9918.0 3.0
9921.0 3.0
9924.0 3.0
9927.0 3.0
9930.0 3.0
9933.0 3.0
9936.0 3.0
9939.0 3.0
9942.0 3.0
9945.0 3.0
9948.0 3.0
9951.0 3.0
9954.0 3.0
9957.0 3.0
9960.0 3.0
9963.0 3.0
9966.0 3.0
9969.0 3.0
9972.0 3.0
9975.0 3.0
9978.0 3.0
9981.0 3.0
9984.0 3.0
9987.0 3.0
9990.0 3.0
9993.0 3.0
9996.0 3.0
9999.0 3.0
10002.0 3.0
10005.0 3.0
10008.0 3.0
10011.0 3.0
10014.0 3.0
10017.0 3.0
10020.0 3.0
10023.0 3.0
10026.0 3.0
10029.0 3.0
10032.0 3.0
10035.0 3.0
10038.0 3.0
10041.0 3.0
10044.0 3.0
10047.0 3.0
10050.0 3.0
10053.0 3.0
10056.0 3.0
10059.0 3.0
10062.0 3.0
10065.0 3.0
10068.0 3.0
10071.0 3.0
10074.0 3.0
10077.0 3.0
10080.0 3.0
10083.0 3.0
10086.0 3.0
10089.0 3.0
10092.0 3.0
10095.0 3.0
10098.0 3.0
10101.0 3.0
10104.0 3.0
10107.0 3.0
10110.0 3.0
10113.0 3.0
10116.0 3.0
10119.0 3.0
10122.0 3.0
10125.0 3.0
10128.0 3.0
10131.0 3.0
10134.0 3.0
10137.0 3.0
10140.0 3.0
10143.0 3.0
10146.0 3.0
10149.0 3.0
10152.0 3.0
10155.0 3.0
10158.0 3.0
10161.0 3.0
10164.0 3.0
10167.0 3.0
10170.0 3.0
10173.0 3.0
10176.0 3.0
10179.0 3.0
10182.0 3.0
10185.0 3.0
10188.0 3.0
10191.0 3.0
10194.0 3.0
10197.0 3.0
10200.0 3.0
10203.0 3.0
10206.0 3.0
10209.0 3.0
10212.0 3.0
10215.0 3.0
10218.0 3.0
10221.0 3.0
10224.0 3.0
10227.0 3.0
10230.0 3.0
10233.0 3.0
10236.0 3.0
10239.0 3.0
10242.0 3.0
10245.0 3.0
10248.0 3.0
10251.0 3.0
10254.0 3.0
10257.0 3.0
10260.0 3.0
10263.0 3.0
10266.0 3.0
10269.0 3.0
10272.0 3.0
10275.0 3.0
10278.0 3.0
10281.0 3.0
10284.0 3.0
10287.0 3.0
10290.0 3.0
10293.0 3.0
10296.0 3.0
10299.0 3.0
10302.0 3.0
10305.0 3.0
10308.0 3.0
10311.0 3.0
10314.0 3.0
10317.0 3.0
10320.0 3.0
10323.0 3.0
10326.0 3.0
10329.0 3.0
10332.0 3.0
10335.0 3.0
10338.0 3.0
10341.0 3.0
10344.0 3.0
10347.0 3.0
10350.0 3.0
10353.0 3.0
10356.0 3.0
10359.0 3.0
10362.0 3.0
10365.0 3.0
10368.0 3.0
10371.0 3.0
10374.0 3.0
10377.0 3.0
10380.0 3.0
10383.0 3.0
10386.0 3.0
10389.0 3.0
10392.0 3.0
10395.0 3.0
10398.0 3.0
10401.0 3.0
10404.0 3.0
10407.0 3.0
10410.0 3.0
10413.0 3.0
10416.0 3.0
10419.0 3.0
10422.0 3.0
10425.0 3.0
10428.0 3.0
10431.0 3.0
10434.0 3.0
10437.0 3.0
10440.0 3.0
10443.0 3.0
10446.0 3.0
10449.0 3.0
10452.0 3.0
10455.0 3.0
10458.0 3.0
10461.0 3.0
10464.0 3.0
10467.0 3.0
10470.0 3.0
10473.0 3.0
10476.0 3.0
10479.0 3.0
10482.0 3.0
10485.0 3.0
10488.0 3.0
10491.0 3.0
10494.0 3.0
10497.0 3.0
10500.0 3.0
10503.0 3.0
10506.0 3.0
10509.0 3.0
10512.0 3.0
10515.0 3.0
10518.0 3.0
10521.0 3.0
10524.0 3.0
10527.0 3.0
10530.0 3.0
10533.0 3.0
10536.0 3.0
10539.0 3.0
10542.0 3.0
10545.0 3.0
10548.0 3.0
10551.0 3.0
10554.0 3.0
10557.0 3.0
10560.0 3.0
10563.0 3.0
10566.0 3.0
10569.0 3.0
10572.0 3.0
10575.0 3.0
10578.0 3.0
10581.0 3.0
10584.0 3.0
10587.0 3.0
10590.0 3.0
10593.0 3.0
10596.0 3.0
10599.0 3.0
10602.0 3.0
10605.0 3.0
10608.0 3.0
10611.0 3.0
10614.0 3.0
10617.0 3.0
10620.0 3.0
10623.0 3.0
10626.0 3.0
10629.0 3.0
10632.0 3.0
10635.0 3.0
10638.0 3.0
10641.0 3.0
10644.0 3.0
10647.0 3.0
10650.0 3.0
10653.0 3.0
10656.0 3.0
10659.0 3.0
10662.0 3.0
10665.0 3.0
10668.0 3.0
10671.0 3.0
10674.0 3.0
10677.0 3.0
10680.0 3.0
10683.0 3.0
10686.0 3.0
10689.0 3.0
10692.0 3.0
10695.0 3.0
10698.0 3.0
10701.0 3.0
10704.0 3.0
10707.0 3.0
10710.0 3.0
10713.0 3.0
10716.0 3.0
10719.0 3.0
10722.0 3.0
10725.0 3.0
10728.0 3.0
10731.0 3.0
10734.0 3.0
10737.0 3.0
10740.0 3.0
10743.0 3.0
10746.0 3.0
10749.0 3.0
10752.0 3.0
10755.0 3.0
10758.0 3.0
10761.0 3.0
10764.0 3.0
10767.0 3.0
10770.0 3.0
10773.0 3.0
10776.0 3.0
10779.0 3.0
10782.0 3.0
10785.0 3.0
10788.0 3.0
10791.0 3.0
10794.0 3.0
10797.0 3.0
10800.0 3.0
10803.0 3.0
10806.0 3.0
10809.0 3.0
10812.0 3.0
10815.0 3.0
10818.0 3.0
10821.0 3.0
10824.0 3.0
10827.0 3.0
10830.0 3.0
10833.0 3.0
10836.0 3.0
10839.0 3.0
10842.0 3.0
10845.0 3.0
10848.0 3.0
10851.0 3.0
10854.0 3.0
10857.0 3.0
10860.0 3.0
10863.0 3.0
10866.0 3.0
10869.0 3.0
10872.0 3.0
10875.0 3.0
10878.0 3.0
10881.0 3.0
10884.0 3.0
10887.0 3.0
10890.0 3.0
10893.0 3.0
10896.0 3.0
10899.0 3.0
10902.0 3.0
10905.0 3.0
10908.0 3.0
10911.0 3.0
10914.0 3.0
10917.0 3.0
10920.0 3.0
10923.0 3.0
10926.0 3.0
10929.0 3.0
10932.0 3.0
10935.0 3.0
10938.0 3.0
10941.0 3.0
10944.0 3.0
10947.0 3.0
10950.0 3.0
10953.0 3.0
10956.0 3.0
10959.0 3.0
10962.0 3.0
10965.0 3.0
10968.0 3.0
10971.0 3.0
10974.0 3.0
10977.0 3.0
10980.0 3.0
10983.0 3.0
10986.0 3.0
10989.0 3.0
10992.0 3.0
10995.0 3.0
10998.0 3.0
11001.0 3.0
11004.0 3.0
11007.0 3.0
11010.0 3.0
11013.0 3.0
11016.0 3.0
11019.0 3.0
11022.0 3.0
11025.0 3.0
11028.0 3.0
11031.0 3.0
11034.0 3.0
11037.0 3.0
11040.0 3.0
11043.0 3.0
11046.0 3.0
11049.0 3.0
11052.0 3.0
11055.0 3.0
11058.0 3.0
11061.0 3.0
11064.0 3.0
11067.0 3.0
11070.0 3.0
11073.0 3.0
11076.0 3.0
11079.0 3.0
11082.0 3.0
11085.0 3.0
11088.0 3.0
11091.0 3.0
11094.0 3.0
11097.0 3.0
11100.0 3.0
11103.0 3.0
11106.0 3.0
11109.0 3.0
11112.0 3.0
11115.0 3.0
11118.0 3.0
11121.0 3.0
11124.0 3.0
11127.0 3.0
11130.0 3.0
11133.0 3.0
11136.0 3.0
11139.0 3.0
11142.0 3.0
11145.0 3.0
11148.0 3.0
11151.0 3.0
11154.0 3.0
11157.0 3.0
11160.0 3.0
11163.0 3.0
11166.0 3.0
11169.0 3.0
11172.0 3.0
11175.0 3.0
11178.0 3.0
11181.0 3.0
11184.0 3.0
11187.0 3.0
11190.0 3.0
11193.0 3.0
11196.0 3.0
11199.0 3.0
11202.0 3.0
11205.0 3.0
11208.0 3.0
11211.0 3.0
11214.0 3.0
11217.0 3.0
11220.0 3.0
11223.0 3.0
11226.0 3.0
11229.0 3.0
11232.0 3.0
11235.0 3.0
11238.0 3.0
11241.0 3.0
11244.0 3.0
11247.0 3.0
11250.0 3.0
11253.0 3.0
11256.0 3.0
11259.0 3.0
11262.0 3.0
11265.0 3.0
11268.0 3.0
11271.0 3.0
11274.0 3.0
11277.0 3.0
11280.0 3.0
11283.0 3.0
11286.0 3.0
11289.0 3.0
11292.0 3.0
11295.0 3.0
11298.0 3.0
11301.0 3.0
11304.0 3.0
11307.0 3.0
11310.0 3.0
11313.0 3.0
11316.0 3.0
11319.0 3.0
11322.0 3.0
11325.0 3.0
11328.0 3.0
11331.0 3.0
11334.0 3.0
11337.0 3.0
11340.0 3.0
11343.0 3.0
11346.0 3.0
11349.0 3.0
11352.0 3.0
11355.0 3.0
11358.0 3.0
11361.0 3.0
11364.0 3.0
11367.0 3.0
11370.0 3.0
11373.0 3.0
11376.0 3.0
11379.0 3.0
11382.0 3.0
11385.0 3.0
11388.0 3.0
11391.0 3.0
11394.0 3.0
11397.0 3.0
11400.0 3.0
11403.0 3.0
11406.0 3.0
11409.0 3.0
11412.0 3.0
11415.0 3.0
11418.0 3.0
11421.0 3.0
11424.0 3.0
11427.0 3.0
11430.0 3.0
11433.0 3.0
11436.0 3.0
11439.0 3.0
11442.0 3.0
11445.0 3.0
11448.0 3.0
11451.0 3.0
11454.0 3.0
11457.0 3.0
11460.0 3.0
11463.0 3.0
11466.0 3.0
11469.0 3.0
11472.0 3.0
11475.0 3.0
11478.0 3.0
11481.0 3.0
11484.0 3.0
11487.0 3.0
11490.0 3.0
11493.0 3.0
11496.0 3.0
11499.0 3.0
11502.0 3.0
11505.0 3.0
11508.0 3.0
11511.0 3.0
11514.0 3.0
11517.0 3.0
11520.0 3.0
11523.0 3.0
11526.0 3.0
11529.0 3.0
11532.0 3.0
11535.0 3.0
11538.0 3.0
11541.0 3.0
11544.0 3.0
11547.0 3.0
11550.0 3.0
11553.0 3.0
11556.0 3.0
11559.0 3.0
11562.0 3.0
11565.0 3.0
11568.0 3.0
11571.0 3.0
11574.0 3.0
11577.0 3.0
11580.0 3.0
11583.0 3.0
11586.0 3.0
11589.0 3.0
11592.0 3.0
11595.0 3.0
11598.0 3.0
11601.0 3.0
11604.0 3.0
11607.0 3.0
11610.0 3.0
11613.0 3.0
11616.0 3.0
11619.0 3.0
11622.0 3.0
11625.0 3.0
11628.0 3.0
11631.0 3.0
11634.0 3.0
11637.0 3.0
11640.0 3.0
11643.0 3.0
11646.0 3.0
11649.0 3.0
11652.0 3.0
11655.0 3.0
11658.0 3.0
11661.0 3.0
11664.0 3.0
11667.0 3.0
11670.0 3.0
11673.0 3.0
11676.0 3.0
11679.0 3.0
11682.0 3.0
11685.0 3.0
11688.0 3.0
11691.0 3.0
11694.0 3.0
11697.0 3.0
11700.0 3.0
11703.0 3.0
11706.0 3.0
11709.0 3.0
11712.0 3.0
11715.0 3.0
11718.0 3.0
11721.0 3.0
11724.0 3.0
11727.0 3.0
11730.0 3.0
11733.0 3.0
11736.0 3.0
11739.0 3.0
11742.0 3.0
11745.0 3.0
11748.0 3.0
11751.0 3.0
11754.0 3.0
11757.0 3.0
11760.0 3.0
11763.0 3.0
11766.0 3.0
11769.0 3.0
11772.0 3.0
11775.0 3.0
11778.0 3.0
11781.0 3.0
11784.0 3.0
11787.0 3.0
11790.0 3.0
11793.0 3.0
11796.0 3.0
11799.0 3.0
11802.0 3.0
11805.0 3.0
11808.0 3.0
11811.0 3.0
11814.0 3.0
11817.0 3.0
11820.0 3.0
11823.0 3.0
11826.0 3.0
11829.0 3.0
11832.0 3.0
11835.0 3.0
11838.0 3.0
11841.0 3.0
11844.0 3.0
11847.0 3.0
11850.0 3.0
11853.0 3.0
11856.0 3.0
11859.0 3.0
11862.0 3.0
11865.0 3.0
11868.0 3.0
11871.0 3.0
11874.0 3.0
11877.0 3.0
11880.0 3.0
11883.0 3.0
11886.0 3.0
11889.0 3.0
11892.0 3.0
11895.0 3.0
11898.0 3.0
11901.0 3.0
11904.0 3.0
11907.0 3.0
11910.0 3.0
11913.0 3.0
11916.0 3.0
11919.0 3.0
11922.0 3.0
11925.0 3.0
11928.0 3.0
11931.0 3.0
11934.0 3.0
11937.0 3.0
11940.0 3.0
11943.0 3.0
11946.0 3.0
11949.0 3.0
11952.0 3.0
11955.0 3.0
11958.0 3.0
11961.0 3.0
11964.0 3.0
11967.0 3.0
11970.0 3.0
11973.0 3.0
11976.0 3.0
11979.0 3.0
11982.0 3.0
11985.0 3.0
11988.0 3.0
11991.0 3.0
11994.0 3.0
11997.0 3.0
12000.0 3.0
12003.0 3.0
12006.0 3.0
12009.0 3.0
12012.0 3.0
12015.0 3.0
12018.0 3.0
12021.0 3.0
12024.0 3.0
12027.0 3.0
12030.0 3.0
12033.0 3.0
12036.0 3.0
12039.0 3.0
12042.0 3.0
12045.0 3.0
12048.0 3.0
12051.0 3.0
12054.0 3.0
12057.0 3.0
12060.0 3.0
12063.0 3.0
12066.0 3.0
12069.0 3.0
12072.0 3.0
12075.0 3.0
12078.0 3.0
12081.0 3.0
12084.0 3.0
12087.0 3.0
12090.0 3.0
12093.0 3.0
12096.0 3.0
12099.0 3.0
12102.0 3.0
12105.0 3.0
12108.0 3.0
12111.0 3.0
12114.0 3.0
12117.0 3.0
12120.0 3.0
12123.0 3.0
12126.0 3.0
12129.0 3.0
12132.0 3.0
12135.0 3.0
12138.0 3.0
12141.0 3.0
12144.0 3.0
12147.0 3.0
12150.0 3.0
12153.0 3.0
12156.0 3.0
12159.0 3.0
12162.0 3.0
12165.0 3.0
12168.0 3.0
12171.0 3.0
12174.0 3.0
12177.0 3.0
12180.0 3.0
12183.0 3.0
12186.0 3.0
12189.0 3.0
12192.0 3.0
12195.0 3.0
12198.0 3.0
12201.0 3.0
12204.0 3.0
12207.0 3.0
12210.0 3.0
12213.0 3.0
12216.0 3.0
12219.0 3.0
12222.0 3.0
12225.0 3.0
12228.0 3.0
12231.0 3.0
12234.0 3.0
12237.0 3.0
12240.0 3.0
12243.0 3.0
12246.0 3.0
12249.0 3.0
12252.0 3.0
12255.0 3.0
12258.0 3.0
12261.0 3.0
12264.0 3.0
12267.0 3.0
12270.0 3.0
12273.0 3.0
12276.0 3.0
12279.0 3.0
12282.0 3.0
12285.0 3.0
12288.0 3.0
12291.0 3.0
12294.0 3.0
12297.0 3.0
12300.0 3.0
12303.0 3.0
12306.0 3.0
12309.0 3.0
12312.0 3.0
12315.0 3.0
12318.0 3.0
12321.0 3.0
12324.0 3.0
12327.0 3.0
12330.0 3.0
12333.0 3.0
12336.0 3.0
12339.0 3.0
12342.0 3.0
12345.0 3.0
12348.0 3.0
12351.0 3.0
12354.0 3.0
12357.0 3.0
12360.0 3.0
12363.0 3.0
12366.0 3.0
12369.0 3.0
12372.0 3.0
12375.0 3.0
12378.0 3.0
12381.0 3.0
12384.0 3.0
12387.0 3.0
12390.0 3.0
12393.0 3.0
12396.0 3.0
12399.0 3.0
12402.0 3.0
12405.0 3.0
12408.0 3.0
12411.0 3.0
12414.0 3.0
12417.0 3.0
12420.0 3.0
12423.0 3.0
12426.0 3.0
12429.0 3.0
12432.0 3.0
12435.0 3.0
12438.0 3.0
12441.0 3.0
12444.0 3.0
12447.0 3.0
12450.0 3.0
12453.0 3.0
12456.0 3.0
12459.0 3.0
12462.0 3.0
12465.0 3.0
12468.0 3.0
12471.0 3.0
12474.0 3.0
12477.0 3.0
12480.0 3.0
12483.0 3.0
12486.0 3.0
12489.0 3.0
12492.0 3.0
12495.0 3.0
12498.0 3.0
12501.0 3.0
12504.0 3.0
12507.0 3.0
12510.0 3.0
12513.0 3.0
12516.0 3.0
12519.0 3.0
12522.0 3.0
12525.0 3.0
12528.0 3.0
12531.0 3.0
12534.0 3.0
12537.0 3.0
12540.0 3.0
12543.0 3.0
12546.0 3.0
12549.0 3.0
12552.0 3.0
12555.0 3.0
12558.0 3.0
12561.0 3.0
12564.0 3.0
12567.0 3.0
12570.0 3.0
12573.0 3.0
12576.0 3.0
12579.0 3.0
12582.0 3.0
12585.0 3.0
12588.0 3.0
12591.0 3.0
12594.0 3.0
12597.0 3.0
12600.0 3.0
12603.0 3.0
12606.0 3.0
12609.0 3.0
12612.0 3.0
12615.0 3.0
12618.0 3.0
12621.0 3.0
12624.0 3.0
12627.0 3.0
12630.0 3.0
12633.0 3.0
12636.0 3.0
12639.0 3.0
12642.0 3.0
12645.0 3.0
12648.0 3.0
12651.0 3.0
12654.0 3.0
12657.0 3.0
12660.0 3.0
12663.0 3.0
12666.0 3.0
12669.0 3.0
12672.0 3.0
12675.0 3.0
12678.0 3.0
12681.0 3.0
12684.0 3.0
12687.0 3.0
12690.0 3.0
12693.0 3.0
12696.0 3.0
12699.0 3.0
12702.0 3.0
12705.0 3.0
12708.0 3.0
12711.0 3.0
12714.0 3.0
12717.0 3.0
12720.0 3.0
12723.0 3.0
12726.0 3.0
12729.0 3.0
12732.0 3.0
12735.0 3.0
12738.0 3.0
12741.0 3.0
12744.0 3.0
12747.0 3.0
12750.0 3.0
12753.0 3.0
12756.0 3.0
12759.0 3.0
12762.0 3.0
12765.0 3.0
12768.0 3.0
12771.0 3.0
12774.0 3.0
12777.0 3.0
12780.0 3.0
12783.0 3.0
12786.0 3.0
12789.0 3.0
12792.0 3.0
12795.0 3.0
12798.0 3.0
12801.0 3.0
12804.0 3.0
12807.0 3.0
12810.0 3.0
12813.0 3.0
12816.0 3.0
12819.0 3.0
12822.0 3.0
12825.0 3.0
12828.0 3.0
12831.0 3.0
12834.0 3.0
12837.0 3.0
12840.0 3.0
12843.0 3.0
12846.0 3.0
12849.0 3.0
12852.0 3.0
12855.0 3.0
12858.0 3.0
12861.0 3.0
12864.0 3.0
12867.0 3.0
12870.0 3.0
12873.0 3.0
12876.0 3.0
12879.0 3.0
12882.0 3.0
12885.0 3.0
12888.0 3.0
12891.0 3.0
12894.0 3.0
12897.0 3.0
12900.0 3.0
12903.0 3.0
12906.0 3.0
12909.0 3.0
12912.0 3.0
12915.0 3.0
12918.0 3.0
12921.0 3.0
12924.0 3.0
12927.0 3.0
12930.0 3.0
12933.0 3.0
12936.0 3.0
12939.0 3.0
12942.0 3.0
12945.0 3.0
12948.0 3.0
12951.0 3.0
12954.0 3.0
12957.0 3.0
12960.0 3.0
12963.0 3.0
12966.0 3.0
12969.0 3.0
12972.0 3.0
12975.0 3.0
12978.0 3.0
12981.0 3.0
12984.0 3.0
12987.0 3.0
12990.0 3.0
12993.0 3.0
12996.0 3.0
12999.0 3.0
13002.0 3.0
13005.0 3.0
13008.0 3.0
13011.0 3.0
13014.0 3.0
13017.0 3.0
13020.0 3.0
13023.0 3.0
13026.0 3.0
13029.0 3.0
13032.0 3.0
13035.0 3.0
13038.0 3.0
13041.0 3.0
13044.0 3.0
13047.0 3.0
13050.0 3.0
13053.0 3.0
13056.0 3.0
13059.0 3.0
13062.0 3.0
13065.0 3.0
13068.0 3.0
13071.0 3.0
13074.0 3.0
13077.0 3.0
13080.0 3.0
13083.0 3.0
13086.0 3.0
13089.0 3.0
13092.0 3.0
13095.0 3.0
13098.0 3.0
13101.0 3.0
13104.0 3.0
13107.0 3.0
13110.0 3.0
13113.0 3.0
13116.0 3.0
13119.0 3.0
13122.0 3.0
13125.0 3.0
13128.0 3.0
13131.0 3.0
13134.0 3.0
13137.0 3.0
13140.0 3.0
13143.0 3.0
13146.0 3.0
13149.0 3.0
13152.0 3.0
13155.0 3.0
13158.0 3.0
13161.0 3.0
13164.0 3.0
13167.0 3.0
13170.0 3.0
13173.0 3.0
13176.0 3.0
13179.0 3.0
13182.0 3.0
13185.0 3.0
13188.0 3.0
13191.0 3.0
13194.0 3.0
13197.0 3.0
13200.0 3.0
13203.0 3.0
13206.0 3.0
13209.0 3.0
13212.0 3.0
13215.0 3.0
13218.0 3.0
13221.0 3.0
13224.0 3.0
13227.0 3.0
13230.0 3.0
13233.0 3.0
13236.0 3.0
13239.0 3.0
13242.0 3.0
13245.0 3.0
13248.0 3.0
13251.0 3.0
13254.0 3.0
13257.0 3.0
13260.0 3.0
13263.0 3.0
13266.0 3.0
13269.0 3.0
13272.0 3.0
13275.0 3.0
13278.0 3.0
13281.0 3.0
13284.0 3.0
13287.0 3.0
13290.0 3.0
13293.0 3.0
13296.0 3.0
13299.0 3.0
13302.0 3.0
13305.0 3.0
13308.0 3.0
13311.0 3.0
13314.0 3.0
13317.0 3.0
13320.0 3.0
13323.0 3.0
13326.0 3.0
13329.0 3.0
13332.0 3.0
13335.0 3.0
13338.0 3.0
13341.0 3.0
13344.0 3.0
13347.0 3.0
13350.0 3.0
13353.0 3.0
13356.0 3.0
13359.0 3.0
13362.0 3.0
13365.0 3.0
13368.0 3.0
13371.0 3.0
13374.0 3.0
13377.0 3.0
13380.0 3.0
13383.0 3.0
13386.0 3.0
13389.0 3.0
13392.0 3.0
13395.0 3.0
13398.0 3.0
13401.0 3.0
13404.0 3.0
13407.0 3.0
13410.0 3.0
13413.0 3.0
13416.0 3.0
13419.0 3.0
13422.0 3.0
13425.0 3.0
13428.0 3.0
13431.0 3.0
13434.0 3.0
13437.0 3.0
13440.0 3.0
13443.0 3.0
13446.0 3.0
13449.0 3.0
13452.0 3.0
13455.0 3.0
13458.0 3.0
13461.0 3.0
13464.0 3.0
13467.0 3.0
13470.0 3.0
13473.0 3.0
13476.0 3.0
13479.0 3.0
13482.0 3.0
13485.0 3.0
13488.0 3.0
13491.0 3.0
13494.0 3.0
13497.0 3.0
13500.0 3.0
13503.0 3.0
13506.0 3.0
13509.0 3.0
13512.0 3.0
13515.0 3.0
13518.0 3.0
13521.0 3.0
13524.0 3.0
13527.0 3.0
13530.0 3.0
13533.0 3.0
13536.0 3.0
13539.0 3.0
13542.0 3.0
13545.0 3.0
13548.0 3.0
13551.0 3.0
13554.0 3.0
13557.0 3.0
13560.0 3.0
13563.0 3.0
13566.0 3.0
13569.0 3.0
13572.0 3.0
13575.0 3.0
13578.0 3.0
13581.0 3.0
13584.0 3.0
13587.0 3.0
13590.0 3.0
13593.0 3.0
13596.0 3.0
13599.0 3.0
13602.0 3.0
13605.0 3.0
13608.0 3.0
13611.0 3.0
13614.0 3.0
13617.0 3.0
13620.0 3.0
13623.0 3.0
13626.0 3.0
13629.0 3.0
13632.0 3.0
13635.0 3.0
13638.0 3.0
13641.0 3.0
13644.0 3.0
13647.0 3.0
13650.0 3.0
13653.0 3.0
13656.0 3.0
13659.0 3.0
13662.0 3.0
13665.0 3.0
13668.0 3.0
13671.0 3.0
13674.0 3.0
13677.0 3.0
13680.0 3.0
13683.0 3.0
13686.0 3.0
13689.0 3.0
13692.0 3.0
13695.0 3.0
13698.0 3.0
13701.0 3.0
13704.0 3.0
13707.0 3.0
13710.0 3.0
13713.0 3.0
13716.0 3.0
13719.0 3.0
13722.0 3.0
13725.0 3.0
13728.0 3.0
13731.0 3.0
13734.0 3.0
13737.0 3.0
13740.0 3.0
13743.0 3.0
13746.0 3.0
13749.0 3.0
13752.0 3.0
13755.0 3.0
13758.0 3.0
13761.0 3.0
13764.0 3.0
13767.0 3.0
13770.0 3.0
13773.0 3.0
13776.0 3.0
13779.0 3.0
13782.0 3.0
13785.0 3.0
13788.0 3.0
13791.0 3.0
13794.0 3.0
13797.0 3.0
13800.0 3.0
13803.0 3.0
13806.0 3.0
13809.0 3.0
13812.0 3.0
13815.0 3.0
13818.0 3.0
13821.0 3.0
13824.0 3.0
13827.0 3.0
13830.0 3.0
13833.0 3.0
13836.0 3.0
13839.0 3.0
13842.0 3.0
13845.0 3.0
13848.0 3.0
13851.0 3.0
13854.0 3.0
13857.0 3.0
13860.0 3.0
13863.0 3.0
13866.0 3.0
13869.0 3.0
13872.0 3.0
13875.0 3.0
13878.0 3.0
13881.0 3.0
13884.0 3.0
13887.0 3.0
13890.0 3.0
13893.0 3.0
13896.0 3.0
13899.0 3.0
13902.0 3.0
13905.0 3.0
13908.0 3.0
13911.0 3.0
13914.0 3.0
13917.0 3.0
13920.0 3.0
13923.0 3.0
13926.0 3.0
13929.0 3.0
13932.0 3.0
13935.0 3.0
13938.0 3.0
13941.0 3.0
13944.0 3.0
13947.0 3.0
13950.0 3.0
13953.0 3.0
13956.0 3.0
13959.0 3.0
13962.0 3.0
13965.0 3.0
13968.0 3.0
13971.0 3.0
13974.0 3.0
13977.0 3.0
13980.0 3.0
13983.0 3.0
13986.0 3.0
13989.0 3.0
13992.0 3.0
13995.0 3.0
13998.0 3.0
14001.0 3.0
14004.0 3.0
14007.0 3.0
14010.0 3.0
14013.0 3.0
14016.0 3.0
14019.0 3.0
14022.0 3.0
14025.0 3.0
14028.0 3.0
14031.0 3.0
14034.0 3.0
14037.0 3.0
14040.0 3.0
14043.0 3.0
14046.0 3.0
14049.0 3.0
14052.0 3.0
14055.0 3.0
14058.0 3.0
14061.0 3.0
14064.0 3.0
14067.0 3.0
14070.0 3.0
14073.0 3.0
14076.0 3.0
14079.0 3.0
14082.0 3.0
14085.0 3.0
14088.0 3.0
14091.0 3.0
14094.0 3.0
14097.0 3.0
14100.0 3.0
14103.0 3.0
14106.0 3.0
14109.0 3.0
14112.0 3.0
14115.0 3.0
14118.0 3.0
14121.0 3.0
14124.0 3.0
14127.0 3.0
14130.0 3.0
14133.0 3.0
14136.0 3.0
14139.0 3.0
14142.0 3.0
14145.0 3.0
14148.0 3.0
14151.0 3.0
14154.0 3.0
14157.0 3.0
14160.0 3.0
14163.0 3.0
14166.0 3.0
14169.0 3.0
14172.0 3.0
14175.0 3.0
14178.0 3.0
14181.0 3.0
14184.0 3.0
14187.0 3.0
14190.0 3.0
14193.0 3.0
14196.0 3.0
14199.0 3.0
14202.0 3.0
14205.0 3.0
14208.0 3.0
14211.0 3.0
14214.0 3.0
14217.0 3.0
14220.0 3.0
14223.0 3.0
14226.0 3.0
14229.0 3.0
14232.0 3.0
14235.0 3.0
14238.0 3.0
14241.0 3.0
14244.0 3.0
14247.0 3.0
14250.0 3.0
14253.0 3.0
14256.0 3.0
14259.0 3.0
14262.0 3.0
14265.0 3.0
14268.0 3.0
14271.0 3.0
14274.0 3.0
14277.0 3.0
14280.0 3.0
14283.0 3.0
14286.0 3.0
14289.0 3.0
14292.0 3.0
14295.0 3.0
14298.0 3.0
14301.0 3.0
14304.0 3.0
14307.0 3.0
14310.0 3.0
14313.0 3.0
14316.0 3.0
14319.0 3.0
14322.0 3.0
14325.0 3.0
14328.0 3.0
14331.0 3.0
14334.0 3.0
14337.0 3.0
14340.0 3.0
14343.0 3.0
14346.0 3.0
14349.0 3.0
14352.0 3.0
14355.0 3.0
14358.0 3.0
14361.0 3.0
14364.0 3.0
14367.0 3.0
14370.0 3.0
14373.0 3.0
14376.0 3.0
14379.0 3.0
14382.0 3.0
14385.0 3.0
14388.0 3.0
14391.0 3.0
14394.0 3.0
14397.0 3.0
14400.0 3.0
14403.0 3.0
14406.0 3.0
14409.0 3.0
14412.0 3.0
14415.0 3.0
14418.0 3.0
14421.0 3.0
14424.0 3.0
14427.0 3.0
14430.0 3.0
14433.0 3.0
14436.0 3.0
14439.0 3.0
14442.0 3.0
14445.0 3.0
14448.0 3.0
14451.0 3.0
14454.0 3.0
14457.0 3.0
14460.0 3.0
14463.0 3.0
14466.0 3.0
14469.0 3.0
14472.0 3.0
14475.0 3.0
14478.0 3.0
14481.0 3.0
14484.0 3.0
14487.0 3.0
14490.0 3.0
14493.0 3.0
14496.0 3.0
14499.0 3.0
14502.0 3.0
14505.0 3.0
14508.0 3.0
14511.0 3.0
14514.0 3.0
14517.0 3.0
14520.0 3.0
14523.0 3.0
14526.0 3.0
14529.0 3.0
14532.0 3.0
14535.0 3.0
14538.0 3.0
14541.0 3.0
14544.0 3.0
14547.0 3.0
14550.0 3.0
14553.0 3.0
14556.0 3.0
14559.0 3.0
14562.0 3.0
14565.0 3.0
14568.0 3.0
14571.0 3.0
14574.0 3.0
14577.0 3.0
14580.0 3.0
14583.0 3.0
14586.0 3.0
14589.0 3.0
14592.0 3.0
14595.0 3.0
14598.0 3.0
14601.0 3.0
14604.0 3.0
14607.0 3.0
14610.0 3.0
14613.0 3.0
14616.0 3.0
14619.0 3.0
14622.0 3.0
14625.0 3.0
14628.0 3.0
14631.0 3.0
14634.0 3.0
14637.0 3.0
14640.0 3.0
14643.0 3.0
14646.0 3.0
14649.0 3.0
14652.0 3.0
14655.0 3.0
14658.0 3.0
14661.0 3.0
14664.0 3.0
14667.0 3.0
14670.0 3.0
14673.0 3.0
14676.0 3.0
14679.0 3.0
14682.0 3.0
14685.0 3.0
14688.0 3.0
14691.0 3.0
14694.0 3.0
14697.0 3.0
14700.0 3.0
14703.0 3.0
14706.0 3.0
14709.0 3.0
14712.0 3.0
14715.0 3.0
14718.0 3.0
14721.0 3.0
14724.0 3.0
14727.0 3.0
14730.0 3.0
14733.0 3.0
14736.0 3.0
14739.0 3.0
14742.0 3.0
14745.0 3.0
14748.0 3.0
14751.0 3.0
14754.0 3.0
14757.0 3.0
14760.0 3.0
14763.0 3.0
14766.0 3.0
14769.0 3.0
14772.0 3.0
14775.0 3.0
14778.0 3.0
14781.0 3.0
14784.0 3.0
14787.0 3.0
14790.0 3.0
14793.0 3.0
14796.0 3.0
14799.0 3.0
14802.0 3.0
14805.0 3.0
14808.0 3.0
14811.0 3.0
14814.0 3.0
14817.0 3.0
14820.0 3.0
14823.0 3.0
14826.0 3.0
14829.0 3.0
14832.0 3.0
14835.0 3.0
14838.0 3.0
14841.0 3.0
14844.0 3.0
14847.0 3.0
14850.0 3.0
14853.0 3.0
14856.0 3.0
14859.0 3.0
14862.0 3.0
14865.0 3.0
14868.0 3.0
14871.0 3.0
14874.0 3.0
14877.0 3.0
14880.0 3.0
14883.0 3.0
14886.0 3.0
14889.0 3.0
14892.0 3.0
14895.0 3.0
14898.0 3.0
14901.0 3.0
14904.0 3.0
14907.0 3.0
14910.0 3.0
14913.0 3.0
14916.0 3.0
14919.0 3.0
14922.0 3.0
14925.0 3.0
14928.0 3.0
14931.0 3.0
14934.0 3.0
14937.0 3.0
14940.0 3.0
14943.0 3.0
14946.0 3.0
14949.0 3.0
14952.0 3.0
14955.0 3.0
14958.0 3.0
14961.0 3.0
14964.0 3.0
14967.0 3.0
14973.0 6.0
14979.0 6.0
14985.0 6.0
14991.0 6.0
14997.0 6.0
15003.0 6.0
15009.0 6.0
15015.0 6.0
15021.0 6.0
15027.0 6.0
15033.0 6.0
15039.0 6.0
15045.0 6.0
15051.0 6.0
15057.0 6.0
15063.0 6.0
15069.0 6.0
15075.0 6.0
15081.0 6.0
15087.0 6.0
15093.0 6.0
15099.0 6.0
15105.0 6.0
15111.0 6.0
15117.0 6.0
15123.0 6.0
15129.0 6.0
15135.0 6.0
15141.0 6.0
15147.0 6.0
15153.0 6.0
15159.0 6.0
15165.0 6.0
15171.0 6.0
15177.0 6.0
15183.0 6.0
15189.0 6.0
15195.0 6.0
15201.0 6.0
15207.0 6.0
15213.0 6.0
15219.0 6.0
15225.0 6.0
15231.0 6.0
15237.0 6.0
15243.0 6.0
15249.0 6.0
15255.0 6.0
15261.0 6.0
15267.0 6.0
15273.0 6.0
15279.0 6.0
15285.0 6.0
15291.0 6.0
15297.0 6.0
15303.0 6.0
15309.0 6.0
15315.0 6.0
15321.0 6.0
15327.0 6.0
15333.0 6.0
15339.0 6.0
15345.0 6.0
15351.0 6.0
15357.0 6.0
15363.0 6.0
15369.0 6.0
15375.0 6.0
15381.0 6.0
15387.0 6.0
15393.0 6.0
15399.0 6.0
15405.0 6.0
15411.0 6.0
15417.0 6.0
15423.0 6.0
15429.0 6.0
15435.0 6.0
15441.0 6.0
15447.0 6.0
15453.0 6.0
15459.0 6.0
15465.0 6.0
15471.0 6.0
15477.0 6.0
15483.0 6.0
15489.0 6.0
15495.0 6.0
15501.0 6.0
15507.0 6.0
15513.0 6.0
15519.0 6.0
15525.0 6.0
15531.0 6.0
15537.0 6.0
15543.0 6.0
15549.0 6.0
15555.0 6.0
15561.0 6.0
15567.0 6.0
15573.0 6.0
15579.0 6.0
15585.0 6.0
15591.0 6.0
15597.0 6.0
15603.0 6.0
15609.0 6.0
15615.0 6.0
15621.0 6.0
15627.0 6.0
15633.0 6.0
15639.0 6.0
15645.0 6.0
15651.0 6.0
15657.0 6.0
15663.0 6.0
15669.0 6.0
15675.0 6.0
15681.0 6.0
15687.0 6.0
15693.0 6.0
15699.0 6.0
15705.0 6.0
15711.0 6.0
15717.0 6.0
15723.0 6.0
15729.0 6.0
15735.0 6.0
15741.0 6.0
15747.0 6.0
15753.0 6.0
15759.0 6.0
15765.0 6.0
15771.0 6.0
15777.0 6.0
15783.0 6.0
15789.0 6.0
15795.0 6.0
15801.0 6.0
15807.0 6.0
15813.0 6.0
15819.0 6.0
15825.0 6.0
15831.0 6.0
15837.0 6.0
15843.0 6.0
15849.0 6.0
15855.0 6.0
15861.0 6.0
15867.0 6.0
15873.0 6.0
15879.0 6.0
15885.0 6.0
15891.0 6.0
15897.0 6.0
15903.0 6.0
15909.0 6.0
15915.0 6.0
15921.0 6.0
15927.0 6.0
15933.0 6.0
15939.0 6.0
15945.0 6.0
15951.0 6.0
15957.0 6.0
15963.0 6.0
15969.0 6.0
15975.0 6.0
15981.0 6.0
15987.0 6.0
15993.0 6.0
15999.0 6.0
16005.0 6.0
16011.0 6.0
16017.0 6.0
16023.0 6.0
16029.0 6.0
16035.0 6.0
16041.0 6.0
16047.0 6.0
16053.0 6.0
16059.0 6.0
16065.0 6.0
16071.0 6.0
16077.0 6.0
16083.0 6.0
16089.0 6.0
16095.0 6.0
16101.0 6.0
16107.0 6.0
16113.0 6.0
16119.0 6.0
16125.0 6.0
16131.0 6.0
16137.0 6.0
16143.0 6.0
16149.0 6.0
16155.0 6.0
16161.0 6.0
16167.0 6.0
16173.0 6.0
16179.0 6.0
16185.0 6.0
16191.0 6.0
16197.0 6.0
16203.0 6.0
16209.0 6.0
16215.0 6.0
16221.0 6.0
16227.0 6.0
16233.0 6.0
16239.0 6.0
16245.0 6.0
16251.0 6.0
16257.0 6.0
16263.0 6.0
16269.0 6.0
16275.0 6.0
16281.0 6.0
16287.0 6.0
16293.0 6.0
16299.0 6.0
16305.0 6.0
16311.0 6.0
16317.0 6.0
16323.0 6.0
16329.0 6.0
16335.0 6.0
16341.0 6.0
16347.0 6.0
16353.0 6.0
16359.0 6.0
16365.0 6.0
16371.0 6.0
16377.0 6.0
16383.0 6.0
16389.0 6.0
16395.0 6.0
16401.0 6.0
16407.0 6.0
16413.0 6.0
16419.0 6.0
16425.0 6.0
16431.0 6.0
16437.0 6.0
16443.0 6.0
16449.0 6.0
16455.0 6.0
16461.0 6.0
16467.0 6.0
16473.0 6.0
16479.0 6.0
16485.0 6.0
16491.0 6.0
16497.0 6.0
16503.0 6.0
16509.0 6.0
16515.0 6.0
16521.0 6.0
16527.0 6.0
16533.0 6.0
16539.0 6.0
16545.0 6.0
16551.0 6.0
16557.0 6.0
16563.0 6.0
16569.0 6.0
16575.0 6.0
16581.0 6.0
16587.0 6.0
16593.0 6.0
16599.0 6.0
16605.0 6.0
16611.0 6.0
16617.0 6.0
16623.0 6.0
16629.0 6.0
16635.0 6.0
16641.0 6.0
16647.0 6.0
16653.0 6.0
16659.0 6.0
16665.0 6.0
16671.0 6.0
16677.0 6.0
16683.0 6.0
16689.0 6.0
16695.0 6.0
16701.0 6.0
16707.0 6.0
16713.0 6.0
16719.0 6.0
16725.0 6.0
16731.0 6.0
16737.0 6.0
16743.0 6.0
16749.0 6.0
16755.0 6.0
16761.0 6.0
16767.0 6.0
16773.0 6.0
16779.0 6.0
16785.0 6.0
16791.0 6.0
16797.0 6.0
16803.0 6.0
16809.0 6.0
16815.0 6.0
16821.0 6.0
16827.0 6.0
16833.0 6.0
16839.0 6.0
16845.0 6.0
16851.0 6.0
16857.0 6.0
16863.0 6.0
16869.0 6.0
16875.0 6.0
16881.0 6.0
16887.0 6.0
16893.0 6.0
16899.0 6.0
16905.0 6.0
16911.0 6.0
16917.0 6.0
16923.0 6.0
16929.0 6.0
16935.0 6.0
16941.0 6.0
16947.0 6.0
16953.0 6.0
16959.0 6.0
16965.0 6.0
16971.0 6.0
16977.0 6.0
16983.0 6.0
16989.0 6.0
16995.0 6.0
17001.0 6.0
17007.0 6.0
17013.0 6.0
17019.0 6.0
17025.0 6.0
17031.0 6.0
17037.0 6.0
17043.0 6.0
17049.0 6.0
17055.0 6.0
17061.0 6.0
17067.0 6.0
17073.0 6.0
17079.0 6.0
17085.0 6.0
17091.0 6.0
17097.0 6.0
17103.0 6.0
17109.0 6.0
17115.0 6.0
17121.0 6.0
17127.0 6.0
17133.0 6.0
17139.0 6.0
17145.0 6.0
17151.0 6.0
17157.0 6.0
17163.0 6.0
17169.0 6.0
17175.0 6.0
17181.0 6.0
17187.0 6.0
17193.0 6.0
17199.0 6.0
17205.0 6.0
17211.0 6.0
17217.0 6.0
17223.0 6.0
17229.0 6.0
17235.0 6.0
17241.0 6.0
17247.0 6.0
17253.0 6.0
17259.0 6.0
17265.0 6.0
17271.0 6.0
17277.0 6.0
17283.0 6.0
17289.0 6.0
17295.0 6.0
17301.0 6.0
17307.0 6.0
17313.0 6.0
17319.0 6.0
17325.0 6.0
17331.0 6.0
17337.0 6.0
17343.0 6.0
17349.0 6.0
17355.0 6.0
17361.0 6.0
17367.0 6.0
17373.0 6.0
17379.0 6.0
17385.0 6.0
17391.0 6.0
17397.0 6.0
17403.0 6.0
17409.0 6.0
17415.0 6.0
17421.0 6.0
17427.0 6.0
17433.0 6.0
17439.0 6.0
17445.0 6.0
17451.0 6.0
17457.0 6.0
17463.0 6.0
17469.0 6.0
17475.0 6.0
17481.0 6.0
17487.0 6.0
17493.0 6.0
17499.0 6.0
17505.0 6.0
17511.0 6.0
17517.0 6.0
17523.0 6.0
17529.0 6.0
17535.0 6.0
17541.0 6.0
17547.0 6.0
17553.0 6.0
17559.0 6.0
17565.0 6.0
17571.0 6.0
17577.0 6.0
17583.0 6.0
17589.0 6.0
17595.0 6.0
17601.0 6.0
17607.0 6.0
17613.0 6.0
17619.0 6.0
17625.0 6.0
17631.0 6.0
17637.0 6.0
17643.0 6.0
17649.0 6.0
17655.0 6.0
17661.0 6.0
17667.0 6.0
17673.0 6.0
17679.0 6.0
17685.0 6.0
17691.0 6.0
17697.0 6.0
17703.0 6.0
17709.0 6.0
17715.0 6.0
17721.0 6.0
17727.0 6.0
17733.0 6.0
17739.0 6.0
17745.0 6.0
17751.0 6.0
17757.0 6.0
17763.0 6.0
17769.0 6.0
17775.0 6.0
17781.0 6.0
17787.0 6.0
17793.0 6.0
17799.0 6.0
17805.0 6.0
17811.0 6.0
17817.0 6.0
17823.0 6.0
17829.0 6.0
17835.0 6.0
17841.0 6.0
17847.0 6.0
17853.0 6.0
17859.0 6.0
17865.0 6.0
17871.0 6.0
17877.0 6.0
17883.0 6.0
17889.0 6.0
17895.0 6.0
17901.0 6.0
17907.0 6.0
17913.0 6.0
17919.0 6.0
17925.0 6.0
17931.0 6.0
17937.0 6.0
17943.0 6.0
17949.0 6.0
17955.0 6.0
17961.0 6.0
17967.0 6.0
17973.0 6.0
17979.0 6.0
17985.0 6.0
17991.0 6.0
17997.0 6.0
18003.0 6.0
18009.0 6.0
18015.0 6.0
18021.0 6.0
18027.0 6.0
18033.0 6.0
18039.0 6.0
18045.0 6.0
18051.0 6.0
18057.0 6.0
18063.0 6.0
18069.0 6.0
18075.0 6.0
18081.0 6.0
18087.0 6.0
18093.0 6.0
18099.0 6.0
18105.0 6.0
18111.0 6.0
18117.0 6.0
18123.0 6.0
18129.0 6.0
18135.0 6.0
18141.0 6.0
18147.0 6.0
18153.0 6.0
18159.0 6.0
18165.0 6.0
18171.0 6.0
18177.0 6.0
18183.0 6.0
18189.0 6.0
18195.0 6.0
18201.0 6.0
18207.0 6.0
18213.0 6.0
18219.0 6.0
18225.0 6.0
18231.0 6.0
18237.0 6.0
18243.0 6.0
18249.0 6.0
18255.0 6.0
18261.0 6.0
18267.0 6.0
18273.0 6.0
18279.0 6.0
18285.0 6.0
18291.0 6.0
18297.0 6.0
18303.0 6.0
18309.0 6.0
18315.0 6.0
18321.0 6.0
18327.0 6.0
18333.0 6.0
18339.0 6.0
18345.0 6.0
18351.0 6.0
18357.0 6.0
18363.0 6.0
18369.0 6.0
18375.0 6.0
18381.0 6.0
18387.0 6.0
18393.0 6.0
18399.0 6.0
18405.0 6.0
18411.0 6.0
18417.0 6.0
18423.0 6.0
18429.0 6.0
18435.0 6.0
18441.0 6.0
18447.0 6.0
18453.0 6.0
18459.0 6.0
18465.0 6.0
18471.0 6.0
18477.0 6.0
18483.0 6.0
18489.0 6.0
18495.0 6.0
18501.0 6.0
18507.0 6.0
18513.0 6.0
18519.0 6.0
18525.0 6.0
18531.0 6.0
18537.0 6.0
18543.0 6.0
18549.0 6.0
18555.0 6.0
18561.0 6.0
18567.0 6.0
18573.0 6.0
18579.0 6.0
18585.0 6.0
18591.0 6.0
18597.0 6.0
18603.0 6.0
18609.0 6.0
18615.0 6.0
18621.0 6.0
18627.0 6.0
18633.0 6.0
18639.0 6.0
18645.0 6.0
18651.0 6.0
18657.0 6.0
18663.0 6.0
18669.0 6.0
18675.0 6.0
18681.0 6.0
18687.0 6.0
18693.0 6.0
18699.0 6.0
18705.0 6.0
18711.0 6.0
18717.0 6.0
18723.0 6.0
18729.0 6.0
18735.0 6.0
18741.0 6.0
18747.0 6.0
18753.0 6.0
18759.0 6.0
18765.0 6.0
18771.0 6.0
18777.0 6.0
18783.0 6.0
18789.0 6.0
18795.0 6.0
18801.0 6.0
18807.0 6.0
18813.0 6.0
18819.0 6.0
18825.0 6.0
18831.0 6.0
18837.0 6.0
18843.0 6.0
18849.0 6.0
18855.0 6.0
18861.0 6.0
18867.0 6.0
18873.0 6.0
18879.0 6.0
18885.0 6.0
18891.0 6.0
18897.0 6.0
18903.0 6.0
18909.0 6.0
18915.0 6.0
18921.0 6.0
18927.0 6.0
18933.0 6.0
18939.0 6.0
18945.0 6.0
18951.0 6.0
18957.0 6.0
18963.0 6.0
18969.0 6.0
18975.0 6.0
18981.0 6.0
18987.0 6.0
18993.0 6.0
18999.0 6.0
19005.0 6.0
19011.0 6.0
19017.0 6.0
19023.0 6.0
19029.0 6.0
19035.0 6.0
19041.0 6.0
19047.0 6.0
19053.0 6.0
19059.0 6.0
19065.0 6.0
19071.0 6.0
19077.0 6.0
19083.0 6.0
19089.0 6.0
19095.0 6.0
19101.0 6.0
19107.0 6.0
19113.0 6.0
19119.0 6.0
19125.0 6.0
19131.0 6.0
19137.0 6.0
19143.0 6.0
19149.0 6.0
19155.0 6.0
19161.0 6.0
19167.0 6.0
19173.0 6.0
19179.0 6.0
19185.0 6.0
19191.0 6.0
19197.0 6.0
19203.0 6.0
19209.0 6.0
19215.0 6.0
19221.0 6.0
19227.0 6.0
19233.0 6.0
19239.0 6.0
19245.0 6.0
19251.0 6.0
19257.0 6.0
19263.0 6.0
19269.0 6.0
19275.0 6.0
19281.0 6.0
19287.0 6.0
19293.0 6.0
19299.0 6.0
19305.0 6.0
19311.0 6.0
19317.0 6.0
19323.0 6.0
19329.0 6.0
19335.0 6.0
19341.0 6.0
19347.0 6.0
19353.0 6.0
19359.0 6.0
19365.0 6.0
19371.0 6.0
19377.0 6.0
19383.0 6.0
19389.0 6.0
19395.0 6.0
19401.0 6.0
19407.0 6.0
19413.0 6.0
19419.0 6.0
19425.0 6.0
19431.0 6.0
19437.0 6.0
19443.0 6.0
19449.0 6.0
19455.0 6.0
19461.0 6.0
19467.0 6.0
19473.0 6.0
19479.0 6.0
19485.0 6.0
19491.0 6.0
19497.0 6.0
19503.0 6.0
19509.0 6.0
19515.0 6.0
19521.0 6.0
19527.0 6.0
19533.0 6.0
19539.0 6.0
19545.0 6.0
19551.0 6.0
19557.0 6.0
19563.0 6.0
19569.0 6.0
19575.0 6.0
19581.0 6.0
19587.0 6.0
19593.0 6.0
19599.0 6.0
19605.0 6.0
19611.0 6.0
19617.0 6.0
19623.0 6.0
19629.0 6.0
19635.0 6.0
19641.0 6.0
19647.0 6.0
19653.0 6.0
19659.0 6.0
19665.0 6.0
19671.0 6.0
19677.0 6.0
19683.0 6.0
19689.0 6.0
19695.0 6.0
19701.0 6.0
19707.0 6.0
19713.0 6.0
19719.0 6.0
19725.0 6.0
19731.0 6.0
19737.0 6.0
19743.0 6.0
19749.0 6.0
19755.0 6.0
19761.0 6.0
19767.0 6.0
19773.0 6.0
19779.0 6.0
19785.0 6.0
19791.0 6.0
19797.0 6.0
19803.0 6.0
19809.0 6.0
19815.0 6.0
19821.0 6.0
19827.0 6.0
19833.0 6.0
19839.0 6.0
19845.0 6.0
19851.0 6.0
19857.0 6.0
19863.0 6.0
19869.0 6.0
19875.0 6.0
19881.0 6.0
19887.0 6.0
19893.0 6.0
19899.0 6.0
19905.0 6.0
19911.0 6.0
19917.0 6.0
19923.0 6.0
19929.0 6.0
19935.0 6.0
19941.0 6.0
19947.0 6.0
19953.0 6.0
19959.0 6.0
19965.0 6.0
19971.0 6.0
19977.0 6.0
19983.0 6.0
19989.0 6.0
19995.0 6.0
20001.0 6.0
20007.0 6.0
20013.0 6.0
20019.0 6.0
20025.0 6.0
20031.0 6.0
20037.0 6.0
20043.0 6.0
20049.0 6.0
20055.0 6.0
20061.0 6.0
20067.0 6.0
20073.0 6.0
20079.0 6.0
20085.0 6.0
20091.0 6.0
20097.0 6.0
20103.0 6.0
20109.0 6.0
20115.0 6.0
20121.0 6.0
20127.0 6.0
20133.0 6.0
20139.0 6.0
20145.0 6.0
20151.0 6.0
20157.0 6.0
20163.0 6.0
20169.0 6.0
20175.0 6.0
20181.0 6.0
20187.0 6.0
20193.0 6.0
20199.0 6.0
20205.0 6.0
20211.0 6.0
20217.0 6.0
20223.0 6.0
20229.0 6.0
20235.0 6.0
20241.0 6.0
20247.0 6.0
20253.0 6.0
20259.0 6.0
20265.0 6.0
20271.0 6.0
20277.0 6.0
20283.0 6.0
20289.0 6.0
20295.0 6.0
20301.0 6.0
20307.0 6.0
20313.0 6.0
20319.0 6.0
20325.0 6.0
20331.0 6.0
20337.0 6.0
20343.0 6.0
20349.0 6.0
20355.0 6.0
20361.0 6.0
20367.0 6.0
20373.0 6.0
20379.0 6.0
20385.0 6.0
20391.0 6.0
20397.0 6.0
20403.0 6.0
20409.0 6.0
20415.0 6.0
20421.0 6.0
20427.0 6.0
20433.0 6.0
20439.0 6.0
20445.0 6.0
20451.0 6.0
20457.0 6.0
20463.0 6.0
20469.0 6.0
20475.0 6.0
20481.0 6.0
20487.0 6.0
20493.0 6.0
20499.0 6.0
20505.0 6.0
20511.0 6.0
20517.0 6.0
20523.0 6.0
20529.0 6.0
20535.0 6.0
20541.0 6.0
20547.0 6.0
20553.0 6.0
20559.0 6.0
20565.0 6.0
20571.0 6.0
20577.0 6.0
20583.0 6.0
20589.0 6.0
20595.0 6.0
20601.0 6.0
20607.0 6.0
20613.0 6.0
20619.0 6.0
20625.0 6.0
20631.0 6.0
20637.0 6.0
20643.0 6.0
20649.0 6.0
20655.0 6.0
20661.0 6.0
20667.0 6.0
20673.0 6.0
20679.0 6.0
20685.0 6.0
20691.0 6.0
20697.0 6.0
20703.0 6.0
20709.0 6.0
20715.0 6.0
20721.0 6.0
20727.0 6.0
20733.0 6.0
20739.0 6.0
20745.0 6.0
20751.0 6.0
20757.0 6.0
20763.0 6.0
20769.0 6.0
20775.0 6.0
20781.0 6.0
20787.0 6.0
20793.0 6.0
20799.0 6.0
20805.0 6.0
20811.0 6.0
20817.0 6.0
20823.0 6.0
20829.0 6.0
20835.0 6.0
20841.0 6.0
20847.0 6.0
20853.0 6.0
20859.0 6.0
20865.0 6.0
20871.0 6.0
20877.0 6.0
20883.0 6.0
20889.0 6.0
20895.0 6.0
20901.0 6.0
20907.0 6.0
20913.0 6.0
20919.0 6.0
20925.0 6.0
20931.0 6.0
20937.0 6.0
20943.0 6.0
20949.0 6.0
20955.0 6.0
20961.0 6.0
20967.0 6.0
20973.0 6.0
20979.0 6.0
20985.0 6.0
20991.0 6.0
20997.0 6.0
21003.0 6.0
21009.0 6.0
21015.0 6.0
21021.0 6.0
21027.0 6.0
21033.0 6.0
21039.0 6.0
21045.0 6.0
21051.0 6.0
21057.0 6.0
21063.0 6.0
21069.0 6.0
21075.0 6.0
21081.0 6.0
21087.0 6.0
21093.0 6.0
21099.0 6.0
21105.0 6.0
21111.0 6.0
21117.0 6.0
21123.0 6.0
21129.0 6.0
21135.0 6.0
21141.0 6.0
21147.0 6.0
21153.0 6.0
21159.0 6.0
21165.0 6.0
21171.0 6.0
21177.0 6.0
21183.0 6.0
21189.0 6.0
21195.0 6.0
21201.0 6.0
21207.0 6.0
21213.0 6.0
21219.0 6.0
21225.0 6.0
21231.0 6.0
21237.0 6.0
21243.0 6.0
21249.0 6.0
21255.0 6.0
21261.0 6.0
21267.0 6.0
21273.0 6.0
21279.0 6.0
21285.0 6.0
21291.0 6.0
21297.0 6.0
21303.0 6.0
21309.0 6.0
21315.0 6.0
21321.0 6.0
21327.0 6.0
21333.0 6.0
21339.0 6.0
21345.0 6.0
21351.0 6.0
21357.0 6.0
21363.0 6.0
21369.0 6.0
21375.0 6.0
21381.0 6.0
21387.0 6.0
21393.0 6.0
21399.0 6.0
21405.0 6.0
21411.0 6.0
21417.0 6.0
21423.0 6.0
21429.0 6.0
21435.0 6.0
21441.0 6.0
21447.0 6.0
21453.0 6.0
21459.0 6.0
21465.0 6.0
21471.0 6.0
21477.0 6.0
21483.0 6.0
21489.0 6.0
21495.0 6.0
21501.0 6.0
21507.0 6.0
21513.0 6.0
21519.0 6.0
21525.0 6.0
21531.0 6.0
21537.0 6.0
21543.0 6.0
21549.0 6.0
21555.0 6.0
21561.0 6.0
21567.0 6.0
21573.0 6.0
21579.0 6.0
21585.0 6.0
21591.0 6.0
21597.0 6.0
21603.0 6.0
21609.0 6.0
21615.0 6.0
21621.0 6.0
21627.0 6.0
21633.0 6.0
21639.0 6.0
21645.0 6.0
21651.0 6.0
21657.0 6.0
21663.0 6.0
21669.0 6.0
21675.0 6.0
21681.0 6.0
21687.0 6.0
21693.0 6.0
21699.0 6.0
21705.0 6.0
21711.0 6.0
21717.0 6.0
21723.0 6.0
21729.0 6.0
21735.0 6.0
21741.0 6.0
21747.0 6.0
21753.0 6.0
21759.0 6.0
21765.0 6.0
21771.0 6.0
21777.0 6.0
21783.0 6.0
21789.0 6.0
21795.0 6.0
21801.0 6.0
21807.0 6.0
21813.0 6.0
21819.0 6.0
21825.0 6.0
21831.0 6.0
21837.0 6.0
21843.0 6.0
21849.0 6.0
21855.0 6.0
21861.0 6.0
21867.0 6.0
21873.0 6.0
21879.0 6.0
21885.0 6.0
21891.0 6.0
21897.0 6.0
21903.0 6.0
21909.0 6.0
21915.0 6.0
21921.0 6.0
21927.0 6.0
21933.0 6.0
21939.0 6.0
21945.0 6.0
21951.0 6.0
21957.0 6.0
21963.0 6.0
21969.0 6.0
21975.0 6.0
21981.0 6.0
21987.0 6.0
21993.0 6.0
21999.0 6.0
22005.0 6.0
22011.0 6.0
22017.0 6.0
22023.0 6.0
22029.0 6.0
22035.0 6.0
22041.0 6.0
22047.0 6.0
22053.0 6.0
22059.0 6.0
22065.0 6.0
22071.0 6.0
22077.0 6.0
22083.0 6.0
22089.0 6.0
22095.0 6.0
22101.0 6.0
22107.0 6.0
22113.0 6.0
22119.0 6.0
22125.0 6.0
22131.0 6.0
22137.0 6.0
22143.0 6.0
22149.0 6.0
22155.0 6.0
22161.0 6.0
22167.0 6.0
22173.0 6.0
22179.0 6.0
22185.0 6.0
22191.0 6.0
22197.0 6.0
22203.0 6.0
22209.0 6.0
22215.0 6.0
22221.0 6.0
22227.0 6.0
22233.0 6.0
22239.0 6.0
22245.0 6.0
22251.0 6.0
22257.0 6.0
22263.0 6.0
22269.0 6.0
22275.0 6.0
22281.0 6.0
22287.0 6.0
22293.0 6.0
22299.0 6.0
22305.0 6.0
22311.0 6.0
22317.0 6.0
22323.0 6.0
22329.0 6.0
22335.0 6.0
22341.0 6.0
22347.0 6.0
22353.0 6.0
22359.0 6.0
22365.0 6.0
22371.0 6.0
22377.0 6.0
22383.0 6.0
22389.0 6.0
22395.0 6.0
22401.0 6.0
22407.0 6.0
22413.0 6.0
22419.0 6.0
22425.0 6.0
22431.0 6.0
22437.0 6.0
22443.0 6.0
22449.0 6.0
22455.0 6.0
22461.0 6.0
22467.0 6.0
22473.0 6.0
22479.0 6.0
22485.0 6.0
22491.0 6.0
22497.0 6.0
22503.0 6.0
22509.0 6.0
22515.0 6.0
22521.0 6.0
22527.0 6.0
22533.0 6.0
22539.0 6.0
22545.0 6.0
22551.0 6.0
22557.0 6.0
22563.0 6.0
22569.0 6.0
22575.0 6.0
22581.0 6.0
22587.0 6.0
22593.0 6.0
22599.0 6.0
22605.0 6.0
22611.0 6.0
22617.0 6.0
22623.0 6.0
22629.0 6.0
22635.0 6.0
22641.0 6.0
22647.0 6.0
22653.0 6.0
22659.0 6.0
22665.0 6.0
22671.0 6.0
22677.0 6.0
22683.0 6.0
22689.0 6.0
22695.0 6.0
22701.0 6.0
22707.0 6.0
22713.0 6.0
22719.0 6.0
22725.0 6.0
22731.0 6.0
22737.0 6.0
22743.0 6.0
22749.0 6.0
22755.0 6.0
22761.0 6.0
22767.0 6.0
22773.0 6.0
22779.0 6.0
22785.0 6.0
22791.0 6.0
22797.0 6.0
22803.0 6.0
22809.0 6.0
22815.0 6.0
22821.0 6.0
22827.0 6.0
22833.0 6.0
22839.0 6.0
22845.0 6.0
22851.0 6.0
22857.0 6.0
22863.0 6.0
22869.0 6.0
22875.0 6.0
22881.0 6.0
22887.0 6.0
22893.0 6.0
22899.0 6.0
22905.0 6.0
22911.0 6.0
22917.0 6.0
22923.0 6.0
22929.0 6.0
22935.0 6.0
22941.0 6.0
22947.0 6.0
22953.0 6.0
22959.0 6.0
22965.0 6.0
22971.0 6.0
22977.0 6.0
22983.0 6.0
22989.0 6.0
22995.0 6.0
23001.0 6.0
23007.0 6.0
23013.0 6.0
23019.0 6.0
23025.0 6.0
23031.0 6.0
23037.0 6.0
23043.0 6.0
23049.0 6.0
23055.0 6.0
23061.0 6.0
23067.0 6.0
23073.0 6.0
23079.0 6.0
23085.0 6.0
23091.0 6.0
23097.0 6.0
23103.0 6.0
23109.0 6.0
23115.0 6.0
23121.0 6.0
23127.0 6.0
23133.0 6.0
23139.0 6.0
23145.0 6.0
23151.0 6.0
23157.0 6.0
23163.0 6.0
23169.0 6.0
23175.0 6.0
23181.0 6.0
23187.0 6.0
23193.0 6.0
23199.0 6.0
23205.0 6.0
23211.0 6.0
23217.0 6.0
23223.0 6.0
23229.0 6.0
23235.0 6.0
23241.0 6.0
23247.0 6.0
23253.0 6.0
23259.0 6.0
23265.0 6.0
23271.0 6.0
23277.0 6.0
23283.0 6.0
23289.0 6.0
23295.0 6.0
23301.0 6.0
23307.0 6.0
23313.0 6.0
23319.0 6.0
23325.0 6.0
23331.0 6.0
23337.0 6.0
23343.0 6.0
23349.0 6.0
23355.0 6.0
23361.0 6.0
23367.0 6.0
23373.0 6.0
23379.0 6.0
23385.0 6.0
23391.0 6.0
23397.0 6.0
23403.0 6.0
23409.0 6.0
23415.0 6.0
23421.0 6.0
23427.0 6.0
23433.0 6.0
23439.0 6.0
23445.0 6.0
23451.0 6.0
23457.0 6.0
23463.0 6.0
23469.0 6.0
23475.0 6.0
23481.0 6.0
23487.0 6.0
23493.0 6.0
23499.0 6.0
23505.0 6.0
23511.0 6.0
23517.0 6.0
23523.0 6.0
23529.0 6.0
23535.0 6.0
23541.0 6.0
23547.0 6.0
23553.0 6.0
23559.0 6.0
23565.0 6.0
23571.0 6.0
23577.0 6.0
23583.0 6.0
23589.0 6.0
23595.0 6.0
23601.0 6.0
23607.0 6.0
23613.0 6.0
23619.0 6.0
23625.0 6.0
23631.0 6.0
23637.0 6.0
23643.0 6.0
23649.0 6.0
23655.0 6.0
23661.0 6.0
23667.0 6.0
23673.0 6.0
23679.0 6.0
23685.0 6.0
23691.0 6.0
23697.0 6.0
23703.0 6.0
23709.0 6.0
23715.0 6.0
23721.0 6.0
23727.0 6.0
23733.0 6.0
23739.0 6.0
23745.0 6.0
23751.0 6.0
23757.0 6.0
23763.0 6.0
23769.0 6.0
23775.0 6.0
23781.0 6.0
23787.0 6.0
23793.0 6.0
23799.0 6.0
23805.0 6.0
23811.0 6.0
23817.0 6.0
23823.0 6.0
23829.0 6.0
23835.0 6.0
23841.0 6.0
23847.0 6.0
23853.0 6.0
23859.0 6.0
23865.0 6.0
23871.0 6.0
23877.0 6.0
23883.0 6.0
23889.0 6.0
23895.0 6.0
23901.0 6.0
23907.0 6.0
23913.0 6.0
23919.0 6.0
23925.0 6.0
23931.0 6.0
23937.0 6.0
23943.0 6.0
23949.0 6.0
23955.0 6.0
23961.0 6.0
23967.0 6.0
23973.0 6.0
23979.0 6.0
23985.0 6.0
23991.0 6.0
23997.0 6.0
24003.0 6.0
24009.0 6.0
24015.0 6.0
24021.0 6.0
24027.0 6.0
24033.0 6.0
24039.0 6.0
24045.0 6.0
24051.0 6.0
24057.0 6.0
24063.0 6.0
24069.0 6.0
24075.0 6.0
24081.0 6.0
24087.0 6.0
24093.0 6.0
24099.0 6.0
24105.0 6.0
24111.0 6.0
24117.0 6.0
24123.0 6.0
24129.0 6.0
24135.0 6.0
24141.0 6.0
24147.0 6.0
24153.0 6.0
24159.0 6.0
24165.0 6.0
24171.0 6.0
24177.0 6.0
24183.0 6.0
24189.0 6.0
24195.0 6.0
24201.0 6.0
24207.0 6.0
24213.0 6.0
24219.0 6.0
24225.0 6.0
24231.0 6.0
24237.0 6.0
24243.0 6.0
24249.0 6.0
24255.0 6.0
24261.0 6.0
24267.0 6.0
24273.0 6.0
24279.0 6.0
24285.0 6.0
24291.0 6.0
24297.0 6.0
24303.0 6.0
24309.0 6.0
24315.0 6.0
24321.0 6.0
24327.0 6.0
24333.0 6.0
24339.0 6.0
24345.0 6.0
24351.0 6.0
24357.0 6.0
24363.0 6.0
24369.0 6.0
24375.0 6.0
24381.0 6.0
24387.0 6.0
24393.0 6.0
24399.0 6.0
24405.0 6.0
24411.0 6.0
24417.0 6.0
24423.0 6.0
24429.0 6.0
24435.0 6.0
24441.0 6.0
24447.0 6.0
24453.0 6.0
24459.0 6.0
24465.0 6.0
24471.0 6.0
24477.0 6.0
24483.0 6.0
24489.0 6.0
24495.0 6.0
24501.0 6.0
24507.0 6.0
24513.0 6.0
24519.0 6.0
24525.0 6.0
24531.0 6.0
24537.0 6.0
24543.0 6.0
24549.0 6.0
24555.0 6.0
24561.0 6.0
24567.0 6.0
24573.0 6.0
24579.0 6.0
24585.0 6.0
24591.0 6.0
24597.0 6.0
24603.0 6.0
24609.0 6.0
24615.0 6.0
24621.0 6.0
24627.0 6.0
24633.0 6.0
24639.0 6.0
24645.0 6.0
24651.0 6.0
24657.0 6.0
24663.0 6.0
24669.0 6.0
24675.0 6.0
24681.0 6.0
24687.0 6.0
24693.0 6.0
24699.0 6.0
24705.0 6.0
24711.0 6.0
24717.0 6.0
24723.0 6.0
24729.0 6.0
24735.0 6.0
24741.0 6.0
24747.0 6.0
24753.0 6.0
24759.0 6.0
24765.0 6.0
24771.0 6.0
24777.0 6.0
24783.0 6.0
24789.0 6.0
24795.0 6.0
24801.0 6.0
24807.0 6.0
24813.0 6.0
24819.0 6.0
24825.0 6.0
24831.0 6.0
24837.0 6.0
24843.0 6.0
24849.0 6.0
24855.0 6.0
24861.0 6.0
24867.0 6.0
24873.0 6.0
24879.0 6.0
24885.0 6.0
24891.0 6.0
24897.0 6.0
24903.0 6.0
24909.0 6.0
24915.0 6.0
24921.0 6.0
24927.0 6.0
24933.0 6.0
24939.0 6.0
24945.0 6.0
24951.0 6.0
24957.0 6.0
24963.0 6.0
24969.0 6.0
24975.0 6.0
24981.0 6.0
24987.0 6.0
24993.0 6.0
24999.0 6.0
25005.0 6.0
25011.0 6.0
25017.0 6.0
25023.0 6.0
25029.0 6.0
25035.0 6.0
25041.0 6.0
25047.0 6.0
25053.0 6.0
25059.0 6.0
25065.0 6.0
25071.0 6.0
25077.0 6.0
25083.0 6.0
25089.0 6.0
25095.0 6.0
25101.0 6.0
25107.0 6.0
25113.0 6.0
25119.0 6.0
25125.0 6.0
25131.0 6.0
25137.0 6.0
25143.0 6.0
25149.0 6.0
25155.0 6.0
25161.0 6.0
25167.0 6.0
25173.0 6.0
25179.0 6.0
25185.0 6.0
25191.0 6.0
25197.0 6.0
25203.0 6.0
25209.0 6.0
25215.0 6.0
25221.0 6.0
25227.0 6.0
25233.0 6.0
25239.0 6.0
25245.0 6.0
25251.0 6.0
25257.0 6.0
25263.0 6.0
25269.0 6.0
25275.0 6.0
25281.0 6.0
25287.0 6.0
25293.0 6.0
25299.0 6.0
25305.0 6.0
25311.0 6.0
25317.0 6.0
25323.0 6.0
25329.0 6.0
25335.0 6.0
25341.0 6.0
25347.0 6.0
25353.0 6.0
25359.0 6.0
25365.0 6.0
25371.0 6.0
25377.0 6.0
25383.0 6.0
25389.0 6.0
25395.0 6.0
25401.0 6.0
25407.0 6.0
25413.0 6.0
25419.0 6.0
25425.0 6.0
25431.0 6.0
25437.0 6.0
25443.0 6.0
25449.0 6.0
25455.0 6.0
25461.0 6.0
25467.0 6.0
25473.0 6.0
25479.0 6.0
25485.0 6.0
25491.0 6.0
25497.0 6.0
25503.0 6.0
25509.0 6.0
25515.0 6.0
25521.0 6.0
25527.0 6.0
25533.0 6.0
25539.0 6.0
25545.0 6.0
25551.0 6.0
25557.0 6.0
25563.0 6.0
25569.0 6.0
25575.0 6.0
25581.0 6.0
25587.0 6.0
25593.0 6.0
25599.0 6.0
25605.0 6.0
25611.0 6.0
25617.0 6.0
25623.0 6.0
25629.0 6.0
25635.0 6.0
25641.0 6.0
25647.0 6.0
25653.0 6.0
25659.0 6.0
25665.0 6.0
25671.0 6.0
25677.0 6.0
25683.0 6.0
25689.0 6.0
25695.0 6.0
25701.0 6.0
25707.0 6.0
25713.0 6.0
25719.0 6.0
25725.0 6.0
25731.0 6.0
25737.0 6.0
25743.0 6.0
25749.0 6.0
25755.0 6.0
25761.0 6.0
25767.0 6.0
25773.0 6.0
25779.0 6.0
25785.0 6.0
25791.0 6.0
25797.0 6.0
25803.0 6.0
25809.0 6.0
25815.0 6.0
25821.0 6.0
25827.0 6.0
25833.0 6.0
25839.0 6.0
25845.0 6.0
25851.0 6.0
25857.0 6.0
25863.0 6.0
25869.0 6.0
25875.0 6.0
25881.0 6.0
25887.0 6.0
25893.0 6.0
25899.0 6.0
25905.0 6.0
25911.0 6.0
25917.0 6.0
25923.0 6.0
25929.0 6.0
25935.0 6.0
25941.0 6.0
25947.0 6.0
25953.0 6.0
25959.0 6.0
25965.0 6.0
25971.0 6.0
25977.0 6.0
25983.0 6.0
25989.0 6.0
25995.0 6.0
26001.0 6.0
26007.0 6.0
26013.0 6.0
26019.0 6.0
26025.0 6.0
26031.0 6.0
26037.0 6.0
26043.0 6.0
26049.0 6.0
26055.0 6.0
26061.0 6.0
26067.0 6.0
26073.0 6.0
26079.0 6.0
26085.0 6.0
26091.0 6.0
26097.0 6.0
26103.0 6.0
26109.0 6.0
26115.0 6.0
26121.0 6.0
26127.0 6.0
26133.0 6.0
26139.0 6.0
26145.0 6.0
26151.0 6.0
26157.0 6.0
26163.0 6.0
26169.0 6.0
26175.0 6.0
26181.0 6.0
26187.0 6.0
26193.0 6.0
26199.0 6.0
26205.0 6.0
26211.0 6.0
26217.0 6.0
26223.0 6.0
26229.0 6.0
26235.0 6.0
26241.0 6.0
26247.0 6.0
26253.0 6.0
26259.0 6.0
26265.0 6.0
26271.0 6.0
26277.0 6.0
26283.0 6.0
26289.0 6.0
26295.0 6.0
26301.0 6.0
26307.0 6.0
26313.0 6.0
26319.0 6.0
26325.0 6.0
26331.0 6.0
26337.0 6.0
26343.0 6.0
26349.0 6.0
26355.0 6.0
26361.0 6.0
26367.0 6.0
26373.0 6.0
26379.0 6.0
26385.0 6.0
26391.0 6.0
26397.0 6.0
26403.0 6.0
26409.0 6.0
26415.0 6.0
26421.0 6.0
26427.0 6.0
26433.0 6.0
26439.0 6.0
26445.0 6.0
26451.0 6.0
26457.0 6.0
26463.0 6.0
26469.0 6.0
26475.0 6.0
26481.0 6.0
26487.0 6.0
26493.0 6.0
26499.0 6.0
26505.0 6.0
26511.0 6.0
26517.0 6.0
26523.0 6.0
26529.0 6.0
26535.0 6.0
26541.0 6.0
26547.0 6.0
26553.0 6.0
26559.0 6.0
26565.0 6.0
26571.0 6.0
26577.0 6.0
26583.0 6.0
26589.0 6.0
26595.0 6.0
26601.0 6.0
26607.0 6.0
26613.0 6.0
26619.0 6.0
26625.0 6.0
26631.0 6.0
26637.0 6.0
26643.0 6.0
26649.0 6.0
26655.0 6.0
26661.0 6.0
26667.0 6.0
26673.0 6.0
26679.0 6.0
26685.0 6.0
26691.0 6.0
26697.0 6.0
26703.0 6.0
26709.0 6.0
26715.0 6.0
26721.0 6.0
26727.0 6.0
26733.0 6.0
26739.0 6.0
26745.0 6.0
26751.0 6.0
26757.0 6.0
26763.0 6.0
26769.0 6.0
26775.0 6.0
26781.0 6.0
26787.0 6.0
26793.0 6.0
26799.0 6.0
26805.0 6.0
26811.0 6.0
26817.0 6.0
26823.0 6.0
26829.0 6.0
26835.0 6.0
26841.0 6.0
26847.0 6.0
26853.0 6.0
26859.0 6.0
26865.0 6.0
26871.0 6.0
26877.0 6.0
26883.0 6.0
26889.0 6.0
26895.0 6.0
26901.0 6.0
26907.0 6.0
26913.0 6.0
26919.0 6.0
26925.0 6.0
26931.0 6.0
26937.0 6.0
26943.0 6.0
26949.0 6.0
26955.0 6.0
26961.0 6.0
26967.0 6.0
26973.0 6.0
26979.0 6.0
26985.0 6.0
26991.0 6.0
26997.0 6.0
27003.0 6.0
27009.0 6.0
27015.0 6.0
27021.0 6.0
27027.0 6.0
27033.0 6.0
27039.0 6.0
27045.0 6.0
27051.0 6.0
27057.0 6.0
27063.0 6.0
27069.0 6.0
27075.0 6.0
27081.0 6.0
27087.0 6.0
27093.0 6.0
27099.0 6.0
27105.0 6.0
27111.0 6.0
27117.0 6.0
27123.0 6.0
27129.0 6.0
27135.0 6.0
27141.0 6.0
27147.0 6.0
27153.0 6.0
27159.0 6.0
27165.0 6.0
27171.0 6.0
27177.0 6.0
27183.0 6.0
27189.0 6.0
27195.0 6.0
27201.0 6.0
27207.0 6.0
27213.0 6.0
27219.0 6.0
27225.0 6.0
27231.0 6.0
27237.0 6.0
27243.0 6.0
27249.0 6.0
27255.0 6.0
27261.0 6.0
27267.0 6.0
27273.0 6.0
27279.0 6.0
27285.0 6.0
27291.0 6.0
27297.0 6.0
27303.0 6.0
27309.0 6.0
27315.0 6.0
27321.0 6.0
27327.0 6.0
27333.0 6.0
27339.0 6.0
27345.0 6.0
27351.0 6.0
27357.0 6.0
27363.0 6.0
27369.0 6.0
27375.0 6.0
27381.0 6.0
27387.0 6.0
27393.0 6.0
27399.0 6.0
27405.0 6.0
27411.0 6.0
27417.0 6.0
27423.0 6.0
27429.0 6.0
27435.0 6.0
27441.0 6.0
27447.0 6.0
27453.0 6.0
27459.0 6.0
27465.0 6.0
27471.0 6.0
27477.0 6.0
27483.0 6.0
27489.0 6.0
27495.0 6.0
27501.0 6.0
27507.0 6.0
27513.0 6.0
27519.0 6.0
27525.0 6.0
27531.0 6.0
27537.0 6.0
27543.0 6.0
27549.0 6.0
27555.0 6.0
27561.0 6.0
27567.0 6.0
27573.0 6.0
27579.0 6.0
27585.0 6.0
27591.0 6.0
27597.0 6.0
27603.0 6.0
27609.0 6.0
27615.0 6.0
27621.0 6.0
27627.0 6.0
27633.0 6.0
27639.0 6.0
27645.0 6.0
27651.0 6.0
27657.0 6.0
27663.0 6.0
27669.0 6.0
27675.0 6.0
27681.0 6.0
27687.0 6.0
27693.0 6.0
27699.0 6.0
27705.0 6.0
27711.0 6.0
27717.0 6.0
27723.0 6.0
27729.0 6.0
27735.0 6.0
27741.0 6.0
27747.0 6.0
27753.0 6.0
27759.0 6.0
27765.0 6.0
27771.0 6.0
27777.0 6.0
27783.0 6.0
27789.0 6.0
27795.0 6.0
27801.0 6.0
27807.0 6.0
27813.0 6.0
27819.0 6.0
27825.0 6.0
27831.0 6.0
27837.0 6.0
27843.0 6.0
27849.0 6.0
27855.0 6.0
27861.0 6.0
27867.0 6.0
27873.0 6.0
27879.0 6.0
27885.0 6.0
27891.0 6.0
27897.0 6.0
27903.0 6.0
27909.0 6.0
27915.0 6.0
27921.0 6.0
27927.0 6.0
27933.0 6.0
27939.0 6.0
27945.0 6.0
27951.0 6.0
27957.0 6.0
27963.0 6.0
27969.0 6.0
27975.0 6.0
27981.0 6.0
27987.0 6.0
27993.0 6.0
27999.0 6.0
28005.0 6.0
28011.0 6.0
28017.0 6.0
28023.0 6.0
28029.0 6.0
28035.0 6.0
28041.0 6.0
28047.0 6.0
28053.0 6.0
28059.0 6.0
28065.0 6.0
28071.0 6.0
28077.0 6.0
28083.0 6.0
28089.0 6.0
28095.0 6.0
28101.0 6.0
28107.0 6.0
28113.0 6.0
28119.0 6.0
28125.0 6.0
28131.0 6.0
28137.0 6.0
28143.0 6.0
28149.0 6.0
28155.0 6.0
28161.0 6.0
28167.0 6.0
28173.0 6.0
28179.0 6.0
28185.0 6.0
28191.0 6.0
28197.0 6.0
28203.0 6.0
28209.0 6.0
28215.0 6.0
28221.0 6.0
28227.0 6.0
28233.0 6.0
28239.0 6.0
28245.0 6.0
28251.0 6.0
28257.0 6.0
28263.0 6.0
28269.0 6.0
28275.0 6.0
28281.0 6.0
28287.0 6.0
28293.0 6.0
28299.0 6.0
28305.0 6.0
28311.0 6.0
28317.0 6.0
28323.0 6.0
28329.0 6.0
28335.0 6.0
28341.0 6.0
28347.0 6.0
28353.0 6.0
28359.0 6.0
28365.0 6.0
28371.0 6.0
28377.0 6.0
28383.0 6.0
28389.0 6.0
28395.0 6.0
28401.0 6.0
28407.0 6.0
28413.0 6.0
28419.0 6.0
28425.0 6.0
28431.0 6.0
28437.0 6.0
28443.0 6.0
28449.0 6.0
28455.0 6.0
28461.0 6.0
28467.0 6.0
28473.0 6.0
28479.0 6.0
28485.0 6.0
28491.0 6.0
28497.0 6.0
28503.0 6.0
28509.0 6.0
28515.0 6.0
28521.0 6.0
28527.0 6.0
28533.0 6.0
28539.0 6.0
28545.0 6.0
28551.0 6.0
28557.0 6.0
28563.0 6.0
28569.0 6.0
28575.0 6.0
28581.0 6.0
28587.0 6.0
28593.0 6.0
28599.0 6.0
28605.0 6.0
28611.0 6.0
28617.0 6.0
28623.0 6.0
28629.0 6.0
28635.0 6.0
28641.0 6.0
28647.0 6.0
28653.0 6.0
28659.0 6.0
28665.0 6.0
28671.0 6.0
28677.0 6.0
28683.0 6.0
28689.0 6.0
28695.0 6.0
28701.0 6.0
28707.0 6.0
28713.0 6.0
28719.0 6.0
28725.0 6.0
28731.0 6.0
28737.0 6.0
28743.0 6.0
28749.0 6.0
28755.0 6.0
28761.0 6.0
28767.0 6.0
28773.0 6.0
28779.0 6.0
28785.0 6.0
28791.0 6.0
28797.0 6.0
28803.0 6.0
28809.0 6.0
28815.0 6.0
28821.0 6.0
28827.0 6.0
28833.0 6.0
28839.0 6.0
28845.0 6.0
28851.0 6.0
28857.0 6.0
28863.0 6.0
28869.0 6.0
28875.0 6.0
28881.0 6.0
28887.0 6.0
28893.0 6.0
28899.0 6.0
28905.0 6.0
28911.0 6.0
28917.0 6.0
28923.0 6.0
28929.0 6.0
28935.0 6.0
28941.0 6.0
28947.0 6.0
28953.0 6.0
28959.0 6.0
28965.0 6.0
28971.0 6.0
28977.0 6.0
28983.0 6.0
28989.0 6.0
28995.0 6.0
29001.0 6.0
29007.0 6.0
29013.0 6.0
29019.0 6.0
29025.0 6.0
29031.0 6.0
29037.0 6.0
29043.0 6.0
29049.0 6.0
29055.0 6.0
29061.0 6.0
29067.0 6.0
29073.0 6.0
29079.0 6.0
29085.0 6.0
29091.0 6.0
29097.0 6.0
29103.0 6.0
29109.0 6.0
29115.0 6.0
29121.0 6.0
29127.0 6.0
29133.0 6.0
29139.0 6.0
29145.0 6.0
29151.0 6.0
29157.0 6.0
29163.0 6.0
29169.0 6.0
29175.0 6.0
29181.0 6.0
29187.0 6.0
29193.0 6.0
29199.0 6.0
29205.0 6.0
29211.0 6.0
29217.0 6.0
29223.0 6.0
29229.0 6.0
29235.0 6.0
29241.0 6.0
29247.0 6.0
29253.0 6.0
29259.0 6.0
29265.0 6.0
29271.0 6.0
29277.0 6.0
29283.0 6.0
29289.0 6.0
29295.0 6.0
29301.0 6.0
29307.0 6.0
29313.0 6.0
29319.0 6.0
29325.0 6.0
29331.0 6.0
29337.0 6.0
29343.0 6.0
29349.0 6.0
29355.0 6.0
29361.0 6.0
29367.0 6.0
29373.0 6.0
29379.0 6.0
29385.0 6.0
29391.0 6.0
29397.0 6.0
29403.0 6.0
29409.0 6.0
29415.0 6.0
29421.0 6.0
29427.0 6.0
29433.0 6.0
29439.0 6.0
29445.0 6.0
29451.0 6.0
29457.0 6.0
29463.0 6.0
29469.0 6.0
29475.0 6.0
29481.0 6.0
29487.0 6.0
29493.0 6.0
29499.0 6.0
29505.0 6.0
29511.0 6.0
29517.0 6.0
29523.0 6.0
29529.0 6.0
29535.0 6.0
29541.0 6.0
29547.0 6.0
29553.0 6.0
29559.0 6.0
29565.0 6.0
29571.0 6.0
29577.0 6.0
29583.0 6.0
29589.0 6.0
29595.0 6.0
29601.0 6.0
29607.0 6.0
29613.0 6.0
29619.0 6.0
29625.0 6.0
29631.0 6.0
29637.0 6.0
29643.0 6.0
29649.0 6.0
29655.0 6.0
29661.0 6.0
29667.0 6.0
29673.0 6.0
29679.0 6.0
29685.0 6.0
29691.0 6.0
29697.0 6.0
29703.0 6.0
29709.0 6.0
29715.0 6.0
29721.0 6.0
29727.0 6.0
29733.0 6.0
29739.0 6.0
29745.0 6.0
29751.0 6.0
29757.0 6.0
29763.0 6.0
29769.0 6.0
29775.0 6.0
29781.0 6.0
29787.0 6.0
29793.0 6.0
29799.0 6.0
29805.0 6.0
29811.0 6.0
29817.0 6.0
29823.0 6.0
29829.0 6.0
29835.0 6.0
29841.0 6.0
29847.0 6.0
29853.0 6.0
29859.0 6.0
29865.0 6.0
29871.0 6.0
29877.0 6.0
29883.0 6.0
29889.0 6.0
29893.273928981544 1.0
29894.273928981544 1.0
29895.273928981544 1.0
29896.273928981544 1.0
29897.273928981544 1.0
