27.99997 7.0
30.99997 3.0
97.99987999999998 7.0
100.99987999999998 3.0
103.99987999999998 3.0
111.99986999999997 7.0
118.99986999999997 7.0
121.99986999999997 3.0
124.99986999999997 3.0
128.99985999999996 3.0
188.99977999999996 7.0
191.99977999999996 3.0
209.99975999999995 7.0
212.99975999999995 3.0
215.99975999999995 3.0
244.99971999999994 7.0
251.99971999999994 7.0
254.99971999999994 3.0
257.9997199999999 3.0
261.99970999999994 3.0
272.99969999999996 7.0
275.99969999999996 3.0
321.9996400000001 7.0
324.9996400000001 3.0
327.9996400000001 3.0
384.9995600000003 7.0
387.9995600000003 3.0
524.9993700000008 7.0
527.9993700000008 3.0
530.9993700000008 3.0
545.9993500000008 7.0
548.9993500000008 3.0
573.9993200000009 7.0
576.9993200000009 3.0
594.999300000001 7.0
597.999300000001 3.0
600.999300000001 3.0
608.999290000001 7.0
611.999290000001 3.0
622.999280000001 7.0
629.999280000001 7.0
632.999280000001 3.0
635.999280000001 3.0
639.999270000001 3.0
685.9992100000012 7.0
688.9992100000012 3.0
691.9992100000012 3.0
713.9991800000013 7.0
716.9991800000013 3.0
741.9991500000014 7.0
744.9991500000014 3.0
769.9991200000014 7.0
772.9991200000014 3.0
797.9990900000015 7.0
804.9990900000015 7.0
811.9990900000015 7.0
814.9990900000015 3.0
817.9990900000015 3.0
821.9990800000015 3.0
824.9990800000015 3.0
828.9990700000016 3.0
839.9990600000016 7.0
842.9990600000016 3.0
909.9989700000018 7.0
912.9989700000018 3.0
958.998910000002 7.0
961.998910000002 3.0
979.998890000002 7.0
982.998890000002 3.0
1056.9987900000021 7.0
1059.9987900000021 3.0
1062.9987900000021 3.0
1070.9987800000022 7.0
1077.9987800000022 7.0
1080.9987800000022 3.0
1119.9987300000023 7.0
1122.9987300000023 3.0
1147.9987000000024 7.0
1150.9987000000024 3.0
1153.9987000000024 3.0
1161.9986900000024 7.0
1164.9986900000024 3.0
1167.9986900000024 3.0
1175.9986800000024 7.0
1182.9986800000024 7.0
1185.9986800000024 3.0
1188.9986800000024 3.0
1238.9986100000026 7.0
1245.9986100000026 7.0
1248.9986100000026 3.0
1251.9986100000026 3.0
1280.9985700000027 7.0
1283.9985700000027 3.0
1286.9985700000027 3.0
1329.9985100000029 7.0
1332.9985100000029 3.0
1335.9985100000029 3.0
1343.9985000000029 7.0
1350.9985000000029 7.0
1353.9985000000029 3.0
1356.9985000000029 3.0
1371.998480000003 7.0
1374.998480000003 3.0
1392.998460000003 7.0
1399.998460000003 7.0
1402.998460000003 3.0
1405.998460000003 3.0
1409.998450000003 3.0
1412.998450000003 3.0
1427.998430000003 7.0
1430.998430000003 3.0
1433.998430000003 3.0
1448.998410000003 7.0
1451.998410000003 3.0
1462.9984000000031 7.0
1465.9984000000031 3.0
1483.9983800000032 7.0
1486.9983800000032 3.0
1518.9983400000033 7.0
1525.9983400000033 7.0
1528.9983400000033 3.0
1531.9983400000033 3.0
1581.9982700000035 7.0
1584.9982700000035 3.0
1609.9982400000035 7.0
1616.9982400000035 7.0
1619.9982400000035 3.0
1622.9982400000035 3.0
1637.9982200000036 7.0
1644.9982200000036 7.0
1647.9982200000036 3.0
1650.9982200000036 3.0
1658.9982100000036 7.0
1661.9982100000036 3.0
1664.9982100000036 3.0
1707.9981500000038 7.0
1710.9981500000038 3.0
1713.9981500000038 3.0
1728.9981300000038 7.0
1735.9981300000038 7.0
1742.9981300000038 7.0
1745.9981300000038 3.0
1748.9981300000038 3.0
1756.9981200000038 7.0
1759.9981200000038 3.0
1762.9981200000038 3.0
1770.9981100000039 7.0
1773.9981100000039 3.0
1776.9981100000039 3.0
1791.998090000004 7.0
1794.998090000004 3.0
1812.998070000004 7.0
1815.998070000004 3.0
1826.998060000004 7.0
1829.998060000004 3.0
1903.9979600000042 7.0
1906.9979600000042 3.0
1909.9979600000042 3.0
1924.9979400000043 7.0
1927.9979400000043 3.0
1930.9979400000043 3.0
1938.9979300000043 7.0
1959.9979100000044 7.0
1962.9979100000044 3.0
2001.9978600000045 7.0
2004.9978600000045 3.0
2007.9978600000045 3.0
2015.9978500000045 7.0
2057.9978000000046 7.0
2060.9978000000046 3.0
2063.9978000000046 3.0
2134.9977000000026 7.0
2141.9977000000026 7.0
2144.9977000000026 3.0
2147.9977000000026 3.0
2183.9976500000016 7.0
2186.9976500000016 3.0
2204.997630000001 7.0
2207.997630000001 3.0
2239.9975900000004 7.0
2242.9975900000004 3.0
2260.99757 7.0
2263.99757 3.0
2266.99757 3.0
2302.997519999999 7.0
2305.997519999999 3.0
2323.9974999999986 7.0
2326.9974999999986 3.0
2379.997429999997 7.0
2382.997429999997 3.0
2407.9973999999966 7.0
2410.9973999999966 3.0
2491.9972899999943 7.0
2494.9972899999943 3.0
2540.997229999993 7.0
2543.997229999993 3.0
2561.9972099999927 7.0
2568.9972099999927 7.0
2571.9972099999927 3.0
2574.9972099999927 3.0
2617.9971499999915 7.0
2620.9971499999915 3.0
2645.997119999991 7.0
2648.997119999991 3.0
2680.99707999999 7.0
2683.99707999999 3.0
2701.9970599999897 7.0
2704.9970599999897 3.0
2799.996929999987 7.0
2802.996929999987 3.0
2805.996929999987 3.0
2862.9968499999854 7.0
2865.9968499999854 3.0
2868.9968499999854 3.0
2897.9968099999846 7.0
2900.9968099999846 3.0
2925.996779999984 7.0
2928.996779999984 3.0
2931.996779999984 3.0
2939.996769999984 7.0
3058.9966099999806 7.0
3061.9966099999806 3.0
3079.99658999998 7.0
3086.99658999998 7.0
3089.99658999998 3.0
3092.99658999998 3.0
3114.9965599999796 7.0
3117.9965599999796 3.0
3149.996519999979 7.0
3152.996519999979 3.0
3170.9964999999784 7.0
3173.9964999999784 3.0
3176.9964999999784 3.0
3184.996489999978 7.0
3187.996489999978 3.0
3190.996489999978 3.0
3205.9964699999778 7.0
3208.9964699999778 3.0
3219.9964599999776 7.0
3222.9964599999776 3.0
3275.996389999976 7.0
3278.996389999976 3.0
3281.996389999976 3.0
3289.996379999976 7.0
3292.996379999976 3.0
3331.996329999975 7.0
3334.996329999975 3.0
3359.9962999999743 7.0
3362.9962999999743 3.0
3380.996279999974 7.0
3383.996279999974 3.0
3415.996239999973 7.0
3418.996239999973 3.0
3450.9961999999723 7.0
3453.9961999999723 3.0
3456.9961999999723 3.0
3464.996189999972 7.0
3471.996189999972 7.0
3474.996189999972 3.0
3477.996189999972 3.0
3520.996129999971 7.0
3523.996129999971 3.0
3548.9960999999703 7.0
3551.9960999999703 3.0
3569.99607999997 7.0
3572.99607999997 3.0
3575.99607999997 3.0
3583.9960699999697 7.0
3625.9960199999687 7.0
3628.9960199999687 3.0
3653.995989999968 7.0
3660.995989999968 7.0
3663.995989999968 3.0
3666.995989999968 3.0
3670.995979999968 3.0
3673.995979999968 3.0
3681.9959699999677 7.0
3702.9959499999673 7.0
3705.9959499999673 3.0
3708.9959499999673 3.0
3716.995939999967 7.0
3737.9959199999666 7.0
3740.9959199999666 3.0
3772.995879999966 7.0
3775.995879999966 3.0
3856.9957699999636 7.0
3859.9957699999636 3.0
3884.995739999963 7.0
3887.995739999963 3.0
3890.995739999963 3.0
3905.9957199999626 7.0
3912.9957199999626 7.0
3915.9957199999626 3.0
3918.9957199999626 3.0
3926.9957099999624 7.0
3929.9957099999624 3.0
3932.9957099999624 3.0
3989.995629999961 7.0
3996.995629999961 7.0
4003.995629999961 7.0
4010.995629999961 7.0
4013.995629999961 3.0
4016.995629999961 3.0
4020.9956199999606 3.0
4023.9956199999606 3.0
4027.9956099999604 3.0
4052.99557999996 7.0
4055.99557999996 3.0
4058.99557999996 3.0
4066.9955699999596 7.0
4069.9955699999596 3.0
4080.9955599999594 7.0
4083.9955599999594 3.0
4101.995539999959 7.0
4104.995539999959 3.0
4107.995539999959 3.0
4115.995529999959 7.0
4118.995529999959 3.0
4143.99549999996 7.0
4146.99549999996 3.0
4178.995459999961 7.0
4181.995459999961 3.0
4213.995419999962 7.0
4216.995419999962 3.0
4248.995379999963 7.0
4251.995379999963 3.0
4318.995289999965 7.0
4321.995289999965 3.0
4346.995259999966 7.0
4353.995259999966 7.0
4356.995259999966 3.0
4359.995259999966 3.0
4374.9952399999665 7.0
4381.9952399999665 7.0
4384.9952399999665 3.0
4387.9952399999665 3.0
4423.995189999968 7.0
4430.995189999968 7.0
4433.995189999968 3.0
4436.995189999968 3.0
4444.995179999968 7.0
4447.995179999968 3.0
4450.995179999968 3.0
4493.99511999997 7.0
4496.99511999997 3.0
4549.995049999971 7.0
4552.995049999971 3.0
4612.994969999973 7.0
4615.994969999973 3.0
4654.994919999975 7.0
4657.994919999975 3.0
4675.994899999975 7.0
4678.994899999975 3.0
4681.994899999975 3.0
4689.994889999975 7.0
4717.994859999976 7.0
4720.994859999976 3.0
4787.994769999978 7.0
4794.994769999978 7.0
4797.994769999978 3.0
4800.994769999978 3.0
4804.994759999979 3.0
4807.994759999979 3.0
4815.994749999979 7.0
4822.994749999979 7.0
4825.994749999979 3.0
4850.99471999998 7.0
4853.99471999998 3.0
4856.99471999998 3.0
4871.99469999998 7.0
4874.99469999998 3.0
4955.994589999983 7.0
4958.994589999983 3.0
4983.994559999984 7.0
4986.994559999984 3.0
4997.994549999984 7.0
5004.994549999984 7.0
5007.994549999984 3.0
5010.994549999984 3.0
5039.994509999985 7.0
