23.99997 3.0
93.99987999999998 3.0
107.99986999999997 3.0
110.99986999999997 3.0
114.99986999999997 3.0
117.99986999999997 3.0
184.99977999999996 3.0
205.99975999999995 3.0
208.99975999999995 3.0
240.99971999999994 3.0
247.99971999999994 3.0
250.99971999999994 3.0
268.99969999999996 3.0
317.9996400000001 3.0
320.9996400000001 3.0
380.9995600000003 3.0
520.9993700000008 3.0
523.9993700000008 3.0
541.9993500000008 3.0
569.9993200000009 3.0
590.999300000001 3.0
593.999300000001 3.0
604.999290000001 3.0
618.999280000001 3.0
625.999280000001 3.0
628.999280000001 3.0
681.9992100000012 3.0
684.9992100000012 3.0
709.9991800000013 3.0
737.9991500000014 3.0
765.9991200000014 3.0
793.9990900000015 3.0
796.9990900000015 3.0
800.9990900000015 3.0
803.9990900000015 3.0
807.9990900000015 3.0
835.9990600000016 3.0
905.9989700000018 3.0
954.998910000002 3.0
975.998890000002 3.0
1052.9987900000021 3.0
1066.9987800000022 3.0
1073.9987800000022 3.0
1115.9987300000023 3.0
1143.9987000000024 3.0
1157.9986900000024 3.0
1160.9986900000024 3.0
1171.9986800000024 3.0
1174.9986800000024 3.0
1178.9986800000024 3.0
1234.9986100000026 3.0
1241.9986100000026 3.0
1276.9985700000027 3.0
1279.9985700000027 3.0
1325.9985100000029 3.0
1328.9985100000029 3.0
1339.9985000000029 3.0
1346.9985000000029 3.0
1367.998480000003 3.0
1388.998460000003 3.0
1391.998460000003 3.0
1395.998460000003 3.0
1398.998460000003 3.0
1423.998430000003 3.0
1426.998430000003 3.0
1444.998410000003 3.0
1458.9984000000031 3.0
1479.9983800000032 3.0
1514.9983400000033 3.0
1521.9983400000033 3.0
1577.9982700000035 3.0
1605.9982400000035 3.0
1612.9982400000035 3.0
1633.9982200000036 3.0
1636.9982200000036 3.0
1640.9982200000036 3.0
1654.9982100000036 3.0
1703.9981500000038 3.0
1706.9981500000038 3.0
1724.9981300000038 3.0
1731.9981300000038 3.0
1738.9981300000038 3.0
1752.9981200000038 3.0
1755.9981200000038 3.0
1766.9981100000039 3.0
1787.998090000004 3.0
1808.998070000004 3.0
1822.998060000004 3.0
1899.9979600000042 3.0
1902.9979600000042 3.0
1920.9979400000043 3.0
1934.9979300000043 3.0
1955.9979100000044 3.0
1997.9978600000045 3.0
2011.9978500000045 3.0
2053.9978000000046 3.0
2056.9978000000046 3.0
2130.9977000000026 3.0
2137.9977000000026 3.0
2179.9976500000016 3.0
2200.997630000001 3.0
2235.9975900000004 3.0
2256.99757 3.0
2259.99757 3.0
2298.997519999999 3.0
2319.9974999999986 3.0
2375.997429999997 3.0
2403.9973999999966 3.0
2487.9972899999943 3.0
2536.997229999993 3.0
2557.9972099999927 3.0
2564.9972099999927 3.0
2613.9971499999915 3.0
2641.997119999991 3.0
2676.99707999999 3.0
2697.9970599999897 3.0
2795.996929999987 3.0
2798.996929999987 3.0
2858.9968499999854 3.0
2861.9968499999854 3.0
2893.9968099999846 3.0
2921.996779999984 3.0
2935.996769999984 3.0
3054.9966099999806 3.0
3075.99658999998 3.0
3082.99658999998 3.0
3110.9965599999796 3.0
3145.996519999979 3.0
3166.9964999999784 3.0
3169.9964999999784 3.0
3180.996489999978 3.0
3183.996489999978 3.0
3201.9964699999778 3.0
3215.9964599999776 3.0
3271.996389999976 3.0
3285.996379999976 3.0
3288.996379999976 3.0
3327.996329999975 3.0
3355.9962999999743 3.0
3376.996279999974 3.0
3411.996239999973 3.0
3446.9961999999723 3.0
3449.9961999999723 3.0
3460.996189999972 3.0
3467.996189999972 3.0
3516.996129999971 3.0
3544.9960999999703 3.0
3565.99607999997 3.0
3579.9960699999697 3.0
3621.9960199999687 3.0
3649.995989999968 3.0
3652.995989999968 3.0
3656.995989999968 3.0
3677.9959699999677 3.0
3698.9959499999673 3.0
3712.995939999967 3.0
3733.9959199999666 3.0
3768.995879999966 3.0
3852.9957699999636 3.0
3880.995739999963 3.0
3883.995739999963 3.0
3901.9957199999626 3.0
3904.9957199999626 3.0
3908.9957199999626 3.0
3922.9957099999624 3.0
3985.995629999961 3.0
3988.995629999961 3.0
3992.995629999961 3.0
3999.995629999961 3.0
4006.995629999961 3.0
4048.99557999996 3.0
4062.9955699999596 3.0
4065.9955699999596 3.0
4076.9955599999594 3.0
4097.995539999959 3.0
4100.995539999959 3.0
4111.995529999959 3.0
4139.99549999996 3.0
4174.995459999961 3.0
4209.995419999962 3.0
4244.995379999963 3.0
4314.995289999965 3.0
4342.995259999966 3.0
4349.995259999966 3.0
4370.9952399999665 3.0
4377.9952399999665 3.0
4419.995189999968 3.0
4426.995189999968 3.0
4429.995189999968 3.0
4440.995179999968 3.0
4489.99511999997 3.0
4545.995049999971 3.0
4608.994969999973 3.0
4650.994919999975 3.0
4671.994899999975 3.0
4685.994889999975 3.0
4713.994859999976 3.0
4783.994769999978 3.0
4786.994769999978 3.0
4790.994769999978 3.0
4811.994749999979 3.0
4818.994749999979 3.0
4846.99471999998 3.0
4849.99471999998 3.0
4867.99469999998 3.0
4951.994589999983 3.0
4979.994559999984 3.0
4993.994549999984 3.0
5000.994549999984 3.0
5035.994509999985 3.0
